#######################################################################
FORTRAN=gfortran
FORTRAN_VERSION=7.4.0
MATH=mkl
BLASDIR=
MPI_LIB=openmpi
MPI_HOME=/soft/libraries/mpi/openmpi/2.1.6/
HDF5_PATH=/home/davpoolechem/programs/install/hdf5
EIGEN_PATH=/home/davpoolechem/programs/install/eigen/include/eigen3
BOOST_PATH=/home/davpoolechem/programs/install/boost
GA_PATH=/home/davpoolechem/programs/install/ga
CUDA_BOARD=volta
CUDA_PATH=/soft/compilers/cuda/cuda-10.2.89
#######################################################################

#######################################################################
FORTRAN=gfortran
FORTRAN_VERSION=7.4.0
MATH=mkl
BLASDIR=/soft/restricted/CNDA/sdk/2020.9.15.1/oneapi/mkl/latest
MPI_LIB=openmpi
MPI_HOME=/soft/libraries/mpi/openmpi/2.1.6/
HDF5_PATH=/home/davpoolechem/programs/install/hdf5
EIGEN_PATH=/home/davpoolechem/programs/install/eigen/include/eigen3
BOOST_PATH=/home/davpoolechem/programs/install/boost
GA_PATH=/home/davpoolechem/programs/install/ga
CUDA_BOARD=volta
CUDA_PATH=/soft/compilers/cuda/cuda-10.2.89
#######################################################################

#######################################################################
FORTRAN=gfortran
FORTRAN_VERSION=7.4.0
MATH=mkl
BLASDIR=/soft/restricted/CNDA/sdk/2020.9.15.1/oneapi/mkl/latest
MPI_LIB=openmpi
MPI_HOME=/soft/libraries/mpi/openmpi/2.1.6/
HDF5_PATH=/home/davpoolechem/programs/install/hdf5
EIGEN_PATH=/home/davpoolechem/programs/install/eigen/include/eigen3
BOOST_PATH=/home/davpoolechem/programs/install/boost
GA_PATH=/home/davpoolechem/programs/install/ga
CUDA_BOARD=volta
CUDA_PATH=/soft/compilers/cuda/cuda-10.2.89
#######################################################################

--------------------------------------------------------------------------------
                       ========================================                 
                                RESTRICTED CLOSED-SHELL                         
                                  HARTREE-FOCK ENERGY                           
                       ========================================                 

----------------------------------------          
       Starting RHF iterations...                 
----------------------------------------          
 
Iter        Energy                ΔE                Drms
1      -1607.4974003071      -1607.4974003071      28.5521451515
2      -786.9119018365      820.5854984706      2177.0224325415
3      -807.5833736136      -20.6714717771      2165.1233173827
4      -944.4088352630      -136.8254616494      124.6706524283
5      -906.5188635513      37.8899717117      72.3136639915
6      -915.6774663889      -9.1586028376      8.0482439177
7      -906.9633720419      8.7140943470      4.8606715177
8      -906.2063506221      0.7570214198      3.6003931716
9      -904.4096863493      1.7966642728      1.7034154334
10      -904.5788025731      -0.1691162239      1.1675793192
11      -904.2749574657      0.3038451075      0.5509663838
12      -903.6027946140      0.6721628516      0.3077685619
13      -903.7746192953      -0.1718246813      0.1113447052
14      -903.7479076375      0.0267116578      0.0680246300
15      -903.7815576720      -0.0336500345      0.0706206401
16      -903.7841178895      -0.0025602175      0.0594106572
17      -903.8121728270      -0.0280549374      0.0213679306
18      -903.7957538717      0.0164189552      0.0107319363
19      -903.7985490630      -0.0027951913      0.0147334751
20      -903.7993802242      -0.0008311612      0.0103015664
21      -903.7991083741      0.0002718501      0.0045009464
22      -903.7994023059      -0.0002939318      0.0046076046
23      -903.7990021481      0.0004001578      0.0016163863
24      -903.7994269563      -0.0004248082      0.0013225437
25      -903.7991472166      0.0002797397      0.0004581587
26      -903.7992825735      -0.0001353570      0.0003878168
27      -903.7991961573      0.0000864163      0.0002661197
28      -903.7992281944      -0.0000320371      0.0001010843
29      -903.7991736377      0.0000545567      0.0000807679
30      -903.7992034238      -0.0000297861      0.0000222876
31      -903.7991938918      0.0000095320      0.0000347234
32      -903.7991955295      -0.0000016376      0.0000238470
33      -903.7991936826      0.0000018468      0.0000135765
 
----------------------------------------
   The SCF calculation has converged!   
----------------------------------------
Total SCF Energy: -903.7991936826 h
 
                       ========================================                 
                              END RESTRICTED CLOSED-SHELL                       
                                  HARTREE-FOCK ENERGY                           
                       ========================================                 
--------------------------------------------------------------------------------
1-element Array{Float64,1}:
 2529.956289448