--------------------------------------------------------------------------------
                       ========================================                 
                                READING INPUT DATA FILE                         
                       ========================================                 
 
 
Number of worker processes: 1
Number of threads per process: 8
Number of threads in total: 8
 
                       ========================================                 
                                       END INPUT                                
                       ========================================                 
--------------------------------------------------------------------------------
                       ========================================                 
                                RESTRICTED CLOSED-SHELL                         
                                  HARTREE-FOCK ENERGY                           
                       ========================================                 

----------------------------------------          
       Starting RHF iterations...                 
----------------------------------------          
 
Iter      Energy                   ΔE                   Drms
0     -813.1172631590736
1     -292.38290629855373     520.7343568605198     152.63404230807942
2     -268.3517147326602     24.03119156589355     131.21787036408222
3     -315.9867293828528     -47.6350146501926     47.63212522336874
4     -358.4361221184471     -42.4493927355943     12.397465652618692
5     -353.7761066466709     4.660015471776205     4.469638952527728
6     -351.5927162006652     2.18339044600566     0.7089825597201814
7     -350.1444355811832     1.4482806194820341     0.47398764229641643
8     -348.67017091983155     1.47426466135164     0.34041551863808944
9     -347.94497538330245     0.7251955365290996     0.20087061617060029
10     -347.8494795822695     0.0954958010329392     0.0710357060341927
11     -347.8368322917007     0.012647290568793323     0.018635202267551762
12     -347.8429316770046     -0.0060993853038553425     0.009605913161796372
13     -347.84308425661277     -0.00015257960819781147     0.003026787938843273
14     -347.8426175201366     0.00046673647614170477     0.0013006277118853325
15     -347.84265251266413     -3.499252750316373e-5     0.0004944909476361062
16     -347.842666597624     -1.4084959843785327e-5     0.00013632551062967753
17     -347.84262826975134     3.8327872630361526e-5     6.301825181529094e-5
18     -347.84263988424823     -1.1614496884249093e-5     2.207945220720853e-5
19     -347.8426380708621     1.8133861203750712e-6     2.19488291575507e-5
20     -347.84263672168356     1.3491785466612782e-6     3.496983368564976e-5
21     -347.8426370862388     -3.645552624220727e-7     1.4770687632232089e-5
22     -347.84263671751853     3.687202934088418e-7     5.57308882960158e-5
23     -347.8426367972437     -7.972516868903767e-8     1.7435984349880335e-5
24     -347.84263678802847     9.215227692038752e-9     2.4191108715819915e-5
25     -347.84263681770744     -2.967897216876736e-8     5.816989467458837e-5
26     -347.84263679757703     2.013041466852883e-8     2.875679889259515e-5
27     -347.8426368020347     -4.4576609070645645e-9     1.9256856528330382e-5
28     -347.8426368068873     -4.852608981309459e-9     1.725086139478775e-5
29     -347.8426368099681     -3.0807996154180728e-9     2.3771820133411033e-5
30     -347.8426368118278     -1.859689291450195e-9     1.3904837293819672e-5
31     -347.84263681086054     9.672476153355092e-10     5.8266448141656055e-6
391-element Array{Float64,1}:
 -20.788332325424108
 -20.667173957568203
 -20.656933111832437
 -11.640962318282373
 -11.557377812776833
 -11.521343049496798
  -2.5647626345546257
  -1.6359553146583643
  -1.5154781109251658
  -1.442090886890508
  -1.3045685516044188
  -1.1093763551890383
  -0.9648697277630406
  -0.9474206600492937
  -0.8758202238256665
  -0.8434236423312372
  -0.8372661264957827
  -0.7894402310984425
  -0.7468032158650963
  -0.7156432740532104
  -0.6508343534859337
  -0.6449813036522699
  -0.5890010503937574
  -0.5704802426824295
  -0.24896745284929622
  -0.10107496718829623
  -0.07754578116392231
  -0.07289683889313231
  -0.06520365770048085
  -0.04833473303465707
  -0.048216204031876556
  -0.040894421811852474
  -0.03248784232700317
  -0.028949845063674554
  -0.02391920682339841
  -0.01809905037638325
  -0.013915308441026716
  -0.011550944820650388
  -0.00610594727092334
   0.011564369307561953
   0.02243240574584003
   0.0295250825601847
   0.03672027898891046
   0.04479825082335451
   0.04553406906476434
   0.04956872298586254
   0.06140468897714724
   0.06595393910529829
   0.06872109778019156
   0.07288566071298833
   0.07917419211321344
   0.0818801302440737
   0.08848867079699932
   0.0916810579835464
   0.0975327240589963
   0.09807077509872689
   0.12328342884410004
   0.12649233323041206
   0.1330251498277399
   0.14587739407485178
   0.14883004558477522
   0.16378837434048704
   0.17551113717656122
   0.18043342559867778
   0.20084059386594724
   0.21917087630287035
   0.2294584939307046
   0.2432055560566322
   0.24720631164601853
   0.2543485155693281
   0.25698133766734277
   0.2627844453396663
   0.2635985635271364
   0.28560841848613594
   0.2943993682864011
   0.2960229644238066
   0.3014182144748325
   0.3184373287348309
   0.32931902610315233
   0.33274713414355056
   0.356670113145919
   0.3617517038599751
   0.37392517506445133
   0.38001669732238946
   0.3869860354719041
   0.4186458590243088
   0.42653007776250035
   0.42688879138569774
   0.43517968049668093
   0.4471980529545816
   0.45668916622172473
   0.47757577387056194
   0.48183592430906186
   0.4991462291174611
   0.5057218451270293
   0.5106088597642108
   0.5144723349737956
   0.5201320931015656
   0.5283999149113852
   0.5455995588171976
   0.5527093798208732
   0.5534200262122086
   0.5600488920498685
   0.5810380552640098
   0.6010023328941599
   0.6017918815708599
   0.610938721615539
   0.6211626050777469
   0.6293196912027657
   0.6461896398648286
   0.6662062480790986
   0.6694624452749471
   0.6749456256982356
   0.691521242254904
   0.6964055337119814
   0.7178942398609997
   0.7237062781865378
   0.7406986483191187
   0.7442912080399837
   0.7486367613372206
   0.7511529210115453
   0.7625496882674065
   0.7675971463217136
   0.7766094397282239
   0.7821411365072558
   0.8208670633625974
   0.8239299900362775
   0.8637122791843718
   0.8754737612382733
   0.8799636385573281
   0.9002425385554099
   0.9050610545305661
   0.9078940760380073
   0.9350206026586676
   0.9571802476043153
   0.9617607204522537
   1.0084738583213901
   1.0103572049856506
   1.0299675922900862
   1.08140694324225
   1.104712295530281
   1.110551097186596
   1.1122578955879077
   1.1374917327604173
   1.1404090604969452
   1.1867505601600379
   1.190130288256786
   1.2093856562229597
   1.2296315638183648
   1.279189982327633
   1.2940211153482493
   1.3124728216699926
   1.3335982227662346
   1.3566550920090543
   1.3702769149601244
   1.374848753362196
   1.387407582871606
   1.4037476908314483
   1.419131767869024
   1.4863738997284228
   1.4998304352237506
   1.5136836907216236
   1.5173002134255866
   1.5404790882293802
   1.5501019610579765
   1.5979341836534655
   1.6003127521541207
   1.65020037627739
   1.6644539315400633
   1.677895942600406
   1.7201920317913995
   1.7242516470548046
   1.7635300408735344
   1.7772476949310438
   1.7995802926891797
   1.8170145401568885
   1.8780301036225568
   1.893146140560374
   1.9044220374345653
   1.9323771602478068
   2.005024292081524
   2.005470335524948
   2.0241836321753275
   2.066244212312892
   2.0978670592680944
   2.0990726105568642
   2.1286573346727238
   2.202256143771786
   2.2043751190960483
   2.2740554161157966
   2.3268735588611946
   2.3506639387603094
   2.376948101323695
   2.448802846640871
   2.449569392239794
   2.528198996167028
   2.546365384335516
   2.581480873572165
   2.6230313154463647
   2.6285058192495248
   2.647635461090832
   2.674820515568321
   2.704504435601109
   2.7479438724649405
   2.798225474622278
   2.822944738714845
   2.831136080712349
   2.8727643698129466
   2.8813643354243244
   2.930962916229651
   2.945662338847235
   2.983526303237815
   2.99316107229987
   3.004812065007849
   3.025689894118328
   3.0681487809094676
   3.085361014495886
   3.0971946916898085
   3.1080506869461972
   3.136678087829893
   3.148139767515034
   3.188994648891362
   3.1909599184573634
   3.191886429912491
   3.2025358451453294
   3.232568386132243
   3.267089991682141
   3.30240636644946
   3.3163240123701834
   3.3388188378915706
   3.4049748114029725
   3.4309273057633902
   3.4609534599602103
   3.471835952854515
   3.526229882712016
   3.552016197068287
   3.5808141415572763
   3.6238702719366396
   3.629793640531723
   3.6657250637859256
   3.666674416962988
   3.736926008321713
   3.761406947669932
   3.812963155945777
   3.8724710024785707
   3.887094004387035
   3.921686223101922
   3.925623584008031
   3.9342650995683974
   3.986716284189089
   3.9884960260515747
   4.068576493564116
   4.135462363064294
   4.146577284241315
   4.160246433537696
   4.198915437425761
   4.279223894689156
   4.303075034704366
   4.361816401115833
   4.373979660577476
   4.409304216121484
   4.440284414872341
   4.512550867452969
   4.583932145933193
   4.615374759827664
   4.621219419153597
   4.668743770631304
   4.675023983186664
   4.706901512634975
   4.741270249388158
   4.798121320130463
   4.8264588562568065
   4.908464636474584
   4.958078732793542
   4.980626982923662
   5.03379194530055
   5.089887513929586
   5.133848805123797
   5.232549336638989
   5.235129546205137
   5.264715175702161
   5.318340914347541
   5.406510833242741
   5.420110630705259
   5.4252350667399964
   5.451785783079876
   5.453255056597479
   5.553043382012628
   5.580924523139384
   5.63563843868852
   5.678982321890221
   5.7361021901828195
   5.783960444163275
   5.786548970900283
   5.819480000488055
   5.839127482066158
   5.859850150745206
   5.993079777334372
   6.001832227239706
   6.031845051587521
   6.123847553636217
   6.2667336331876875
   6.404560228541026
   6.4437723101572715
   6.508021959663932
   6.564773416784835
   6.700637242646291
   6.950389626478856
   7.024206045419035
   7.205794258266039
   7.301715650617533
   7.310174905274372
   7.361974638951498
   7.482750974555696
   7.5613893684736455
   7.586089794767946
   7.627046041299497
   7.6843612479075665
   7.685485906381292
   7.806316512039867
   7.808590636957612
   7.841183773211387
   7.885149378693114
   7.960773252689258
   8.077408654138914
   8.397440625848498
   8.404652326549323
   8.458208582225375
   8.494701064261728
   8.503378643290503
   8.53044812573758
   8.552404353120666
   8.63964890521899
   8.642376397266881
   8.738331873469917
   8.812167560234531
   8.822880509178669
   8.884260329918078
   8.932249921024404
   9.171212627999676
   9.244366281690851
   9.407174758373237
   9.469458626859364
   9.527764998829621
   9.57629251942162
   9.814827411502321
   9.929740505043188
  10.03671170941576
  10.046150189138032
  10.10032824815162
  10.112124772510567
  10.3080454248725
  10.457109965377398
  10.552963436822527
  10.628377279826342
  10.78785110592868
  10.898030514366148
  10.933235123044408
  14.942311457156002
  14.981654598167335
  14.999377598037643
  15.012538254539304
  15.056901554251677
  15.067710017956731
  15.122254085841178
  15.172558980857454
  15.182011988635594
  15.228177591978202
  15.444235700868362
  15.770059364148523
  15.818871663810896
  15.873011864002912
  16.127092813615356
  17.18237789740538
  17.234662988405937
  17.261511894967832
  17.28884721292593
  17.328466376518833
  17.391146160523455
  17.523084493889627
  17.575816530193674
  17.601372973345647
  19.81912577560484
  19.919446478979665
  20.035113389800628
  29.89332972493824
  30.116104197717974
  30.133952011342267
  62.6231446475623
  62.74299336271293
  62.75366696359531
 
----------------------------------------
   The SCF calculation has converged!   
----------------------------------------
Total SCF Energy: -347.84263681086054 h
 
                       ========================================                 
                              END RESTRICTED CLOSED-SHELL                       
                                  HARTREE-FOCK ENERGY                           
                       ========================================                 
--------------------------------------------------------------------------------
