--------------------------------------------------------------------------------
                       ========================================                 
                                READING INPUT DATA FILE                         
                       ========================================                 
 
 
Number of worker processes: 1
Number of threads per process: 6
Number of threads in total: 6
 
                       ========================================                 
                                       END INPUT                                
                       ========================================                 
--------------------------------------------------------------------------------
                       ========================================                 
                                GENERATING BASIS SET                            
                       ========================================                 
 
----------------------------------------          
        Basis Set Information...                  
----------------------------------------          
ATOM #1 (C):
S
┌[0m───────────[0m┬[0m─────────────[0m┬[0m─────────────────────────[0m┐[0m
│[0m[1m Primitive [0m│[0m[1m    Exponent [0m│[0m[1m Contraction Coefficient [0m│[0m
├[0m───────────[0m┼[0m─────────────[0m┼[0m─────────────────────────[0m┤[0m
│[0m       1.0 [0m│[0m 4563.240000 [0m│[0m                0.001967 [0m│[0m
│[0m       2.0 [0m│[0m  682.024000 [0m│[0m                0.015231 [0m│[0m
│[0m       3.0 [0m│[0m  154.973000 [0m│[0m                0.076127 [0m│[0m
│[0m       4.0 [0m│[0m   44.455300 [0m│[0m                0.260801 [0m│[0m
│[0m       5.0 [0m│[0m   13.029000 [0m│[0m                0.616462 [0m│[0m
│[0m       6.0 [0m│[0m    1.827730 [0m│[0m                0.221006 [0m│[0m
└[0m───────────[0m┴[0m─────────────[0m┴[0m─────────────────────────[0m┘[0m
 
L (s)
┌[0m───────────[0m┬[0m───────────[0m┬[0m─────────────────────────[0m┐[0m
│[0m[1m Primitive [0m│[0m[1m  Exponent [0m│[0m[1m Contraction Coefficient [0m│[0m
├[0m───────────[0m┼[0m───────────[0m┼[0m─────────────────────────[0m┤[0m
│[0m       1.0 [0m│[0m 20.964200 [0m│[0m                0.114660 [0m│[0m
│[0m       2.0 [0m│[0m  4.803310 [0m│[0m                0.919999 [0m│[0m
│[0m       3.0 [0m│[0m  1.459330 [0m│[0m               -0.003031 [0m│[0m
└[0m───────────[0m┴[0m───────────[0m┴[0m─────────────────────────[0m┘[0m
L (p)
┌[0m───────────[0m┬[0m───────────[0m┬[0m─────────────────────────[0m┐[0m
│[0m[1m Primitive [0m│[0m[1m  Exponent [0m│[0m[1m Contraction Coefficient [0m│[0m
├[0m───────────[0m┼[0m───────────[0m┼[0m─────────────────────────[0m┤[0m
│[0m       1.0 [0m│[0m 20.964200 [0m│[0m                0.040249 [0m│[0m
│[0m       2.0 [0m│[0m  4.803310 [0m│[0m                0.237594 [0m│[0m
│[0m       3.0 [0m│[0m  1.459330 [0m│[0m                0.815854 [0m│[0m
└[0m───────────[0m┴[0m───────────[0m┴[0m─────────────────────────[0m┘[0m
 
L (s)
┌[0m───────────[0m┬[0m──────────[0m┬[0m─────────────────────────[0m┐[0m
│[0m[1m Primitive [0m│[0m[1m Exponent [0m│[0m[1m Contraction Coefficient [0m│[0m
├[0m───────────[0m┼[0m──────────[0m┼[0m─────────────────────────[0m┤[0m
│[0m       1.0 [0m│[0m 0.483456 [0m│[0m                1.000000 [0m│[0m
└[0m───────────[0m┴[0m──────────[0m┴[0m─────────────────────────[0m┘[0m
L (p)
┌[0m───────────[0m┬[0m──────────[0m┬[0m─────────────────────────[0m┐[0m
│[0m[1m Primitive [0m│[0m[1m Exponent [0m│[0m[1m Contraction Coefficient [0m│[0m
├[0m───────────[0m┼[0m──────────[0m┼[0m─────────────────────────[0m┤[0m
│[0m       1.0 [0m│[0m 0.483456 [0m│[0m                1.000000 [0m│[0m
└[0m───────────[0m┴[0m──────────[0m┴[0m─────────────────────────[0m┘[0m
 
L (s)
┌[0m───────────[0m┬[0m──────────[0m┬[0m─────────────────────────[0m┐[0m
│[0m[1m Primitive [0m│[0m[1m Exponent [0m│[0m[1m Contraction Coefficient [0m│[0m
├[0m───────────[0m┼[0m──────────[0m┼[0m─────────────────────────[0m┤[0m
│[0m       1.0 [0m│[0m 0.145585 [0m│[0m                1.000000 [0m│[0m
└[0m───────────[0m┴[0m──────────[0m┴[0m─────────────────────────[0m┘[0m
L (p)
┌[0m───────────[0m┬[0m──────────[0m┬[0m─────────────────────────[0m┐[0m
│[0m[1m Primitive [0m│[0m[1m Exponent [0m│[0m[1m Contraction Coefficient [0m│[0m
├[0m───────────[0m┼[0m──────────[0m┼[0m─────────────────────────[0m┤[0m
│[0m       1.0 [0m│[0m 0.145585 [0m│[0m                1.000000 [0m│[0m
└[0m───────────[0m┴[0m──────────[0m┴[0m─────────────────────────[0m┘[0m
 
D
┌[0m───────────[0m┬[0m──────────[0m┬[0m─────────────────────────[0m┐[0m
│[0m[1m Primitive [0m│[0m[1m Exponent [0m│[0m[1m Contraction Coefficient [0m│[0m
├[0m───────────[0m┼[0m──────────[0m┼[0m─────────────────────────[0m┤[0m
│[0m       1.0 [0m│[0m 2.504000 [0m│[0m                1.000000 [0m│[0m
└[0m───────────[0m┴[0m──────────[0m┴[0m─────────────────────────[0m┘[0m
 
D
┌[0m───────────[0m┬[0m──────────[0m┬[0m─────────────────────────[0m┐[0m
│[0m[1m Primitive [0m│[0m[1m Exponent [0m│[0m[1m Contraction Coefficient [0m│[0m
├[0m───────────[0m┼[0m──────────[0m┼[0m─────────────────────────[0m┤[0m
│[0m       1.0 [0m│[0m 0.626000 [0m│[0m                1.000000 [0m│[0m
└[0m───────────[0m┴[0m──────────[0m┴[0m─────────────────────────[0m┘[0m
 
D
┌[0m───────────[0m┬[0m──────────[0m┬[0m─────────────────────────[0m┐[0m
│[0m[1m Primitive [0m│[0m[1m Exponent [0m│[0m[1m Contraction Coefficient [0m│[0m
├[0m───────────[0m┼[0m──────────[0m┼[0m─────────────────────────[0m┤[0m
│[0m       1.0 [0m│[0m 0.156500 [0m│[0m                1.000000 [0m│[0m
└[0m───────────[0m┴[0m──────────[0m┴[0m─────────────────────────[0m┘[0m
 
F
┌[0m───────────[0m┬[0m──────────[0m┬[0m─────────────────────────[0m┐[0m
│[0m[1m Primitive [0m│[0m[1m Exponent [0m│[0m[1m Contraction Coefficient [0m│[0m
├[0m───────────[0m┼[0m──────────[0m┼[0m─────────────────────────[0m┤[0m
│[0m       1.0 [0m│[0m 0.800000 [0m│[0m                1.000000 [0m│[0m
└[0m───────────[0m┴[0m──────────[0m┴[0m─────────────────────────[0m┘[0m
 
L (s)
┌[0m───────────[0m┬[0m──────────[0m┬[0m─────────────────────────[0m┐[0m
│[0m[1m Primitive [0m│[0m[1m Exponent [0m│[0m[1m Contraction Coefficient [0m│[0m
├[0m───────────[0m┼[0m──────────[0m┼[0m─────────────────────────[0m┤[0m
│[0m       1.0 [0m│[0m 0.043800 [0m│[0m                1.000000 [0m│[0m
└[0m───────────[0m┴[0m──────────[0m┴[0m─────────────────────────[0m┘[0m
L (p)
┌[0m───────────[0m┬[0m──────────[0m┬[0m─────────────────────────[0m┐[0m
│[0m[1m Primitive [0m│[0m[1m Exponent [0m│[0m[1m Contraction Coefficient [0m│[0m
├[0m───────────[0m┼[0m──────────[0m┼[0m─────────────────────────[0m┤[0m
│[0m       1.0 [0m│[0m 0.043800 [0m│[0m                1.000000 [0m│[0m
└[0m───────────[0m┴[0m──────────[0m┴[0m─────────────────────────[0m┘[0m
 
 
 
ATOM #2 (C):
S
┌[0m───────────[0m┬[0m─────────────[0m┬[0m─────────────────────────[0m┐[0m
│[0m[1m Primitive [0m│[0m[1m    Exponent [0m│[0m[1m Contraction Coefficient [0m│[0m
├[0m───────────[0m┼[0m─────────────[0m┼[0m─────────────────────────[0m┤[0m
│[0m       1.0 [0m│[0m 4563.240000 [0m│[0m                0.001967 [0m│[0m
│[0m       2.0 [0m│[0m  682.024000 [0m│[0m                0.015231 [0m│[0m
│[0m       3.0 [0m│[0m  154.973000 [0m│[0m                0.076127 [0m│[0m
│[0m       4.0 [0m│[0m   44.455300 [0m│[0m                0.260801 [0m│[0m
│[0m       5.0 [0m│[0m   13.029000 [0m│[0m                0.616462 [0m│[0m
│[0m       6.0 [0m│[0m    1.827730 [0m│[0m                0.221006 [0m│[0m
└[0m───────────[0m┴[0m─────────────[0m┴[0m─────────────────────────[0m┘[0m
 
L (s)
┌[0m───────────[0m┬[0m───────────[0m┬[0m─────────────────────────[0m┐[0m
│[0m[1m Primitive [0m│[0m[1m  Exponent [0m│[0m[1m Contraction Coefficient [0m│[0m
├[0m───────────[0m┼[0m───────────[0m┼[0m─────────────────────────[0m┤[0m
│[0m       1.0 [0m│[0m 20.964200 [0m│[0m                0.114660 [0m│[0m
│[0m       2.0 [0m│[0m  4.803310 [0m│[0m                0.919999 [0m│[0m
│[0m       3.0 [0m│[0m  1.459330 [0m│[0m               -0.003031 [0m│[0m
└[0m───────────[0m┴[0m───────────[0m┴[0m─────────────────────────[0m┘[0m
L (p)
┌[0m───────────[0m┬[0m───────────[0m┬[0m─────────────────────────[0m┐[0m
│[0m[1m Primitive [0m│[0m[1m  Exponent [0m│[0m[1m Contraction Coefficient [0m│[0m
├[0m───────────[0m┼[0m───────────[0m┼[0m─────────────────────────[0m┤[0m
│[0m       1.0 [0m│[0m 20.964200 [0m│[0m                0.040249 [0m│[0m
│[0m       2.0 [0m│[0m  4.803310 [0m│[0m                0.237594 [0m│[0m
│[0m       3.0 [0m│[0m  1.459330 [0m│[0m                0.815854 [0m│[0m
└[0m───────────[0m┴[0m───────────[0m┴[0m─────────────────────────[0m┘[0m
 
L (s)
┌[0m───────────[0m┬[0m──────────[0m┬[0m─────────────────────────[0m┐[0m
│[0m[1m Primitive [0m│[0m[1m Exponent [0m│[0m[1m Contraction Coefficient [0m│[0m
├[0m───────────[0m┼[0m──────────[0m┼[0m─────────────────────────[0m┤[0m
│[0m       1.0 [0m│[0m 0.483456 [0m│[0m                1.000000 [0m│[0m
└[0m───────────[0m┴[0m──────────[0m┴[0m─────────────────────────[0m┘[0m
L (p)
┌[0m───────────[0m┬[0m──────────[0m┬[0m─────────────────────────[0m┐[0m
│[0m[1m Primitive [0m│[0m[1m Exponent [0m│[0m[1m Contraction Coefficient [0m│[0m
├[0m───────────[0m┼[0m──────────[0m┼[0m─────────────────────────[0m┤[0m
│[0m       1.0 [0m│[0m 0.483456 [0m│[0m                1.000000 [0m│[0m
└[0m───────────[0m┴[0m──────────[0m┴[0m─────────────────────────[0m┘[0m
 
L (s)
┌[0m───────────[0m┬[0m──────────[0m┬[0m─────────────────────────[0m┐[0m
│[0m[1m Primitive [0m│[0m[1m Exponent [0m│[0m[1m Contraction Coefficient [0m│[0m
├[0m───────────[0m┼[0m──────────[0m┼[0m─────────────────────────[0m┤[0m
│[0m       1.0 [0m│[0m 0.145585 [0m│[0m                1.000000 [0m│[0m
└[0m───────────[0m┴[0m──────────[0m┴[0m─────────────────────────[0m┘[0m
L (p)
┌[0m───────────[0m┬[0m──────────[0m┬[0m─────────────────────────[0m┐[0m
│[0m[1m Primitive [0m│[0m[1m Exponent [0m│[0m[1m Contraction Coefficient [0m│[0m
├[0m───────────[0m┼[0m──────────[0m┼[0m─────────────────────────[0m┤[0m
│[0m       1.0 [0m│[0m 0.145585 [0m│[0m                1.000000 [0m│[0m
└[0m───────────[0m┴[0m──────────[0m┴[0m─────────────────────────[0m┘[0m
 
D
┌[0m───────────[0m┬[0m──────────[0m┬[0m─────────────────────────[0m┐[0m
│[0m[1m Primitive [0m│[0m[1m Exponent [0m│[0m[1m Contraction Coefficient [0m│[0m
├[0m───────────[0m┼[0m──────────[0m┼[0m─────────────────────────[0m┤[0m
│[0m       1.0 [0m│[0m 2.504000 [0m│[0m                1.000000 [0m│[0m
└[0m───────────[0m┴[0m──────────[0m┴[0m─────────────────────────[0m┘[0m
 
D
┌[0m───────────[0m┬[0m──────────[0m┬[0m─────────────────────────[0m┐[0m
│[0m[1m Primitive [0m│[0m[1m Exponent [0m│[0m[1m Contraction Coefficient [0m│[0m
├[0m───────────[0m┼[0m──────────[0m┼[0m─────────────────────────[0m┤[0m
│[0m       1.0 [0m│[0m 0.626000 [0m│[0m                1.000000 [0m│[0m
└[0m───────────[0m┴[0m──────────[0m┴[0m─────────────────────────[0m┘[0m
 
D
┌[0m───────────[0m┬[0m──────────[0m┬[0m─────────────────────────[0m┐[0m
│[0m[1m Primitive [0m│[0m[1m Exponent [0m│[0m[1m Contraction Coefficient [0m│[0m
├[0m───────────[0m┼[0m──────────[0m┼[0m─────────────────────────[0m┤[0m
│[0m       1.0 [0m│[0m 0.156500 [0m│[0m                1.000000 [0m│[0m
└[0m───────────[0m┴[0m──────────[0m┴[0m─────────────────────────[0m┘[0m
 
F
┌[0m───────────[0m┬[0m──────────[0m┬[0m─────────────────────────[0m┐[0m
│[0m[1m Primitive [0m│[0m[1m Exponent [0m│[0m[1m Contraction Coefficient [0m│[0m
├[0m───────────[0m┼[0m──────────[0m┼[0m─────────────────────────[0m┤[0m
│[0m       1.0 [0m│[0m 0.800000 [0m│[0m                1.000000 [0m│[0m
└[0m───────────[0m┴[0m──────────[0m┴[0m─────────────────────────[0m┘[0m
 
L (s)
┌[0m───────────[0m┬[0m──────────[0m┬[0m─────────────────────────[0m┐[0m
│[0m[1m Primitive [0m│[0m[1m Exponent [0m│[0m[1m Contraction Coefficient [0m│[0m
├[0m───────────[0m┼[0m──────────[0m┼[0m─────────────────────────[0m┤[0m
│[0m       1.0 [0m│[0m 0.043800 [0m│[0m                1.000000 [0m│[0m
└[0m───────────[0m┴[0m──────────[0m┴[0m─────────────────────────[0m┘[0m
L (p)
┌[0m───────────[0m┬[0m──────────[0m┬[0m─────────────────────────[0m┐[0m
│[0m[1m Primitive [0m│[0m[1m Exponent [0m│[0m[1m Contraction Coefficient [0m│[0m
├[0m───────────[0m┼[0m──────────[0m┼[0m─────────────────────────[0m┤[0m
│[0m       1.0 [0m│[0m 0.043800 [0m│[0m                1.000000 [0m│[0m
└[0m───────────[0m┴[0m──────────[0m┴[0m─────────────────────────[0m┘[0m
 
 
 
ATOM #3 (C):
S
┌[0m───────────[0m┬[0m─────────────[0m┬[0m─────────────────────────[0m┐[0m
│[0m[1m Primitive [0m│[0m[1m    Exponent [0m│[0m[1m Contraction Coefficient [0m│[0m
├[0m───────────[0m┼[0m─────────────[0m┼[0m─────────────────────────[0m┤[0m
│[0m       1.0 [0m│[0m 4563.240000 [0m│[0m                0.001967 [0m│[0m
│[0m       2.0 [0m│[0m  682.024000 [0m│[0m                0.015231 [0m│[0m
│[0m       3.0 [0m│[0m  154.973000 [0m│[0m                0.076127 [0m│[0m
│[0m       4.0 [0m│[0m   44.455300 [0m│[0m                0.260801 [0m│[0m
│[0m       5.0 [0m│[0m   13.029000 [0m│[0m                0.616462 [0m│[0m
│[0m       6.0 [0m│[0m    1.827730 [0m│[0m                0.221006 [0m│[0m
└[0m───────────[0m┴[0m─────────────[0m┴[0m─────────────────────────[0m┘[0m
 
L (s)
┌[0m───────────[0m┬[0m───────────[0m┬[0m─────────────────────────[0m┐[0m
│[0m[1m Primitive [0m│[0m[1m  Exponent [0m│[0m[1m Contraction Coefficient [0m│[0m
├[0m───────────[0m┼[0m───────────[0m┼[0m─────────────────────────[0m┤[0m
│[0m       1.0 [0m│[0m 20.964200 [0m│[0m                0.114660 [0m│[0m
│[0m       2.0 [0m│[0m  4.803310 [0m│[0m                0.919999 [0m│[0m
│[0m       3.0 [0m│[0m  1.459330 [0m│[0m               -0.003031 [0m│[0m
└[0m───────────[0m┴[0m───────────[0m┴[0m─────────────────────────[0m┘[0m
L (p)
┌[0m───────────[0m┬[0m───────────[0m┬[0m─────────────────────────[0m┐[0m
│[0m[1m Primitive [0m│[0m[1m  Exponent [0m│[0m[1m Contraction Coefficient [0m│[0m
├[0m───────────[0m┼[0m───────────[0m┼[0m─────────────────────────[0m┤[0m
│[0m       1.0 [0m│[0m 20.964200 [0m│[0m                0.040249 [0m│[0m
│[0m       2.0 [0m│[0m  4.803310 [0m│[0m                0.237594 [0m│[0m
│[0m       3.0 [0m│[0m  1.459330 [0m│[0m                0.815854 [0m│[0m
└[0m───────────[0m┴[0m───────────[0m┴[0m─────────────────────────[0m┘[0m
 
L (s)
┌[0m───────────[0m┬[0m──────────[0m┬[0m─────────────────────────[0m┐[0m
│[0m[1m Primitive [0m│[0m[1m Exponent [0m│[0m[1m Contraction Coefficient [0m│[0m
├[0m───────────[0m┼[0m──────────[0m┼[0m─────────────────────────[0m┤[0m
│[0m       1.0 [0m│[0m 0.483456 [0m│[0m                1.000000 [0m│[0m
└[0m───────────[0m┴[0m──────────[0m┴[0m─────────────────────────[0m┘[0m
L (p)
┌[0m───────────[0m┬[0m──────────[0m┬[0m─────────────────────────[0m┐[0m
│[0m[1m Primitive [0m│[0m[1m Exponent [0m│[0m[1m Contraction Coefficient [0m│[0m
├[0m───────────[0m┼[0m──────────[0m┼[0m─────────────────────────[0m┤[0m
│[0m       1.0 [0m│[0m 0.483456 [0m│[0m                1.000000 [0m│[0m
└[0m───────────[0m┴[0m──────────[0m┴[0m─────────────────────────[0m┘[0m
 
L (s)
┌[0m───────────[0m┬[0m──────────[0m┬[0m─────────────────────────[0m┐[0m
│[0m[1m Primitive [0m│[0m[1m Exponent [0m│[0m[1m Contraction Coefficient [0m│[0m
├[0m───────────[0m┼[0m──────────[0m┼[0m─────────────────────────[0m┤[0m
│[0m       1.0 [0m│[0m 0.145585 [0m│[0m                1.000000 [0m│[0m
└[0m───────────[0m┴[0m──────────[0m┴[0m─────────────────────────[0m┘[0m
L (p)
┌[0m───────────[0m┬[0m──────────[0m┬[0m─────────────────────────[0m┐[0m
│[0m[1m Primitive [0m│[0m[1m Exponent [0m│[0m[1m Contraction Coefficient [0m│[0m
├[0m───────────[0m┼[0m──────────[0m┼[0m─────────────────────────[0m┤[0m
│[0m       1.0 [0m│[0m 0.145585 [0m│[0m                1.000000 [0m│[0m
└[0m───────────[0m┴[0m──────────[0m┴[0m─────────────────────────[0m┘[0m
 
D
┌[0m───────────[0m┬[0m──────────[0m┬[0m─────────────────────────[0m┐[0m
│[0m[1m Primitive [0m│[0m[1m Exponent [0m│[0m[1m Contraction Coefficient [0m│[0m
├[0m───────────[0m┼[0m──────────[0m┼[0m─────────────────────────[0m┤[0m
│[0m       1.0 [0m│[0m 2.504000 [0m│[0m                1.000000 [0m│[0m
└[0m───────────[0m┴[0m──────────[0m┴[0m─────────────────────────[0m┘[0m
 
D
┌[0m───────────[0m┬[0m──────────[0m┬[0m─────────────────────────[0m┐[0m
│[0m[1m Primitive [0m│[0m[1m Exponent [0m│[0m[1m Contraction Coefficient [0m│[0m
├[0m───────────[0m┼[0m──────────[0m┼[0m─────────────────────────[0m┤[0m
│[0m       1.0 [0m│[0m 0.626000 [0m│[0m                1.000000 [0m│[0m
└[0m───────────[0m┴[0m──────────[0m┴[0m─────────────────────────[0m┘[0m
 
D
┌[0m───────────[0m┬[0m──────────[0m┬[0m─────────────────────────[0m┐[0m
│[0m[1m Primitive [0m│[0m[1m Exponent [0m│[0m[1m Contraction Coefficient [0m│[0m
├[0m───────────[0m┼[0m──────────[0m┼[0m─────────────────────────[0m┤[0m
│[0m       1.0 [0m│[0m 0.156500 [0m│[0m                1.000000 [0m│[0m
└[0m───────────[0m┴[0m──────────[0m┴[0m─────────────────────────[0m┘[0m
 
F
┌[0m───────────[0m┬[0m──────────[0m┬[0m─────────────────────────[0m┐[0m
│[0m[1m Primitive [0m│[0m[1m Exponent [0m│[0m[1m Contraction Coefficient [0m│[0m
├[0m───────────[0m┼[0m──────────[0m┼[0m─────────────────────────[0m┤[0m
│[0m       1.0 [0m│[0m 0.800000 [0m│[0m                1.000000 [0m│[0m
└[0m───────────[0m┴[0m──────────[0m┴[0m─────────────────────────[0m┘[0m
 
L (s)
┌[0m───────────[0m┬[0m──────────[0m┬[0m─────────────────────────[0m┐[0m
│[0m[1m Primitive [0m│[0m[1m Exponent [0m│[0m[1m Contraction Coefficient [0m│[0m
├[0m───────────[0m┼[0m──────────[0m┼[0m─────────────────────────[0m┤[0m
│[0m       1.0 [0m│[0m 0.043800 [0m│[0m                1.000000 [0m│[0m
└[0m───────────[0m┴[0m──────────[0m┴[0m─────────────────────────[0m┘[0m
L (p)
┌[0m───────────[0m┬[0m──────────[0m┬[0m─────────────────────────[0m┐[0m
│[0m[1m Primitive [0m│[0m[1m Exponent [0m│[0m[1m Contraction Coefficient [0m│[0m
├[0m───────────[0m┼[0m──────────[0m┼[0m─────────────────────────[0m┤[0m
│[0m       1.0 [0m│[0m 0.043800 [0m│[0m                1.000000 [0m│[0m
└[0m───────────[0m┴[0m──────────[0m┴[0m─────────────────────────[0m┘[0m
 
 
 
ATOM #4 (O):
S
┌[0m───────────[0m┬[0m─────────────[0m┬[0m─────────────────────────[0m┐[0m
│[0m[1m Primitive [0m│[0m[1m    Exponent [0m│[0m[1m Contraction Coefficient [0m│[0m
├[0m───────────[0m┼[0m─────────────[0m┼[0m─────────────────────────[0m┤[0m
│[0m       1.0 [0m│[0m 8588.500000 [0m│[0m                0.001895 [0m│[0m
│[0m       2.0 [0m│[0m 1297.230000 [0m│[0m                0.014386 [0m│[0m
│[0m       3.0 [0m│[0m  299.296000 [0m│[0m                0.070732 [0m│[0m
│[0m       4.0 [0m│[0m   87.377100 [0m│[0m                0.240001 [0m│[0m
│[0m       5.0 [0m│[0m   25.678900 [0m│[0m                0.594797 [0m│[0m
│[0m       6.0 [0m│[0m    3.740040 [0m│[0m                0.280802 [0m│[0m
└[0m───────────[0m┴[0m─────────────[0m┴[0m─────────────────────────[0m┘[0m
 
L (s)
┌[0m───────────[0m┬[0m───────────[0m┬[0m─────────────────────────[0m┐[0m
│[0m[1m Primitive [0m│[0m[1m  Exponent [0m│[0m[1m Contraction Coefficient [0m│[0m
├[0m───────────[0m┼[0m───────────[0m┼[0m─────────────────────────[0m┤[0m
│[0m       1.0 [0m│[0m 42.117500 [0m│[0m                0.113889 [0m│[0m
│[0m       2.0 [0m│[0m  9.628370 [0m│[0m                0.920811 [0m│[0m
│[0m       3.0 [0m│[0m  2.853320 [0m│[0m               -0.003274 [0m│[0m
└[0m───────────[0m┴[0m───────────[0m┴[0m─────────────────────────[0m┘[0m
L (p)
┌[0m───────────[0m┬[0m───────────[0m┬[0m─────────────────────────[0m┐[0m
│[0m[1m Primitive [0m│[0m[1m  Exponent [0m│[0m[1m Contraction Coefficient [0m│[0m
├[0m───────────[0m┼[0m───────────[0m┼[0m─────────────────────────[0m┤[0m
│[0m       1.0 [0m│[0m 42.117500 [0m│[0m                0.036511 [0m│[0m
│[0m       2.0 [0m│[0m  9.628370 [0m│[0m                0.237153 [0m│[0m
│[0m       3.0 [0m│[0m  2.853320 [0m│[0m                0.819702 [0m│[0m
└[0m───────────[0m┴[0m───────────[0m┴[0m─────────────────────────[0m┘[0m
 
L (s)
┌[0m───────────[0m┬[0m──────────[0m┬[0m─────────────────────────[0m┐[0m
│[0m[1m Primitive [0m│[0m[1m Exponent [0m│[0m[1m Contraction Coefficient [0m│[0m
├[0m───────────[0m┼[0m──────────[0m┼[0m─────────────────────────[0m┤[0m
│[0m       1.0 [0m│[0m 0.905661 [0m│[0m                1.000000 [0m│[0m
└[0m───────────[0m┴[0m──────────[0m┴[0m─────────────────────────[0m┘[0m
L (p)
┌[0m───────────[0m┬[0m──────────[0m┬[0m─────────────────────────[0m┐[0m
│[0m[1m Primitive [0m│[0m[1m Exponent [0m│[0m[1m Contraction Coefficient [0m│[0m
├[0m───────────[0m┼[0m──────────[0m┼[0m─────────────────────────[0m┤[0m
│[0m       1.0 [0m│[0m 0.905661 [0m│[0m                1.000000 [0m│[0m
└[0m───────────[0m┴[0m──────────[0m┴[0m─────────────────────────[0m┘[0m
 
L (s)
┌[0m───────────[0m┬[0m──────────[0m┬[0m─────────────────────────[0m┐[0m
│[0m[1m Primitive [0m│[0m[1m Exponent [0m│[0m[1m Contraction Coefficient [0m│[0m
├[0m───────────[0m┼[0m──────────[0m┼[0m─────────────────────────[0m┤[0m
│[0m       1.0 [0m│[0m 0.255611 [0m│[0m                1.000000 [0m│[0m
└[0m───────────[0m┴[0m──────────[0m┴[0m─────────────────────────[0m┘[0m
L (p)
┌[0m───────────[0m┬[0m──────────[0m┬[0m─────────────────────────[0m┐[0m
│[0m[1m Primitive [0m│[0m[1m Exponent [0m│[0m[1m Contraction Coefficient [0m│[0m
├[0m───────────[0m┼[0m──────────[0m┼[0m─────────────────────────[0m┤[0m
│[0m       1.0 [0m│[0m 0.255611 [0m│[0m                1.000000 [0m│[0m
└[0m───────────[0m┴[0m──────────[0m┴[0m─────────────────────────[0m┘[0m
 
D
┌[0m───────────[0m┬[0m──────────[0m┬[0m─────────────────────────[0m┐[0m
│[0m[1m Primitive [0m│[0m[1m Exponent [0m│[0m[1m Contraction Coefficient [0m│[0m
├[0m───────────[0m┼[0m──────────[0m┼[0m─────────────────────────[0m┤[0m
│[0m       1.0 [0m│[0m 5.160000 [0m│[0m                1.000000 [0m│[0m
└[0m───────────[0m┴[0m──────────[0m┴[0m─────────────────────────[0m┘[0m
 
D
┌[0m───────────[0m┬[0m──────────[0m┬[0m─────────────────────────[0m┐[0m
│[0m[1m Primitive [0m│[0m[1m Exponent [0m│[0m[1m Contraction Coefficient [0m│[0m
├[0m───────────[0m┼[0m──────────[0m┼[0m─────────────────────────[0m┤[0m
│[0m       1.0 [0m│[0m 1.292000 [0m│[0m                1.000000 [0m│[0m
└[0m───────────[0m┴[0m──────────[0m┴[0m─────────────────────────[0m┘[0m
 
D
┌[0m───────────[0m┬[0m──────────[0m┬[0m─────────────────────────[0m┐[0m
│[0m[1m Primitive [0m│[0m[1m Exponent [0m│[0m[1m Contraction Coefficient [0m│[0m
├[0m───────────[0m┼[0m──────────[0m┼[0m─────────────────────────[0m┤[0m
│[0m       1.0 [0m│[0m 0.322500 [0m│[0m                1.000000 [0m│[0m
└[0m───────────[0m┴[0m──────────[0m┴[0m─────────────────────────[0m┘[0m
 
F
┌[0m───────────[0m┬[0m──────────[0m┬[0m─────────────────────────[0m┐[0m
│[0m[1m Primitive [0m│[0m[1m Exponent [0m│[0m[1m Contraction Coefficient [0m│[0m
├[0m───────────[0m┼[0m──────────[0m┼[0m─────────────────────────[0m┤[0m
│[0m       1.0 [0m│[0m 1.400000 [0m│[0m                1.000000 [0m│[0m
└[0m───────────[0m┴[0m──────────[0m┴[0m─────────────────────────[0m┘[0m
 
L (s)
┌[0m───────────[0m┬[0m──────────[0m┬[0m─────────────────────────[0m┐[0m
│[0m[1m Primitive [0m│[0m[1m Exponent [0m│[0m[1m Contraction Coefficient [0m│[0m
├[0m───────────[0m┼[0m──────────[0m┼[0m─────────────────────────[0m┤[0m
│[0m       1.0 [0m│[0m 0.084500 [0m│[0m                1.000000 [0m│[0m
└[0m───────────[0m┴[0m──────────[0m┴[0m─────────────────────────[0m┘[0m
L (p)
┌[0m───────────[0m┬[0m──────────[0m┬[0m─────────────────────────[0m┐[0m
│[0m[1m Primitive [0m│[0m[1m Exponent [0m│[0m[1m Contraction Coefficient [0m│[0m
├[0m───────────[0m┼[0m──────────[0m┼[0m─────────────────────────[0m┤[0m
│[0m       1.0 [0m│[0m 0.084500 [0m│[0m                1.000000 [0m│[0m
└[0m───────────[0m┴[0m──────────[0m┴[0m─────────────────────────[0m┘[0m
 
 
 
ATOM #5 (O):
S
┌[0m───────────[0m┬[0m─────────────[0m┬[0m─────────────────────────[0m┐[0m
│[0m[1m Primitive [0m│[0m[1m    Exponent [0m│[0m[1m Contraction Coefficient [0m│[0m
├[0m───────────[0m┼[0m─────────────[0m┼[0m─────────────────────────[0m┤[0m
│[0m       1.0 [0m│[0m 8588.500000 [0m│[0m                0.001895 [0m│[0m
│[0m       2.0 [0m│[0m 1297.230000 [0m│[0m                0.014386 [0m│[0m
│[0m       3.0 [0m│[0m  299.296000 [0m│[0m                0.070732 [0m│[0m
│[0m       4.0 [0m│[0m   87.377100 [0m│[0m                0.240001 [0m│[0m
│[0m       5.0 [0m│[0m   25.678900 [0m│[0m                0.594797 [0m│[0m
│[0m       6.0 [0m│[0m    3.740040 [0m│[0m                0.280802 [0m│[0m
└[0m───────────[0m┴[0m─────────────[0m┴[0m─────────────────────────[0m┘[0m
 
L (s)
┌[0m───────────[0m┬[0m───────────[0m┬[0m─────────────────────────[0m┐[0m
│[0m[1m Primitive [0m│[0m[1m  Exponent [0m│[0m[1m Contraction Coefficient [0m│[0m
├[0m───────────[0m┼[0m───────────[0m┼[0m─────────────────────────[0m┤[0m
│[0m       1.0 [0m│[0m 42.117500 [0m│[0m                0.113889 [0m│[0m
│[0m       2.0 [0m│[0m  9.628370 [0m│[0m                0.920811 [0m│[0m
│[0m       3.0 [0m│[0m  2.853320 [0m│[0m               -0.003274 [0m│[0m
└[0m───────────[0m┴[0m───────────[0m┴[0m─────────────────────────[0m┘[0m
L (p)
┌[0m───────────[0m┬[0m───────────[0m┬[0m─────────────────────────[0m┐[0m
│[0m[1m Primitive [0m│[0m[1m  Exponent [0m│[0m[1m Contraction Coefficient [0m│[0m
├[0m───────────[0m┼[0m───────────[0m┼[0m─────────────────────────[0m┤[0m
│[0m       1.0 [0m│[0m 42.117500 [0m│[0m                0.036511 [0m│[0m
│[0m       2.0 [0m│[0m  9.628370 [0m│[0m                0.237153 [0m│[0m
│[0m       3.0 [0m│[0m  2.853320 [0m│[0m                0.819702 [0m│[0m
└[0m───────────[0m┴[0m───────────[0m┴[0m─────────────────────────[0m┘[0m
 
L (s)
┌[0m───────────[0m┬[0m──────────[0m┬[0m─────────────────────────[0m┐[0m
│[0m[1m Primitive [0m│[0m[1m Exponent [0m│[0m[1m Contraction Coefficient [0m│[0m
├[0m───────────[0m┼[0m──────────[0m┼[0m─────────────────────────[0m┤[0m
│[0m       1.0 [0m│[0m 0.905661 [0m│[0m                1.000000 [0m│[0m
└[0m───────────[0m┴[0m──────────[0m┴[0m─────────────────────────[0m┘[0m
L (p)
┌[0m───────────[0m┬[0m──────────[0m┬[0m─────────────────────────[0m┐[0m
│[0m[1m Primitive [0m│[0m[1m Exponent [0m│[0m[1m Contraction Coefficient [0m│[0m
├[0m───────────[0m┼[0m──────────[0m┼[0m─────────────────────────[0m┤[0m
│[0m       1.0 [0m│[0m 0.905661 [0m│[0m                1.000000 [0m│[0m
└[0m───────────[0m┴[0m──────────[0m┴[0m─────────────────────────[0m┘[0m
 
L (s)
┌[0m───────────[0m┬[0m──────────[0m┬[0m─────────────────────────[0m┐[0m
│[0m[1m Primitive [0m│[0m[1m Exponent [0m│[0m[1m Contraction Coefficient [0m│[0m
├[0m───────────[0m┼[0m──────────[0m┼[0m─────────────────────────[0m┤[0m
│[0m       1.0 [0m│[0m 0.255611 [0m│[0m                1.000000 [0m│[0m
└[0m───────────[0m┴[0m──────────[0m┴[0m─────────────────────────[0m┘[0m
L (p)
┌[0m───────────[0m┬[0m──────────[0m┬[0m─────────────────────────[0m┐[0m
│[0m[1m Primitive [0m│[0m[1m Exponent [0m│[0m[1m Contraction Coefficient [0m│[0m
├[0m───────────[0m┼[0m──────────[0m┼[0m─────────────────────────[0m┤[0m
│[0m       1.0 [0m│[0m 0.255611 [0m│[0m                1.000000 [0m│[0m
└[0m───────────[0m┴[0m──────────[0m┴[0m─────────────────────────[0m┘[0m
 
D
┌[0m───────────[0m┬[0m──────────[0m┬[0m─────────────────────────[0m┐[0m
│[0m[1m Primitive [0m│[0m[1m Exponent [0m│[0m[1m Contraction Coefficient [0m│[0m
├[0m───────────[0m┼[0m──────────[0m┼[0m─────────────────────────[0m┤[0m
│[0m       1.0 [0m│[0m 5.160000 [0m│[0m                1.000000 [0m│[0m
└[0m───────────[0m┴[0m──────────[0m┴[0m─────────────────────────[0m┘[0m
 
D
┌[0m───────────[0m┬[0m──────────[0m┬[0m─────────────────────────[0m┐[0m
│[0m[1m Primitive [0m│[0m[1m Exponent [0m│[0m[1m Contraction Coefficient [0m│[0m
├[0m───────────[0m┼[0m──────────[0m┼[0m─────────────────────────[0m┤[0m
│[0m       1.0 [0m│[0m 1.292000 [0m│[0m                1.000000 [0m│[0m
└[0m───────────[0m┴[0m──────────[0m┴[0m─────────────────────────[0m┘[0m
 
D
┌[0m───────────[0m┬[0m──────────[0m┬[0m─────────────────────────[0m┐[0m
│[0m[1m Primitive [0m│[0m[1m Exponent [0m│[0m[1m Contraction Coefficient [0m│[0m
├[0m───────────[0m┼[0m──────────[0m┼[0m─────────────────────────[0m┤[0m
│[0m       1.0 [0m│[0m 0.322500 [0m│[0m                1.000000 [0m│[0m
└[0m───────────[0m┴[0m──────────[0m┴[0m─────────────────────────[0m┘[0m
 
F
┌[0m───────────[0m┬[0m──────────[0m┬[0m─────────────────────────[0m┐[0m
│[0m[1m Primitive [0m│[0m[1m Exponent [0m│[0m[1m Contraction Coefficient [0m│[0m
├[0m───────────[0m┼[0m──────────[0m┼[0m─────────────────────────[0m┤[0m
│[0m       1.0 [0m│[0m 1.400000 [0m│[0m                1.000000 [0m│[0m
└[0m───────────[0m┴[0m──────────[0m┴[0m─────────────────────────[0m┘[0m
 
L (s)
┌[0m───────────[0m┬[0m──────────[0m┬[0m─────────────────────────[0m┐[0m
│[0m[1m Primitive [0m│[0m[1m Exponent [0m│[0m[1m Contraction Coefficient [0m│[0m
├[0m───────────[0m┼[0m──────────[0m┼[0m─────────────────────────[0m┤[0m
│[0m       1.0 [0m│[0m 0.084500 [0m│[0m                1.000000 [0m│[0m
└[0m───────────[0m┴[0m──────────[0m┴[0m─────────────────────────[0m┘[0m
L (p)
┌[0m───────────[0m┬[0m──────────[0m┬[0m─────────────────────────[0m┐[0m
│[0m[1m Primitive [0m│[0m[1m Exponent [0m│[0m[1m Contraction Coefficient [0m│[0m
├[0m───────────[0m┼[0m──────────[0m┼[0m─────────────────────────[0m┤[0m
│[0m       1.0 [0m│[0m 0.084500 [0m│[0m                1.000000 [0m│[0m
└[0m───────────[0m┴[0m──────────[0m┴[0m─────────────────────────[0m┘[0m
 
 
 
ATOM #6 (O):
S
┌[0m───────────[0m┬[0m─────────────[0m┬[0m─────────────────────────[0m┐[0m
│[0m[1m Primitive [0m│[0m[1m    Exponent [0m│[0m[1m Contraction Coefficient [0m│[0m
├[0m───────────[0m┼[0m─────────────[0m┼[0m─────────────────────────[0m┤[0m
│[0m       1.0 [0m│[0m 8588.500000 [0m│[0m                0.001895 [0m│[0m
│[0m       2.0 [0m│[0m 1297.230000 [0m│[0m                0.014386 [0m│[0m
│[0m       3.0 [0m│[0m  299.296000 [0m│[0m                0.070732 [0m│[0m
│[0m       4.0 [0m│[0m   87.377100 [0m│[0m                0.240001 [0m│[0m
│[0m       5.0 [0m│[0m   25.678900 [0m│[0m                0.594797 [0m│[0m
│[0m       6.0 [0m│[0m    3.740040 [0m│[0m                0.280802 [0m│[0m
└[0m───────────[0m┴[0m─────────────[0m┴[0m─────────────────────────[0m┘[0m
 
L (s)
┌[0m───────────[0m┬[0m───────────[0m┬[0m─────────────────────────[0m┐[0m
│[0m[1m Primitive [0m│[0m[1m  Exponent [0m│[0m[1m Contraction Coefficient [0m│[0m
├[0m───────────[0m┼[0m───────────[0m┼[0m─────────────────────────[0m┤[0m
│[0m       1.0 [0m│[0m 42.117500 [0m│[0m                0.113889 [0m│[0m
│[0m       2.0 [0m│[0m  9.628370 [0m│[0m                0.920811 [0m│[0m
│[0m       3.0 [0m│[0m  2.853320 [0m│[0m               -0.003274 [0m│[0m
└[0m───────────[0m┴[0m───────────[0m┴[0m─────────────────────────[0m┘[0m
L (p)
┌[0m───────────[0m┬[0m───────────[0m┬[0m─────────────────────────[0m┐[0m
│[0m[1m Primitive [0m│[0m[1m  Exponent [0m│[0m[1m Contraction Coefficient [0m│[0m
├[0m───────────[0m┼[0m───────────[0m┼[0m─────────────────────────[0m┤[0m
│[0m       1.0 [0m│[0m 42.117500 [0m│[0m                0.036511 [0m│[0m
│[0m       2.0 [0m│[0m  9.628370 [0m│[0m                0.237153 [0m│[0m
│[0m       3.0 [0m│[0m  2.853320 [0m│[0m                0.819702 [0m│[0m
└[0m───────────[0m┴[0m───────────[0m┴[0m─────────────────────────[0m┘[0m
 
L (s)
┌[0m───────────[0m┬[0m──────────[0m┬[0m─────────────────────────[0m┐[0m
│[0m[1m Primitive [0m│[0m[1m Exponent [0m│[0m[1m Contraction Coefficient [0m│[0m
├[0m───────────[0m┼[0m──────────[0m┼[0m─────────────────────────[0m┤[0m
│[0m       1.0 [0m│[0m 0.905661 [0m│[0m                1.000000 [0m│[0m
└[0m───────────[0m┴[0m──────────[0m┴[0m─────────────────────────[0m┘[0m
L (p)
┌[0m───────────[0m┬[0m──────────[0m┬[0m─────────────────────────[0m┐[0m
│[0m[1m Primitive [0m│[0m[1m Exponent [0m│[0m[1m Contraction Coefficient [0m│[0m
├[0m───────────[0m┼[0m──────────[0m┼[0m─────────────────────────[0m┤[0m
│[0m       1.0 [0m│[0m 0.905661 [0m│[0m                1.000000 [0m│[0m
└[0m───────────[0m┴[0m──────────[0m┴[0m─────────────────────────[0m┘[0m
 
L (s)
┌[0m───────────[0m┬[0m──────────[0m┬[0m─────────────────────────[0m┐[0m
│[0m[1m Primitive [0m│[0m[1m Exponent [0m│[0m[1m Contraction Coefficient [0m│[0m
├[0m───────────[0m┼[0m──────────[0m┼[0m─────────────────────────[0m┤[0m
│[0m       1.0 [0m│[0m 0.255611 [0m│[0m                1.000000 [0m│[0m
└[0m───────────[0m┴[0m──────────[0m┴[0m─────────────────────────[0m┘[0m
L (p)
┌[0m───────────[0m┬[0m──────────[0m┬[0m─────────────────────────[0m┐[0m
│[0m[1m Primitive [0m│[0m[1m Exponent [0m│[0m[1m Contraction Coefficient [0m│[0m
├[0m───────────[0m┼[0m──────────[0m┼[0m─────────────────────────[0m┤[0m
│[0m       1.0 [0m│[0m 0.255611 [0m│[0m                1.000000 [0m│[0m
└[0m───────────[0m┴[0m──────────[0m┴[0m─────────────────────────[0m┘[0m
 
D
┌[0m───────────[0m┬[0m──────────[0m┬[0m─────────────────────────[0m┐[0m
│[0m[1m Primitive [0m│[0m[1m Exponent [0m│[0m[1m Contraction Coefficient [0m│[0m
├[0m───────────[0m┼[0m──────────[0m┼[0m─────────────────────────[0m┤[0m
│[0m       1.0 [0m│[0m 5.160000 [0m│[0m                1.000000 [0m│[0m
└[0m───────────[0m┴[0m──────────[0m┴[0m─────────────────────────[0m┘[0m
 
D
┌[0m───────────[0m┬[0m──────────[0m┬[0m─────────────────────────[0m┐[0m
│[0m[1m Primitive [0m│[0m[1m Exponent [0m│[0m[1m Contraction Coefficient [0m│[0m
├[0m───────────[0m┼[0m──────────[0m┼[0m─────────────────────────[0m┤[0m
│[0m       1.0 [0m│[0m 1.292000 [0m│[0m                1.000000 [0m│[0m
└[0m───────────[0m┴[0m──────────[0m┴[0m─────────────────────────[0m┘[0m
 
D
┌[0m───────────[0m┬[0m──────────[0m┬[0m─────────────────────────[0m┐[0m
│[0m[1m Primitive [0m│[0m[1m Exponent [0m│[0m[1m Contraction Coefficient [0m│[0m
├[0m───────────[0m┼[0m──────────[0m┼[0m─────────────────────────[0m┤[0m
│[0m       1.0 [0m│[0m 0.322500 [0m│[0m                1.000000 [0m│[0m
└[0m───────────[0m┴[0m──────────[0m┴[0m─────────────────────────[0m┘[0m
 
F
┌[0m───────────[0m┬[0m──────────[0m┬[0m─────────────────────────[0m┐[0m
│[0m[1m Primitive [0m│[0m[1m Exponent [0m│[0m[1m Contraction Coefficient [0m│[0m
├[0m───────────[0m┼[0m──────────[0m┼[0m─────────────────────────[0m┤[0m
│[0m       1.0 [0m│[0m 1.400000 [0m│[0m                1.000000 [0m│[0m
└[0m───────────[0m┴[0m──────────[0m┴[0m─────────────────────────[0m┘[0m
 
L (s)
┌[0m───────────[0m┬[0m──────────[0m┬[0m─────────────────────────[0m┐[0m
│[0m[1m Primitive [0m│[0m[1m Exponent [0m│[0m[1m Contraction Coefficient [0m│[0m
├[0m───────────[0m┼[0m──────────[0m┼[0m─────────────────────────[0m┤[0m
│[0m       1.0 [0m│[0m 0.084500 [0m│[0m                1.000000 [0m│[0m
└[0m───────────[0m┴[0m──────────[0m┴[0m─────────────────────────[0m┘[0m
L (p)
┌[0m───────────[0m┬[0m──────────[0m┬[0m─────────────────────────[0m┐[0m
│[0m[1m Primitive [0m│[0m[1m Exponent [0m│[0m[1m Contraction Coefficient [0m│[0m
├[0m───────────[0m┼[0m──────────[0m┼[0m─────────────────────────[0m┤[0m
│[0m       1.0 [0m│[0m 0.084500 [0m│[0m                1.000000 [0m│[0m
└[0m───────────[0m┴[0m──────────[0m┴[0m─────────────────────────[0m┘[0m
 
 
 
ATOM #7 (H):
S
┌[0m───────────[0m┬[0m───────────[0m┬[0m─────────────────────────[0m┐[0m
│[0m[1m Primitive [0m│[0m[1m  Exponent [0m│[0m[1m Contraction Coefficient [0m│[0m
├[0m───────────[0m┼[0m───────────[0m┼[0m─────────────────────────[0m┤[0m
│[0m       1.0 [0m│[0m 33.865000 [0m│[0m                0.025494 [0m│[0m
│[0m       2.0 [0m│[0m  5.094790 [0m│[0m                0.190373 [0m│[0m
│[0m       3.0 [0m│[0m  1.158790 [0m│[0m                0.852161 [0m│[0m
└[0m───────────[0m┴[0m───────────[0m┴[0m─────────────────────────[0m┘[0m
 
S
┌[0m───────────[0m┬[0m──────────[0m┬[0m─────────────────────────[0m┐[0m
│[0m[1m Primitive [0m│[0m[1m Exponent [0m│[0m[1m Contraction Coefficient [0m│[0m
├[0m───────────[0m┼[0m──────────[0m┼[0m─────────────────────────[0m┤[0m
│[0m       1.0 [0m│[0m 0.325840 [0m│[0m                1.000000 [0m│[0m
└[0m───────────[0m┴[0m──────────[0m┴[0m─────────────────────────[0m┘[0m
 
S
┌[0m───────────[0m┬[0m──────────[0m┬[0m─────────────────────────[0m┐[0m
│[0m[1m Primitive [0m│[0m[1m Exponent [0m│[0m[1m Contraction Coefficient [0m│[0m
├[0m───────────[0m┼[0m──────────[0m┼[0m─────────────────────────[0m┤[0m
│[0m       1.0 [0m│[0m 0.102741 [0m│[0m                1.000000 [0m│[0m
└[0m───────────[0m┴[0m──────────[0m┴[0m─────────────────────────[0m┘[0m
 
P
┌[0m───────────[0m┬[0m──────────[0m┬[0m─────────────────────────[0m┐[0m
│[0m[1m Primitive [0m│[0m[1m Exponent [0m│[0m[1m Contraction Coefficient [0m│[0m
├[0m───────────[0m┼[0m──────────[0m┼[0m─────────────────────────[0m┤[0m
│[0m       1.0 [0m│[0m 3.000000 [0m│[0m                1.000000 [0m│[0m
└[0m───────────[0m┴[0m──────────[0m┴[0m─────────────────────────[0m┘[0m
 
P
┌[0m───────────[0m┬[0m──────────[0m┬[0m─────────────────────────[0m┐[0m
│[0m[1m Primitive [0m│[0m[1m Exponent [0m│[0m[1m Contraction Coefficient [0m│[0m
├[0m───────────[0m┼[0m──────────[0m┼[0m─────────────────────────[0m┤[0m
│[0m       1.0 [0m│[0m 0.750000 [0m│[0m                1.000000 [0m│[0m
└[0m───────────[0m┴[0m──────────[0m┴[0m─────────────────────────[0m┘[0m
 
P
┌[0m───────────[0m┬[0m──────────[0m┬[0m─────────────────────────[0m┐[0m
│[0m[1m Primitive [0m│[0m[1m Exponent [0m│[0m[1m Contraction Coefficient [0m│[0m
├[0m───────────[0m┼[0m──────────[0m┼[0m─────────────────────────[0m┤[0m
│[0m       1.0 [0m│[0m 0.187500 [0m│[0m                1.000000 [0m│[0m
└[0m───────────[0m┴[0m──────────[0m┴[0m─────────────────────────[0m┘[0m
 
D
┌[0m───────────[0m┬[0m──────────[0m┬[0m─────────────────────────[0m┐[0m
│[0m[1m Primitive [0m│[0m[1m Exponent [0m│[0m[1m Contraction Coefficient [0m│[0m
├[0m───────────[0m┼[0m──────────[0m┼[0m─────────────────────────[0m┤[0m
│[0m       1.0 [0m│[0m 1.000000 [0m│[0m                1.000000 [0m│[0m
└[0m───────────[0m┴[0m──────────[0m┴[0m─────────────────────────[0m┘[0m
 
S
┌[0m───────────[0m┬[0m──────────[0m┬[0m─────────────────────────[0m┐[0m
│[0m[1m Primitive [0m│[0m[1m Exponent [0m│[0m[1m Contraction Coefficient [0m│[0m
├[0m───────────[0m┼[0m──────────[0m┼[0m─────────────────────────[0m┤[0m
│[0m       1.0 [0m│[0m 0.036000 [0m│[0m                1.000000 [0m│[0m
└[0m───────────[0m┴[0m──────────[0m┴[0m─────────────────────────[0m┘[0m
 
 
 
ATOM #8 (H):
S
┌[0m───────────[0m┬[0m───────────[0m┬[0m─────────────────────────[0m┐[0m
│[0m[1m Primitive [0m│[0m[1m  Exponent [0m│[0m[1m Contraction Coefficient [0m│[0m
├[0m───────────[0m┼[0m───────────[0m┼[0m─────────────────────────[0m┤[0m
│[0m       1.0 [0m│[0m 33.865000 [0m│[0m                0.025494 [0m│[0m
│[0m       2.0 [0m│[0m  5.094790 [0m│[0m                0.190373 [0m│[0m
│[0m       3.0 [0m│[0m  1.158790 [0m│[0m                0.852161 [0m│[0m
└[0m───────────[0m┴[0m───────────[0m┴[0m─────────────────────────[0m┘[0m
 
S
┌[0m───────────[0m┬[0m──────────[0m┬[0m─────────────────────────[0m┐[0m
│[0m[1m Primitive [0m│[0m[1m Exponent [0m│[0m[1m Contraction Coefficient [0m│[0m
├[0m───────────[0m┼[0m──────────[0m┼[0m─────────────────────────[0m┤[0m
│[0m       1.0 [0m│[0m 0.325840 [0m│[0m                1.000000 [0m│[0m
└[0m───────────[0m┴[0m──────────[0m┴[0m─────────────────────────[0m┘[0m
 
S
┌[0m───────────[0m┬[0m──────────[0m┬[0m─────────────────────────[0m┐[0m
│[0m[1m Primitive [0m│[0m[1m Exponent [0m│[0m[1m Contraction Coefficient [0m│[0m
├[0m───────────[0m┼[0m──────────[0m┼[0m─────────────────────────[0m┤[0m
│[0m       1.0 [0m│[0m 0.102741 [0m│[0m                1.000000 [0m│[0m
└[0m───────────[0m┴[0m──────────[0m┴[0m─────────────────────────[0m┘[0m
 
P
┌[0m───────────[0m┬[0m──────────[0m┬[0m─────────────────────────[0m┐[0m
│[0m[1m Primitive [0m│[0m[1m Exponent [0m│[0m[1m Contraction Coefficient [0m│[0m
├[0m───────────[0m┼[0m──────────[0m┼[0m─────────────────────────[0m┤[0m
│[0m       1.0 [0m│[0m 3.000000 [0m│[0m                1.000000 [0m│[0m
└[0m───────────[0m┴[0m──────────[0m┴[0m─────────────────────────[0m┘[0m
 
P
┌[0m───────────[0m┬[0m──────────[0m┬[0m─────────────────────────[0m┐[0m
│[0m[1m Primitive [0m│[0m[1m Exponent [0m│[0m[1m Contraction Coefficient [0m│[0m
├[0m───────────[0m┼[0m──────────[0m┼[0m─────────────────────────[0m┤[0m
│[0m       1.0 [0m│[0m 0.750000 [0m│[0m                1.000000 [0m│[0m
└[0m───────────[0m┴[0m──────────[0m┴[0m─────────────────────────[0m┘[0m
 
P
┌[0m───────────[0m┬[0m──────────[0m┬[0m─────────────────────────[0m┐[0m
│[0m[1m Primitive [0m│[0m[1m Exponent [0m│[0m[1m Contraction Coefficient [0m│[0m
├[0m───────────[0m┼[0m──────────[0m┼[0m─────────────────────────[0m┤[0m
│[0m       1.0 [0m│[0m 0.187500 [0m│[0m                1.000000 [0m│[0m
└[0m───────────[0m┴[0m──────────[0m┴[0m─────────────────────────[0m┘[0m
 
D
┌[0m───────────[0m┬[0m──────────[0m┬[0m─────────────────────────[0m┐[0m
│[0m[1m Primitive [0m│[0m[1m Exponent [0m│[0m[1m Contraction Coefficient [0m│[0m
├[0m───────────[0m┼[0m──────────[0m┼[0m─────────────────────────[0m┤[0m
│[0m       1.0 [0m│[0m 1.000000 [0m│[0m                1.000000 [0m│[0m
└[0m───────────[0m┴[0m──────────[0m┴[0m─────────────────────────[0m┘[0m
 
S
┌[0m───────────[0m┬[0m──────────[0m┬[0m─────────────────────────[0m┐[0m
│[0m[1m Primitive [0m│[0m[1m Exponent [0m│[0m[1m Contraction Coefficient [0m│[0m
├[0m───────────[0m┼[0m──────────[0m┼[0m─────────────────────────[0m┤[0m
│[0m       1.0 [0m│[0m 0.036000 [0m│[0m                1.000000 [0m│[0m
└[0m───────────[0m┴[0m──────────[0m┴[0m─────────────────────────[0m┘[0m
 
 
 
ATOM #9 (H):
S
┌[0m───────────[0m┬[0m───────────[0m┬[0m─────────────────────────[0m┐[0m
│[0m[1m Primitive [0m│[0m[1m  Exponent [0m│[0m[1m Contraction Coefficient [0m│[0m
├[0m───────────[0m┼[0m───────────[0m┼[0m─────────────────────────[0m┤[0m
│[0m       1.0 [0m│[0m 33.865000 [0m│[0m                0.025494 [0m│[0m
│[0m       2.0 [0m│[0m  5.094790 [0m│[0m                0.190373 [0m│[0m
│[0m       3.0 [0m│[0m  1.158790 [0m│[0m                0.852161 [0m│[0m
└[0m───────────[0m┴[0m───────────[0m┴[0m─────────────────────────[0m┘[0m
 
S
┌[0m───────────[0m┬[0m──────────[0m┬[0m─────────────────────────[0m┐[0m
│[0m[1m Primitive [0m│[0m[1m Exponent [0m│[0m[1m Contraction Coefficient [0m│[0m
├[0m───────────[0m┼[0m──────────[0m┼[0m─────────────────────────[0m┤[0m
│[0m       1.0 [0m│[0m 0.325840 [0m│[0m                1.000000 [0m│[0m
└[0m───────────[0m┴[0m──────────[0m┴[0m─────────────────────────[0m┘[0m
 
S
┌[0m───────────[0m┬[0m──────────[0m┬[0m─────────────────────────[0m┐[0m
│[0m[1m Primitive [0m│[0m[1m Exponent [0m│[0m[1m Contraction Coefficient [0m│[0m
├[0m───────────[0m┼[0m──────────[0m┼[0m─────────────────────────[0m┤[0m
│[0m       1.0 [0m│[0m 0.102741 [0m│[0m                1.000000 [0m│[0m
└[0m───────────[0m┴[0m──────────[0m┴[0m─────────────────────────[0m┘[0m
 
P
┌[0m───────────[0m┬[0m──────────[0m┬[0m─────────────────────────[0m┐[0m
│[0m[1m Primitive [0m│[0m[1m Exponent [0m│[0m[1m Contraction Coefficient [0m│[0m
├[0m───────────[0m┼[0m──────────[0m┼[0m─────────────────────────[0m┤[0m
│[0m       1.0 [0m│[0m 3.000000 [0m│[0m                1.000000 [0m│[0m
└[0m───────────[0m┴[0m──────────[0m┴[0m─────────────────────────[0m┘[0m
 
P
┌[0m───────────[0m┬[0m──────────[0m┬[0m─────────────────────────[0m┐[0m
│[0m[1m Primitive [0m│[0m[1m Exponent [0m│[0m[1m Contraction Coefficient [0m│[0m
├[0m───────────[0m┼[0m──────────[0m┼[0m─────────────────────────[0m┤[0m
│[0m       1.0 [0m│[0m 0.750000 [0m│[0m                1.000000 [0m│[0m
└[0m───────────[0m┴[0m──────────[0m┴[0m─────────────────────────[0m┘[0m
 
P
┌[0m───────────[0m┬[0m──────────[0m┬[0m─────────────────────────[0m┐[0m
│[0m[1m Primitive [0m│[0m[1m Exponent [0m│[0m[1m Contraction Coefficient [0m│[0m
├[0m───────────[0m┼[0m──────────[0m┼[0m─────────────────────────[0m┤[0m
│[0m       1.0 [0m│[0m 0.187500 [0m│[0m                1.000000 [0m│[0m
└[0m───────────[0m┴[0m──────────[0m┴[0m─────────────────────────[0m┘[0m
 
D
┌[0m───────────[0m┬[0m──────────[0m┬[0m─────────────────────────[0m┐[0m
│[0m[1m Primitive [0m│[0m[1m Exponent [0m│[0m[1m Contraction Coefficient [0m│[0m
├[0m───────────[0m┼[0m──────────[0m┼[0m─────────────────────────[0m┤[0m
│[0m       1.0 [0m│[0m 1.000000 [0m│[0m                1.000000 [0m│[0m
└[0m───────────[0m┴[0m──────────[0m┴[0m─────────────────────────[0m┘[0m
 
S
┌[0m───────────[0m┬[0m──────────[0m┬[0m─────────────────────────[0m┐[0m
│[0m[1m Primitive [0m│[0m[1m Exponent [0m│[0m[1m Contraction Coefficient [0m│[0m
├[0m───────────[0m┼[0m──────────[0m┼[0m─────────────────────────[0m┤[0m
│[0m       1.0 [0m│[0m 0.036000 [0m│[0m                1.000000 [0m│[0m
└[0m───────────[0m┴[0m──────────[0m┴[0m─────────────────────────[0m┘[0m
 
 
 
ATOM #10 (H):
S
┌[0m───────────[0m┬[0m───────────[0m┬[0m─────────────────────────[0m┐[0m
│[0m[1m Primitive [0m│[0m[1m  Exponent [0m│[0m[1m Contraction Coefficient [0m│[0m
├[0m───────────[0m┼[0m───────────[0m┼[0m─────────────────────────[0m┤[0m
│[0m       1.0 [0m│[0m 33.865000 [0m│[0m                0.025494 [0m│[0m
│[0m       2.0 [0m│[0m  5.094790 [0m│[0m                0.190373 [0m│[0m
│[0m       3.0 [0m│[0m  1.158790 [0m│[0m                0.852161 [0m│[0m
└[0m───────────[0m┴[0m───────────[0m┴[0m─────────────────────────[0m┘[0m
 
S
┌[0m───────────[0m┬[0m──────────[0m┬[0m─────────────────────────[0m┐[0m
│[0m[1m Primitive [0m│[0m[1m Exponent [0m│[0m[1m Contraction Coefficient [0m│[0m
├[0m───────────[0m┼[0m──────────[0m┼[0m─────────────────────────[0m┤[0m
│[0m       1.0 [0m│[0m 0.325840 [0m│[0m                1.000000 [0m│[0m
└[0m───────────[0m┴[0m──────────[0m┴[0m─────────────────────────[0m┘[0m
 
S
┌[0m───────────[0m┬[0m──────────[0m┬[0m─────────────────────────[0m┐[0m
│[0m[1m Primitive [0m│[0m[1m Exponent [0m│[0m[1m Contraction Coefficient [0m│[0m
├[0m───────────[0m┼[0m──────────[0m┼[0m─────────────────────────[0m┤[0m
│[0m       1.0 [0m│[0m 0.102741 [0m│[0m                1.000000 [0m│[0m
└[0m───────────[0m┴[0m──────────[0m┴[0m─────────────────────────[0m┘[0m
 
P
┌[0m───────────[0m┬[0m──────────[0m┬[0m─────────────────────────[0m┐[0m
│[0m[1m Primitive [0m│[0m[1m Exponent [0m│[0m[1m Contraction Coefficient [0m│[0m
├[0m───────────[0m┼[0m──────────[0m┼[0m─────────────────────────[0m┤[0m
│[0m       1.0 [0m│[0m 3.000000 [0m│[0m                1.000000 [0m│[0m
└[0m───────────[0m┴[0m──────────[0m┴[0m─────────────────────────[0m┘[0m
 
P
┌[0m───────────[0m┬[0m──────────[0m┬[0m─────────────────────────[0m┐[0m
│[0m[1m Primitive [0m│[0m[1m Exponent [0m│[0m[1m Contraction Coefficient [0m│[0m
├[0m───────────[0m┼[0m──────────[0m┼[0m─────────────────────────[0m┤[0m
│[0m       1.0 [0m│[0m 0.750000 [0m│[0m                1.000000 [0m│[0m
└[0m───────────[0m┴[0m──────────[0m┴[0m─────────────────────────[0m┘[0m
 
P
┌[0m───────────[0m┬[0m──────────[0m┬[0m─────────────────────────[0m┐[0m
│[0m[1m Primitive [0m│[0m[1m Exponent [0m│[0m[1m Contraction Coefficient [0m│[0m
├[0m───────────[0m┼[0m──────────[0m┼[0m─────────────────────────[0m┤[0m
│[0m       1.0 [0m│[0m 0.187500 [0m│[0m                1.000000 [0m│[0m
└[0m───────────[0m┴[0m──────────[0m┴[0m─────────────────────────[0m┘[0m
 
D
┌[0m───────────[0m┬[0m──────────[0m┬[0m─────────────────────────[0m┐[0m
│[0m[1m Primitive [0m│[0m[1m Exponent [0m│[0m[1m Contraction Coefficient [0m│[0m
├[0m───────────[0m┼[0m──────────[0m┼[0m─────────────────────────[0m┤[0m
│[0m       1.0 [0m│[0m 1.000000 [0m│[0m                1.000000 [0m│[0m
└[0m───────────[0m┴[0m──────────[0m┴[0m─────────────────────────[0m┘[0m
 
S
┌[0m───────────[0m┬[0m──────────[0m┬[0m─────────────────────────[0m┐[0m
│[0m[1m Primitive [0m│[0m[1m Exponent [0m│[0m[1m Contraction Coefficient [0m│[0m
├[0m───────────[0m┼[0m──────────[0m┼[0m─────────────────────────[0m┤[0m
│[0m       1.0 [0m│[0m 0.036000 [0m│[0m                1.000000 [0m│[0m
└[0m───────────[0m┴[0m──────────[0m┴[0m─────────────────────────[0m┘[0m
 
 
 
ATOM #11 (Li):
S
┌[0m───────────[0m┬[0m────────────[0m┬[0m─────────────────────────[0m┐[0m
│[0m[1m Primitive [0m│[0m[1m   Exponent [0m│[0m[1m Contraction Coefficient [0m│[0m
├[0m───────────[0m┼[0m────────────[0m┼[0m─────────────────────────[0m┤[0m
│[0m       1.0 [0m│[0m 900.460000 [0m│[0m                0.002287 [0m│[0m
│[0m       2.0 [0m│[0m 134.433000 [0m│[0m                0.017635 [0m│[0m
│[0m       3.0 [0m│[0m  30.436500 [0m│[0m                0.087343 [0m│[0m
│[0m       4.0 [0m│[0m   8.626390 [0m│[0m                0.280977 [0m│[0m
│[0m       5.0 [0m│[0m   2.483320 [0m│[0m                0.658741 [0m│[0m
│[0m       6.0 [0m│[0m   0.303179 [0m│[0m                0.118712 [0m│[0m
└[0m───────────[0m┴[0m────────────[0m┴[0m─────────────────────────[0m┘[0m
 
L (s)
┌[0m───────────[0m┬[0m──────────[0m┬[0m─────────────────────────[0m┐[0m
│[0m[1m Primitive [0m│[0m[1m Exponent [0m│[0m[1m Contraction Coefficient [0m│[0m
├[0m───────────[0m┼[0m──────────[0m┼[0m─────────────────────────[0m┤[0m
│[0m       1.0 [0m│[0m 4.868900 [0m│[0m                0.093329 [0m│[0m
│[0m       2.0 [0m│[0m 0.856924 [0m│[0m                0.943045 [0m│[0m
│[0m       3.0 [0m│[0m 0.243227 [0m│[0m               -0.002798 [0m│[0m
└[0m───────────[0m┴[0m──────────[0m┴[0m─────────────────────────[0m┘[0m
L (p)
┌[0m───────────[0m┬[0m──────────[0m┬[0m─────────────────────────[0m┐[0m
│[0m[1m Primitive [0m│[0m[1m Exponent [0m│[0m[1m Contraction Coefficient [0m│[0m
├[0m───────────[0m┼[0m──────────[0m┼[0m─────────────────────────[0m┤[0m
│[0m       1.0 [0m│[0m 4.868900 [0m│[0m                0.032766 [0m│[0m
│[0m       2.0 [0m│[0m 0.856924 [0m│[0m                0.159792 [0m│[0m
│[0m       3.0 [0m│[0m 0.243227 [0m│[0m                0.885667 [0m│[0m
└[0m───────────[0m┴[0m──────────[0m┴[0m─────────────────────────[0m┘[0m
 
L (s)
┌[0m───────────[0m┬[0m──────────[0m┬[0m─────────────────────────[0m┐[0m
│[0m[1m Primitive [0m│[0m[1m Exponent [0m│[0m[1m Contraction Coefficient [0m│[0m
├[0m───────────[0m┼[0m──────────[0m┼[0m─────────────────────────[0m┤[0m
│[0m       1.0 [0m│[0m 0.063507 [0m│[0m                1.000000 [0m│[0m
└[0m───────────[0m┴[0m──────────[0m┴[0m─────────────────────────[0m┘[0m
L (p)
┌[0m───────────[0m┬[0m──────────[0m┬[0m─────────────────────────[0m┐[0m
│[0m[1m Primitive [0m│[0m[1m Exponent [0m│[0m[1m Contraction Coefficient [0m│[0m
├[0m───────────[0m┼[0m──────────[0m┼[0m─────────────────────────[0m┤[0m
│[0m       1.0 [0m│[0m 0.063507 [0m│[0m                1.000000 [0m│[0m
└[0m───────────[0m┴[0m──────────[0m┴[0m─────────────────────────[0m┘[0m
 
L (s)
┌[0m───────────[0m┬[0m──────────[0m┬[0m─────────────────────────[0m┐[0m
│[0m[1m Primitive [0m│[0m[1m Exponent [0m│[0m[1m Contraction Coefficient [0m│[0m
├[0m───────────[0m┼[0m──────────[0m┼[0m─────────────────────────[0m┤[0m
│[0m       1.0 [0m│[0m 0.024368 [0m│[0m                1.000000 [0m│[0m
└[0m───────────[0m┴[0m──────────[0m┴[0m─────────────────────────[0m┘[0m
L (p)
┌[0m───────────[0m┬[0m──────────[0m┬[0m─────────────────────────[0m┐[0m
│[0m[1m Primitive [0m│[0m[1m Exponent [0m│[0m[1m Contraction Coefficient [0m│[0m
├[0m───────────[0m┼[0m──────────[0m┼[0m─────────────────────────[0m┤[0m
│[0m       1.0 [0m│[0m 0.024368 [0m│[0m                1.000000 [0m│[0m
└[0m───────────[0m┴[0m──────────[0m┴[0m─────────────────────────[0m┘[0m
 
D
┌[0m───────────[0m┬[0m──────────[0m┬[0m─────────────────────────[0m┐[0m
│[0m[1m Primitive [0m│[0m[1m Exponent [0m│[0m[1m Contraction Coefficient [0m│[0m
├[0m───────────[0m┼[0m──────────[0m┼[0m─────────────────────────[0m┤[0m
│[0m       1.0 [0m│[0m 0.800000 [0m│[0m                1.000000 [0m│[0m
└[0m───────────[0m┴[0m──────────[0m┴[0m─────────────────────────[0m┘[0m
 
D
┌[0m───────────[0m┬[0m──────────[0m┬[0m─────────────────────────[0m┐[0m
│[0m[1m Primitive [0m│[0m[1m Exponent [0m│[0m[1m Contraction Coefficient [0m│[0m
├[0m───────────[0m┼[0m──────────[0m┼[0m─────────────────────────[0m┤[0m
│[0m       1.0 [0m│[0m 0.200000 [0m│[0m                1.000000 [0m│[0m
└[0m───────────[0m┴[0m──────────[0m┴[0m─────────────────────────[0m┘[0m
 
D
┌[0m───────────[0m┬[0m──────────[0m┬[0m─────────────────────────[0m┐[0m
│[0m[1m Primitive [0m│[0m[1m Exponent [0m│[0m[1m Contraction Coefficient [0m│[0m
├[0m───────────[0m┼[0m──────────[0m┼[0m─────────────────────────[0m┤[0m
│[0m       1.0 [0m│[0m 0.050000 [0m│[0m                1.000000 [0m│[0m
└[0m───────────[0m┴[0m──────────[0m┴[0m─────────────────────────[0m┘[0m
 
F
┌[0m───────────[0m┬[0m──────────[0m┬[0m─────────────────────────[0m┐[0m
│[0m[1m Primitive [0m│[0m[1m Exponent [0m│[0m[1m Contraction Coefficient [0m│[0m
├[0m───────────[0m┼[0m──────────[0m┼[0m─────────────────────────[0m┤[0m
│[0m       1.0 [0m│[0m 0.150000 [0m│[0m                1.000000 [0m│[0m
└[0m───────────[0m┴[0m──────────[0m┴[0m─────────────────────────[0m┘[0m
 
L (s)
┌[0m───────────[0m┬[0m──────────[0m┬[0m─────────────────────────[0m┐[0m
│[0m[1m Primitive [0m│[0m[1m Exponent [0m│[0m[1m Contraction Coefficient [0m│[0m
├[0m───────────[0m┼[0m──────────[0m┼[0m─────────────────────────[0m┤[0m
│[0m       1.0 [0m│[0m 0.007400 [0m│[0m                1.000000 [0m│[0m
└[0m───────────[0m┴[0m──────────[0m┴[0m─────────────────────────[0m┘[0m
L (p)
┌[0m───────────[0m┬[0m──────────[0m┬[0m─────────────────────────[0m┐[0m
│[0m[1m Primitive [0m│[0m[1m Exponent [0m│[0m[1m Contraction Coefficient [0m│[0m
├[0m───────────[0m┼[0m──────────[0m┼[0m─────────────────────────[0m┤[0m
│[0m       1.0 [0m│[0m 0.007400 [0m│[0m                1.000000 [0m│[0m
└[0m───────────[0m┴[0m──────────[0m┴[0m─────────────────────────[0m┘[0m
 
 
 
 
                       ========================================                 
                                       END BASIS                                
                       ========================================                 
---------------------------------------------------------------------------------
                       ========================================          
                             MOLECULAR COORDINATE ANALYSIS               
                       ========================================          

----------------------------------------          
      Printing coordinates (bohr)                 
            in xyz format...                      
----------------------------------------          
 
11

C         -1.4041552259987706     -0.017617915383530972     0.47040949012360456
C         2.780828166958102     1.436860713668273     0.21895877074535736
C         2.715997337497328     -1.4807968428828064     0.29376735342130295
O         -3.568566114117926     0.05326948586789173     -0.920850245734952
O         0.24809645575004083     2.156458921162822     -0.39876808820308085
O         0.23336793140173662     -2.113766231648209     -0.5506548144662259
H         4.037979718646001     2.170580843469067     -1.2400797671148194
H         3.3473793564330445     2.2181036726082968     2.0493757083425743
H         4.081292238284586     -2.357969851863543     -0.9738627288685135
H         3.0353761472302256     -2.1730563845129827     2.2179827301450823
Li         -4.7870822179868515     -0.08534569478348271     2.336649963270065

                       ========================================          
                                END COORDINATE ANALYSIS                  
                       ========================================          
--------------------------------------------------------------------------------
                       ========================================                 
                          RESTRICTED CLOSED-SHELL HARTREE-FOCK                  
                       ========================================                 

----------------------------------------          
       Starting RHF iterations...                 
----------------------------------------          
 
Iter      Energy                   ΔE                   Drms
0     -814.970581805961
1     -292.6124166220116     522.3581651839495     350.1349850797877
2     -275.587115536416     17.02530108559563     331.60523518223437
3     -309.0892379198652     -33.502122383449205     38.42558735414511
4     -358.4158426071296     -49.32660468726442     9.378138545533918
5     -352.65370187058437     5.762140736545234     3.588789703611315
6     -350.37218134719654     2.281520523387826     0.6799734556586641
7     -348.76779318828216     1.6043881589143894     0.494705678140476
8     -348.1368039861973     0.6309892020848338     0.22748872849863333
9     -347.7836974813052     0.35310650489213913     0.11795046510597368
10     -347.72697936307446     0.05671811823071948     0.04434389628314858
11     -347.71140772405914     0.015571639015320216     0.02524457899714479
12     -347.7175768260998     -0.006169102040644248     0.017051858597438276
13     -347.71655570103843     0.0010211250613565426     0.008135326203035724
14     -347.7158336315627     0.0007220694757279489     0.0040229825385457016
15     -347.71668587106086     -0.0008522394981582693     0.0016210794477323886
16     -347.71669846957053     -1.2598509670169733e-5     0.0008221414253810093
17     -347.7166685000323     2.99695382182108e-5     0.0006982753739510318
18     -347.7167515681347     -8.306810241265339e-5     0.0002777588526501303
19     -347.71670463526294     4.693287178270111e-5     9.88841736632612e-5
20     -347.7167060387614     -1.4034984587851795e-6     5.710192009594923e-5
21     -347.71669954246096     6.49630044335936e-6     3.9302119382577565e-5
22     -347.71670116093634     -1.6184753803827334e-6     4.1343686812996504e-5
23     -347.71670148817344     -3.2723710319260135e-7     2.766690629863094e-5
24     -347.71670032993194     1.1582415027078241e-6     3.318407641950203e-5
25     -347.7167007542619     -4.2432998270669486e-7     1.6857307066286445e-5
26     -347.716700533208     2.2105393782112515e-7     3.460879206598023e-5
27     -347.7167006615188     -1.2831083040509839e-7     2.342056834854265e-5
28     -347.7167003751453     2.863735062419437e-7     3.927954870083155e-5
29     -347.7167005413027     -1.661574060562998e-7     2.047295740111684e-5
30     -347.7167005356279     5.674792191712186e-9     4.022833896752259e-5
31     -347.71670051572795     1.9899971448467113e-8     2.3103880934117973e-5
32     -347.71670053545216     -1.9724211597349495e-8     2.850976833612433e-5
33     -347.7167005406955     -5.243350642558653e-9     1.5217239058383056e-5
34     -347.7167005359418     4.753701432491653e-9     3.7605519136782515e-5
35     -347.71670053365557     2.2862423065816984e-9     1.5565013664622474e-5
36     -347.71670053307145     5.841229722136632e-10     2.2007434407257807e-5
37     -347.7167005273449     5.726519702875521e-9     1.9988518239055025e-5
38     -347.7167005253469     1.9980461729574017e-9     1.649218175862349e-5
39     -347.71670052729525     -1.9483650248730555e-9     8.959206679920257e-6
 
----------------------------------------
   The SCF calculation has converged!   
----------------------------------------
Total SCF Energy: -347.71670052729525 h
 
                       ========================================                 
                             END RESTRICTED CLOSED-SHELL                 
                                     HARTREE-FOCK                        
                       ========================================                 
