--------------------------------------------------------------------------------
                       ========================================                 
                                READING INPUT DATA FILE                         
                       ========================================                 
 
 
Number of worker processes: 1
Number of threads per process: 8
Number of threads in total: 8
 
                       ========================================                 
                                       END INPUT                                
                       ========================================                 
--------------------------------------------------------------------------------
                       ========================================                 
                                RESTRICTED CLOSED-SHELL                         
                                  HARTREE-FOCK ENERGY                           
                       ========================================                 

----------------------------------------          
       Starting RHF iterations...                 
----------------------------------------          
 
Iter      Energy                   ΔE                   Drms
0     -751.3428108893987
1     -296.99723017786516     454.34558071153356     23.388783341920057
2     -297.46147713585424     -0.4642469579890758     87.94064349468404
3     -366.29993929562136     -68.83846215976712     85.41656351401492
4     -348.8446247178647     17.455314577756667     26.9458075464322
5     -350.12069523377136     -1.2760705159066674     3.1215669668479618
6     -348.6814023451525     1.4392928886188656     2.8354083175462024
7     -348.56261038701825     0.11879195813423848     1.351283785914869
8     -348.0029476865209     0.5596627004973698     1.029536323575291
9     -347.6722353852998     0.33071230122106954     0.4926546161527295
10     -347.6089600188143     0.06327536648552723     0.15016549571718737
11     -347.60723083694404     0.001729181870246066     0.1210182311221413
12     -347.61572087976003     -0.008490042815992638     0.12546718992839806
13     -347.618946767015     -0.0032258872549846274     0.09662679685043907
14     -347.62435537794147     -0.005408610926451729     0.18308736589114333
15     -347.65337258204465     -0.029017204103183758     0.3404521724791598
16     -347.63357591388035     0.01979666816430381     0.09674822968024623
17     -347.7216229182766     -0.08804700439623048     0.5451202415204389
18     -347.71452919264857     0.007093725628010361     0.04884656020216125
19     -347.7163348461406     -0.0018056534920560807     0.13984887148452077
20     -347.6920488160588     0.02428603008183927     0.04350235546757268
21     -347.6923644346052     -0.0003156185464376904     0.09804220175077297
22     -347.6709921537698     0.021372280835407764     0.03360672984100461
23     -347.66167341781784     0.009318735951978852     0.04068697601730698
24     -347.65524253564274     0.006430882175095576     0.019638960182237913
25     -347.6530803140421     0.0021622216006562667     0.008219056126931553
26     -347.6523781764946     0.0007021375474778324     0.003160070079673144
27     -347.6523922937481     -1.4117253499534854e-5     0.0033199787026845238
28     -347.65198597057247     0.0004063231756390451     0.0010204088229098798
29     -347.6521247293987     -0.0001387588262105055     0.0006489058400614138
30     -347.6521347199572     -9.990558510253322e-6     0.0005636594537367149
31     -347.6520631436475     7.157630966503348e-5     0.0007477048469200124
32     -347.6521437358606     -8.059221306666586e-5     0.0006896027302195747
33     -347.65211703102295     2.6704837637225864e-5     0.0004951775407167983
34     -347.65210702309446     1.0007928494815133e-5     0.0002537472425792244
35     -347.65212923521676     -2.221212230324454e-5     0.00022798109997593377
36     -347.6521254309323     3.8042844607844017e-6     0.0003078488220842555
37     -347.6521156892321     9.741700182530622e-6     0.00018554275149168395
38     -347.6521251673304     -9.478098263571155e-6     7.018039258002836e-5
39     -347.65212264659294     2.52073743922665e-6     2.180055222137734e-5
40     -347.65212155801805     1.0885748906730441e-6     2.477113712248183e-5
41     -347.65212194794117     -3.8992311601759866e-7     2.788398365551139e-5
42     -347.652122457332     -5.093908157505211e-7     2.45295162013903e-5
43     -347.65212245266036     4.671619535656646e-9     1.746963065446167e-5
44     -347.65212225135485     2.0130551092734095e-7     3.472590494786017e-5
45     -347.6521225141272     -2.6277234610461164e-7     2.752922381536394e-5
46     -347.6521221936215     3.2050570553110447e-7     3.871771809503318e-5
47     -347.65212241957477     -2.259532720927382e-7     2.9155993905041407e-5
48     -347.6521223393735     8.02012891654158e-8     1.9279272990900938e-5
49     -347.65212232389797     1.547550709801726e-8     2.0495091054095422e-5
50     -347.65212236413583     -4.023786459583789e-8     2.1695085782590044e-5
51     -347.6521223814541     -1.7318257050646935e-8     2.06461348990075e-5
52     -347.65212237413743     7.3166575020877644e-9     2.12903256150276e-5
53     -347.6521223629617     1.117575720854802e-8     2.41420187203522e-5
54     -347.65212235939464     3.5670382203534245e-9     4.059893468441833e-6
391-element Array{Float64,1}:
 -20.841614620391777
 -20.84000254866744
 -20.83150275036526
 -11.551766981458197
 -11.551144144134465
 -11.537931553456609
  -2.6205539017004043
  -1.6669280519827403
  -1.5715957966370233
  -1.5371351688337604
  -1.2262705872694468
  -1.0484464134877456
  -0.9587764844588094
  -0.9028068736548305
  -0.8891841969434731
  -0.8347481636725469
  -0.803093850679351
  -0.7956344044598836
  -0.786514839864516
  -0.7864866477880389
  -0.755447878770628
  -0.7148057544084345
  -0.6864741725305201
  -0.597044653729025
  -0.33330236475134
  -0.0911836274719527
  -0.08986160572571214
  -0.07654016927406662
  -0.07181312758975891
  -0.06294283936581674
  -0.0561549579309594
  -0.04603691442070204
  -0.03892958843574492
  -0.03766268755115967
  -0.03352591000904203
  -0.026811223887241414
  -0.01969545351696511
  -0.014606969787122906
  -0.009141423975384255
  -0.006156617874847989
   0.013734396654024858
   0.01433672043955117
   0.018358319926591996
   0.022308052643341514
   0.0392707568085183
   0.04053506367281823
   0.044133950568536695
   0.05357729112069559
   0.05820469960773089
   0.05978048420908891
   0.06408929617063006
   0.07038755080460171
   0.07295179943483085
   0.07654364519198623
   0.08699802908840581
   0.10740886210111114
   0.11768733244932131
   0.13370601952254643
   0.14746001616316437
   0.15674901319228704
   0.1636382494915573
   0.16760209165343715
   0.18009477818088238
   0.18315745506292697
   0.2033855120407092
   0.20600338108416305
   0.2115911686417855
   0.22912518252854075
   0.23077027000881062
   0.23884887191061055
   0.24867095448204996
   0.2527908658900382
   0.25410062800635325
   0.26756780571039124
   0.2712355216284337
   0.27591298329719394
   0.2840672394783099
   0.2874321098899003
   0.2973354193513005
   0.30698235961902026
   0.3180124202636524
   0.3322431822342982
   0.3458697619824238
   0.34865523001879867
   0.35304069913549163
   0.3647341766339422
   0.3957781904235321
   0.3979180438809533
   0.4156215574891075
   0.4305104727179967
   0.4507686815618013
   0.4691338475802771
   0.471731789198073
   0.4860010848616211
   0.49367499873014786
   0.5015037310686277
   0.5071918127375109
   0.5267493124944065
   0.5307068055083421
   0.5461217507214118
   0.565831967754137
   0.576505872595068
   0.5774202407400895
   0.5813572099394786
   0.6013659096727212
   0.6096027300497913
   0.6237936720904665
   0.6261291922685734
   0.6295350814547627
   0.6405525086439328
   0.6573227212019033
   0.6779701832223195
   0.6871675593213309
   0.6955117538910492
   0.7145095762264759
   0.7170861254241391
   0.7235044780498473
   0.7362662790950226
   0.7484118980101079
   0.7696821426564667
   0.7792701247680534
   0.7880709653323096
   0.8112783454363823
   0.8218272367308251
   0.8419968388930991
   0.8582766897735211
   0.8775312093373085
   0.8887784972006425
   0.91186229483416
   0.9208352372359593
   0.9253901204853515
   0.9474730486530432
   0.9629579054877513
   0.9757449162051567
   0.983316991181463
   0.9938956723380782
   1.022728066042034
   1.0286360042311338
   1.0462330832316495
   1.0571654262338832
   1.0750978414565087
   1.094773170069844
   1.0976987098029445
   1.1106660259318457
   1.1290264140539656
   1.141747578337574
   1.1505155328359733
   1.1683678466994714
   1.213299100605849
   1.2156592955666357
   1.2686412586309785
   1.2993909156372094
   1.317600594958244
   1.321876761376241
   1.3341669902492947
   1.3695736309955073
   1.3946544054378012
   1.4141381560469608
   1.43310756396048
   1.4621129285448968
   1.4681440734398732
   1.4939558716090708
   1.5319103821063993
   1.5464275475019216
   1.5679823064594527
   1.5923531396243624
   1.6058848868145676
   1.6259646319835315
   1.6390705215212225
   1.6642664988436577
   1.667593242788255
   1.6735507383604944
   1.7009030493933857
   1.7568984858286365
   1.768740964762793
   1.8144985168070669
   1.849991873711396
   1.8649381218390042
   1.8708907172179758
   1.8991186957483812
   1.9214754307503583
   1.945427786474493
   2.010332279226546
   2.033807543345471
   2.068558058476473
   2.1232667813545048
   2.128224246199703
   2.2119831303057764
   2.232029599909975
   2.2570803699291595
   2.286858513048905
   2.348236807476553
   2.37434299674873
   2.4477193661675245
   2.4582634523691786
   2.5215990920252587
   2.578130466527987
   2.5915021955797597
   2.614855037908737
   2.6932752315069743
   2.7094812594761124
   2.7586489347269953
   2.764669892961352
   2.793905082206642
   2.8430295933258423
   2.853458661861202
   2.8849875710395807
   2.885824276609203
   2.920249296301949
   2.942677158520259
   2.963262217617602
   2.9776607766620895
   2.9815259666031695
   3.0028971900154096
   3.0138417008708145
   3.018903418001749
   3.0345068899022345
   3.0643828739023466
   3.0786545332502606
   3.098589475790737
   3.110829009467195
   3.119198508111209
   3.1360074751288303
   3.1582504344532953
   3.195592944687835
   3.216620086740167
   3.220005834191958
   3.2456692192579766
   3.3246880460115342
   3.3646054509798855
   3.3692569334237885
   3.395345592364785
   3.4067802117587473
   3.415889759338159
   3.455629707418204
   3.490481779555978
   3.5211205980768305
   3.5615786911275387
   3.564200895528709
   3.583058159063858
   3.6247244615988805
   3.674086564656515
   3.694745254125362
   3.700116242633687
   3.7161669190077653
   3.7367802926055194
   3.7684754470515394
   3.801979167461622
   3.814824605230227
   3.829974611943198
   3.882227353548579
   3.937836388844339
   3.962981109748133
   3.978712384323307
   4.03064892842459
   4.086743593540589
   4.180761875728088
   4.294474498271936
   4.316016491220194
   4.373386918528653
   4.379757981434493
   4.387037016061029
   4.40162896668039
   4.421565272669162
   4.511131794189879
   4.565087658373487
   4.589612368184777
   4.636861453282421
   4.685265684588462
   4.711528439562922
   4.751146659474671
   4.766653459332921
   4.823191534062172
   4.884117835521952
   4.938571669147431
   4.953693239752613
   5.0594868123046615
   5.070634394202152
   5.125128047644072
   5.167280985064931
   5.201409335783271
   5.26353774865852
   5.2636482541607785
   5.272935782537591
   5.279448524799252
   5.293697732500371
   5.305983404892782
   5.311909874883382
   5.324328909350585
   5.369786629720107
   5.475590031458008
   5.49336917769557
   5.541602776649338
   5.591417207664485
   5.677386104346954
   5.6978750391046145
   5.718703752935195
   5.719607526662316
   5.73666854232831
   5.9006336603160126
   5.917668228510777
   5.986189435985391
   6.025351549880938
   6.10100081905563
   6.1266073454202505
   6.151282970497382
   6.527325136314929
   6.54018187461604
   6.750060302592346
   6.765903029712173
   6.815871048317568
   7.180823902701943
   7.183684425080864
   7.427767346837766
   7.447215415891322
   7.468387614104284
   7.501880544504749
   7.511969295051307
   7.534240016902776
   7.540616279206988
   7.612077649837545
   7.641901134658188
   7.645882980215677
   7.7264125098754945
   7.9506804021020665
   7.961765536073191
   8.379799651411616
   8.496115978055116
   8.563893866060006
   8.575292022031888
   8.658641468176583
   8.706183290385841
   8.73593398211006
   8.748985388114873
   8.813915064764487
   8.834393640387997
   8.905912679467345
   9.000835583883227
   9.056498561039664
   9.24840064086819
   9.368357896060754
   9.469337778668422
   9.515683417854687
   9.531662527103732
   9.589135414916008
   9.73546788623886
   9.758304707498628
   9.850524885083663
   9.875443801619314
  10.131981644039566
  10.25904064912379
  10.456114906512274
  10.484489517200517
  10.591820931469934
  10.622861062242881
  10.758516466733287
  10.883342121201327
  11.166285406314671
  14.750310913889507
  14.758120448254068
  14.855704579263874
  14.85750465903984
  14.865889930551448
  14.879419148513874
  14.973566942812388
  14.978356712934204
  15.0803083894652
  15.087913284430163
  15.205480639688856
  15.208500242182481
  15.606949813774593
  15.627656482332384
  15.848697927180538
  17.09877773843298
  17.103098174818363
  17.115808153752184
  17.117039585973533
  17.17021084505313
  17.183034824747583
  17.337920204477204
  17.374728167225978
  17.43873022119441
  19.60141772260496
  19.622341649398443
  19.89701813218489
  29.975215678693896
  30.000614241987368
  30.123896165188754
  62.57008194340338
  62.57178196542825
  62.57899026979422
 
----------------------------------------
   The SCF calculation has converged!   
----------------------------------------
Total SCF Energy: -347.65212235939464 h
 
                       ========================================                 
                              END RESTRICTED CLOSED-SHELL                       
                                  HARTREE-FOCK ENERGY                           
                       ========================================                 
--------------------------------------------------------------------------------
