--------------------------------------------------------------------------------
                       ========================================                 
                                READING INPUT DATA FILE                         
                       ========================================                 
 
 
Number of worker processes: 1
Number of threads per process: 6
Number of threads in total: 6
 
                       ========================================                 
                                       END INPUT                                
                       ========================================                 
--------------------------------------------------------------------------------
                       ========================================                 
                                GENERATING BASIS SET                            
                       ========================================                 
 
----------------------------------------          
        Basis Set Information...                  
----------------------------------------          
ATOM #1 (C):
S
┌[0m───────────[0m┬[0m─────────────[0m┬[0m─────────────────────────[0m┐[0m
│[0m[1m Primitive [0m│[0m[1m    Exponent [0m│[0m[1m Contraction Coefficient [0m│[0m
├[0m───────────[0m┼[0m─────────────[0m┼[0m─────────────────────────[0m┤[0m
│[0m       1.0 [0m│[0m 4563.240000 [0m│[0m                0.001967 [0m│[0m
│[0m       2.0 [0m│[0m  682.024000 [0m│[0m                0.015231 [0m│[0m
│[0m       3.0 [0m│[0m  154.973000 [0m│[0m                0.076127 [0m│[0m
│[0m       4.0 [0m│[0m   44.455300 [0m│[0m                0.260801 [0m│[0m
│[0m       5.0 [0m│[0m   13.029000 [0m│[0m                0.616462 [0m│[0m
│[0m       6.0 [0m│[0m    1.827730 [0m│[0m                0.221006 [0m│[0m
└[0m───────────[0m┴[0m─────────────[0m┴[0m─────────────────────────[0m┘[0m
 
L (s)
┌[0m───────────[0m┬[0m───────────[0m┬[0m─────────────────────────[0m┐[0m
│[0m[1m Primitive [0m│[0m[1m  Exponent [0m│[0m[1m Contraction Coefficient [0m│[0m
├[0m───────────[0m┼[0m───────────[0m┼[0m─────────────────────────[0m┤[0m
│[0m       1.0 [0m│[0m 20.964200 [0m│[0m                0.114660 [0m│[0m
│[0m       2.0 [0m│[0m  4.803310 [0m│[0m                0.919999 [0m│[0m
│[0m       3.0 [0m│[0m  1.459330 [0m│[0m               -0.003031 [0m│[0m
└[0m───────────[0m┴[0m───────────[0m┴[0m─────────────────────────[0m┘[0m
L (p)
┌[0m───────────[0m┬[0m───────────[0m┬[0m─────────────────────────[0m┐[0m
│[0m[1m Primitive [0m│[0m[1m  Exponent [0m│[0m[1m Contraction Coefficient [0m│[0m
├[0m───────────[0m┼[0m───────────[0m┼[0m─────────────────────────[0m┤[0m
│[0m       1.0 [0m│[0m 20.964200 [0m│[0m                0.040249 [0m│[0m
│[0m       2.0 [0m│[0m  4.803310 [0m│[0m                0.237594 [0m│[0m
│[0m       3.0 [0m│[0m  1.459330 [0m│[0m                0.815854 [0m│[0m
└[0m───────────[0m┴[0m───────────[0m┴[0m─────────────────────────[0m┘[0m
 
L (s)
┌[0m───────────[0m┬[0m──────────[0m┬[0m─────────────────────────[0m┐[0m
│[0m[1m Primitive [0m│[0m[1m Exponent [0m│[0m[1m Contraction Coefficient [0m│[0m
├[0m───────────[0m┼[0m──────────[0m┼[0m─────────────────────────[0m┤[0m
│[0m       1.0 [0m│[0m 0.483456 [0m│[0m                1.000000 [0m│[0m
└[0m───────────[0m┴[0m──────────[0m┴[0m─────────────────────────[0m┘[0m
L (p)
┌[0m───────────[0m┬[0m──────────[0m┬[0m─────────────────────────[0m┐[0m
│[0m[1m Primitive [0m│[0m[1m Exponent [0m│[0m[1m Contraction Coefficient [0m│[0m
├[0m───────────[0m┼[0m──────────[0m┼[0m─────────────────────────[0m┤[0m
│[0m       1.0 [0m│[0m 0.483456 [0m│[0m                1.000000 [0m│[0m
└[0m───────────[0m┴[0m──────────[0m┴[0m─────────────────────────[0m┘[0m
 
L (s)
┌[0m───────────[0m┬[0m──────────[0m┬[0m─────────────────────────[0m┐[0m
│[0m[1m Primitive [0m│[0m[1m Exponent [0m│[0m[1m Contraction Coefficient [0m│[0m
├[0m───────────[0m┼[0m──────────[0m┼[0m─────────────────────────[0m┤[0m
│[0m       1.0 [0m│[0m 0.145585 [0m│[0m                1.000000 [0m│[0m
└[0m───────────[0m┴[0m──────────[0m┴[0m─────────────────────────[0m┘[0m
L (p)
┌[0m───────────[0m┬[0m──────────[0m┬[0m─────────────────────────[0m┐[0m
│[0m[1m Primitive [0m│[0m[1m Exponent [0m│[0m[1m Contraction Coefficient [0m│[0m
├[0m───────────[0m┼[0m──────────[0m┼[0m─────────────────────────[0m┤[0m
│[0m       1.0 [0m│[0m 0.145585 [0m│[0m                1.000000 [0m│[0m
└[0m───────────[0m┴[0m──────────[0m┴[0m─────────────────────────[0m┘[0m
 
D
┌[0m───────────[0m┬[0m──────────[0m┬[0m─────────────────────────[0m┐[0m
│[0m[1m Primitive [0m│[0m[1m Exponent [0m│[0m[1m Contraction Coefficient [0m│[0m
├[0m───────────[0m┼[0m──────────[0m┼[0m─────────────────────────[0m┤[0m
│[0m       1.0 [0m│[0m 2.504000 [0m│[0m                1.000000 [0m│[0m
└[0m───────────[0m┴[0m──────────[0m┴[0m─────────────────────────[0m┘[0m
 
D
┌[0m───────────[0m┬[0m──────────[0m┬[0m─────────────────────────[0m┐[0m
│[0m[1m Primitive [0m│[0m[1m Exponent [0m│[0m[1m Contraction Coefficient [0m│[0m
├[0m───────────[0m┼[0m──────────[0m┼[0m─────────────────────────[0m┤[0m
│[0m       1.0 [0m│[0m 0.626000 [0m│[0m                1.000000 [0m│[0m
└[0m───────────[0m┴[0m──────────[0m┴[0m─────────────────────────[0m┘[0m
 
D
┌[0m───────────[0m┬[0m──────────[0m┬[0m─────────────────────────[0m┐[0m
│[0m[1m Primitive [0m│[0m[1m Exponent [0m│[0m[1m Contraction Coefficient [0m│[0m
├[0m───────────[0m┼[0m──────────[0m┼[0m─────────────────────────[0m┤[0m
│[0m       1.0 [0m│[0m 0.156500 [0m│[0m                1.000000 [0m│[0m
└[0m───────────[0m┴[0m──────────[0m┴[0m─────────────────────────[0m┘[0m
 
F
┌[0m───────────[0m┬[0m──────────[0m┬[0m─────────────────────────[0m┐[0m
│[0m[1m Primitive [0m│[0m[1m Exponent [0m│[0m[1m Contraction Coefficient [0m│[0m
├[0m───────────[0m┼[0m──────────[0m┼[0m─────────────────────────[0m┤[0m
│[0m       1.0 [0m│[0m 0.800000 [0m│[0m                1.000000 [0m│[0m
└[0m───────────[0m┴[0m──────────[0m┴[0m─────────────────────────[0m┘[0m
 
L (s)
┌[0m───────────[0m┬[0m──────────[0m┬[0m─────────────────────────[0m┐[0m
│[0m[1m Primitive [0m│[0m[1m Exponent [0m│[0m[1m Contraction Coefficient [0m│[0m
├[0m───────────[0m┼[0m──────────[0m┼[0m─────────────────────────[0m┤[0m
│[0m       1.0 [0m│[0m 0.043800 [0m│[0m                1.000000 [0m│[0m
└[0m───────────[0m┴[0m──────────[0m┴[0m─────────────────────────[0m┘[0m
L (p)
┌[0m───────────[0m┬[0m──────────[0m┬[0m─────────────────────────[0m┐[0m
│[0m[1m Primitive [0m│[0m[1m Exponent [0m│[0m[1m Contraction Coefficient [0m│[0m
├[0m───────────[0m┼[0m──────────[0m┼[0m─────────────────────────[0m┤[0m
│[0m       1.0 [0m│[0m 0.043800 [0m│[0m                1.000000 [0m│[0m
└[0m───────────[0m┴[0m──────────[0m┴[0m─────────────────────────[0m┘[0m
 
 
 
ATOM #2 (C):
S
┌[0m───────────[0m┬[0m─────────────[0m┬[0m─────────────────────────[0m┐[0m
│[0m[1m Primitive [0m│[0m[1m    Exponent [0m│[0m[1m Contraction Coefficient [0m│[0m
├[0m───────────[0m┼[0m─────────────[0m┼[0m─────────────────────────[0m┤[0m
│[0m       1.0 [0m│[0m 4563.240000 [0m│[0m                0.001967 [0m│[0m
│[0m       2.0 [0m│[0m  682.024000 [0m│[0m                0.015231 [0m│[0m
│[0m       3.0 [0m│[0m  154.973000 [0m│[0m                0.076127 [0m│[0m
│[0m       4.0 [0m│[0m   44.455300 [0m│[0m                0.260801 [0m│[0m
│[0m       5.0 [0m│[0m   13.029000 [0m│[0m                0.616462 [0m│[0m
│[0m       6.0 [0m│[0m    1.827730 [0m│[0m                0.221006 [0m│[0m
└[0m───────────[0m┴[0m─────────────[0m┴[0m─────────────────────────[0m┘[0m
 
L (s)
┌[0m───────────[0m┬[0m───────────[0m┬[0m─────────────────────────[0m┐[0m
│[0m[1m Primitive [0m│[0m[1m  Exponent [0m│[0m[1m Contraction Coefficient [0m│[0m
├[0m───────────[0m┼[0m───────────[0m┼[0m─────────────────────────[0m┤[0m
│[0m       1.0 [0m│[0m 20.964200 [0m│[0m                0.114660 [0m│[0m
│[0m       2.0 [0m│[0m  4.803310 [0m│[0m                0.919999 [0m│[0m
│[0m       3.0 [0m│[0m  1.459330 [0m│[0m               -0.003031 [0m│[0m
└[0m───────────[0m┴[0m───────────[0m┴[0m─────────────────────────[0m┘[0m
L (p)
┌[0m───────────[0m┬[0m───────────[0m┬[0m─────────────────────────[0m┐[0m
│[0m[1m Primitive [0m│[0m[1m  Exponent [0m│[0m[1m Contraction Coefficient [0m│[0m
├[0m───────────[0m┼[0m───────────[0m┼[0m─────────────────────────[0m┤[0m
│[0m       1.0 [0m│[0m 20.964200 [0m│[0m                0.040249 [0m│[0m
│[0m       2.0 [0m│[0m  4.803310 [0m│[0m                0.237594 [0m│[0m
│[0m       3.0 [0m│[0m  1.459330 [0m│[0m                0.815854 [0m│[0m
└[0m───────────[0m┴[0m───────────[0m┴[0m─────────────────────────[0m┘[0m
 
L (s)
┌[0m───────────[0m┬[0m──────────[0m┬[0m─────────────────────────[0m┐[0m
│[0m[1m Primitive [0m│[0m[1m Exponent [0m│[0m[1m Contraction Coefficient [0m│[0m
├[0m───────────[0m┼[0m──────────[0m┼[0m─────────────────────────[0m┤[0m
│[0m       1.0 [0m│[0m 0.483456 [0m│[0m                1.000000 [0m│[0m
└[0m───────────[0m┴[0m──────────[0m┴[0m─────────────────────────[0m┘[0m
L (p)
┌[0m───────────[0m┬[0m──────────[0m┬[0m─────────────────────────[0m┐[0m
│[0m[1m Primitive [0m│[0m[1m Exponent [0m│[0m[1m Contraction Coefficient [0m│[0m
├[0m───────────[0m┼[0m──────────[0m┼[0m─────────────────────────[0m┤[0m
│[0m       1.0 [0m│[0m 0.483456 [0m│[0m                1.000000 [0m│[0m
└[0m───────────[0m┴[0m──────────[0m┴[0m─────────────────────────[0m┘[0m
 
L (s)
┌[0m───────────[0m┬[0m──────────[0m┬[0m─────────────────────────[0m┐[0m
│[0m[1m Primitive [0m│[0m[1m Exponent [0m│[0m[1m Contraction Coefficient [0m│[0m
├[0m───────────[0m┼[0m──────────[0m┼[0m─────────────────────────[0m┤[0m
│[0m       1.0 [0m│[0m 0.145585 [0m│[0m                1.000000 [0m│[0m
└[0m───────────[0m┴[0m──────────[0m┴[0m─────────────────────────[0m┘[0m
L (p)
┌[0m───────────[0m┬[0m──────────[0m┬[0m─────────────────────────[0m┐[0m
│[0m[1m Primitive [0m│[0m[1m Exponent [0m│[0m[1m Contraction Coefficient [0m│[0m
├[0m───────────[0m┼[0m──────────[0m┼[0m─────────────────────────[0m┤[0m
│[0m       1.0 [0m│[0m 0.145585 [0m│[0m                1.000000 [0m│[0m
└[0m───────────[0m┴[0m──────────[0m┴[0m─────────────────────────[0m┘[0m
 
D
┌[0m───────────[0m┬[0m──────────[0m┬[0m─────────────────────────[0m┐[0m
│[0m[1m Primitive [0m│[0m[1m Exponent [0m│[0m[1m Contraction Coefficient [0m│[0m
├[0m───────────[0m┼[0m──────────[0m┼[0m─────────────────────────[0m┤[0m
│[0m       1.0 [0m│[0m 2.504000 [0m│[0m                1.000000 [0m│[0m
└[0m───────────[0m┴[0m──────────[0m┴[0m─────────────────────────[0m┘[0m
 
D
┌[0m───────────[0m┬[0m──────────[0m┬[0m─────────────────────────[0m┐[0m
│[0m[1m Primitive [0m│[0m[1m Exponent [0m│[0m[1m Contraction Coefficient [0m│[0m
├[0m───────────[0m┼[0m──────────[0m┼[0m─────────────────────────[0m┤[0m
│[0m       1.0 [0m│[0m 0.626000 [0m│[0m                1.000000 [0m│[0m
└[0m───────────[0m┴[0m──────────[0m┴[0m─────────────────────────[0m┘[0m
 
D
┌[0m───────────[0m┬[0m──────────[0m┬[0m─────────────────────────[0m┐[0m
│[0m[1m Primitive [0m│[0m[1m Exponent [0m│[0m[1m Contraction Coefficient [0m│[0m
├[0m───────────[0m┼[0m──────────[0m┼[0m─────────────────────────[0m┤[0m
│[0m       1.0 [0m│[0m 0.156500 [0m│[0m                1.000000 [0m│[0m
└[0m───────────[0m┴[0m──────────[0m┴[0m─────────────────────────[0m┘[0m
 
F
┌[0m───────────[0m┬[0m──────────[0m┬[0m─────────────────────────[0m┐[0m
│[0m[1m Primitive [0m│[0m[1m Exponent [0m│[0m[1m Contraction Coefficient [0m│[0m
├[0m───────────[0m┼[0m──────────[0m┼[0m─────────────────────────[0m┤[0m
│[0m       1.0 [0m│[0m 0.800000 [0m│[0m                1.000000 [0m│[0m
└[0m───────────[0m┴[0m──────────[0m┴[0m─────────────────────────[0m┘[0m
 
L (s)
┌[0m───────────[0m┬[0m──────────[0m┬[0m─────────────────────────[0m┐[0m
│[0m[1m Primitive [0m│[0m[1m Exponent [0m│[0m[1m Contraction Coefficient [0m│[0m
├[0m───────────[0m┼[0m──────────[0m┼[0m─────────────────────────[0m┤[0m
│[0m       1.0 [0m│[0m 0.043800 [0m│[0m                1.000000 [0m│[0m
└[0m───────────[0m┴[0m──────────[0m┴[0m─────────────────────────[0m┘[0m
L (p)
┌[0m───────────[0m┬[0m──────────[0m┬[0m─────────────────────────[0m┐[0m
│[0m[1m Primitive [0m│[0m[1m Exponent [0m│[0m[1m Contraction Coefficient [0m│[0m
├[0m───────────[0m┼[0m──────────[0m┼[0m─────────────────────────[0m┤[0m
│[0m       1.0 [0m│[0m 0.043800 [0m│[0m                1.000000 [0m│[0m
└[0m───────────[0m┴[0m──────────[0m┴[0m─────────────────────────[0m┘[0m
 
 
 
ATOM #3 (C):
S
┌[0m───────────[0m┬[0m─────────────[0m┬[0m─────────────────────────[0m┐[0m
│[0m[1m Primitive [0m│[0m[1m    Exponent [0m│[0m[1m Contraction Coefficient [0m│[0m
├[0m───────────[0m┼[0m─────────────[0m┼[0m─────────────────────────[0m┤[0m
│[0m       1.0 [0m│[0m 4563.240000 [0m│[0m                0.001967 [0m│[0m
│[0m       2.0 [0m│[0m  682.024000 [0m│[0m                0.015231 [0m│[0m
│[0m       3.0 [0m│[0m  154.973000 [0m│[0m                0.076127 [0m│[0m
│[0m       4.0 [0m│[0m   44.455300 [0m│[0m                0.260801 [0m│[0m
│[0m       5.0 [0m│[0m   13.029000 [0m│[0m                0.616462 [0m│[0m
│[0m       6.0 [0m│[0m    1.827730 [0m│[0m                0.221006 [0m│[0m
└[0m───────────[0m┴[0m─────────────[0m┴[0m─────────────────────────[0m┘[0m
 
L (s)
┌[0m───────────[0m┬[0m───────────[0m┬[0m─────────────────────────[0m┐[0m
│[0m[1m Primitive [0m│[0m[1m  Exponent [0m│[0m[1m Contraction Coefficient [0m│[0m
├[0m───────────[0m┼[0m───────────[0m┼[0m─────────────────────────[0m┤[0m
│[0m       1.0 [0m│[0m 20.964200 [0m│[0m                0.114660 [0m│[0m
│[0m       2.0 [0m│[0m  4.803310 [0m│[0m                0.919999 [0m│[0m
│[0m       3.0 [0m│[0m  1.459330 [0m│[0m               -0.003031 [0m│[0m
└[0m───────────[0m┴[0m───────────[0m┴[0m─────────────────────────[0m┘[0m
L (p)
┌[0m───────────[0m┬[0m───────────[0m┬[0m─────────────────────────[0m┐[0m
│[0m[1m Primitive [0m│[0m[1m  Exponent [0m│[0m[1m Contraction Coefficient [0m│[0m
├[0m───────────[0m┼[0m───────────[0m┼[0m─────────────────────────[0m┤[0m
│[0m       1.0 [0m│[0m 20.964200 [0m│[0m                0.040249 [0m│[0m
│[0m       2.0 [0m│[0m  4.803310 [0m│[0m                0.237594 [0m│[0m
│[0m       3.0 [0m│[0m  1.459330 [0m│[0m                0.815854 [0m│[0m
└[0m───────────[0m┴[0m───────────[0m┴[0m─────────────────────────[0m┘[0m
 
L (s)
┌[0m───────────[0m┬[0m──────────[0m┬[0m─────────────────────────[0m┐[0m
│[0m[1m Primitive [0m│[0m[1m Exponent [0m│[0m[1m Contraction Coefficient [0m│[0m
├[0m───────────[0m┼[0m──────────[0m┼[0m─────────────────────────[0m┤[0m
│[0m       1.0 [0m│[0m 0.483456 [0m│[0m                1.000000 [0m│[0m
└[0m───────────[0m┴[0m──────────[0m┴[0m─────────────────────────[0m┘[0m
L (p)
┌[0m───────────[0m┬[0m──────────[0m┬[0m─────────────────────────[0m┐[0m
│[0m[1m Primitive [0m│[0m[1m Exponent [0m│[0m[1m Contraction Coefficient [0m│[0m
├[0m───────────[0m┼[0m──────────[0m┼[0m─────────────────────────[0m┤[0m
│[0m       1.0 [0m│[0m 0.483456 [0m│[0m                1.000000 [0m│[0m
└[0m───────────[0m┴[0m──────────[0m┴[0m─────────────────────────[0m┘[0m
 
L (s)
┌[0m───────────[0m┬[0m──────────[0m┬[0m─────────────────────────[0m┐[0m
│[0m[1m Primitive [0m│[0m[1m Exponent [0m│[0m[1m Contraction Coefficient [0m│[0m
├[0m───────────[0m┼[0m──────────[0m┼[0m─────────────────────────[0m┤[0m
│[0m       1.0 [0m│[0m 0.145585 [0m│[0m                1.000000 [0m│[0m
└[0m───────────[0m┴[0m──────────[0m┴[0m─────────────────────────[0m┘[0m
L (p)
┌[0m───────────[0m┬[0m──────────[0m┬[0m─────────────────────────[0m┐[0m
│[0m[1m Primitive [0m│[0m[1m Exponent [0m│[0m[1m Contraction Coefficient [0m│[0m
├[0m───────────[0m┼[0m──────────[0m┼[0m─────────────────────────[0m┤[0m
│[0m       1.0 [0m│[0m 0.145585 [0m│[0m                1.000000 [0m│[0m
└[0m───────────[0m┴[0m──────────[0m┴[0m─────────────────────────[0m┘[0m
 
D
┌[0m───────────[0m┬[0m──────────[0m┬[0m─────────────────────────[0m┐[0m
│[0m[1m Primitive [0m│[0m[1m Exponent [0m│[0m[1m Contraction Coefficient [0m│[0m
├[0m───────────[0m┼[0m──────────[0m┼[0m─────────────────────────[0m┤[0m
│[0m       1.0 [0m│[0m 2.504000 [0m│[0m                1.000000 [0m│[0m
└[0m───────────[0m┴[0m──────────[0m┴[0m─────────────────────────[0m┘[0m
 
D
┌[0m───────────[0m┬[0m──────────[0m┬[0m─────────────────────────[0m┐[0m
│[0m[1m Primitive [0m│[0m[1m Exponent [0m│[0m[1m Contraction Coefficient [0m│[0m
├[0m───────────[0m┼[0m──────────[0m┼[0m─────────────────────────[0m┤[0m
│[0m       1.0 [0m│[0m 0.626000 [0m│[0m                1.000000 [0m│[0m
└[0m───────────[0m┴[0m──────────[0m┴[0m─────────────────────────[0m┘[0m
 
D
┌[0m───────────[0m┬[0m──────────[0m┬[0m─────────────────────────[0m┐[0m
│[0m[1m Primitive [0m│[0m[1m Exponent [0m│[0m[1m Contraction Coefficient [0m│[0m
├[0m───────────[0m┼[0m──────────[0m┼[0m─────────────────────────[0m┤[0m
│[0m       1.0 [0m│[0m 0.156500 [0m│[0m                1.000000 [0m│[0m
└[0m───────────[0m┴[0m──────────[0m┴[0m─────────────────────────[0m┘[0m
 
F
┌[0m───────────[0m┬[0m──────────[0m┬[0m─────────────────────────[0m┐[0m
│[0m[1m Primitive [0m│[0m[1m Exponent [0m│[0m[1m Contraction Coefficient [0m│[0m
├[0m───────────[0m┼[0m──────────[0m┼[0m─────────────────────────[0m┤[0m
│[0m       1.0 [0m│[0m 0.800000 [0m│[0m                1.000000 [0m│[0m
└[0m───────────[0m┴[0m──────────[0m┴[0m─────────────────────────[0m┘[0m
 
L (s)
┌[0m───────────[0m┬[0m──────────[0m┬[0m─────────────────────────[0m┐[0m
│[0m[1m Primitive [0m│[0m[1m Exponent [0m│[0m[1m Contraction Coefficient [0m│[0m
├[0m───────────[0m┼[0m──────────[0m┼[0m─────────────────────────[0m┤[0m
│[0m       1.0 [0m│[0m 0.043800 [0m│[0m                1.000000 [0m│[0m
└[0m───────────[0m┴[0m──────────[0m┴[0m─────────────────────────[0m┘[0m
L (p)
┌[0m───────────[0m┬[0m──────────[0m┬[0m─────────────────────────[0m┐[0m
│[0m[1m Primitive [0m│[0m[1m Exponent [0m│[0m[1m Contraction Coefficient [0m│[0m
├[0m───────────[0m┼[0m──────────[0m┼[0m─────────────────────────[0m┤[0m
│[0m       1.0 [0m│[0m 0.043800 [0m│[0m                1.000000 [0m│[0m
└[0m───────────[0m┴[0m──────────[0m┴[0m─────────────────────────[0m┘[0m
 
 
 
ATOM #4 (O):
S
┌[0m───────────[0m┬[0m─────────────[0m┬[0m─────────────────────────[0m┐[0m
│[0m[1m Primitive [0m│[0m[1m    Exponent [0m│[0m[1m Contraction Coefficient [0m│[0m
├[0m───────────[0m┼[0m─────────────[0m┼[0m─────────────────────────[0m┤[0m
│[0m       1.0 [0m│[0m 8588.500000 [0m│[0m                0.001895 [0m│[0m
│[0m       2.0 [0m│[0m 1297.230000 [0m│[0m                0.014386 [0m│[0m
│[0m       3.0 [0m│[0m  299.296000 [0m│[0m                0.070732 [0m│[0m
│[0m       4.0 [0m│[0m   87.377100 [0m│[0m                0.240001 [0m│[0m
│[0m       5.0 [0m│[0m   25.678900 [0m│[0m                0.594797 [0m│[0m
│[0m       6.0 [0m│[0m    3.740040 [0m│[0m                0.280802 [0m│[0m
└[0m───────────[0m┴[0m─────────────[0m┴[0m─────────────────────────[0m┘[0m
 
L (s)
┌[0m───────────[0m┬[0m───────────[0m┬[0m─────────────────────────[0m┐[0m
│[0m[1m Primitive [0m│[0m[1m  Exponent [0m│[0m[1m Contraction Coefficient [0m│[0m
├[0m───────────[0m┼[0m───────────[0m┼[0m─────────────────────────[0m┤[0m
│[0m       1.0 [0m│[0m 42.117500 [0m│[0m                0.113889 [0m│[0m
│[0m       2.0 [0m│[0m  9.628370 [0m│[0m                0.920811 [0m│[0m
│[0m       3.0 [0m│[0m  2.853320 [0m│[0m               -0.003274 [0m│[0m
└[0m───────────[0m┴[0m───────────[0m┴[0m─────────────────────────[0m┘[0m
L (p)
┌[0m───────────[0m┬[0m───────────[0m┬[0m─────────────────────────[0m┐[0m
│[0m[1m Primitive [0m│[0m[1m  Exponent [0m│[0m[1m Contraction Coefficient [0m│[0m
├[0m───────────[0m┼[0m───────────[0m┼[0m─────────────────────────[0m┤[0m
│[0m       1.0 [0m│[0m 42.117500 [0m│[0m                0.036511 [0m│[0m
│[0m       2.0 [0m│[0m  9.628370 [0m│[0m                0.237153 [0m│[0m
│[0m       3.0 [0m│[0m  2.853320 [0m│[0m                0.819702 [0m│[0m
└[0m───────────[0m┴[0m───────────[0m┴[0m─────────────────────────[0m┘[0m
 
L (s)
┌[0m───────────[0m┬[0m──────────[0m┬[0m─────────────────────────[0m┐[0m
│[0m[1m Primitive [0m│[0m[1m Exponent [0m│[0m[1m Contraction Coefficient [0m│[0m
├[0m───────────[0m┼[0m──────────[0m┼[0m─────────────────────────[0m┤[0m
│[0m       1.0 [0m│[0m 0.905661 [0m│[0m                1.000000 [0m│[0m
└[0m───────────[0m┴[0m──────────[0m┴[0m─────────────────────────[0m┘[0m
L (p)
┌[0m───────────[0m┬[0m──────────[0m┬[0m─────────────────────────[0m┐[0m
│[0m[1m Primitive [0m│[0m[1m Exponent [0m│[0m[1m Contraction Coefficient [0m│[0m
├[0m───────────[0m┼[0m──────────[0m┼[0m─────────────────────────[0m┤[0m
│[0m       1.0 [0m│[0m 0.905661 [0m│[0m                1.000000 [0m│[0m
└[0m───────────[0m┴[0m──────────[0m┴[0m─────────────────────────[0m┘[0m
 
L (s)
┌[0m───────────[0m┬[0m──────────[0m┬[0m─────────────────────────[0m┐[0m
│[0m[1m Primitive [0m│[0m[1m Exponent [0m│[0m[1m Contraction Coefficient [0m│[0m
├[0m───────────[0m┼[0m──────────[0m┼[0m─────────────────────────[0m┤[0m
│[0m       1.0 [0m│[0m 0.255611 [0m│[0m                1.000000 [0m│[0m
└[0m───────────[0m┴[0m──────────[0m┴[0m─────────────────────────[0m┘[0m
L (p)
┌[0m───────────[0m┬[0m──────────[0m┬[0m─────────────────────────[0m┐[0m
│[0m[1m Primitive [0m│[0m[1m Exponent [0m│[0m[1m Contraction Coefficient [0m│[0m
├[0m───────────[0m┼[0m──────────[0m┼[0m─────────────────────────[0m┤[0m
│[0m       1.0 [0m│[0m 0.255611 [0m│[0m                1.000000 [0m│[0m
└[0m───────────[0m┴[0m──────────[0m┴[0m─────────────────────────[0m┘[0m
 
D
┌[0m───────────[0m┬[0m──────────[0m┬[0m─────────────────────────[0m┐[0m
│[0m[1m Primitive [0m│[0m[1m Exponent [0m│[0m[1m Contraction Coefficient [0m│[0m
├[0m───────────[0m┼[0m──────────[0m┼[0m─────────────────────────[0m┤[0m
│[0m       1.0 [0m│[0m 5.160000 [0m│[0m                1.000000 [0m│[0m
└[0m───────────[0m┴[0m──────────[0m┴[0m─────────────────────────[0m┘[0m
 
D
┌[0m───────────[0m┬[0m──────────[0m┬[0m─────────────────────────[0m┐[0m
│[0m[1m Primitive [0m│[0m[1m Exponent [0m│[0m[1m Contraction Coefficient [0m│[0m
├[0m───────────[0m┼[0m──────────[0m┼[0m─────────────────────────[0m┤[0m
│[0m       1.0 [0m│[0m 1.292000 [0m│[0m                1.000000 [0m│[0m
└[0m───────────[0m┴[0m──────────[0m┴[0m─────────────────────────[0m┘[0m
 
D
┌[0m───────────[0m┬[0m──────────[0m┬[0m─────────────────────────[0m┐[0m
│[0m[1m Primitive [0m│[0m[1m Exponent [0m│[0m[1m Contraction Coefficient [0m│[0m
├[0m───────────[0m┼[0m──────────[0m┼[0m─────────────────────────[0m┤[0m
│[0m       1.0 [0m│[0m 0.322500 [0m│[0m                1.000000 [0m│[0m
└[0m───────────[0m┴[0m──────────[0m┴[0m─────────────────────────[0m┘[0m
 
F
┌[0m───────────[0m┬[0m──────────[0m┬[0m─────────────────────────[0m┐[0m
│[0m[1m Primitive [0m│[0m[1m Exponent [0m│[0m[1m Contraction Coefficient [0m│[0m
├[0m───────────[0m┼[0m──────────[0m┼[0m─────────────────────────[0m┤[0m
│[0m       1.0 [0m│[0m 1.400000 [0m│[0m                1.000000 [0m│[0m
└[0m───────────[0m┴[0m──────────[0m┴[0m─────────────────────────[0m┘[0m
 
L (s)
┌[0m───────────[0m┬[0m──────────[0m┬[0m─────────────────────────[0m┐[0m
│[0m[1m Primitive [0m│[0m[1m Exponent [0m│[0m[1m Contraction Coefficient [0m│[0m
├[0m───────────[0m┼[0m──────────[0m┼[0m─────────────────────────[0m┤[0m
│[0m       1.0 [0m│[0m 0.084500 [0m│[0m                1.000000 [0m│[0m
└[0m───────────[0m┴[0m──────────[0m┴[0m─────────────────────────[0m┘[0m
L (p)
┌[0m───────────[0m┬[0m──────────[0m┬[0m─────────────────────────[0m┐[0m
│[0m[1m Primitive [0m│[0m[1m Exponent [0m│[0m[1m Contraction Coefficient [0m│[0m
├[0m───────────[0m┼[0m──────────[0m┼[0m─────────────────────────[0m┤[0m
│[0m       1.0 [0m│[0m 0.084500 [0m│[0m                1.000000 [0m│[0m
└[0m───────────[0m┴[0m──────────[0m┴[0m─────────────────────────[0m┘[0m
 
 
 
ATOM #5 (O):
S
┌[0m───────────[0m┬[0m─────────────[0m┬[0m─────────────────────────[0m┐[0m
│[0m[1m Primitive [0m│[0m[1m    Exponent [0m│[0m[1m Contraction Coefficient [0m│[0m
├[0m───────────[0m┼[0m─────────────[0m┼[0m─────────────────────────[0m┤[0m
│[0m       1.0 [0m│[0m 8588.500000 [0m│[0m                0.001895 [0m│[0m
│[0m       2.0 [0m│[0m 1297.230000 [0m│[0m                0.014386 [0m│[0m
│[0m       3.0 [0m│[0m  299.296000 [0m│[0m                0.070732 [0m│[0m
│[0m       4.0 [0m│[0m   87.377100 [0m│[0m                0.240001 [0m│[0m
│[0m       5.0 [0m│[0m   25.678900 [0m│[0m                0.594797 [0m│[0m
│[0m       6.0 [0m│[0m    3.740040 [0m│[0m                0.280802 [0m│[0m
└[0m───────────[0m┴[0m─────────────[0m┴[0m─────────────────────────[0m┘[0m
 
L (s)
┌[0m───────────[0m┬[0m───────────[0m┬[0m─────────────────────────[0m┐[0m
│[0m[1m Primitive [0m│[0m[1m  Exponent [0m│[0m[1m Contraction Coefficient [0m│[0m
├[0m───────────[0m┼[0m───────────[0m┼[0m─────────────────────────[0m┤[0m
│[0m       1.0 [0m│[0m 42.117500 [0m│[0m                0.113889 [0m│[0m
│[0m       2.0 [0m│[0m  9.628370 [0m│[0m                0.920811 [0m│[0m
│[0m       3.0 [0m│[0m  2.853320 [0m│[0m               -0.003274 [0m│[0m
└[0m───────────[0m┴[0m───────────[0m┴[0m─────────────────────────[0m┘[0m
L (p)
┌[0m───────────[0m┬[0m───────────[0m┬[0m─────────────────────────[0m┐[0m
│[0m[1m Primitive [0m│[0m[1m  Exponent [0m│[0m[1m Contraction Coefficient [0m│[0m
├[0m───────────[0m┼[0m───────────[0m┼[0m─────────────────────────[0m┤[0m
│[0m       1.0 [0m│[0m 42.117500 [0m│[0m                0.036511 [0m│[0m
│[0m       2.0 [0m│[0m  9.628370 [0m│[0m                0.237153 [0m│[0m
│[0m       3.0 [0m│[0m  2.853320 [0m│[0m                0.819702 [0m│[0m
└[0m───────────[0m┴[0m───────────[0m┴[0m─────────────────────────[0m┘[0m
 
L (s)
┌[0m───────────[0m┬[0m──────────[0m┬[0m─────────────────────────[0m┐[0m
│[0m[1m Primitive [0m│[0m[1m Exponent [0m│[0m[1m Contraction Coefficient [0m│[0m
├[0m───────────[0m┼[0m──────────[0m┼[0m─────────────────────────[0m┤[0m
│[0m       1.0 [0m│[0m 0.905661 [0m│[0m                1.000000 [0m│[0m
└[0m───────────[0m┴[0m──────────[0m┴[0m─────────────────────────[0m┘[0m
L (p)
┌[0m───────────[0m┬[0m──────────[0m┬[0m─────────────────────────[0m┐[0m
│[0m[1m Primitive [0m│[0m[1m Exponent [0m│[0m[1m Contraction Coefficient [0m│[0m
├[0m───────────[0m┼[0m──────────[0m┼[0m─────────────────────────[0m┤[0m
│[0m       1.0 [0m│[0m 0.905661 [0m│[0m                1.000000 [0m│[0m
└[0m───────────[0m┴[0m──────────[0m┴[0m─────────────────────────[0m┘[0m
 
L (s)
┌[0m───────────[0m┬[0m──────────[0m┬[0m─────────────────────────[0m┐[0m
│[0m[1m Primitive [0m│[0m[1m Exponent [0m│[0m[1m Contraction Coefficient [0m│[0m
├[0m───────────[0m┼[0m──────────[0m┼[0m─────────────────────────[0m┤[0m
│[0m       1.0 [0m│[0m 0.255611 [0m│[0m                1.000000 [0m│[0m
└[0m───────────[0m┴[0m──────────[0m┴[0m─────────────────────────[0m┘[0m
L (p)
┌[0m───────────[0m┬[0m──────────[0m┬[0m─────────────────────────[0m┐[0m
│[0m[1m Primitive [0m│[0m[1m Exponent [0m│[0m[1m Contraction Coefficient [0m│[0m
├[0m───────────[0m┼[0m──────────[0m┼[0m─────────────────────────[0m┤[0m
│[0m       1.0 [0m│[0m 0.255611 [0m│[0m                1.000000 [0m│[0m
└[0m───────────[0m┴[0m──────────[0m┴[0m─────────────────────────[0m┘[0m
 
D
┌[0m───────────[0m┬[0m──────────[0m┬[0m─────────────────────────[0m┐[0m
│[0m[1m Primitive [0m│[0m[1m Exponent [0m│[0m[1m Contraction Coefficient [0m│[0m
├[0m───────────[0m┼[0m──────────[0m┼[0m─────────────────────────[0m┤[0m
│[0m       1.0 [0m│[0m 5.160000 [0m│[0m                1.000000 [0m│[0m
└[0m───────────[0m┴[0m──────────[0m┴[0m─────────────────────────[0m┘[0m
 
D
┌[0m───────────[0m┬[0m──────────[0m┬[0m─────────────────────────[0m┐[0m
│[0m[1m Primitive [0m│[0m[1m Exponent [0m│[0m[1m Contraction Coefficient [0m│[0m
├[0m───────────[0m┼[0m──────────[0m┼[0m─────────────────────────[0m┤[0m
│[0m       1.0 [0m│[0m 1.292000 [0m│[0m                1.000000 [0m│[0m
└[0m───────────[0m┴[0m──────────[0m┴[0m─────────────────────────[0m┘[0m
 
D
┌[0m───────────[0m┬[0m──────────[0m┬[0m─────────────────────────[0m┐[0m
│[0m[1m Primitive [0m│[0m[1m Exponent [0m│[0m[1m Contraction Coefficient [0m│[0m
├[0m───────────[0m┼[0m──────────[0m┼[0m─────────────────────────[0m┤[0m
│[0m       1.0 [0m│[0m 0.322500 [0m│[0m                1.000000 [0m│[0m
└[0m───────────[0m┴[0m──────────[0m┴[0m─────────────────────────[0m┘[0m
 
F
┌[0m───────────[0m┬[0m──────────[0m┬[0m─────────────────────────[0m┐[0m
│[0m[1m Primitive [0m│[0m[1m Exponent [0m│[0m[1m Contraction Coefficient [0m│[0m
├[0m───────────[0m┼[0m──────────[0m┼[0m─────────────────────────[0m┤[0m
│[0m       1.0 [0m│[0m 1.400000 [0m│[0m                1.000000 [0m│[0m
└[0m───────────[0m┴[0m──────────[0m┴[0m─────────────────────────[0m┘[0m
 
L (s)
┌[0m───────────[0m┬[0m──────────[0m┬[0m─────────────────────────[0m┐[0m
│[0m[1m Primitive [0m│[0m[1m Exponent [0m│[0m[1m Contraction Coefficient [0m│[0m
├[0m───────────[0m┼[0m──────────[0m┼[0m─────────────────────────[0m┤[0m
│[0m       1.0 [0m│[0m 0.084500 [0m│[0m                1.000000 [0m│[0m
└[0m───────────[0m┴[0m──────────[0m┴[0m─────────────────────────[0m┘[0m
L (p)
┌[0m───────────[0m┬[0m──────────[0m┬[0m─────────────────────────[0m┐[0m
│[0m[1m Primitive [0m│[0m[1m Exponent [0m│[0m[1m Contraction Coefficient [0m│[0m
├[0m───────────[0m┼[0m──────────[0m┼[0m─────────────────────────[0m┤[0m
│[0m       1.0 [0m│[0m 0.084500 [0m│[0m                1.000000 [0m│[0m
└[0m───────────[0m┴[0m──────────[0m┴[0m─────────────────────────[0m┘[0m
 
 
 
ATOM #6 (O):
S
┌[0m───────────[0m┬[0m─────────────[0m┬[0m─────────────────────────[0m┐[0m
│[0m[1m Primitive [0m│[0m[1m    Exponent [0m│[0m[1m Contraction Coefficient [0m│[0m
├[0m───────────[0m┼[0m─────────────[0m┼[0m─────────────────────────[0m┤[0m
│[0m       1.0 [0m│[0m 8588.500000 [0m│[0m                0.001895 [0m│[0m
│[0m       2.0 [0m│[0m 1297.230000 [0m│[0m                0.014386 [0m│[0m
│[0m       3.0 [0m│[0m  299.296000 [0m│[0m                0.070732 [0m│[0m
│[0m       4.0 [0m│[0m   87.377100 [0m│[0m                0.240001 [0m│[0m
│[0m       5.0 [0m│[0m   25.678900 [0m│[0m                0.594797 [0m│[0m
│[0m       6.0 [0m│[0m    3.740040 [0m│[0m                0.280802 [0m│[0m
└[0m───────────[0m┴[0m─────────────[0m┴[0m─────────────────────────[0m┘[0m
 
L (s)
┌[0m───────────[0m┬[0m───────────[0m┬[0m─────────────────────────[0m┐[0m
│[0m[1m Primitive [0m│[0m[1m  Exponent [0m│[0m[1m Contraction Coefficient [0m│[0m
├[0m───────────[0m┼[0m───────────[0m┼[0m─────────────────────────[0m┤[0m
│[0m       1.0 [0m│[0m 42.117500 [0m│[0m                0.113889 [0m│[0m
│[0m       2.0 [0m│[0m  9.628370 [0m│[0m                0.920811 [0m│[0m
│[0m       3.0 [0m│[0m  2.853320 [0m│[0m               -0.003274 [0m│[0m
└[0m───────────[0m┴[0m───────────[0m┴[0m─────────────────────────[0m┘[0m
L (p)
┌[0m───────────[0m┬[0m───────────[0m┬[0m─────────────────────────[0m┐[0m
│[0m[1m Primitive [0m│[0m[1m  Exponent [0m│[0m[1m Contraction Coefficient [0m│[0m
├[0m───────────[0m┼[0m───────────[0m┼[0m─────────────────────────[0m┤[0m
│[0m       1.0 [0m│[0m 42.117500 [0m│[0m                0.036511 [0m│[0m
│[0m       2.0 [0m│[0m  9.628370 [0m│[0m                0.237153 [0m│[0m
│[0m       3.0 [0m│[0m  2.853320 [0m│[0m                0.819702 [0m│[0m
└[0m───────────[0m┴[0m───────────[0m┴[0m─────────────────────────[0m┘[0m
 
L (s)
┌[0m───────────[0m┬[0m──────────[0m┬[0m─────────────────────────[0m┐[0m
│[0m[1m Primitive [0m│[0m[1m Exponent [0m│[0m[1m Contraction Coefficient [0m│[0m
├[0m───────────[0m┼[0m──────────[0m┼[0m─────────────────────────[0m┤[0m
│[0m       1.0 [0m│[0m 0.905661 [0m│[0m                1.000000 [0m│[0m
└[0m───────────[0m┴[0m──────────[0m┴[0m─────────────────────────[0m┘[0m
L (p)
┌[0m───────────[0m┬[0m──────────[0m┬[0m─────────────────────────[0m┐[0m
│[0m[1m Primitive [0m│[0m[1m Exponent [0m│[0m[1m Contraction Coefficient [0m│[0m
├[0m───────────[0m┼[0m──────────[0m┼[0m─────────────────────────[0m┤[0m
│[0m       1.0 [0m│[0m 0.905661 [0m│[0m                1.000000 [0m│[0m
└[0m───────────[0m┴[0m──────────[0m┴[0m─────────────────────────[0m┘[0m
 
L (s)
┌[0m───────────[0m┬[0m──────────[0m┬[0m─────────────────────────[0m┐[0m
│[0m[1m Primitive [0m│[0m[1m Exponent [0m│[0m[1m Contraction Coefficient [0m│[0m
├[0m───────────[0m┼[0m──────────[0m┼[0m─────────────────────────[0m┤[0m
│[0m       1.0 [0m│[0m 0.255611 [0m│[0m                1.000000 [0m│[0m
└[0m───────────[0m┴[0m──────────[0m┴[0m─────────────────────────[0m┘[0m
L (p)
┌[0m───────────[0m┬[0m──────────[0m┬[0m─────────────────────────[0m┐[0m
│[0m[1m Primitive [0m│[0m[1m Exponent [0m│[0m[1m Contraction Coefficient [0m│[0m
├[0m───────────[0m┼[0m──────────[0m┼[0m─────────────────────────[0m┤[0m
│[0m       1.0 [0m│[0m 0.255611 [0m│[0m                1.000000 [0m│[0m
└[0m───────────[0m┴[0m──────────[0m┴[0m─────────────────────────[0m┘[0m
 
D
┌[0m───────────[0m┬[0m──────────[0m┬[0m─────────────────────────[0m┐[0m
│[0m[1m Primitive [0m│[0m[1m Exponent [0m│[0m[1m Contraction Coefficient [0m│[0m
├[0m───────────[0m┼[0m──────────[0m┼[0m─────────────────────────[0m┤[0m
│[0m       1.0 [0m│[0m 5.160000 [0m│[0m                1.000000 [0m│[0m
└[0m───────────[0m┴[0m──────────[0m┴[0m─────────────────────────[0m┘[0m
 
D
┌[0m───────────[0m┬[0m──────────[0m┬[0m─────────────────────────[0m┐[0m
│[0m[1m Primitive [0m│[0m[1m Exponent [0m│[0m[1m Contraction Coefficient [0m│[0m
├[0m───────────[0m┼[0m──────────[0m┼[0m─────────────────────────[0m┤[0m
│[0m       1.0 [0m│[0m 1.292000 [0m│[0m                1.000000 [0m│[0m
└[0m───────────[0m┴[0m──────────[0m┴[0m─────────────────────────[0m┘[0m
 
D
┌[0m───────────[0m┬[0m──────────[0m┬[0m─────────────────────────[0m┐[0m
│[0m[1m Primitive [0m│[0m[1m Exponent [0m│[0m[1m Contraction Coefficient [0m│[0m
├[0m───────────[0m┼[0m──────────[0m┼[0m─────────────────────────[0m┤[0m
│[0m       1.0 [0m│[0m 0.322500 [0m│[0m                1.000000 [0m│[0m
└[0m───────────[0m┴[0m──────────[0m┴[0m─────────────────────────[0m┘[0m
 
F
┌[0m───────────[0m┬[0m──────────[0m┬[0m─────────────────────────[0m┐[0m
│[0m[1m Primitive [0m│[0m[1m Exponent [0m│[0m[1m Contraction Coefficient [0m│[0m
├[0m───────────[0m┼[0m──────────[0m┼[0m─────────────────────────[0m┤[0m
│[0m       1.0 [0m│[0m 1.400000 [0m│[0m                1.000000 [0m│[0m
└[0m───────────[0m┴[0m──────────[0m┴[0m─────────────────────────[0m┘[0m
 
L (s)
┌[0m───────────[0m┬[0m──────────[0m┬[0m─────────────────────────[0m┐[0m
│[0m[1m Primitive [0m│[0m[1m Exponent [0m│[0m[1m Contraction Coefficient [0m│[0m
├[0m───────────[0m┼[0m──────────[0m┼[0m─────────────────────────[0m┤[0m
│[0m       1.0 [0m│[0m 0.084500 [0m│[0m                1.000000 [0m│[0m
└[0m───────────[0m┴[0m──────────[0m┴[0m─────────────────────────[0m┘[0m
L (p)
┌[0m───────────[0m┬[0m──────────[0m┬[0m─────────────────────────[0m┐[0m
│[0m[1m Primitive [0m│[0m[1m Exponent [0m│[0m[1m Contraction Coefficient [0m│[0m
├[0m───────────[0m┼[0m──────────[0m┼[0m─────────────────────────[0m┤[0m
│[0m       1.0 [0m│[0m 0.084500 [0m│[0m                1.000000 [0m│[0m
└[0m───────────[0m┴[0m──────────[0m┴[0m─────────────────────────[0m┘[0m
 
 
 
ATOM #7 (H):
S
┌[0m───────────[0m┬[0m───────────[0m┬[0m─────────────────────────[0m┐[0m
│[0m[1m Primitive [0m│[0m[1m  Exponent [0m│[0m[1m Contraction Coefficient [0m│[0m
├[0m───────────[0m┼[0m───────────[0m┼[0m─────────────────────────[0m┤[0m
│[0m       1.0 [0m│[0m 33.865000 [0m│[0m                0.025494 [0m│[0m
│[0m       2.0 [0m│[0m  5.094790 [0m│[0m                0.190373 [0m│[0m
│[0m       3.0 [0m│[0m  1.158790 [0m│[0m                0.852161 [0m│[0m
└[0m───────────[0m┴[0m───────────[0m┴[0m─────────────────────────[0m┘[0m
 
S
┌[0m───────────[0m┬[0m──────────[0m┬[0m─────────────────────────[0m┐[0m
│[0m[1m Primitive [0m│[0m[1m Exponent [0m│[0m[1m Contraction Coefficient [0m│[0m
├[0m───────────[0m┼[0m──────────[0m┼[0m─────────────────────────[0m┤[0m
│[0m       1.0 [0m│[0m 0.325840 [0m│[0m                1.000000 [0m│[0m
└[0m───────────[0m┴[0m──────────[0m┴[0m─────────────────────────[0m┘[0m
 
S
┌[0m───────────[0m┬[0m──────────[0m┬[0m─────────────────────────[0m┐[0m
│[0m[1m Primitive [0m│[0m[1m Exponent [0m│[0m[1m Contraction Coefficient [0m│[0m
├[0m───────────[0m┼[0m──────────[0m┼[0m─────────────────────────[0m┤[0m
│[0m       1.0 [0m│[0m 0.102741 [0m│[0m                1.000000 [0m│[0m
└[0m───────────[0m┴[0m──────────[0m┴[0m─────────────────────────[0m┘[0m
 
P
┌[0m───────────[0m┬[0m──────────[0m┬[0m─────────────────────────[0m┐[0m
│[0m[1m Primitive [0m│[0m[1m Exponent [0m│[0m[1m Contraction Coefficient [0m│[0m
├[0m───────────[0m┼[0m──────────[0m┼[0m─────────────────────────[0m┤[0m
│[0m       1.0 [0m│[0m 3.000000 [0m│[0m                1.000000 [0m│[0m
└[0m───────────[0m┴[0m──────────[0m┴[0m─────────────────────────[0m┘[0m
 
P
┌[0m───────────[0m┬[0m──────────[0m┬[0m─────────────────────────[0m┐[0m
│[0m[1m Primitive [0m│[0m[1m Exponent [0m│[0m[1m Contraction Coefficient [0m│[0m
├[0m───────────[0m┼[0m──────────[0m┼[0m─────────────────────────[0m┤[0m
│[0m       1.0 [0m│[0m 0.750000 [0m│[0m                1.000000 [0m│[0m
└[0m───────────[0m┴[0m──────────[0m┴[0m─────────────────────────[0m┘[0m
 
P
┌[0m───────────[0m┬[0m──────────[0m┬[0m─────────────────────────[0m┐[0m
│[0m[1m Primitive [0m│[0m[1m Exponent [0m│[0m[1m Contraction Coefficient [0m│[0m
├[0m───────────[0m┼[0m──────────[0m┼[0m─────────────────────────[0m┤[0m
│[0m       1.0 [0m│[0m 0.187500 [0m│[0m                1.000000 [0m│[0m
└[0m───────────[0m┴[0m──────────[0m┴[0m─────────────────────────[0m┘[0m
 
D
┌[0m───────────[0m┬[0m──────────[0m┬[0m─────────────────────────[0m┐[0m
│[0m[1m Primitive [0m│[0m[1m Exponent [0m│[0m[1m Contraction Coefficient [0m│[0m
├[0m───────────[0m┼[0m──────────[0m┼[0m─────────────────────────[0m┤[0m
│[0m       1.0 [0m│[0m 1.000000 [0m│[0m                1.000000 [0m│[0m
└[0m───────────[0m┴[0m──────────[0m┴[0m─────────────────────────[0m┘[0m
 
S
┌[0m───────────[0m┬[0m──────────[0m┬[0m─────────────────────────[0m┐[0m
│[0m[1m Primitive [0m│[0m[1m Exponent [0m│[0m[1m Contraction Coefficient [0m│[0m
├[0m───────────[0m┼[0m──────────[0m┼[0m─────────────────────────[0m┤[0m
│[0m       1.0 [0m│[0m 0.036000 [0m│[0m                1.000000 [0m│[0m
└[0m───────────[0m┴[0m──────────[0m┴[0m─────────────────────────[0m┘[0m
 
 
 
ATOM #8 (H):
S
┌[0m───────────[0m┬[0m───────────[0m┬[0m─────────────────────────[0m┐[0m
│[0m[1m Primitive [0m│[0m[1m  Exponent [0m│[0m[1m Contraction Coefficient [0m│[0m
├[0m───────────[0m┼[0m───────────[0m┼[0m─────────────────────────[0m┤[0m
│[0m       1.0 [0m│[0m 33.865000 [0m│[0m                0.025494 [0m│[0m
│[0m       2.0 [0m│[0m  5.094790 [0m│[0m                0.190373 [0m│[0m
│[0m       3.0 [0m│[0m  1.158790 [0m│[0m                0.852161 [0m│[0m
└[0m───────────[0m┴[0m───────────[0m┴[0m─────────────────────────[0m┘[0m
 
S
┌[0m───────────[0m┬[0m──────────[0m┬[0m─────────────────────────[0m┐[0m
│[0m[1m Primitive [0m│[0m[1m Exponent [0m│[0m[1m Contraction Coefficient [0m│[0m
├[0m───────────[0m┼[0m──────────[0m┼[0m─────────────────────────[0m┤[0m
│[0m       1.0 [0m│[0m 0.325840 [0m│[0m                1.000000 [0m│[0m
└[0m───────────[0m┴[0m──────────[0m┴[0m─────────────────────────[0m┘[0m
 
S
┌[0m───────────[0m┬[0m──────────[0m┬[0m─────────────────────────[0m┐[0m
│[0m[1m Primitive [0m│[0m[1m Exponent [0m│[0m[1m Contraction Coefficient [0m│[0m
├[0m───────────[0m┼[0m──────────[0m┼[0m─────────────────────────[0m┤[0m
│[0m       1.0 [0m│[0m 0.102741 [0m│[0m                1.000000 [0m│[0m
└[0m───────────[0m┴[0m──────────[0m┴[0m─────────────────────────[0m┘[0m
 
P
┌[0m───────────[0m┬[0m──────────[0m┬[0m─────────────────────────[0m┐[0m
│[0m[1m Primitive [0m│[0m[1m Exponent [0m│[0m[1m Contraction Coefficient [0m│[0m
├[0m───────────[0m┼[0m──────────[0m┼[0m─────────────────────────[0m┤[0m
│[0m       1.0 [0m│[0m 3.000000 [0m│[0m                1.000000 [0m│[0m
└[0m───────────[0m┴[0m──────────[0m┴[0m─────────────────────────[0m┘[0m
 
P
┌[0m───────────[0m┬[0m──────────[0m┬[0m─────────────────────────[0m┐[0m
│[0m[1m Primitive [0m│[0m[1m Exponent [0m│[0m[1m Contraction Coefficient [0m│[0m
├[0m───────────[0m┼[0m──────────[0m┼[0m─────────────────────────[0m┤[0m
│[0m       1.0 [0m│[0m 0.750000 [0m│[0m                1.000000 [0m│[0m
└[0m───────────[0m┴[0m──────────[0m┴[0m─────────────────────────[0m┘[0m
 
P
┌[0m───────────[0m┬[0m──────────[0m┬[0m─────────────────────────[0m┐[0m
│[0m[1m Primitive [0m│[0m[1m Exponent [0m│[0m[1m Contraction Coefficient [0m│[0m
├[0m───────────[0m┼[0m──────────[0m┼[0m─────────────────────────[0m┤[0m
│[0m       1.0 [0m│[0m 0.187500 [0m│[0m                1.000000 [0m│[0m
└[0m───────────[0m┴[0m──────────[0m┴[0m─────────────────────────[0m┘[0m
 
D
┌[0m───────────[0m┬[0m──────────[0m┬[0m─────────────────────────[0m┐[0m
│[0m[1m Primitive [0m│[0m[1m Exponent [0m│[0m[1m Contraction Coefficient [0m│[0m
├[0m───────────[0m┼[0m──────────[0m┼[0m─────────────────────────[0m┤[0m
│[0m       1.0 [0m│[0m 1.000000 [0m│[0m                1.000000 [0m│[0m
└[0m───────────[0m┴[0m──────────[0m┴[0m─────────────────────────[0m┘[0m
 
S
┌[0m───────────[0m┬[0m──────────[0m┬[0m─────────────────────────[0m┐[0m
│[0m[1m Primitive [0m│[0m[1m Exponent [0m│[0m[1m Contraction Coefficient [0m│[0m
├[0m───────────[0m┼[0m──────────[0m┼[0m─────────────────────────[0m┤[0m
│[0m       1.0 [0m│[0m 0.036000 [0m│[0m                1.000000 [0m│[0m
└[0m───────────[0m┴[0m──────────[0m┴[0m─────────────────────────[0m┘[0m
 
 
 
ATOM #9 (H):
S
┌[0m───────────[0m┬[0m───────────[0m┬[0m─────────────────────────[0m┐[0m
│[0m[1m Primitive [0m│[0m[1m  Exponent [0m│[0m[1m Contraction Coefficient [0m│[0m
├[0m───────────[0m┼[0m───────────[0m┼[0m─────────────────────────[0m┤[0m
│[0m       1.0 [0m│[0m 33.865000 [0m│[0m                0.025494 [0m│[0m
│[0m       2.0 [0m│[0m  5.094790 [0m│[0m                0.190373 [0m│[0m
│[0m       3.0 [0m│[0m  1.158790 [0m│[0m                0.852161 [0m│[0m
└[0m───────────[0m┴[0m───────────[0m┴[0m─────────────────────────[0m┘[0m
 
S
┌[0m───────────[0m┬[0m──────────[0m┬[0m─────────────────────────[0m┐[0m
│[0m[1m Primitive [0m│[0m[1m Exponent [0m│[0m[1m Contraction Coefficient [0m│[0m
├[0m───────────[0m┼[0m──────────[0m┼[0m─────────────────────────[0m┤[0m
│[0m       1.0 [0m│[0m 0.325840 [0m│[0m                1.000000 [0m│[0m
└[0m───────────[0m┴[0m──────────[0m┴[0m─────────────────────────[0m┘[0m
 
S
┌[0m───────────[0m┬[0m──────────[0m┬[0m─────────────────────────[0m┐[0m
│[0m[1m Primitive [0m│[0m[1m Exponent [0m│[0m[1m Contraction Coefficient [0m│[0m
├[0m───────────[0m┼[0m──────────[0m┼[0m─────────────────────────[0m┤[0m
│[0m       1.0 [0m│[0m 0.102741 [0m│[0m                1.000000 [0m│[0m
└[0m───────────[0m┴[0m──────────[0m┴[0m─────────────────────────[0m┘[0m
 
P
┌[0m───────────[0m┬[0m──────────[0m┬[0m─────────────────────────[0m┐[0m
│[0m[1m Primitive [0m│[0m[1m Exponent [0m│[0m[1m Contraction Coefficient [0m│[0m
├[0m───────────[0m┼[0m──────────[0m┼[0m─────────────────────────[0m┤[0m
│[0m       1.0 [0m│[0m 3.000000 [0m│[0m                1.000000 [0m│[0m
└[0m───────────[0m┴[0m──────────[0m┴[0m─────────────────────────[0m┘[0m
 
P
┌[0m───────────[0m┬[0m──────────[0m┬[0m─────────────────────────[0m┐[0m
│[0m[1m Primitive [0m│[0m[1m Exponent [0m│[0m[1m Contraction Coefficient [0m│[0m
├[0m───────────[0m┼[0m──────────[0m┼[0m─────────────────────────[0m┤[0m
│[0m       1.0 [0m│[0m 0.750000 [0m│[0m                1.000000 [0m│[0m
└[0m───────────[0m┴[0m──────────[0m┴[0m─────────────────────────[0m┘[0m
 
P
┌[0m───────────[0m┬[0m──────────[0m┬[0m─────────────────────────[0m┐[0m
│[0m[1m Primitive [0m│[0m[1m Exponent [0m│[0m[1m Contraction Coefficient [0m│[0m
├[0m───────────[0m┼[0m──────────[0m┼[0m─────────────────────────[0m┤[0m
│[0m       1.0 [0m│[0m 0.187500 [0m│[0m                1.000000 [0m│[0m
└[0m───────────[0m┴[0m──────────[0m┴[0m─────────────────────────[0m┘[0m
 
D
┌[0m───────────[0m┬[0m──────────[0m┬[0m─────────────────────────[0m┐[0m
│[0m[1m Primitive [0m│[0m[1m Exponent [0m│[0m[1m Contraction Coefficient [0m│[0m
├[0m───────────[0m┼[0m──────────[0m┼[0m─────────────────────────[0m┤[0m
│[0m       1.0 [0m│[0m 1.000000 [0m│[0m                1.000000 [0m│[0m
└[0m───────────[0m┴[0m──────────[0m┴[0m─────────────────────────[0m┘[0m
 
S
┌[0m───────────[0m┬[0m──────────[0m┬[0m─────────────────────────[0m┐[0m
│[0m[1m Primitive [0m│[0m[1m Exponent [0m│[0m[1m Contraction Coefficient [0m│[0m
├[0m───────────[0m┼[0m──────────[0m┼[0m─────────────────────────[0m┤[0m
│[0m       1.0 [0m│[0m 0.036000 [0m│[0m                1.000000 [0m│[0m
└[0m───────────[0m┴[0m──────────[0m┴[0m─────────────────────────[0m┘[0m
 
 
 
ATOM #10 (H):
S
┌[0m───────────[0m┬[0m───────────[0m┬[0m─────────────────────────[0m┐[0m
│[0m[1m Primitive [0m│[0m[1m  Exponent [0m│[0m[1m Contraction Coefficient [0m│[0m
├[0m───────────[0m┼[0m───────────[0m┼[0m─────────────────────────[0m┤[0m
│[0m       1.0 [0m│[0m 33.865000 [0m│[0m                0.025494 [0m│[0m
│[0m       2.0 [0m│[0m  5.094790 [0m│[0m                0.190373 [0m│[0m
│[0m       3.0 [0m│[0m  1.158790 [0m│[0m                0.852161 [0m│[0m
└[0m───────────[0m┴[0m───────────[0m┴[0m─────────────────────────[0m┘[0m
 
S
┌[0m───────────[0m┬[0m──────────[0m┬[0m─────────────────────────[0m┐[0m
│[0m[1m Primitive [0m│[0m[1m Exponent [0m│[0m[1m Contraction Coefficient [0m│[0m
├[0m───────────[0m┼[0m──────────[0m┼[0m─────────────────────────[0m┤[0m
│[0m       1.0 [0m│[0m 0.325840 [0m│[0m                1.000000 [0m│[0m
└[0m───────────[0m┴[0m──────────[0m┴[0m─────────────────────────[0m┘[0m
 
S
┌[0m───────────[0m┬[0m──────────[0m┬[0m─────────────────────────[0m┐[0m
│[0m[1m Primitive [0m│[0m[1m Exponent [0m│[0m[1m Contraction Coefficient [0m│[0m
├[0m───────────[0m┼[0m──────────[0m┼[0m─────────────────────────[0m┤[0m
│[0m       1.0 [0m│[0m 0.102741 [0m│[0m                1.000000 [0m│[0m
└[0m───────────[0m┴[0m──────────[0m┴[0m─────────────────────────[0m┘[0m
 
P
┌[0m───────────[0m┬[0m──────────[0m┬[0m─────────────────────────[0m┐[0m
│[0m[1m Primitive [0m│[0m[1m Exponent [0m│[0m[1m Contraction Coefficient [0m│[0m
├[0m───────────[0m┼[0m──────────[0m┼[0m─────────────────────────[0m┤[0m
│[0m       1.0 [0m│[0m 3.000000 [0m│[0m                1.000000 [0m│[0m
└[0m───────────[0m┴[0m──────────[0m┴[0m─────────────────────────[0m┘[0m
 
P
┌[0m───────────[0m┬[0m──────────[0m┬[0m─────────────────────────[0m┐[0m
│[0m[1m Primitive [0m│[0m[1m Exponent [0m│[0m[1m Contraction Coefficient [0m│[0m
├[0m───────────[0m┼[0m──────────[0m┼[0m─────────────────────────[0m┤[0m
│[0m       1.0 [0m│[0m 0.750000 [0m│[0m                1.000000 [0m│[0m
└[0m───────────[0m┴[0m──────────[0m┴[0m─────────────────────────[0m┘[0m
 
P
┌[0m───────────[0m┬[0m──────────[0m┬[0m─────────────────────────[0m┐[0m
│[0m[1m Primitive [0m│[0m[1m Exponent [0m│[0m[1m Contraction Coefficient [0m│[0m
├[0m───────────[0m┼[0m──────────[0m┼[0m─────────────────────────[0m┤[0m
│[0m       1.0 [0m│[0m 0.187500 [0m│[0m                1.000000 [0m│[0m
└[0m───────────[0m┴[0m──────────[0m┴[0m─────────────────────────[0m┘[0m
 
D
┌[0m───────────[0m┬[0m──────────[0m┬[0m─────────────────────────[0m┐[0m
│[0m[1m Primitive [0m│[0m[1m Exponent [0m│[0m[1m Contraction Coefficient [0m│[0m
├[0m───────────[0m┼[0m──────────[0m┼[0m─────────────────────────[0m┤[0m
│[0m       1.0 [0m│[0m 1.000000 [0m│[0m                1.000000 [0m│[0m
└[0m───────────[0m┴[0m──────────[0m┴[0m─────────────────────────[0m┘[0m
 
S
┌[0m───────────[0m┬[0m──────────[0m┬[0m─────────────────────────[0m┐[0m
│[0m[1m Primitive [0m│[0m[1m Exponent [0m│[0m[1m Contraction Coefficient [0m│[0m
├[0m───────────[0m┼[0m──────────[0m┼[0m─────────────────────────[0m┤[0m
│[0m       1.0 [0m│[0m 0.036000 [0m│[0m                1.000000 [0m│[0m
└[0m───────────[0m┴[0m──────────[0m┴[0m─────────────────────────[0m┘[0m
 
 
 
ATOM #11 (Li):
S
┌[0m───────────[0m┬[0m────────────[0m┬[0m─────────────────────────[0m┐[0m
│[0m[1m Primitive [0m│[0m[1m   Exponent [0m│[0m[1m Contraction Coefficient [0m│[0m
├[0m───────────[0m┼[0m────────────[0m┼[0m─────────────────────────[0m┤[0m
│[0m       1.0 [0m│[0m 900.460000 [0m│[0m                0.002287 [0m│[0m
│[0m       2.0 [0m│[0m 134.433000 [0m│[0m                0.017635 [0m│[0m
│[0m       3.0 [0m│[0m  30.436500 [0m│[0m                0.087343 [0m│[0m
│[0m       4.0 [0m│[0m   8.626390 [0m│[0m                0.280977 [0m│[0m
│[0m       5.0 [0m│[0m   2.483320 [0m│[0m                0.658741 [0m│[0m
│[0m       6.0 [0m│[0m   0.303179 [0m│[0m                0.118712 [0m│[0m
└[0m───────────[0m┴[0m────────────[0m┴[0m─────────────────────────[0m┘[0m
 
L (s)
┌[0m───────────[0m┬[0m──────────[0m┬[0m─────────────────────────[0m┐[0m
│[0m[1m Primitive [0m│[0m[1m Exponent [0m│[0m[1m Contraction Coefficient [0m│[0m
├[0m───────────[0m┼[0m──────────[0m┼[0m─────────────────────────[0m┤[0m
│[0m       1.0 [0m│[0m 4.868900 [0m│[0m                0.093329 [0m│[0m
│[0m       2.0 [0m│[0m 0.856924 [0m│[0m                0.943045 [0m│[0m
│[0m       3.0 [0m│[0m 0.243227 [0m│[0m               -0.002798 [0m│[0m
└[0m───────────[0m┴[0m──────────[0m┴[0m─────────────────────────[0m┘[0m
L (p)
┌[0m───────────[0m┬[0m──────────[0m┬[0m─────────────────────────[0m┐[0m
│[0m[1m Primitive [0m│[0m[1m Exponent [0m│[0m[1m Contraction Coefficient [0m│[0m
├[0m───────────[0m┼[0m──────────[0m┼[0m─────────────────────────[0m┤[0m
│[0m       1.0 [0m│[0m 4.868900 [0m│[0m                0.032766 [0m│[0m
│[0m       2.0 [0m│[0m 0.856924 [0m│[0m                0.159792 [0m│[0m
│[0m       3.0 [0m│[0m 0.243227 [0m│[0m                0.885667 [0m│[0m
└[0m───────────[0m┴[0m──────────[0m┴[0m─────────────────────────[0m┘[0m
 
L (s)
┌[0m───────────[0m┬[0m──────────[0m┬[0m─────────────────────────[0m┐[0m
│[0m[1m Primitive [0m│[0m[1m Exponent [0m│[0m[1m Contraction Coefficient [0m│[0m
├[0m───────────[0m┼[0m──────────[0m┼[0m─────────────────────────[0m┤[0m
│[0m       1.0 [0m│[0m 0.063507 [0m│[0m                1.000000 [0m│[0m
└[0m───────────[0m┴[0m──────────[0m┴[0m─────────────────────────[0m┘[0m
L (p)
┌[0m───────────[0m┬[0m──────────[0m┬[0m─────────────────────────[0m┐[0m
│[0m[1m Primitive [0m│[0m[1m Exponent [0m│[0m[1m Contraction Coefficient [0m│[0m
├[0m───────────[0m┼[0m──────────[0m┼[0m─────────────────────────[0m┤[0m
│[0m       1.0 [0m│[0m 0.063507 [0m│[0m                1.000000 [0m│[0m
└[0m───────────[0m┴[0m──────────[0m┴[0m─────────────────────────[0m┘[0m
 
L (s)
┌[0m───────────[0m┬[0m──────────[0m┬[0m─────────────────────────[0m┐[0m
│[0m[1m Primitive [0m│[0m[1m Exponent [0m│[0m[1m Contraction Coefficient [0m│[0m
├[0m───────────[0m┼[0m──────────[0m┼[0m─────────────────────────[0m┤[0m
│[0m       1.0 [0m│[0m 0.024368 [0m│[0m                1.000000 [0m│[0m
└[0m───────────[0m┴[0m──────────[0m┴[0m─────────────────────────[0m┘[0m
L (p)
┌[0m───────────[0m┬[0m──────────[0m┬[0m─────────────────────────[0m┐[0m
│[0m[1m Primitive [0m│[0m[1m Exponent [0m│[0m[1m Contraction Coefficient [0m│[0m
├[0m───────────[0m┼[0m──────────[0m┼[0m─────────────────────────[0m┤[0m
│[0m       1.0 [0m│[0m 0.024368 [0m│[0m                1.000000 [0m│[0m
└[0m───────────[0m┴[0m──────────[0m┴[0m─────────────────────────[0m┘[0m
 
D
┌[0m───────────[0m┬[0m──────────[0m┬[0m─────────────────────────[0m┐[0m
│[0m[1m Primitive [0m│[0m[1m Exponent [0m│[0m[1m Contraction Coefficient [0m│[0m
├[0m───────────[0m┼[0m──────────[0m┼[0m─────────────────────────[0m┤[0m
│[0m       1.0 [0m│[0m 0.800000 [0m│[0m                1.000000 [0m│[0m
└[0m───────────[0m┴[0m──────────[0m┴[0m─────────────────────────[0m┘[0m
 
D
┌[0m───────────[0m┬[0m──────────[0m┬[0m─────────────────────────[0m┐[0m
│[0m[1m Primitive [0m│[0m[1m Exponent [0m│[0m[1m Contraction Coefficient [0m│[0m
├[0m───────────[0m┼[0m──────────[0m┼[0m─────────────────────────[0m┤[0m
│[0m       1.0 [0m│[0m 0.200000 [0m│[0m                1.000000 [0m│[0m
└[0m───────────[0m┴[0m──────────[0m┴[0m─────────────────────────[0m┘[0m
 
D
┌[0m───────────[0m┬[0m──────────[0m┬[0m─────────────────────────[0m┐[0m
│[0m[1m Primitive [0m│[0m[1m Exponent [0m│[0m[1m Contraction Coefficient [0m│[0m
├[0m───────────[0m┼[0m──────────[0m┼[0m─────────────────────────[0m┤[0m
│[0m       1.0 [0m│[0m 0.050000 [0m│[0m                1.000000 [0m│[0m
└[0m───────────[0m┴[0m──────────[0m┴[0m─────────────────────────[0m┘[0m
 
F
┌[0m───────────[0m┬[0m──────────[0m┬[0m─────────────────────────[0m┐[0m
│[0m[1m Primitive [0m│[0m[1m Exponent [0m│[0m[1m Contraction Coefficient [0m│[0m
├[0m───────────[0m┼[0m──────────[0m┼[0m─────────────────────────[0m┤[0m
│[0m       1.0 [0m│[0m 0.150000 [0m│[0m                1.000000 [0m│[0m
└[0m───────────[0m┴[0m──────────[0m┴[0m─────────────────────────[0m┘[0m
 
L (s)
┌[0m───────────[0m┬[0m──────────[0m┬[0m─────────────────────────[0m┐[0m
│[0m[1m Primitive [0m│[0m[1m Exponent [0m│[0m[1m Contraction Coefficient [0m│[0m
├[0m───────────[0m┼[0m──────────[0m┼[0m─────────────────────────[0m┤[0m
│[0m       1.0 [0m│[0m 0.007400 [0m│[0m                1.000000 [0m│[0m
└[0m───────────[0m┴[0m──────────[0m┴[0m─────────────────────────[0m┘[0m
L (p)
┌[0m───────────[0m┬[0m──────────[0m┬[0m─────────────────────────[0m┐[0m
│[0m[1m Primitive [0m│[0m[1m Exponent [0m│[0m[1m Contraction Coefficient [0m│[0m
├[0m───────────[0m┼[0m──────────[0m┼[0m─────────────────────────[0m┤[0m
│[0m       1.0 [0m│[0m 0.007400 [0m│[0m                1.000000 [0m│[0m
└[0m───────────[0m┴[0m──────────[0m┴[0m─────────────────────────[0m┘[0m
 
 
 
 
                       ========================================                 
                                       END BASIS                                
                       ========================================                 
---------------------------------------------------------------------------------
                       ========================================          
                             MOLECULAR COORDINATE ANALYSIS               
                       ========================================          

----------------------------------------          
      Printing coordinates (bohr)                 
            in xyz format...                      
----------------------------------------          
 
11

C         -2.5505215916564747     0.6232032848608562     0.37616318593795184
C         3.2363182704086424     -0.4874642671627944     -0.6338972442253742
C         1.2213865976442746     -1.983042546721561     0.7680999146954182
O         3.161931096627959     2.139511858504932     -0.19122326242356352
O         -1.303309998663993     -1.6850138611979455     -0.2568118720054141
O         -4.761616270576311     0.61567650625176     -0.459358372547407
H         1.6119192599928638     -4.0035734775875484     0.6133785994506902
H         5.0602969115656915     -1.3014939719897924     -0.03444214585221876
H         3.0363172307721107     -0.9296261332219324     -2.660770095506156
H         1.21054901910469     -1.4669508205707682     2.771045055519666
Li         0.2872610268455766     3.4080263325570024     1.1692471679170409

                       ========================================          
                                END COORDINATE ANALYSIS                  
                       ========================================          
--------------------------------------------------------------------------------
                       ========================================                 
                          RESTRICTED CLOSED-SHELL HARTREE-FOCK                  
                       ========================================                 

----------------------------------------          
       Starting RHF iterations...                 
----------------------------------------          
 
Iter      Energy                   ΔE                   Drms
0     -780.9285766540055
1     -283.658328477792     497.2702481762135     157.44237526832842
2     -302.01321824558465     -18.354889767792656     147.191489324594
3     -353.368491317029     -51.355273071444344     23.345462013324425
4     -352.3775391656533     0.9909521513757227     5.680477152470163
5     -349.87252407968606     2.505015085967216     2.654997079049615
6     -347.7782211066286     2.094302973057438     1.8351512062869422
7     -347.81375720689834     -0.03553610026972365     0.3483432439910286
8     -347.63072396421103     0.18303324268731558     0.18998603143831974
9     -347.5933938039482     0.037330160262854406     0.12752531185506194
10     -347.55810919488863     0.03528460905954489     0.09585164599218829
11     -347.5739264505894     -0.01581725570076742     0.07044235480113076
12     -347.5786744141868     -0.004747963597424132     0.1939172349113249
13     -347.5950437964941     -0.016369382307289015     0.17652345760305602
14     -347.5989212058913     -0.003877409397205156     0.17301342041717122
15     -347.5971688266501     0.001752379241224844     0.11161990683710568
16     -347.6134857147823     -0.01631688813222354     0.2424077380030534
17     -347.61042495723586     0.003060757546450077     0.03326936842451452
18     -347.60433895624624     0.006086000989625973     0.08464253302315922
19     -347.60744338150766     -0.0031044252614265133     0.06131992773749975
20     -347.60389489853253     0.003548482975133993     0.0567741828004782
21     -347.60759124686285     -0.0036963483303225075     0.08528941466997074
22     -347.6015717110073     0.0060195358555574785     0.03770616684862734
23     -347.60455385764783     -0.002982146640533756     0.048405749470632704
24     -347.600758502575     0.003795355072838902     0.0185218981583548
25     -347.6008919583328     -0.00013345575780476793     0.016025129509961582
26     -347.60277672821735     -0.0018847698845547711     0.019506293011797734
27     -347.60085560485606     0.0019211233612850265     0.0053326353823097035
28     -347.60207443281126     -0.001218827955199231     0.005771470999240817
29     -347.6017795958386     0.0002948369726709643     0.005013180770733576
30     -347.6013686440185     0.00041095182007211406     0.004217239530236757
31     -347.6017722236411     -0.00040357962257075997     0.00245544022635637
32     -347.601857220494     -8.49968529337275e-5     0.0008889080385274011
33     -347.60190806214666     -5.0841652637245716e-5     0.000667040689522433
34     -347.60184482241266     6.323973400412797e-5     0.0005308196086025456
35     -347.60186206832475     -1.724591209040227e-5     0.00020283924921338844
36     -347.60186915888994     -7.090565190992493e-6     0.0001399601044443027
37     -347.60187022311516     -1.064225216396153e-6     5.518716633611465e-5
38     -347.60187031638486     -9.326970484835329e-8     5.7559274215290654e-5
39     -347.6018750331415     -4.716756620837259e-6     2.2089045890207644e-5
40     -347.6018723380557     2.695085754567117e-6     4.765242435737429e-5
41     -347.6018736752118     -1.3371560498853796e-6     3.4341679188352575e-5
42     -347.60187459658937     -9.213775911121047e-7     1.765496425474301e-5
43     -347.6018742568865     3.3970286494877655e-7     6.637464290982069e-6
44     -347.60187449656337     -2.3967686502146535e-7     3.976968109155754e-5
45     -347.60187413540416     3.611592092056526e-7     5.5479105688810346e-5
46     -347.60187454617187     -4.107677114006947e-7     3.893524810028474e-5
47     -347.6018741917892     3.543826778695802e-7     2.0547611647385367e-5
48     -347.6018743065748     -1.1478562100819545e-7     2.522536769173655e-5
49     -347.60187430803194     -1.4571241990779527e-9     9.141572622395831e-6
 
----------------------------------------
   The SCF calculation has converged!   
----------------------------------------
Total SCF Energy: -347.60187430803194 h
 
                       ========================================                 
                             END RESTRICTED CLOSED-SHELL                 
                                     HARTREE-FOCK                        
                       ========================================                 
