--------------------------------------------------------------------------------
                       ========================================                 
                                READING INPUT DATA FILE                         
                       ========================================                 
 
 
Number of worker processes: 1
Number of threads per process: 6
Number of threads in total: 6
 
                       ========================================                 
                                       END INPUT                                
                       ========================================                 
--------------------------------------------------------------------------------
                       ========================================                 
                                GENERATING BASIS SET                            
                       ========================================                 
 
----------------------------------------          
        Basis Set Information...                  
----------------------------------------          
ATOM #1 (C):
S
┌[0m───────────[0m┬[0m─────────────[0m┬[0m─────────────────────────[0m┐[0m
│[0m[1m Primitive [0m│[0m[1m    Exponent [0m│[0m[1m Contraction Coefficient [0m│[0m
├[0m───────────[0m┼[0m─────────────[0m┼[0m─────────────────────────[0m┤[0m
│[0m       1.0 [0m│[0m 4563.240000 [0m│[0m                0.001967 [0m│[0m
│[0m       2.0 [0m│[0m  682.024000 [0m│[0m                0.015231 [0m│[0m
│[0m       3.0 [0m│[0m  154.973000 [0m│[0m                0.076127 [0m│[0m
│[0m       4.0 [0m│[0m   44.455300 [0m│[0m                0.260801 [0m│[0m
│[0m       5.0 [0m│[0m   13.029000 [0m│[0m                0.616462 [0m│[0m
│[0m       6.0 [0m│[0m    1.827730 [0m│[0m                0.221006 [0m│[0m
└[0m───────────[0m┴[0m─────────────[0m┴[0m─────────────────────────[0m┘[0m
 
L (s)
┌[0m───────────[0m┬[0m───────────[0m┬[0m─────────────────────────[0m┐[0m
│[0m[1m Primitive [0m│[0m[1m  Exponent [0m│[0m[1m Contraction Coefficient [0m│[0m
├[0m───────────[0m┼[0m───────────[0m┼[0m─────────────────────────[0m┤[0m
│[0m       1.0 [0m│[0m 20.964200 [0m│[0m                0.114660 [0m│[0m
│[0m       2.0 [0m│[0m  4.803310 [0m│[0m                0.919999 [0m│[0m
│[0m       3.0 [0m│[0m  1.459330 [0m│[0m               -0.003031 [0m│[0m
└[0m───────────[0m┴[0m───────────[0m┴[0m─────────────────────────[0m┘[0m
L (p)
┌[0m───────────[0m┬[0m───────────[0m┬[0m─────────────────────────[0m┐[0m
│[0m[1m Primitive [0m│[0m[1m  Exponent [0m│[0m[1m Contraction Coefficient [0m│[0m
├[0m───────────[0m┼[0m───────────[0m┼[0m─────────────────────────[0m┤[0m
│[0m       1.0 [0m│[0m 20.964200 [0m│[0m                0.040249 [0m│[0m
│[0m       2.0 [0m│[0m  4.803310 [0m│[0m                0.237594 [0m│[0m
│[0m       3.0 [0m│[0m  1.459330 [0m│[0m                0.815854 [0m│[0m
└[0m───────────[0m┴[0m───────────[0m┴[0m─────────────────────────[0m┘[0m
 
L (s)
┌[0m───────────[0m┬[0m──────────[0m┬[0m─────────────────────────[0m┐[0m
│[0m[1m Primitive [0m│[0m[1m Exponent [0m│[0m[1m Contraction Coefficient [0m│[0m
├[0m───────────[0m┼[0m──────────[0m┼[0m─────────────────────────[0m┤[0m
│[0m       1.0 [0m│[0m 0.483456 [0m│[0m                1.000000 [0m│[0m
└[0m───────────[0m┴[0m──────────[0m┴[0m─────────────────────────[0m┘[0m
L (p)
┌[0m───────────[0m┬[0m──────────[0m┬[0m─────────────────────────[0m┐[0m
│[0m[1m Primitive [0m│[0m[1m Exponent [0m│[0m[1m Contraction Coefficient [0m│[0m
├[0m───────────[0m┼[0m──────────[0m┼[0m─────────────────────────[0m┤[0m
│[0m       1.0 [0m│[0m 0.483456 [0m│[0m                1.000000 [0m│[0m
└[0m───────────[0m┴[0m──────────[0m┴[0m─────────────────────────[0m┘[0m
 
L (s)
┌[0m───────────[0m┬[0m──────────[0m┬[0m─────────────────────────[0m┐[0m
│[0m[1m Primitive [0m│[0m[1m Exponent [0m│[0m[1m Contraction Coefficient [0m│[0m
├[0m───────────[0m┼[0m──────────[0m┼[0m─────────────────────────[0m┤[0m
│[0m       1.0 [0m│[0m 0.145585 [0m│[0m                1.000000 [0m│[0m
└[0m───────────[0m┴[0m──────────[0m┴[0m─────────────────────────[0m┘[0m
L (p)
┌[0m───────────[0m┬[0m──────────[0m┬[0m─────────────────────────[0m┐[0m
│[0m[1m Primitive [0m│[0m[1m Exponent [0m│[0m[1m Contraction Coefficient [0m│[0m
├[0m───────────[0m┼[0m──────────[0m┼[0m─────────────────────────[0m┤[0m
│[0m       1.0 [0m│[0m 0.145585 [0m│[0m                1.000000 [0m│[0m
└[0m───────────[0m┴[0m──────────[0m┴[0m─────────────────────────[0m┘[0m
 
D
┌[0m───────────[0m┬[0m──────────[0m┬[0m─────────────────────────[0m┐[0m
│[0m[1m Primitive [0m│[0m[1m Exponent [0m│[0m[1m Contraction Coefficient [0m│[0m
├[0m───────────[0m┼[0m──────────[0m┼[0m─────────────────────────[0m┤[0m
│[0m       1.0 [0m│[0m 2.504000 [0m│[0m                1.000000 [0m│[0m
└[0m───────────[0m┴[0m──────────[0m┴[0m─────────────────────────[0m┘[0m
 
D
┌[0m───────────[0m┬[0m──────────[0m┬[0m─────────────────────────[0m┐[0m
│[0m[1m Primitive [0m│[0m[1m Exponent [0m│[0m[1m Contraction Coefficient [0m│[0m
├[0m───────────[0m┼[0m──────────[0m┼[0m─────────────────────────[0m┤[0m
│[0m       1.0 [0m│[0m 0.626000 [0m│[0m                1.000000 [0m│[0m
└[0m───────────[0m┴[0m──────────[0m┴[0m─────────────────────────[0m┘[0m
 
D
┌[0m───────────[0m┬[0m──────────[0m┬[0m─────────────────────────[0m┐[0m
│[0m[1m Primitive [0m│[0m[1m Exponent [0m│[0m[1m Contraction Coefficient [0m│[0m
├[0m───────────[0m┼[0m──────────[0m┼[0m─────────────────────────[0m┤[0m
│[0m       1.0 [0m│[0m 0.156500 [0m│[0m                1.000000 [0m│[0m
└[0m───────────[0m┴[0m──────────[0m┴[0m─────────────────────────[0m┘[0m
 
F
┌[0m───────────[0m┬[0m──────────[0m┬[0m─────────────────────────[0m┐[0m
│[0m[1m Primitive [0m│[0m[1m Exponent [0m│[0m[1m Contraction Coefficient [0m│[0m
├[0m───────────[0m┼[0m──────────[0m┼[0m─────────────────────────[0m┤[0m
│[0m       1.0 [0m│[0m 0.800000 [0m│[0m                1.000000 [0m│[0m
└[0m───────────[0m┴[0m──────────[0m┴[0m─────────────────────────[0m┘[0m
 
L (s)
┌[0m───────────[0m┬[0m──────────[0m┬[0m─────────────────────────[0m┐[0m
│[0m[1m Primitive [0m│[0m[1m Exponent [0m│[0m[1m Contraction Coefficient [0m│[0m
├[0m───────────[0m┼[0m──────────[0m┼[0m─────────────────────────[0m┤[0m
│[0m       1.0 [0m│[0m 0.043800 [0m│[0m                1.000000 [0m│[0m
└[0m───────────[0m┴[0m──────────[0m┴[0m─────────────────────────[0m┘[0m
L (p)
┌[0m───────────[0m┬[0m──────────[0m┬[0m─────────────────────────[0m┐[0m
│[0m[1m Primitive [0m│[0m[1m Exponent [0m│[0m[1m Contraction Coefficient [0m│[0m
├[0m───────────[0m┼[0m──────────[0m┼[0m─────────────────────────[0m┤[0m
│[0m       1.0 [0m│[0m 0.043800 [0m│[0m                1.000000 [0m│[0m
└[0m───────────[0m┴[0m──────────[0m┴[0m─────────────────────────[0m┘[0m
 
 
 
ATOM #2 (C):
S
┌[0m───────────[0m┬[0m─────────────[0m┬[0m─────────────────────────[0m┐[0m
│[0m[1m Primitive [0m│[0m[1m    Exponent [0m│[0m[1m Contraction Coefficient [0m│[0m
├[0m───────────[0m┼[0m─────────────[0m┼[0m─────────────────────────[0m┤[0m
│[0m       1.0 [0m│[0m 4563.240000 [0m│[0m                0.001967 [0m│[0m
│[0m       2.0 [0m│[0m  682.024000 [0m│[0m                0.015231 [0m│[0m
│[0m       3.0 [0m│[0m  154.973000 [0m│[0m                0.076127 [0m│[0m
│[0m       4.0 [0m│[0m   44.455300 [0m│[0m                0.260801 [0m│[0m
│[0m       5.0 [0m│[0m   13.029000 [0m│[0m                0.616462 [0m│[0m
│[0m       6.0 [0m│[0m    1.827730 [0m│[0m                0.221006 [0m│[0m
└[0m───────────[0m┴[0m─────────────[0m┴[0m─────────────────────────[0m┘[0m
 
L (s)
┌[0m───────────[0m┬[0m───────────[0m┬[0m─────────────────────────[0m┐[0m
│[0m[1m Primitive [0m│[0m[1m  Exponent [0m│[0m[1m Contraction Coefficient [0m│[0m
├[0m───────────[0m┼[0m───────────[0m┼[0m─────────────────────────[0m┤[0m
│[0m       1.0 [0m│[0m 20.964200 [0m│[0m                0.114660 [0m│[0m
│[0m       2.0 [0m│[0m  4.803310 [0m│[0m                0.919999 [0m│[0m
│[0m       3.0 [0m│[0m  1.459330 [0m│[0m               -0.003031 [0m│[0m
└[0m───────────[0m┴[0m───────────[0m┴[0m─────────────────────────[0m┘[0m
L (p)
┌[0m───────────[0m┬[0m───────────[0m┬[0m─────────────────────────[0m┐[0m
│[0m[1m Primitive [0m│[0m[1m  Exponent [0m│[0m[1m Contraction Coefficient [0m│[0m
├[0m───────────[0m┼[0m───────────[0m┼[0m─────────────────────────[0m┤[0m
│[0m       1.0 [0m│[0m 20.964200 [0m│[0m                0.040249 [0m│[0m
│[0m       2.0 [0m│[0m  4.803310 [0m│[0m                0.237594 [0m│[0m
│[0m       3.0 [0m│[0m  1.459330 [0m│[0m                0.815854 [0m│[0m
└[0m───────────[0m┴[0m───────────[0m┴[0m─────────────────────────[0m┘[0m
 
L (s)
┌[0m───────────[0m┬[0m──────────[0m┬[0m─────────────────────────[0m┐[0m
│[0m[1m Primitive [0m│[0m[1m Exponent [0m│[0m[1m Contraction Coefficient [0m│[0m
├[0m───────────[0m┼[0m──────────[0m┼[0m─────────────────────────[0m┤[0m
│[0m       1.0 [0m│[0m 0.483456 [0m│[0m                1.000000 [0m│[0m
└[0m───────────[0m┴[0m──────────[0m┴[0m─────────────────────────[0m┘[0m
L (p)
┌[0m───────────[0m┬[0m──────────[0m┬[0m─────────────────────────[0m┐[0m
│[0m[1m Primitive [0m│[0m[1m Exponent [0m│[0m[1m Contraction Coefficient [0m│[0m
├[0m───────────[0m┼[0m──────────[0m┼[0m─────────────────────────[0m┤[0m
│[0m       1.0 [0m│[0m 0.483456 [0m│[0m                1.000000 [0m│[0m
└[0m───────────[0m┴[0m──────────[0m┴[0m─────────────────────────[0m┘[0m
 
L (s)
┌[0m───────────[0m┬[0m──────────[0m┬[0m─────────────────────────[0m┐[0m
│[0m[1m Primitive [0m│[0m[1m Exponent [0m│[0m[1m Contraction Coefficient [0m│[0m
├[0m───────────[0m┼[0m──────────[0m┼[0m─────────────────────────[0m┤[0m
│[0m       1.0 [0m│[0m 0.145585 [0m│[0m                1.000000 [0m│[0m
└[0m───────────[0m┴[0m──────────[0m┴[0m─────────────────────────[0m┘[0m
L (p)
┌[0m───────────[0m┬[0m──────────[0m┬[0m─────────────────────────[0m┐[0m
│[0m[1m Primitive [0m│[0m[1m Exponent [0m│[0m[1m Contraction Coefficient [0m│[0m
├[0m───────────[0m┼[0m──────────[0m┼[0m─────────────────────────[0m┤[0m
│[0m       1.0 [0m│[0m 0.145585 [0m│[0m                1.000000 [0m│[0m
└[0m───────────[0m┴[0m──────────[0m┴[0m─────────────────────────[0m┘[0m
 
D
┌[0m───────────[0m┬[0m──────────[0m┬[0m─────────────────────────[0m┐[0m
│[0m[1m Primitive [0m│[0m[1m Exponent [0m│[0m[1m Contraction Coefficient [0m│[0m
├[0m───────────[0m┼[0m──────────[0m┼[0m─────────────────────────[0m┤[0m
│[0m       1.0 [0m│[0m 2.504000 [0m│[0m                1.000000 [0m│[0m
└[0m───────────[0m┴[0m──────────[0m┴[0m─────────────────────────[0m┘[0m
 
D
┌[0m───────────[0m┬[0m──────────[0m┬[0m─────────────────────────[0m┐[0m
│[0m[1m Primitive [0m│[0m[1m Exponent [0m│[0m[1m Contraction Coefficient [0m│[0m
├[0m───────────[0m┼[0m──────────[0m┼[0m─────────────────────────[0m┤[0m
│[0m       1.0 [0m│[0m 0.626000 [0m│[0m                1.000000 [0m│[0m
└[0m───────────[0m┴[0m──────────[0m┴[0m─────────────────────────[0m┘[0m
 
D
┌[0m───────────[0m┬[0m──────────[0m┬[0m─────────────────────────[0m┐[0m
│[0m[1m Primitive [0m│[0m[1m Exponent [0m│[0m[1m Contraction Coefficient [0m│[0m
├[0m───────────[0m┼[0m──────────[0m┼[0m─────────────────────────[0m┤[0m
│[0m       1.0 [0m│[0m 0.156500 [0m│[0m                1.000000 [0m│[0m
└[0m───────────[0m┴[0m──────────[0m┴[0m─────────────────────────[0m┘[0m
 
F
┌[0m───────────[0m┬[0m──────────[0m┬[0m─────────────────────────[0m┐[0m
│[0m[1m Primitive [0m│[0m[1m Exponent [0m│[0m[1m Contraction Coefficient [0m│[0m
├[0m───────────[0m┼[0m──────────[0m┼[0m─────────────────────────[0m┤[0m
│[0m       1.0 [0m│[0m 0.800000 [0m│[0m                1.000000 [0m│[0m
└[0m───────────[0m┴[0m──────────[0m┴[0m─────────────────────────[0m┘[0m
 
L (s)
┌[0m───────────[0m┬[0m──────────[0m┬[0m─────────────────────────[0m┐[0m
│[0m[1m Primitive [0m│[0m[1m Exponent [0m│[0m[1m Contraction Coefficient [0m│[0m
├[0m───────────[0m┼[0m──────────[0m┼[0m─────────────────────────[0m┤[0m
│[0m       1.0 [0m│[0m 0.043800 [0m│[0m                1.000000 [0m│[0m
└[0m───────────[0m┴[0m──────────[0m┴[0m─────────────────────────[0m┘[0m
L (p)
┌[0m───────────[0m┬[0m──────────[0m┬[0m─────────────────────────[0m┐[0m
│[0m[1m Primitive [0m│[0m[1m Exponent [0m│[0m[1m Contraction Coefficient [0m│[0m
├[0m───────────[0m┼[0m──────────[0m┼[0m─────────────────────────[0m┤[0m
│[0m       1.0 [0m│[0m 0.043800 [0m│[0m                1.000000 [0m│[0m
└[0m───────────[0m┴[0m──────────[0m┴[0m─────────────────────────[0m┘[0m
 
 
 
ATOM #3 (C):
S
┌[0m───────────[0m┬[0m─────────────[0m┬[0m─────────────────────────[0m┐[0m
│[0m[1m Primitive [0m│[0m[1m    Exponent [0m│[0m[1m Contraction Coefficient [0m│[0m
├[0m───────────[0m┼[0m─────────────[0m┼[0m─────────────────────────[0m┤[0m
│[0m       1.0 [0m│[0m 4563.240000 [0m│[0m                0.001967 [0m│[0m
│[0m       2.0 [0m│[0m  682.024000 [0m│[0m                0.015231 [0m│[0m
│[0m       3.0 [0m│[0m  154.973000 [0m│[0m                0.076127 [0m│[0m
│[0m       4.0 [0m│[0m   44.455300 [0m│[0m                0.260801 [0m│[0m
│[0m       5.0 [0m│[0m   13.029000 [0m│[0m                0.616462 [0m│[0m
│[0m       6.0 [0m│[0m    1.827730 [0m│[0m                0.221006 [0m│[0m
└[0m───────────[0m┴[0m─────────────[0m┴[0m─────────────────────────[0m┘[0m
 
L (s)
┌[0m───────────[0m┬[0m───────────[0m┬[0m─────────────────────────[0m┐[0m
│[0m[1m Primitive [0m│[0m[1m  Exponent [0m│[0m[1m Contraction Coefficient [0m│[0m
├[0m───────────[0m┼[0m───────────[0m┼[0m─────────────────────────[0m┤[0m
│[0m       1.0 [0m│[0m 20.964200 [0m│[0m                0.114660 [0m│[0m
│[0m       2.0 [0m│[0m  4.803310 [0m│[0m                0.919999 [0m│[0m
│[0m       3.0 [0m│[0m  1.459330 [0m│[0m               -0.003031 [0m│[0m
└[0m───────────[0m┴[0m───────────[0m┴[0m─────────────────────────[0m┘[0m
L (p)
┌[0m───────────[0m┬[0m───────────[0m┬[0m─────────────────────────[0m┐[0m
│[0m[1m Primitive [0m│[0m[1m  Exponent [0m│[0m[1m Contraction Coefficient [0m│[0m
├[0m───────────[0m┼[0m───────────[0m┼[0m─────────────────────────[0m┤[0m
│[0m       1.0 [0m│[0m 20.964200 [0m│[0m                0.040249 [0m│[0m
│[0m       2.0 [0m│[0m  4.803310 [0m│[0m                0.237594 [0m│[0m
│[0m       3.0 [0m│[0m  1.459330 [0m│[0m                0.815854 [0m│[0m
└[0m───────────[0m┴[0m───────────[0m┴[0m─────────────────────────[0m┘[0m
 
L (s)
┌[0m───────────[0m┬[0m──────────[0m┬[0m─────────────────────────[0m┐[0m
│[0m[1m Primitive [0m│[0m[1m Exponent [0m│[0m[1m Contraction Coefficient [0m│[0m
├[0m───────────[0m┼[0m──────────[0m┼[0m─────────────────────────[0m┤[0m
│[0m       1.0 [0m│[0m 0.483456 [0m│[0m                1.000000 [0m│[0m
└[0m───────────[0m┴[0m──────────[0m┴[0m─────────────────────────[0m┘[0m
L (p)
┌[0m───────────[0m┬[0m──────────[0m┬[0m─────────────────────────[0m┐[0m
│[0m[1m Primitive [0m│[0m[1m Exponent [0m│[0m[1m Contraction Coefficient [0m│[0m
├[0m───────────[0m┼[0m──────────[0m┼[0m─────────────────────────[0m┤[0m
│[0m       1.0 [0m│[0m 0.483456 [0m│[0m                1.000000 [0m│[0m
└[0m───────────[0m┴[0m──────────[0m┴[0m─────────────────────────[0m┘[0m
 
L (s)
┌[0m───────────[0m┬[0m──────────[0m┬[0m─────────────────────────[0m┐[0m
│[0m[1m Primitive [0m│[0m[1m Exponent [0m│[0m[1m Contraction Coefficient [0m│[0m
├[0m───────────[0m┼[0m──────────[0m┼[0m─────────────────────────[0m┤[0m
│[0m       1.0 [0m│[0m 0.145585 [0m│[0m                1.000000 [0m│[0m
└[0m───────────[0m┴[0m──────────[0m┴[0m─────────────────────────[0m┘[0m
L (p)
┌[0m───────────[0m┬[0m──────────[0m┬[0m─────────────────────────[0m┐[0m
│[0m[1m Primitive [0m│[0m[1m Exponent [0m│[0m[1m Contraction Coefficient [0m│[0m
├[0m───────────[0m┼[0m──────────[0m┼[0m─────────────────────────[0m┤[0m
│[0m       1.0 [0m│[0m 0.145585 [0m│[0m                1.000000 [0m│[0m
└[0m───────────[0m┴[0m──────────[0m┴[0m─────────────────────────[0m┘[0m
 
D
┌[0m───────────[0m┬[0m──────────[0m┬[0m─────────────────────────[0m┐[0m
│[0m[1m Primitive [0m│[0m[1m Exponent [0m│[0m[1m Contraction Coefficient [0m│[0m
├[0m───────────[0m┼[0m──────────[0m┼[0m─────────────────────────[0m┤[0m
│[0m       1.0 [0m│[0m 2.504000 [0m│[0m                1.000000 [0m│[0m
└[0m───────────[0m┴[0m──────────[0m┴[0m─────────────────────────[0m┘[0m
 
D
┌[0m───────────[0m┬[0m──────────[0m┬[0m─────────────────────────[0m┐[0m
│[0m[1m Primitive [0m│[0m[1m Exponent [0m│[0m[1m Contraction Coefficient [0m│[0m
├[0m───────────[0m┼[0m──────────[0m┼[0m─────────────────────────[0m┤[0m
│[0m       1.0 [0m│[0m 0.626000 [0m│[0m                1.000000 [0m│[0m
└[0m───────────[0m┴[0m──────────[0m┴[0m─────────────────────────[0m┘[0m
 
D
┌[0m───────────[0m┬[0m──────────[0m┬[0m─────────────────────────[0m┐[0m
│[0m[1m Primitive [0m│[0m[1m Exponent [0m│[0m[1m Contraction Coefficient [0m│[0m
├[0m───────────[0m┼[0m──────────[0m┼[0m─────────────────────────[0m┤[0m
│[0m       1.0 [0m│[0m 0.156500 [0m│[0m                1.000000 [0m│[0m
└[0m───────────[0m┴[0m──────────[0m┴[0m─────────────────────────[0m┘[0m
 
F
┌[0m───────────[0m┬[0m──────────[0m┬[0m─────────────────────────[0m┐[0m
│[0m[1m Primitive [0m│[0m[1m Exponent [0m│[0m[1m Contraction Coefficient [0m│[0m
├[0m───────────[0m┼[0m──────────[0m┼[0m─────────────────────────[0m┤[0m
│[0m       1.0 [0m│[0m 0.800000 [0m│[0m                1.000000 [0m│[0m
└[0m───────────[0m┴[0m──────────[0m┴[0m─────────────────────────[0m┘[0m
 
L (s)
┌[0m───────────[0m┬[0m──────────[0m┬[0m─────────────────────────[0m┐[0m
│[0m[1m Primitive [0m│[0m[1m Exponent [0m│[0m[1m Contraction Coefficient [0m│[0m
├[0m───────────[0m┼[0m──────────[0m┼[0m─────────────────────────[0m┤[0m
│[0m       1.0 [0m│[0m 0.043800 [0m│[0m                1.000000 [0m│[0m
└[0m───────────[0m┴[0m──────────[0m┴[0m─────────────────────────[0m┘[0m
L (p)
┌[0m───────────[0m┬[0m──────────[0m┬[0m─────────────────────────[0m┐[0m
│[0m[1m Primitive [0m│[0m[1m Exponent [0m│[0m[1m Contraction Coefficient [0m│[0m
├[0m───────────[0m┼[0m──────────[0m┼[0m─────────────────────────[0m┤[0m
│[0m       1.0 [0m│[0m 0.043800 [0m│[0m                1.000000 [0m│[0m
└[0m───────────[0m┴[0m──────────[0m┴[0m─────────────────────────[0m┘[0m
 
 
 
ATOM #4 (O):
S
┌[0m───────────[0m┬[0m─────────────[0m┬[0m─────────────────────────[0m┐[0m
│[0m[1m Primitive [0m│[0m[1m    Exponent [0m│[0m[1m Contraction Coefficient [0m│[0m
├[0m───────────[0m┼[0m─────────────[0m┼[0m─────────────────────────[0m┤[0m
│[0m       1.0 [0m│[0m 8588.500000 [0m│[0m                0.001895 [0m│[0m
│[0m       2.0 [0m│[0m 1297.230000 [0m│[0m                0.014386 [0m│[0m
│[0m       3.0 [0m│[0m  299.296000 [0m│[0m                0.070732 [0m│[0m
│[0m       4.0 [0m│[0m   87.377100 [0m│[0m                0.240001 [0m│[0m
│[0m       5.0 [0m│[0m   25.678900 [0m│[0m                0.594797 [0m│[0m
│[0m       6.0 [0m│[0m    3.740040 [0m│[0m                0.280802 [0m│[0m
└[0m───────────[0m┴[0m─────────────[0m┴[0m─────────────────────────[0m┘[0m
 
L (s)
┌[0m───────────[0m┬[0m───────────[0m┬[0m─────────────────────────[0m┐[0m
│[0m[1m Primitive [0m│[0m[1m  Exponent [0m│[0m[1m Contraction Coefficient [0m│[0m
├[0m───────────[0m┼[0m───────────[0m┼[0m─────────────────────────[0m┤[0m
│[0m       1.0 [0m│[0m 42.117500 [0m│[0m                0.113889 [0m│[0m
│[0m       2.0 [0m│[0m  9.628370 [0m│[0m                0.920811 [0m│[0m
│[0m       3.0 [0m│[0m  2.853320 [0m│[0m               -0.003274 [0m│[0m
└[0m───────────[0m┴[0m───────────[0m┴[0m─────────────────────────[0m┘[0m
L (p)
┌[0m───────────[0m┬[0m───────────[0m┬[0m─────────────────────────[0m┐[0m
│[0m[1m Primitive [0m│[0m[1m  Exponent [0m│[0m[1m Contraction Coefficient [0m│[0m
├[0m───────────[0m┼[0m───────────[0m┼[0m─────────────────────────[0m┤[0m
│[0m       1.0 [0m│[0m 42.117500 [0m│[0m                0.036511 [0m│[0m
│[0m       2.0 [0m│[0m  9.628370 [0m│[0m                0.237153 [0m│[0m
│[0m       3.0 [0m│[0m  2.853320 [0m│[0m                0.819702 [0m│[0m
└[0m───────────[0m┴[0m───────────[0m┴[0m─────────────────────────[0m┘[0m
 
L (s)
┌[0m───────────[0m┬[0m──────────[0m┬[0m─────────────────────────[0m┐[0m
│[0m[1m Primitive [0m│[0m[1m Exponent [0m│[0m[1m Contraction Coefficient [0m│[0m
├[0m───────────[0m┼[0m──────────[0m┼[0m─────────────────────────[0m┤[0m
│[0m       1.0 [0m│[0m 0.905661 [0m│[0m                1.000000 [0m│[0m
└[0m───────────[0m┴[0m──────────[0m┴[0m─────────────────────────[0m┘[0m
L (p)
┌[0m───────────[0m┬[0m──────────[0m┬[0m─────────────────────────[0m┐[0m
│[0m[1m Primitive [0m│[0m[1m Exponent [0m│[0m[1m Contraction Coefficient [0m│[0m
├[0m───────────[0m┼[0m──────────[0m┼[0m─────────────────────────[0m┤[0m
│[0m       1.0 [0m│[0m 0.905661 [0m│[0m                1.000000 [0m│[0m
└[0m───────────[0m┴[0m──────────[0m┴[0m─────────────────────────[0m┘[0m
 
L (s)
┌[0m───────────[0m┬[0m──────────[0m┬[0m─────────────────────────[0m┐[0m
│[0m[1m Primitive [0m│[0m[1m Exponent [0m│[0m[1m Contraction Coefficient [0m│[0m
├[0m───────────[0m┼[0m──────────[0m┼[0m─────────────────────────[0m┤[0m
│[0m       1.0 [0m│[0m 0.255611 [0m│[0m                1.000000 [0m│[0m
└[0m───────────[0m┴[0m──────────[0m┴[0m─────────────────────────[0m┘[0m
L (p)
┌[0m───────────[0m┬[0m──────────[0m┬[0m─────────────────────────[0m┐[0m
│[0m[1m Primitive [0m│[0m[1m Exponent [0m│[0m[1m Contraction Coefficient [0m│[0m
├[0m───────────[0m┼[0m──────────[0m┼[0m─────────────────────────[0m┤[0m
│[0m       1.0 [0m│[0m 0.255611 [0m│[0m                1.000000 [0m│[0m
└[0m───────────[0m┴[0m──────────[0m┴[0m─────────────────────────[0m┘[0m
 
D
┌[0m───────────[0m┬[0m──────────[0m┬[0m─────────────────────────[0m┐[0m
│[0m[1m Primitive [0m│[0m[1m Exponent [0m│[0m[1m Contraction Coefficient [0m│[0m
├[0m───────────[0m┼[0m──────────[0m┼[0m─────────────────────────[0m┤[0m
│[0m       1.0 [0m│[0m 5.160000 [0m│[0m                1.000000 [0m│[0m
└[0m───────────[0m┴[0m──────────[0m┴[0m─────────────────────────[0m┘[0m
 
D
┌[0m───────────[0m┬[0m──────────[0m┬[0m─────────────────────────[0m┐[0m
│[0m[1m Primitive [0m│[0m[1m Exponent [0m│[0m[1m Contraction Coefficient [0m│[0m
├[0m───────────[0m┼[0m──────────[0m┼[0m─────────────────────────[0m┤[0m
│[0m       1.0 [0m│[0m 1.292000 [0m│[0m                1.000000 [0m│[0m
└[0m───────────[0m┴[0m──────────[0m┴[0m─────────────────────────[0m┘[0m
 
D
┌[0m───────────[0m┬[0m──────────[0m┬[0m─────────────────────────[0m┐[0m
│[0m[1m Primitive [0m│[0m[1m Exponent [0m│[0m[1m Contraction Coefficient [0m│[0m
├[0m───────────[0m┼[0m──────────[0m┼[0m─────────────────────────[0m┤[0m
│[0m       1.0 [0m│[0m 0.322500 [0m│[0m                1.000000 [0m│[0m
└[0m───────────[0m┴[0m──────────[0m┴[0m─────────────────────────[0m┘[0m
 
F
┌[0m───────────[0m┬[0m──────────[0m┬[0m─────────────────────────[0m┐[0m
│[0m[1m Primitive [0m│[0m[1m Exponent [0m│[0m[1m Contraction Coefficient [0m│[0m
├[0m───────────[0m┼[0m──────────[0m┼[0m─────────────────────────[0m┤[0m
│[0m       1.0 [0m│[0m 1.400000 [0m│[0m                1.000000 [0m│[0m
└[0m───────────[0m┴[0m──────────[0m┴[0m─────────────────────────[0m┘[0m
 
L (s)
┌[0m───────────[0m┬[0m──────────[0m┬[0m─────────────────────────[0m┐[0m
│[0m[1m Primitive [0m│[0m[1m Exponent [0m│[0m[1m Contraction Coefficient [0m│[0m
├[0m───────────[0m┼[0m──────────[0m┼[0m─────────────────────────[0m┤[0m
│[0m       1.0 [0m│[0m 0.084500 [0m│[0m                1.000000 [0m│[0m
└[0m───────────[0m┴[0m──────────[0m┴[0m─────────────────────────[0m┘[0m
L (p)
┌[0m───────────[0m┬[0m──────────[0m┬[0m─────────────────────────[0m┐[0m
│[0m[1m Primitive [0m│[0m[1m Exponent [0m│[0m[1m Contraction Coefficient [0m│[0m
├[0m───────────[0m┼[0m──────────[0m┼[0m─────────────────────────[0m┤[0m
│[0m       1.0 [0m│[0m 0.084500 [0m│[0m                1.000000 [0m│[0m
└[0m───────────[0m┴[0m──────────[0m┴[0m─────────────────────────[0m┘[0m
 
 
 
ATOM #5 (O):
S
┌[0m───────────[0m┬[0m─────────────[0m┬[0m─────────────────────────[0m┐[0m
│[0m[1m Primitive [0m│[0m[1m    Exponent [0m│[0m[1m Contraction Coefficient [0m│[0m
├[0m───────────[0m┼[0m─────────────[0m┼[0m─────────────────────────[0m┤[0m
│[0m       1.0 [0m│[0m 8588.500000 [0m│[0m                0.001895 [0m│[0m
│[0m       2.0 [0m│[0m 1297.230000 [0m│[0m                0.014386 [0m│[0m
│[0m       3.0 [0m│[0m  299.296000 [0m│[0m                0.070732 [0m│[0m
│[0m       4.0 [0m│[0m   87.377100 [0m│[0m                0.240001 [0m│[0m
│[0m       5.0 [0m│[0m   25.678900 [0m│[0m                0.594797 [0m│[0m
│[0m       6.0 [0m│[0m    3.740040 [0m│[0m                0.280802 [0m│[0m
└[0m───────────[0m┴[0m─────────────[0m┴[0m─────────────────────────[0m┘[0m
 
L (s)
┌[0m───────────[0m┬[0m───────────[0m┬[0m─────────────────────────[0m┐[0m
│[0m[1m Primitive [0m│[0m[1m  Exponent [0m│[0m[1m Contraction Coefficient [0m│[0m
├[0m───────────[0m┼[0m───────────[0m┼[0m─────────────────────────[0m┤[0m
│[0m       1.0 [0m│[0m 42.117500 [0m│[0m                0.113889 [0m│[0m
│[0m       2.0 [0m│[0m  9.628370 [0m│[0m                0.920811 [0m│[0m
│[0m       3.0 [0m│[0m  2.853320 [0m│[0m               -0.003274 [0m│[0m
└[0m───────────[0m┴[0m───────────[0m┴[0m─────────────────────────[0m┘[0m
L (p)
┌[0m───────────[0m┬[0m───────────[0m┬[0m─────────────────────────[0m┐[0m
│[0m[1m Primitive [0m│[0m[1m  Exponent [0m│[0m[1m Contraction Coefficient [0m│[0m
├[0m───────────[0m┼[0m───────────[0m┼[0m─────────────────────────[0m┤[0m
│[0m       1.0 [0m│[0m 42.117500 [0m│[0m                0.036511 [0m│[0m
│[0m       2.0 [0m│[0m  9.628370 [0m│[0m                0.237153 [0m│[0m
│[0m       3.0 [0m│[0m  2.853320 [0m│[0m                0.819702 [0m│[0m
└[0m───────────[0m┴[0m───────────[0m┴[0m─────────────────────────[0m┘[0m
 
L (s)
┌[0m───────────[0m┬[0m──────────[0m┬[0m─────────────────────────[0m┐[0m
│[0m[1m Primitive [0m│[0m[1m Exponent [0m│[0m[1m Contraction Coefficient [0m│[0m
├[0m───────────[0m┼[0m──────────[0m┼[0m─────────────────────────[0m┤[0m
│[0m       1.0 [0m│[0m 0.905661 [0m│[0m                1.000000 [0m│[0m
└[0m───────────[0m┴[0m──────────[0m┴[0m─────────────────────────[0m┘[0m
L (p)
┌[0m───────────[0m┬[0m──────────[0m┬[0m─────────────────────────[0m┐[0m
│[0m[1m Primitive [0m│[0m[1m Exponent [0m│[0m[1m Contraction Coefficient [0m│[0m
├[0m───────────[0m┼[0m──────────[0m┼[0m─────────────────────────[0m┤[0m
│[0m       1.0 [0m│[0m 0.905661 [0m│[0m                1.000000 [0m│[0m
└[0m───────────[0m┴[0m──────────[0m┴[0m─────────────────────────[0m┘[0m
 
L (s)
┌[0m───────────[0m┬[0m──────────[0m┬[0m─────────────────────────[0m┐[0m
│[0m[1m Primitive [0m│[0m[1m Exponent [0m│[0m[1m Contraction Coefficient [0m│[0m
├[0m───────────[0m┼[0m──────────[0m┼[0m─────────────────────────[0m┤[0m
│[0m       1.0 [0m│[0m 0.255611 [0m│[0m                1.000000 [0m│[0m
└[0m───────────[0m┴[0m──────────[0m┴[0m─────────────────────────[0m┘[0m
L (p)
┌[0m───────────[0m┬[0m──────────[0m┬[0m─────────────────────────[0m┐[0m
│[0m[1m Primitive [0m│[0m[1m Exponent [0m│[0m[1m Contraction Coefficient [0m│[0m
├[0m───────────[0m┼[0m──────────[0m┼[0m─────────────────────────[0m┤[0m
│[0m       1.0 [0m│[0m 0.255611 [0m│[0m                1.000000 [0m│[0m
└[0m───────────[0m┴[0m──────────[0m┴[0m─────────────────────────[0m┘[0m
 
D
┌[0m───────────[0m┬[0m──────────[0m┬[0m─────────────────────────[0m┐[0m
│[0m[1m Primitive [0m│[0m[1m Exponent [0m│[0m[1m Contraction Coefficient [0m│[0m
├[0m───────────[0m┼[0m──────────[0m┼[0m─────────────────────────[0m┤[0m
│[0m       1.0 [0m│[0m 5.160000 [0m│[0m                1.000000 [0m│[0m
└[0m───────────[0m┴[0m──────────[0m┴[0m─────────────────────────[0m┘[0m
 
D
┌[0m───────────[0m┬[0m──────────[0m┬[0m─────────────────────────[0m┐[0m
│[0m[1m Primitive [0m│[0m[1m Exponent [0m│[0m[1m Contraction Coefficient [0m│[0m
├[0m───────────[0m┼[0m──────────[0m┼[0m─────────────────────────[0m┤[0m
│[0m       1.0 [0m│[0m 1.292000 [0m│[0m                1.000000 [0m│[0m
└[0m───────────[0m┴[0m──────────[0m┴[0m─────────────────────────[0m┘[0m
 
D
┌[0m───────────[0m┬[0m──────────[0m┬[0m─────────────────────────[0m┐[0m
│[0m[1m Primitive [0m│[0m[1m Exponent [0m│[0m[1m Contraction Coefficient [0m│[0m
├[0m───────────[0m┼[0m──────────[0m┼[0m─────────────────────────[0m┤[0m
│[0m       1.0 [0m│[0m 0.322500 [0m│[0m                1.000000 [0m│[0m
└[0m───────────[0m┴[0m──────────[0m┴[0m─────────────────────────[0m┘[0m
 
F
┌[0m───────────[0m┬[0m──────────[0m┬[0m─────────────────────────[0m┐[0m
│[0m[1m Primitive [0m│[0m[1m Exponent [0m│[0m[1m Contraction Coefficient [0m│[0m
├[0m───────────[0m┼[0m──────────[0m┼[0m─────────────────────────[0m┤[0m
│[0m       1.0 [0m│[0m 1.400000 [0m│[0m                1.000000 [0m│[0m
└[0m───────────[0m┴[0m──────────[0m┴[0m─────────────────────────[0m┘[0m
 
L (s)
┌[0m───────────[0m┬[0m──────────[0m┬[0m─────────────────────────[0m┐[0m
│[0m[1m Primitive [0m│[0m[1m Exponent [0m│[0m[1m Contraction Coefficient [0m│[0m
├[0m───────────[0m┼[0m──────────[0m┼[0m─────────────────────────[0m┤[0m
│[0m       1.0 [0m│[0m 0.084500 [0m│[0m                1.000000 [0m│[0m
└[0m───────────[0m┴[0m──────────[0m┴[0m─────────────────────────[0m┘[0m
L (p)
┌[0m───────────[0m┬[0m──────────[0m┬[0m─────────────────────────[0m┐[0m
│[0m[1m Primitive [0m│[0m[1m Exponent [0m│[0m[1m Contraction Coefficient [0m│[0m
├[0m───────────[0m┼[0m──────────[0m┼[0m─────────────────────────[0m┤[0m
│[0m       1.0 [0m│[0m 0.084500 [0m│[0m                1.000000 [0m│[0m
└[0m───────────[0m┴[0m──────────[0m┴[0m─────────────────────────[0m┘[0m
 
 
 
ATOM #6 (O):
S
┌[0m───────────[0m┬[0m─────────────[0m┬[0m─────────────────────────[0m┐[0m
│[0m[1m Primitive [0m│[0m[1m    Exponent [0m│[0m[1m Contraction Coefficient [0m│[0m
├[0m───────────[0m┼[0m─────────────[0m┼[0m─────────────────────────[0m┤[0m
│[0m       1.0 [0m│[0m 8588.500000 [0m│[0m                0.001895 [0m│[0m
│[0m       2.0 [0m│[0m 1297.230000 [0m│[0m                0.014386 [0m│[0m
│[0m       3.0 [0m│[0m  299.296000 [0m│[0m                0.070732 [0m│[0m
│[0m       4.0 [0m│[0m   87.377100 [0m│[0m                0.240001 [0m│[0m
│[0m       5.0 [0m│[0m   25.678900 [0m│[0m                0.594797 [0m│[0m
│[0m       6.0 [0m│[0m    3.740040 [0m│[0m                0.280802 [0m│[0m
└[0m───────────[0m┴[0m─────────────[0m┴[0m─────────────────────────[0m┘[0m
 
L (s)
┌[0m───────────[0m┬[0m───────────[0m┬[0m─────────────────────────[0m┐[0m
│[0m[1m Primitive [0m│[0m[1m  Exponent [0m│[0m[1m Contraction Coefficient [0m│[0m
├[0m───────────[0m┼[0m───────────[0m┼[0m─────────────────────────[0m┤[0m
│[0m       1.0 [0m│[0m 42.117500 [0m│[0m                0.113889 [0m│[0m
│[0m       2.0 [0m│[0m  9.628370 [0m│[0m                0.920811 [0m│[0m
│[0m       3.0 [0m│[0m  2.853320 [0m│[0m               -0.003274 [0m│[0m
└[0m───────────[0m┴[0m───────────[0m┴[0m─────────────────────────[0m┘[0m
L (p)
┌[0m───────────[0m┬[0m───────────[0m┬[0m─────────────────────────[0m┐[0m
│[0m[1m Primitive [0m│[0m[1m  Exponent [0m│[0m[1m Contraction Coefficient [0m│[0m
├[0m───────────[0m┼[0m───────────[0m┼[0m─────────────────────────[0m┤[0m
│[0m       1.0 [0m│[0m 42.117500 [0m│[0m                0.036511 [0m│[0m
│[0m       2.0 [0m│[0m  9.628370 [0m│[0m                0.237153 [0m│[0m
│[0m       3.0 [0m│[0m  2.853320 [0m│[0m                0.819702 [0m│[0m
└[0m───────────[0m┴[0m───────────[0m┴[0m─────────────────────────[0m┘[0m
 
L (s)
┌[0m───────────[0m┬[0m──────────[0m┬[0m─────────────────────────[0m┐[0m
│[0m[1m Primitive [0m│[0m[1m Exponent [0m│[0m[1m Contraction Coefficient [0m│[0m
├[0m───────────[0m┼[0m──────────[0m┼[0m─────────────────────────[0m┤[0m
│[0m       1.0 [0m│[0m 0.905661 [0m│[0m                1.000000 [0m│[0m
└[0m───────────[0m┴[0m──────────[0m┴[0m─────────────────────────[0m┘[0m
L (p)
┌[0m───────────[0m┬[0m──────────[0m┬[0m─────────────────────────[0m┐[0m
│[0m[1m Primitive [0m│[0m[1m Exponent [0m│[0m[1m Contraction Coefficient [0m│[0m
├[0m───────────[0m┼[0m──────────[0m┼[0m─────────────────────────[0m┤[0m
│[0m       1.0 [0m│[0m 0.905661 [0m│[0m                1.000000 [0m│[0m
└[0m───────────[0m┴[0m──────────[0m┴[0m─────────────────────────[0m┘[0m
 
L (s)
┌[0m───────────[0m┬[0m──────────[0m┬[0m─────────────────────────[0m┐[0m
│[0m[1m Primitive [0m│[0m[1m Exponent [0m│[0m[1m Contraction Coefficient [0m│[0m
├[0m───────────[0m┼[0m──────────[0m┼[0m─────────────────────────[0m┤[0m
│[0m       1.0 [0m│[0m 0.255611 [0m│[0m                1.000000 [0m│[0m
└[0m───────────[0m┴[0m──────────[0m┴[0m─────────────────────────[0m┘[0m
L (p)
┌[0m───────────[0m┬[0m──────────[0m┬[0m─────────────────────────[0m┐[0m
│[0m[1m Primitive [0m│[0m[1m Exponent [0m│[0m[1m Contraction Coefficient [0m│[0m
├[0m───────────[0m┼[0m──────────[0m┼[0m─────────────────────────[0m┤[0m
│[0m       1.0 [0m│[0m 0.255611 [0m│[0m                1.000000 [0m│[0m
└[0m───────────[0m┴[0m──────────[0m┴[0m─────────────────────────[0m┘[0m
 
D
┌[0m───────────[0m┬[0m──────────[0m┬[0m─────────────────────────[0m┐[0m
│[0m[1m Primitive [0m│[0m[1m Exponent [0m│[0m[1m Contraction Coefficient [0m│[0m
├[0m───────────[0m┼[0m──────────[0m┼[0m─────────────────────────[0m┤[0m
│[0m       1.0 [0m│[0m 5.160000 [0m│[0m                1.000000 [0m│[0m
└[0m───────────[0m┴[0m──────────[0m┴[0m─────────────────────────[0m┘[0m
 
D
┌[0m───────────[0m┬[0m──────────[0m┬[0m─────────────────────────[0m┐[0m
│[0m[1m Primitive [0m│[0m[1m Exponent [0m│[0m[1m Contraction Coefficient [0m│[0m
├[0m───────────[0m┼[0m──────────[0m┼[0m─────────────────────────[0m┤[0m
│[0m       1.0 [0m│[0m 1.292000 [0m│[0m                1.000000 [0m│[0m
└[0m───────────[0m┴[0m──────────[0m┴[0m─────────────────────────[0m┘[0m
 
D
┌[0m───────────[0m┬[0m──────────[0m┬[0m─────────────────────────[0m┐[0m
│[0m[1m Primitive [0m│[0m[1m Exponent [0m│[0m[1m Contraction Coefficient [0m│[0m
├[0m───────────[0m┼[0m──────────[0m┼[0m─────────────────────────[0m┤[0m
│[0m       1.0 [0m│[0m 0.322500 [0m│[0m                1.000000 [0m│[0m
└[0m───────────[0m┴[0m──────────[0m┴[0m─────────────────────────[0m┘[0m
 
F
┌[0m───────────[0m┬[0m──────────[0m┬[0m─────────────────────────[0m┐[0m
│[0m[1m Primitive [0m│[0m[1m Exponent [0m│[0m[1m Contraction Coefficient [0m│[0m
├[0m───────────[0m┼[0m──────────[0m┼[0m─────────────────────────[0m┤[0m
│[0m       1.0 [0m│[0m 1.400000 [0m│[0m                1.000000 [0m│[0m
└[0m───────────[0m┴[0m──────────[0m┴[0m─────────────────────────[0m┘[0m
 
L (s)
┌[0m───────────[0m┬[0m──────────[0m┬[0m─────────────────────────[0m┐[0m
│[0m[1m Primitive [0m│[0m[1m Exponent [0m│[0m[1m Contraction Coefficient [0m│[0m
├[0m───────────[0m┼[0m──────────[0m┼[0m─────────────────────────[0m┤[0m
│[0m       1.0 [0m│[0m 0.084500 [0m│[0m                1.000000 [0m│[0m
└[0m───────────[0m┴[0m──────────[0m┴[0m─────────────────────────[0m┘[0m
L (p)
┌[0m───────────[0m┬[0m──────────[0m┬[0m─────────────────────────[0m┐[0m
│[0m[1m Primitive [0m│[0m[1m Exponent [0m│[0m[1m Contraction Coefficient [0m│[0m
├[0m───────────[0m┼[0m──────────[0m┼[0m─────────────────────────[0m┤[0m
│[0m       1.0 [0m│[0m 0.084500 [0m│[0m                1.000000 [0m│[0m
└[0m───────────[0m┴[0m──────────[0m┴[0m─────────────────────────[0m┘[0m
 
 
 
ATOM #7 (H):
S
┌[0m───────────[0m┬[0m───────────[0m┬[0m─────────────────────────[0m┐[0m
│[0m[1m Primitive [0m│[0m[1m  Exponent [0m│[0m[1m Contraction Coefficient [0m│[0m
├[0m───────────[0m┼[0m───────────[0m┼[0m─────────────────────────[0m┤[0m
│[0m       1.0 [0m│[0m 33.865000 [0m│[0m                0.025494 [0m│[0m
│[0m       2.0 [0m│[0m  5.094790 [0m│[0m                0.190373 [0m│[0m
│[0m       3.0 [0m│[0m  1.158790 [0m│[0m                0.852161 [0m│[0m
└[0m───────────[0m┴[0m───────────[0m┴[0m─────────────────────────[0m┘[0m
 
S
┌[0m───────────[0m┬[0m──────────[0m┬[0m─────────────────────────[0m┐[0m
│[0m[1m Primitive [0m│[0m[1m Exponent [0m│[0m[1m Contraction Coefficient [0m│[0m
├[0m───────────[0m┼[0m──────────[0m┼[0m─────────────────────────[0m┤[0m
│[0m       1.0 [0m│[0m 0.325840 [0m│[0m                1.000000 [0m│[0m
└[0m───────────[0m┴[0m──────────[0m┴[0m─────────────────────────[0m┘[0m
 
S
┌[0m───────────[0m┬[0m──────────[0m┬[0m─────────────────────────[0m┐[0m
│[0m[1m Primitive [0m│[0m[1m Exponent [0m│[0m[1m Contraction Coefficient [0m│[0m
├[0m───────────[0m┼[0m──────────[0m┼[0m─────────────────────────[0m┤[0m
│[0m       1.0 [0m│[0m 0.102741 [0m│[0m                1.000000 [0m│[0m
└[0m───────────[0m┴[0m──────────[0m┴[0m─────────────────────────[0m┘[0m
 
P
┌[0m───────────[0m┬[0m──────────[0m┬[0m─────────────────────────[0m┐[0m
│[0m[1m Primitive [0m│[0m[1m Exponent [0m│[0m[1m Contraction Coefficient [0m│[0m
├[0m───────────[0m┼[0m──────────[0m┼[0m─────────────────────────[0m┤[0m
│[0m       1.0 [0m│[0m 3.000000 [0m│[0m                1.000000 [0m│[0m
└[0m───────────[0m┴[0m──────────[0m┴[0m─────────────────────────[0m┘[0m
 
P
┌[0m───────────[0m┬[0m──────────[0m┬[0m─────────────────────────[0m┐[0m
│[0m[1m Primitive [0m│[0m[1m Exponent [0m│[0m[1m Contraction Coefficient [0m│[0m
├[0m───────────[0m┼[0m──────────[0m┼[0m─────────────────────────[0m┤[0m
│[0m       1.0 [0m│[0m 0.750000 [0m│[0m                1.000000 [0m│[0m
└[0m───────────[0m┴[0m──────────[0m┴[0m─────────────────────────[0m┘[0m
 
P
┌[0m───────────[0m┬[0m──────────[0m┬[0m─────────────────────────[0m┐[0m
│[0m[1m Primitive [0m│[0m[1m Exponent [0m│[0m[1m Contraction Coefficient [0m│[0m
├[0m───────────[0m┼[0m──────────[0m┼[0m─────────────────────────[0m┤[0m
│[0m       1.0 [0m│[0m 0.187500 [0m│[0m                1.000000 [0m│[0m
└[0m───────────[0m┴[0m──────────[0m┴[0m─────────────────────────[0m┘[0m
 
D
┌[0m───────────[0m┬[0m──────────[0m┬[0m─────────────────────────[0m┐[0m
│[0m[1m Primitive [0m│[0m[1m Exponent [0m│[0m[1m Contraction Coefficient [0m│[0m
├[0m───────────[0m┼[0m──────────[0m┼[0m─────────────────────────[0m┤[0m
│[0m       1.0 [0m│[0m 1.000000 [0m│[0m                1.000000 [0m│[0m
└[0m───────────[0m┴[0m──────────[0m┴[0m─────────────────────────[0m┘[0m
 
S
┌[0m───────────[0m┬[0m──────────[0m┬[0m─────────────────────────[0m┐[0m
│[0m[1m Primitive [0m│[0m[1m Exponent [0m│[0m[1m Contraction Coefficient [0m│[0m
├[0m───────────[0m┼[0m──────────[0m┼[0m─────────────────────────[0m┤[0m
│[0m       1.0 [0m│[0m 0.036000 [0m│[0m                1.000000 [0m│[0m
└[0m───────────[0m┴[0m──────────[0m┴[0m─────────────────────────[0m┘[0m
 
 
 
ATOM #8 (H):
S
┌[0m───────────[0m┬[0m───────────[0m┬[0m─────────────────────────[0m┐[0m
│[0m[1m Primitive [0m│[0m[1m  Exponent [0m│[0m[1m Contraction Coefficient [0m│[0m
├[0m───────────[0m┼[0m───────────[0m┼[0m─────────────────────────[0m┤[0m
│[0m       1.0 [0m│[0m 33.865000 [0m│[0m                0.025494 [0m│[0m
│[0m       2.0 [0m│[0m  5.094790 [0m│[0m                0.190373 [0m│[0m
│[0m       3.0 [0m│[0m  1.158790 [0m│[0m                0.852161 [0m│[0m
└[0m───────────[0m┴[0m───────────[0m┴[0m─────────────────────────[0m┘[0m
 
S
┌[0m───────────[0m┬[0m──────────[0m┬[0m─────────────────────────[0m┐[0m
│[0m[1m Primitive [0m│[0m[1m Exponent [0m│[0m[1m Contraction Coefficient [0m│[0m
├[0m───────────[0m┼[0m──────────[0m┼[0m─────────────────────────[0m┤[0m
│[0m       1.0 [0m│[0m 0.325840 [0m│[0m                1.000000 [0m│[0m
└[0m───────────[0m┴[0m──────────[0m┴[0m─────────────────────────[0m┘[0m
 
S
┌[0m───────────[0m┬[0m──────────[0m┬[0m─────────────────────────[0m┐[0m
│[0m[1m Primitive [0m│[0m[1m Exponent [0m│[0m[1m Contraction Coefficient [0m│[0m
├[0m───────────[0m┼[0m──────────[0m┼[0m─────────────────────────[0m┤[0m
│[0m       1.0 [0m│[0m 0.102741 [0m│[0m                1.000000 [0m│[0m
└[0m───────────[0m┴[0m──────────[0m┴[0m─────────────────────────[0m┘[0m
 
P
┌[0m───────────[0m┬[0m──────────[0m┬[0m─────────────────────────[0m┐[0m
│[0m[1m Primitive [0m│[0m[1m Exponent [0m│[0m[1m Contraction Coefficient [0m│[0m
├[0m───────────[0m┼[0m──────────[0m┼[0m─────────────────────────[0m┤[0m
│[0m       1.0 [0m│[0m 3.000000 [0m│[0m                1.000000 [0m│[0m
└[0m───────────[0m┴[0m──────────[0m┴[0m─────────────────────────[0m┘[0m
 
P
┌[0m───────────[0m┬[0m──────────[0m┬[0m─────────────────────────[0m┐[0m
│[0m[1m Primitive [0m│[0m[1m Exponent [0m│[0m[1m Contraction Coefficient [0m│[0m
├[0m───────────[0m┼[0m──────────[0m┼[0m─────────────────────────[0m┤[0m
│[0m       1.0 [0m│[0m 0.750000 [0m│[0m                1.000000 [0m│[0m
└[0m───────────[0m┴[0m──────────[0m┴[0m─────────────────────────[0m┘[0m
 
P
┌[0m───────────[0m┬[0m──────────[0m┬[0m─────────────────────────[0m┐[0m
│[0m[1m Primitive [0m│[0m[1m Exponent [0m│[0m[1m Contraction Coefficient [0m│[0m
├[0m───────────[0m┼[0m──────────[0m┼[0m─────────────────────────[0m┤[0m
│[0m       1.0 [0m│[0m 0.187500 [0m│[0m                1.000000 [0m│[0m
└[0m───────────[0m┴[0m──────────[0m┴[0m─────────────────────────[0m┘[0m
 
D
┌[0m───────────[0m┬[0m──────────[0m┬[0m─────────────────────────[0m┐[0m
│[0m[1m Primitive [0m│[0m[1m Exponent [0m│[0m[1m Contraction Coefficient [0m│[0m
├[0m───────────[0m┼[0m──────────[0m┼[0m─────────────────────────[0m┤[0m
│[0m       1.0 [0m│[0m 1.000000 [0m│[0m                1.000000 [0m│[0m
└[0m───────────[0m┴[0m──────────[0m┴[0m─────────────────────────[0m┘[0m
 
S
┌[0m───────────[0m┬[0m──────────[0m┬[0m─────────────────────────[0m┐[0m
│[0m[1m Primitive [0m│[0m[1m Exponent [0m│[0m[1m Contraction Coefficient [0m│[0m
├[0m───────────[0m┼[0m──────────[0m┼[0m─────────────────────────[0m┤[0m
│[0m       1.0 [0m│[0m 0.036000 [0m│[0m                1.000000 [0m│[0m
└[0m───────────[0m┴[0m──────────[0m┴[0m─────────────────────────[0m┘[0m
 
 
 
ATOM #9 (H):
S
┌[0m───────────[0m┬[0m───────────[0m┬[0m─────────────────────────[0m┐[0m
│[0m[1m Primitive [0m│[0m[1m  Exponent [0m│[0m[1m Contraction Coefficient [0m│[0m
├[0m───────────[0m┼[0m───────────[0m┼[0m─────────────────────────[0m┤[0m
│[0m       1.0 [0m│[0m 33.865000 [0m│[0m                0.025494 [0m│[0m
│[0m       2.0 [0m│[0m  5.094790 [0m│[0m                0.190373 [0m│[0m
│[0m       3.0 [0m│[0m  1.158790 [0m│[0m                0.852161 [0m│[0m
└[0m───────────[0m┴[0m───────────[0m┴[0m─────────────────────────[0m┘[0m
 
S
┌[0m───────────[0m┬[0m──────────[0m┬[0m─────────────────────────[0m┐[0m
│[0m[1m Primitive [0m│[0m[1m Exponent [0m│[0m[1m Contraction Coefficient [0m│[0m
├[0m───────────[0m┼[0m──────────[0m┼[0m─────────────────────────[0m┤[0m
│[0m       1.0 [0m│[0m 0.325840 [0m│[0m                1.000000 [0m│[0m
└[0m───────────[0m┴[0m──────────[0m┴[0m─────────────────────────[0m┘[0m
 
S
┌[0m───────────[0m┬[0m──────────[0m┬[0m─────────────────────────[0m┐[0m
│[0m[1m Primitive [0m│[0m[1m Exponent [0m│[0m[1m Contraction Coefficient [0m│[0m
├[0m───────────[0m┼[0m──────────[0m┼[0m─────────────────────────[0m┤[0m
│[0m       1.0 [0m│[0m 0.102741 [0m│[0m                1.000000 [0m│[0m
└[0m───────────[0m┴[0m──────────[0m┴[0m─────────────────────────[0m┘[0m
 
P
┌[0m───────────[0m┬[0m──────────[0m┬[0m─────────────────────────[0m┐[0m
│[0m[1m Primitive [0m│[0m[1m Exponent [0m│[0m[1m Contraction Coefficient [0m│[0m
├[0m───────────[0m┼[0m──────────[0m┼[0m─────────────────────────[0m┤[0m
│[0m       1.0 [0m│[0m 3.000000 [0m│[0m                1.000000 [0m│[0m
└[0m───────────[0m┴[0m──────────[0m┴[0m─────────────────────────[0m┘[0m
 
P
┌[0m───────────[0m┬[0m──────────[0m┬[0m─────────────────────────[0m┐[0m
│[0m[1m Primitive [0m│[0m[1m Exponent [0m│[0m[1m Contraction Coefficient [0m│[0m
├[0m───────────[0m┼[0m──────────[0m┼[0m─────────────────────────[0m┤[0m
│[0m       1.0 [0m│[0m 0.750000 [0m│[0m                1.000000 [0m│[0m
└[0m───────────[0m┴[0m──────────[0m┴[0m─────────────────────────[0m┘[0m
 
P
┌[0m───────────[0m┬[0m──────────[0m┬[0m─────────────────────────[0m┐[0m
│[0m[1m Primitive [0m│[0m[1m Exponent [0m│[0m[1m Contraction Coefficient [0m│[0m
├[0m───────────[0m┼[0m──────────[0m┼[0m─────────────────────────[0m┤[0m
│[0m       1.0 [0m│[0m 0.187500 [0m│[0m                1.000000 [0m│[0m
└[0m───────────[0m┴[0m──────────[0m┴[0m─────────────────────────[0m┘[0m
 
D
┌[0m───────────[0m┬[0m──────────[0m┬[0m─────────────────────────[0m┐[0m
│[0m[1m Primitive [0m│[0m[1m Exponent [0m│[0m[1m Contraction Coefficient [0m│[0m
├[0m───────────[0m┼[0m──────────[0m┼[0m─────────────────────────[0m┤[0m
│[0m       1.0 [0m│[0m 1.000000 [0m│[0m                1.000000 [0m│[0m
└[0m───────────[0m┴[0m──────────[0m┴[0m─────────────────────────[0m┘[0m
 
S
┌[0m───────────[0m┬[0m──────────[0m┬[0m─────────────────────────[0m┐[0m
│[0m[1m Primitive [0m│[0m[1m Exponent [0m│[0m[1m Contraction Coefficient [0m│[0m
├[0m───────────[0m┼[0m──────────[0m┼[0m─────────────────────────[0m┤[0m
│[0m       1.0 [0m│[0m 0.036000 [0m│[0m                1.000000 [0m│[0m
└[0m───────────[0m┴[0m──────────[0m┴[0m─────────────────────────[0m┘[0m
 
 
 
ATOM #10 (H):
S
┌[0m───────────[0m┬[0m───────────[0m┬[0m─────────────────────────[0m┐[0m
│[0m[1m Primitive [0m│[0m[1m  Exponent [0m│[0m[1m Contraction Coefficient [0m│[0m
├[0m───────────[0m┼[0m───────────[0m┼[0m─────────────────────────[0m┤[0m
│[0m       1.0 [0m│[0m 33.865000 [0m│[0m                0.025494 [0m│[0m
│[0m       2.0 [0m│[0m  5.094790 [0m│[0m                0.190373 [0m│[0m
│[0m       3.0 [0m│[0m  1.158790 [0m│[0m                0.852161 [0m│[0m
└[0m───────────[0m┴[0m───────────[0m┴[0m─────────────────────────[0m┘[0m
 
S
┌[0m───────────[0m┬[0m──────────[0m┬[0m─────────────────────────[0m┐[0m
│[0m[1m Primitive [0m│[0m[1m Exponent [0m│[0m[1m Contraction Coefficient [0m│[0m
├[0m───────────[0m┼[0m──────────[0m┼[0m─────────────────────────[0m┤[0m
│[0m       1.0 [0m│[0m 0.325840 [0m│[0m                1.000000 [0m│[0m
└[0m───────────[0m┴[0m──────────[0m┴[0m─────────────────────────[0m┘[0m
 
S
┌[0m───────────[0m┬[0m──────────[0m┬[0m─────────────────────────[0m┐[0m
│[0m[1m Primitive [0m│[0m[1m Exponent [0m│[0m[1m Contraction Coefficient [0m│[0m
├[0m───────────[0m┼[0m──────────[0m┼[0m─────────────────────────[0m┤[0m
│[0m       1.0 [0m│[0m 0.102741 [0m│[0m                1.000000 [0m│[0m
└[0m───────────[0m┴[0m──────────[0m┴[0m─────────────────────────[0m┘[0m
 
P
┌[0m───────────[0m┬[0m──────────[0m┬[0m─────────────────────────[0m┐[0m
│[0m[1m Primitive [0m│[0m[1m Exponent [0m│[0m[1m Contraction Coefficient [0m│[0m
├[0m───────────[0m┼[0m──────────[0m┼[0m─────────────────────────[0m┤[0m
│[0m       1.0 [0m│[0m 3.000000 [0m│[0m                1.000000 [0m│[0m
└[0m───────────[0m┴[0m──────────[0m┴[0m─────────────────────────[0m┘[0m
 
P
┌[0m───────────[0m┬[0m──────────[0m┬[0m─────────────────────────[0m┐[0m
│[0m[1m Primitive [0m│[0m[1m Exponent [0m│[0m[1m Contraction Coefficient [0m│[0m
├[0m───────────[0m┼[0m──────────[0m┼[0m─────────────────────────[0m┤[0m
│[0m       1.0 [0m│[0m 0.750000 [0m│[0m                1.000000 [0m│[0m
└[0m───────────[0m┴[0m──────────[0m┴[0m─────────────────────────[0m┘[0m
 
P
┌[0m───────────[0m┬[0m──────────[0m┬[0m─────────────────────────[0m┐[0m
│[0m[1m Primitive [0m│[0m[1m Exponent [0m│[0m[1m Contraction Coefficient [0m│[0m
├[0m───────────[0m┼[0m──────────[0m┼[0m─────────────────────────[0m┤[0m
│[0m       1.0 [0m│[0m 0.187500 [0m│[0m                1.000000 [0m│[0m
└[0m───────────[0m┴[0m──────────[0m┴[0m─────────────────────────[0m┘[0m
 
D
┌[0m───────────[0m┬[0m──────────[0m┬[0m─────────────────────────[0m┐[0m
│[0m[1m Primitive [0m│[0m[1m Exponent [0m│[0m[1m Contraction Coefficient [0m│[0m
├[0m───────────[0m┼[0m──────────[0m┼[0m─────────────────────────[0m┤[0m
│[0m       1.0 [0m│[0m 1.000000 [0m│[0m                1.000000 [0m│[0m
└[0m───────────[0m┴[0m──────────[0m┴[0m─────────────────────────[0m┘[0m
 
S
┌[0m───────────[0m┬[0m──────────[0m┬[0m─────────────────────────[0m┐[0m
│[0m[1m Primitive [0m│[0m[1m Exponent [0m│[0m[1m Contraction Coefficient [0m│[0m
├[0m───────────[0m┼[0m──────────[0m┼[0m─────────────────────────[0m┤[0m
│[0m       1.0 [0m│[0m 0.036000 [0m│[0m                1.000000 [0m│[0m
└[0m───────────[0m┴[0m──────────[0m┴[0m─────────────────────────[0m┘[0m
 
 
 
ATOM #11 (Li):
S
┌[0m───────────[0m┬[0m────────────[0m┬[0m─────────────────────────[0m┐[0m
│[0m[1m Primitive [0m│[0m[1m   Exponent [0m│[0m[1m Contraction Coefficient [0m│[0m
├[0m───────────[0m┼[0m────────────[0m┼[0m─────────────────────────[0m┤[0m
│[0m       1.0 [0m│[0m 900.460000 [0m│[0m                0.002287 [0m│[0m
│[0m       2.0 [0m│[0m 134.433000 [0m│[0m                0.017635 [0m│[0m
│[0m       3.0 [0m│[0m  30.436500 [0m│[0m                0.087343 [0m│[0m
│[0m       4.0 [0m│[0m   8.626390 [0m│[0m                0.280977 [0m│[0m
│[0m       5.0 [0m│[0m   2.483320 [0m│[0m                0.658741 [0m│[0m
│[0m       6.0 [0m│[0m   0.303179 [0m│[0m                0.118712 [0m│[0m
└[0m───────────[0m┴[0m────────────[0m┴[0m─────────────────────────[0m┘[0m
 
L (s)
┌[0m───────────[0m┬[0m──────────[0m┬[0m─────────────────────────[0m┐[0m
│[0m[1m Primitive [0m│[0m[1m Exponent [0m│[0m[1m Contraction Coefficient [0m│[0m
├[0m───────────[0m┼[0m──────────[0m┼[0m─────────────────────────[0m┤[0m
│[0m       1.0 [0m│[0m 4.868900 [0m│[0m                0.093329 [0m│[0m
│[0m       2.0 [0m│[0m 0.856924 [0m│[0m                0.943045 [0m│[0m
│[0m       3.0 [0m│[0m 0.243227 [0m│[0m               -0.002798 [0m│[0m
└[0m───────────[0m┴[0m──────────[0m┴[0m─────────────────────────[0m┘[0m
L (p)
┌[0m───────────[0m┬[0m──────────[0m┬[0m─────────────────────────[0m┐[0m
│[0m[1m Primitive [0m│[0m[1m Exponent [0m│[0m[1m Contraction Coefficient [0m│[0m
├[0m───────────[0m┼[0m──────────[0m┼[0m─────────────────────────[0m┤[0m
│[0m       1.0 [0m│[0m 4.868900 [0m│[0m                0.032766 [0m│[0m
│[0m       2.0 [0m│[0m 0.856924 [0m│[0m                0.159792 [0m│[0m
│[0m       3.0 [0m│[0m 0.243227 [0m│[0m                0.885667 [0m│[0m
└[0m───────────[0m┴[0m──────────[0m┴[0m─────────────────────────[0m┘[0m
 
L (s)
┌[0m───────────[0m┬[0m──────────[0m┬[0m─────────────────────────[0m┐[0m
│[0m[1m Primitive [0m│[0m[1m Exponent [0m│[0m[1m Contraction Coefficient [0m│[0m
├[0m───────────[0m┼[0m──────────[0m┼[0m─────────────────────────[0m┤[0m
│[0m       1.0 [0m│[0m 0.063507 [0m│[0m                1.000000 [0m│[0m
└[0m───────────[0m┴[0m──────────[0m┴[0m─────────────────────────[0m┘[0m
L (p)
┌[0m───────────[0m┬[0m──────────[0m┬[0m─────────────────────────[0m┐[0m
│[0m[1m Primitive [0m│[0m[1m Exponent [0m│[0m[1m Contraction Coefficient [0m│[0m
├[0m───────────[0m┼[0m──────────[0m┼[0m─────────────────────────[0m┤[0m
│[0m       1.0 [0m│[0m 0.063507 [0m│[0m                1.000000 [0m│[0m
└[0m───────────[0m┴[0m──────────[0m┴[0m─────────────────────────[0m┘[0m
 
L (s)
┌[0m───────────[0m┬[0m──────────[0m┬[0m─────────────────────────[0m┐[0m
│[0m[1m Primitive [0m│[0m[1m Exponent [0m│[0m[1m Contraction Coefficient [0m│[0m
├[0m───────────[0m┼[0m──────────[0m┼[0m─────────────────────────[0m┤[0m
│[0m       1.0 [0m│[0m 0.024368 [0m│[0m                1.000000 [0m│[0m
└[0m───────────[0m┴[0m──────────[0m┴[0m─────────────────────────[0m┘[0m
L (p)
┌[0m───────────[0m┬[0m──────────[0m┬[0m─────────────────────────[0m┐[0m
│[0m[1m Primitive [0m│[0m[1m Exponent [0m│[0m[1m Contraction Coefficient [0m│[0m
├[0m───────────[0m┼[0m──────────[0m┼[0m─────────────────────────[0m┤[0m
│[0m       1.0 [0m│[0m 0.024368 [0m│[0m                1.000000 [0m│[0m
└[0m───────────[0m┴[0m──────────[0m┴[0m─────────────────────────[0m┘[0m
 
D
┌[0m───────────[0m┬[0m──────────[0m┬[0m─────────────────────────[0m┐[0m
│[0m[1m Primitive [0m│[0m[1m Exponent [0m│[0m[1m Contraction Coefficient [0m│[0m
├[0m───────────[0m┼[0m──────────[0m┼[0m─────────────────────────[0m┤[0m
│[0m       1.0 [0m│[0m 0.800000 [0m│[0m                1.000000 [0m│[0m
└[0m───────────[0m┴[0m──────────[0m┴[0m─────────────────────────[0m┘[0m
 
D
┌[0m───────────[0m┬[0m──────────[0m┬[0m─────────────────────────[0m┐[0m
│[0m[1m Primitive [0m│[0m[1m Exponent [0m│[0m[1m Contraction Coefficient [0m│[0m
├[0m───────────[0m┼[0m──────────[0m┼[0m─────────────────────────[0m┤[0m
│[0m       1.0 [0m│[0m 0.200000 [0m│[0m                1.000000 [0m│[0m
└[0m───────────[0m┴[0m──────────[0m┴[0m─────────────────────────[0m┘[0m
 
D
┌[0m───────────[0m┬[0m──────────[0m┬[0m─────────────────────────[0m┐[0m
│[0m[1m Primitive [0m│[0m[1m Exponent [0m│[0m[1m Contraction Coefficient [0m│[0m
├[0m───────────[0m┼[0m──────────[0m┼[0m─────────────────────────[0m┤[0m
│[0m       1.0 [0m│[0m 0.050000 [0m│[0m                1.000000 [0m│[0m
└[0m───────────[0m┴[0m──────────[0m┴[0m─────────────────────────[0m┘[0m
 
F
┌[0m───────────[0m┬[0m──────────[0m┬[0m─────────────────────────[0m┐[0m
│[0m[1m Primitive [0m│[0m[1m Exponent [0m│[0m[1m Contraction Coefficient [0m│[0m
├[0m───────────[0m┼[0m──────────[0m┼[0m─────────────────────────[0m┤[0m
│[0m       1.0 [0m│[0m 0.150000 [0m│[0m                1.000000 [0m│[0m
└[0m───────────[0m┴[0m──────────[0m┴[0m─────────────────────────[0m┘[0m
 
L (s)
┌[0m───────────[0m┬[0m──────────[0m┬[0m─────────────────────────[0m┐[0m
│[0m[1m Primitive [0m│[0m[1m Exponent [0m│[0m[1m Contraction Coefficient [0m│[0m
├[0m───────────[0m┼[0m──────────[0m┼[0m─────────────────────────[0m┤[0m
│[0m       1.0 [0m│[0m 0.007400 [0m│[0m                1.000000 [0m│[0m
└[0m───────────[0m┴[0m──────────[0m┴[0m─────────────────────────[0m┘[0m
L (p)
┌[0m───────────[0m┬[0m──────────[0m┬[0m─────────────────────────[0m┐[0m
│[0m[1m Primitive [0m│[0m[1m Exponent [0m│[0m[1m Contraction Coefficient [0m│[0m
├[0m───────────[0m┼[0m──────────[0m┼[0m─────────────────────────[0m┤[0m
│[0m       1.0 [0m│[0m 0.007400 [0m│[0m                1.000000 [0m│[0m
└[0m───────────[0m┴[0m──────────[0m┴[0m─────────────────────────[0m┘[0m
 
 
 
 
                       ========================================                 
                                       END BASIS                                
                       ========================================                 
---------------------------------------------------------------------------------
                       ========================================          
                             MOLECULAR COORDINATE ANALYSIS               
                       ========================================          

----------------------------------------          
      Printing coordinates (bohr)                 
            in xyz format...                      
----------------------------------------          
 
11

C         1.1166334169668886     -0.34657385642220284     0.0008220308046590125
C         -3.1015052184445646     -1.0326407659906145     0.260494947955484
C         -2.613749933479661     1.7451732880170712     -0.25749028363500626
O         3.4015105573513376     -0.7706378166969285     -0.0030632458260971477
O         -0.6202326356081573     -2.1613552011970087     -0.22686160482601023
O         0.10720037583148612     1.9585535876466735     0.22220720971825125
H         -4.4420541574226045     -1.9033168970255636     -1.0215405155387363
H         -3.5717975455569304     -1.419562161976667     2.2231756971593426
H         -2.9308402850414272     2.2721252694193015     -2.2181376876760757
H         -3.5729389400535143     3.017884843487872     1.0307056865791873
Li         6.33384750537504     1.2082057588799147     0.008193851882762018

                       ========================================          
                                END COORDINATE ANALYSIS                  
                       ========================================          
--------------------------------------------------------------------------------
                       ========================================                 
                          RESTRICTED CLOSED-SHELL HARTREE-FOCK                  
                       ========================================                 

----------------------------------------          
       Starting RHF iterations...                 
----------------------------------------          
 
Iter      Energy                   ΔE                   Drms
0     -828.1097791884997
1     -287.14136306060124     540.9684161278985     226.99842893533764
2     -266.2980236380849     20.84333942251635     216.65825197097686
3     -304.99473816389644     -38.69671452581156     33.449649673701984
4     -361.0587284431685     -56.06399027927205     8.685121276385676
5     -354.27635331995367     6.78237512321482     4.920816162434212
6     -351.8587763001519     2.417577019801797     0.5222432349315561
7     -349.86108230682925     1.9976939933226276     0.48247616688465533
8     -348.6690202607164     1.1920620461128237     0.21719870782324652
9     -348.10264106563426     0.5663791950821633     0.11670592482809322
10     -347.9925612760764     0.11007978955785802     0.028111474035022253
11     -347.97379617240625     0.018765103670148164     0.008819234148712869
12     -347.9743629169331     -0.000566744526850016     0.0031499781438344425
13     -347.9750793054481     -0.0007163885150021088     0.001214321878809334
14     -347.9745975661696     0.00048173927848438325     0.00035343585826812094
15     -347.9746236651477     -2.609897808270034e-5     0.00011320138241852365
16     -347.9746145553     9.109847724175779e-6     3.446446486901145e-5
17     -347.974604667033     9.888266959023895e-6     1.5351451294585587e-5
18     -347.97460774062966     -3.0735966447537066e-6     1.8919942672976096e-5
19     -347.9746084963793     -7.557496246590745e-7     2.1519052549554638e-5
20     -347.9746081857226     3.106566737187677e-7     2.3686082991072632e-5
21     -347.97460816655877     1.916384917421965e-8     3.0983653880751416e-5
22     -347.97460819570864     -2.9149873626010958e-8     2.1943792351442054e-5
23     -347.9746081918633     3.845343599095941e-9     1.9868246135062696e-5
24     -347.9746081871652     4.6981085688457824e-9     3.577567322805053e-5
25     -347.97460818658277     5.824176696478389e-10     5.526009491972083e-6
 
----------------------------------------
   The SCF calculation has converged!   
----------------------------------------
Total SCF Energy: -347.97460818658277 h
 
                       ========================================                 
                             END RESTRICTED CLOSED-SHELL                 
                                     HARTREE-FOCK                        
                       ========================================                 
