#######################################################################
FORTRAN=gfortran
FORTRAN_VERSION=7.4.0
MATH=mkl
BLASDIR=
MPI_LIB=openmpi
MPI_HOME=/soft/libraries/mpi/openmpi/2.1.6/
HDF5_PATH=/home/davpoolechem/programs/install/hdf5
EIGEN_PATH=/home/davpoolechem/programs/install/eigen/include/eigen3
BOOST_PATH=/home/davpoolechem/programs/install/boost
GA_PATH=/home/davpoolechem/programs/install/ga
CUDA_BOARD=volta
CUDA_PATH=/soft/compilers/cuda/cuda-10.2.89
#######################################################################

#######################################################################
FORTRAN=gfortran
FORTRAN_VERSION=7.4.0
MATH=mkl
BLASDIR=/soft/restricted/CNDA/sdk/2020.9.15.1/oneapi/mkl/latest
MPI_LIB=openmpi
MPI_HOME=/soft/libraries/mpi/openmpi/2.1.6/
HDF5_PATH=/home/davpoolechem/programs/install/hdf5
EIGEN_PATH=/home/davpoolechem/programs/install/eigen/include/eigen3
BOOST_PATH=/home/davpoolechem/programs/install/boost
GA_PATH=/home/davpoolechem/programs/install/ga
CUDA_BOARD=volta
CUDA_PATH=/soft/compilers/cuda/cuda-10.2.89
#######################################################################

#######################################################################
FORTRAN=gfortran
FORTRAN_VERSION=7.4.0
MATH=mkl
BLASDIR=/soft/restricted/CNDA/sdk/2020.9.15.1/oneapi/mkl/latest
MPI_LIB=openmpi
MPI_HOME=/soft/libraries/mpi/openmpi/2.1.6/
HDF5_PATH=/home/davpoolechem/programs/install/hdf5
EIGEN_PATH=/home/davpoolechem/programs/install/eigen/include/eigen3
BOOST_PATH=/home/davpoolechem/programs/install/boost
GA_PATH=/home/davpoolechem/programs/install/ga
CUDA_BOARD=volta
CUDA_PATH=/soft/compilers/cuda/cuda-10.2.89
#######################################################################

--------------------------------------------------------------------------------
                       ========================================                 
                                RESTRICTED CLOSED-SHELL                         
                                  HARTREE-FOCK ENERGY                           
                       ========================================                 

----------------------------------------          
       Starting RHF iterations...                 
----------------------------------------          
 
Iter        Energy                ΔE                Drms
0     -2587.5624351130
1      -840.3554958987      1747.2069392143      1322.8239926477
2      -785.2548091323      55.1006867664      1344.6911269898
3      -806.4886507858      -21.2338416536      212.3583498777
4      -968.1478504648      -161.6591996790      187.0518122779
5      -952.5026482645      15.6452022003      44.5299543974
6      -942.8560276859      9.6466205786      16.2405852655
7      -933.9475668877      8.9084607982      7.9581499700
8      -928.2198643114      5.7277025763      4.5096054727
9      -925.9098944982      2.3099698132      1.7593238684
10      -917.6690395380      8.2408549602      1.9650580764
11      -910.8298466041      6.8391929338      2.5397228379
12      -907.5538661073      3.2759804968      1.3575477782
13      -906.0402770965      1.5135890108      1.3588414081
14      -904.3769001100      1.6633769865      0.7599311084
15      -904.0187037257      0.3581963844      0.2218985175
16      -903.8323433040      0.1863604217      0.1625436535
17      -903.7725549661      0.0597883379      0.0882202613
18      -903.7838971423      -0.0113421763      0.0675042017
19      -903.8048156594      -0.0209185171      0.0733500801
20      -903.7975531136      0.0072625458      0.0676304634
21      -903.7810270481      0.0165260654      0.0486370350
22      -903.7826628213      -0.0016357731      0.0204254444
23      -903.7877632421      -0.0051004209      0.0137445031
24      -903.7845133895      0.0032498526      0.0039844828
25      -903.7852828709      -0.0007694813      0.0040203669
26      -903.7852754465      0.0000074244      0.0026092772
27      -903.7850851151      0.0001903314      0.0014711033
28      -903.7849395269      0.0001455882      0.0011033129
29      -903.7849604891      -0.0000209622      0.0008264191
30      -903.7850170855      -0.0000565964      0.0003120547
31      -903.7849298984      0.0000871872      0.0002881322
32      -903.7849631254      -0.0000332270      0.0001177403
33      -903.7849721763      -0.0000090509      0.0000892520
34      -903.7849621720      0.0000100043      0.0000535718
35      -903.7849537173      0.0000084547      0.0000652546
36      -903.7849755682      -0.0000218509      0.0000449881
37      -903.7849654267      0.0000101415      0.0000256749
38      -903.7849655958      -0.0000001692      0.0000128448
39      -903.7849678023      -0.0000022065      0.0000103265
40      -903.7849671773      0.0000006250      0.0000064267
41      -903.7849667289      0.0000004485      0.0000028282
42      -903.7849661042      0.0000006246      0.0000022729
43      -903.7849666043      -0.0000005000      0.0000006780
44      -903.7849664687      0.0000001356      0.0000010193
45      -903.7849663148      0.0000001538      0.0000004655
46      -903.7849662847      0.0000000302      0.0000005908
47      -903.7849664596      -0.0000001750      0.0000002615
48      -903.7849663483      0.0000001114      0.0000002358
49      -903.7849663572      -0.0000000089      0.0000000771
 
----------------------------------------
   The SCF calculation has converged!   
----------------------------------------
Total SCF Energy: -903.7849663572 h
 
                       ========================================                 
                              END RESTRICTED CLOSED-SHELL                       
                                  HARTREE-FOCK ENERGY                           
                       ========================================                 
--------------------------------------------------------------------------------
1-element Array{Float64,1}:
 1044.309807292