#######################################################################
FORTRAN=gfortran
FORTRAN_VERSION=7.4.0
MATH=mkl
BLASDIR=
MPI_LIB=openmpi
MPI_HOME=/soft/libraries/mpi/openmpi/2.1.6/
HDF5_PATH=/home/davpoolechem/programs/install/hdf5
EIGEN_PATH=/home/davpoolechem/programs/install/eigen/include/eigen3
BOOST_PATH=/home/davpoolechem/programs/install/boost
GA_PATH=/home/davpoolechem/programs/install/ga
CUDA_BOARD=volta
CUDA_PATH=/soft/compilers/cuda/cuda-10.2.89
#######################################################################

#######################################################################
FORTRAN=gfortran
FORTRAN_VERSION=7.4.0
MATH=mkl
BLASDIR=/soft/restricted/CNDA/sdk/2020.9.15.1/oneapi/mkl/latest
MPI_LIB=openmpi
MPI_HOME=/soft/libraries/mpi/openmpi/2.1.6/
HDF5_PATH=/home/davpoolechem/programs/install/hdf5
EIGEN_PATH=/home/davpoolechem/programs/install/eigen/include/eigen3
BOOST_PATH=/home/davpoolechem/programs/install/boost
GA_PATH=/home/davpoolechem/programs/install/ga
CUDA_BOARD=volta
CUDA_PATH=/soft/compilers/cuda/cuda-10.2.89
#######################################################################

#######################################################################
FORTRAN=gfortran
FORTRAN_VERSION=7.4.0
MATH=mkl
BLASDIR=/soft/restricted/CNDA/sdk/2020.9.15.1/oneapi/mkl/latest
MPI_LIB=openmpi
MPI_HOME=/soft/libraries/mpi/openmpi/2.1.6/
HDF5_PATH=/home/davpoolechem/programs/install/hdf5
EIGEN_PATH=/home/davpoolechem/programs/install/eigen/include/eigen3
BOOST_PATH=/home/davpoolechem/programs/install/boost
GA_PATH=/home/davpoolechem/programs/install/ga
CUDA_BOARD=volta
CUDA_PATH=/soft/compilers/cuda/cuda-10.2.89
#######################################################################

--------------------------------------------------------------------------------
                       ========================================                 
                                RESTRICTED CLOSED-SHELL                         
                                  HARTREE-FOCK ENERGY                           
                       ========================================                 

----------------------------------------          
       Starting RHF iterations...                 
----------------------------------------          
 
Iter        Energy                ΔE                Drms
1      -1607.4974003071      -1607.4974003071      28.5521451536
2      -786.9119018373      820.5854984698      2177.0224012781
3      -807.5833736182      -20.6714717809      2165.1232867746
4      -944.4088352607      -136.8254616425      124.6706542379
5      -906.5188635537      37.8899717071      72.3136641145
6      -915.6774663911      -9.1586028374      8.0482439166
7      -906.9633720427      8.7140943483      4.8606715339
8      -906.2063506234      0.7570214194      3.6003931915
9      -904.4096863495      1.7966642739      1.7034154342
10      -904.5788025733      -0.1691162239      1.1675793269
11      -904.2749574660      0.3038451073      0.5509663830
12      -903.6027946139      0.6721628521      0.3077685567
13      -903.7746192953      -0.1718246813      0.1113446997
14      -903.7479076375      0.0267116578      0.0680246215
15      -903.7815576719      -0.0336500344      0.0706206263
16      -903.7841178895      -0.0025602176      0.0594106674
17      -903.8121728270      -0.0280549375      0.0213679274
18      -903.7957538717      0.0164189553      0.0107319341
19      -903.7985490630      -0.0027951913      0.0147334968
20      -903.7993802242      -0.0008311612      0.0103015622
21      -903.7991083741      0.0002718502      0.0045009491
22      -903.7994023059      -0.0002939318      0.0046076031
23      -903.7990021481      0.0004001578      0.0016163887
24      -903.7994269563      -0.0004248082      0.0013225470
25      -903.7991472166      0.0002797397      0.0004581538
26      -903.7992825735      -0.0001353570      0.0003878233
27      -903.7991961573      0.0000864163      0.0002661181
28      -903.7992281944      -0.0000320371      0.0001010932
29      -903.7991736377      0.0000545567      0.0000807813
30      -903.7992034239      -0.0000297861      0.0000222944
31      -903.7991938918      0.0000095320      0.0000347306
32      -903.7991955294      -0.0000016376      0.0000238595
33      -903.7991936826      0.0000018468      0.0000135763
 
----------------------------------------
   The SCF calculation has converged!   
----------------------------------------
Total SCF Energy: -903.7991936826 h
 
                       ========================================                 
                              END RESTRICTED CLOSED-SHELL                       
                                  HARTREE-FOCK ENERGY                           
                       ========================================                 
--------------------------------------------------------------------------------
1-element Array{Float64,1}:
 16390.666310743