#######################################################################
FORTRAN=gfortran
FORTRAN_VERSION=7.4.0
MATH=mkl
BLASDIR=
MPI_LIB=openmpi
MPI_HOME=/soft/libraries/mpi/openmpi/2.1.6/
HDF5_PATH=/home/davpoolechem/programs/install/hdf5
EIGEN_PATH=/home/davpoolechem/programs/install/eigen/include/eigen3
BOOST_PATH=/home/davpoolechem/programs/install/boost
GA_PATH=/home/davpoolechem/programs/install/ga
CUDA_BOARD=volta
CUDA_PATH=/soft/compilers/cuda/cuda-10.2.89
#######################################################################

#######################################################################
FORTRAN=gfortran
FORTRAN_VERSION=7.4.0
MATH=mkl
BLASDIR=/soft/restricted/CNDA/sdk/2020.9.15.1/oneapi/mkl/latest
MPI_LIB=openmpi
MPI_HOME=/soft/libraries/mpi/openmpi/2.1.6/
HDF5_PATH=/home/davpoolechem/programs/install/hdf5
EIGEN_PATH=/home/davpoolechem/programs/install/eigen/include/eigen3
BOOST_PATH=/home/davpoolechem/programs/install/boost
GA_PATH=/home/davpoolechem/programs/install/ga
CUDA_BOARD=volta
CUDA_PATH=/soft/compilers/cuda/cuda-10.2.89
#######################################################################

#######################################################################
FORTRAN=gfortran
FORTRAN_VERSION=7.4.0
MATH=mkl
BLASDIR=/soft/restricted/CNDA/sdk/2020.9.15.1/oneapi/mkl/latest
MPI_LIB=openmpi
MPI_HOME=/soft/libraries/mpi/openmpi/2.1.6/
HDF5_PATH=/home/davpoolechem/programs/install/hdf5
EIGEN_PATH=/home/davpoolechem/programs/install/eigen/include/eigen3
BOOST_PATH=/home/davpoolechem/programs/install/boost
GA_PATH=/home/davpoolechem/programs/install/ga
CUDA_BOARD=volta
CUDA_PATH=/soft/compilers/cuda/cuda-10.2.89
#######################################################################

--------------------------------------------------------------------------------
                       ========================================                 
                                RESTRICTED CLOSED-SHELL                         
                                  HARTREE-FOCK ENERGY                           
                       ========================================                 

----------------------------------------          
       Starting RHF iterations...                 
----------------------------------------          
 
Iter        Energy                ΔE                Drms
0     -2587.5624351130
1      -840.3554958981      1747.2069392149      1322.8239964745
2      -785.2548091328      55.1006867653      1344.6911307598
3      -806.4886507867      -21.2338416539      212.3583513514
4      -968.1478504646      -161.6591996779      187.0518144468
5      -952.5026482575      15.6452022071      44.5299542609
6      -942.8560276749      9.6466205826      16.2405852682
7      -933.9475668649      8.9084608100      7.9581499867
8      -928.2198642948      5.7277025702      4.5096054385
9      -925.9098944860      2.3099698087      1.7593238704
10      -917.6690395086      8.2408549775      1.9650580779
11      -910.8298466085      6.8391929001      2.5397228213
12      -907.5538660833      3.2759805251      1.3575478248
13      -906.0402770949      1.5135889884      1.3588414309
14      -904.3769001021      1.6633769928      0.7599311126
15      -904.0187037229      0.3581963793      0.2218985127
16      -903.8323433021      0.1863604207      0.1625436581
17      -903.7725549647      0.0597883375      0.0882202601
18      -903.7838971416      -0.0113421769      0.0675041992
19      -903.8048156593      -0.0209185177      0.0733500779
20      -903.7975531132      0.0072625460      0.0676304650
21      -903.7810270484      0.0165260648      0.0486370353
22      -903.7826628212      -0.0016357729      0.0204254449
23      -903.7877632423      -0.0051004211      0.0137445007
24      -903.7845133896      0.0032498527      0.0039844816
25      -903.7852828709      -0.0007694812      0.0040203692
26      -903.7852754465      0.0000074244      0.0026092769
27      -903.7850851151      0.0001903314      0.0014711031
28      -903.7849395269      0.0001455882      0.0011033137
29      -903.7849604891      -0.0000209622      0.0008264171
30      -903.7850170855      -0.0000565964      0.0003120565
31      -903.7849298984      0.0000871872      0.0002881325
32      -903.7849631254      -0.0000332270      0.0001177410
33      -903.7849721763      -0.0000090509      0.0000892496
34      -903.7849621720      0.0000100043      0.0000535673
35      -903.7849537173      0.0000084547      0.0000652586
36      -903.7849755682      -0.0000218509      0.0000449884
37      -903.7849654267      0.0000101415      0.0000256761
38      -903.7849655958      -0.0000001692      0.0000128442
39      -903.7849678023      -0.0000022065      0.0000103271
40      -903.7849671773      0.0000006250      0.0000064281
41      -903.7849667289      0.0000004485      0.0000028268
42      -903.7849661042      0.0000006246      0.0000022712
43      -903.7849666043      -0.0000005000      0.0000006775
44      -903.7849664687      0.0000001356      0.0000010223
45      -903.7849663148      0.0000001539      0.0000004653
46      -903.7849662847      0.0000000302      0.0000005926
47      -903.7849664596      -0.0000001750      0.0000002653
48      -903.7849663483      0.0000001114      0.0000002389
49      -903.7849663572      -0.0000000089      0.0000000850
 
----------------------------------------
   The SCF calculation has converged!   
----------------------------------------
Total SCF Energy: -903.7849663572 h
 
                       ========================================                 
                              END RESTRICTED CLOSED-SHELL                       
                                  HARTREE-FOCK ENERGY                           
                       ========================================                 
--------------------------------------------------------------------------------
1-element Array{Float64,1}:
 1979.710367648