--------------------------------------------------------------------------------
                       ========================================                 
                                READING INPUT DATA FILE                         
                       ========================================                 
 
 
Number of worker processes: 1
Number of threads per process: 8
Number of threads in total: 8
 
                       ========================================                 
                                       END INPUT                                
                       ========================================                 
--------------------------------------------------------------------------------
                       ========================================                 
                                RESTRICTED CLOSED-SHELL                         
                                  HARTREE-FOCK ENERGY                           
                       ========================================                 

----------------------------------------          
       Starting RHF iterations...                 
----------------------------------------          
 
Iter      Energy                   ΔE                   Drms
0     -2587.5624351130227
1     -840.3554934916922     1747.2069416213305     1322.851224162433
2     -785.2548118984066     55.10068159328557     1344.7177144997231
3     -806.4886545759798     -21.233842677573193     212.35808263156682
4     -968.1478510547829     -161.6591964788031     187.06148024867392
5     -952.5026099652871     15.645241089495812     44.530006557111136
6     -942.8559688377311     9.646641127555995     16.24060874318467
7     -933.9474469082481     8.908521929482959     7.958276705877313
8     -928.2197770623443     5.727669845903847     4.50947946645388
9     -925.3814388365804     2.8383382257638914     1.8044784584134586
10     -905.9867703054529     19.394668531127536     4.305356151739679
11     -906.4266954497964     -0.43992514434353325     3.191209769210101
12     -902.6956781928404     3.7310172569559654     2.694874040962767
13     -903.3997690360834     -0.704090843242966     1.2422230448684122
14     -903.9670227011059     -0.5672536650224629     0.5672811875109117
15     -903.9180081762015     0.049014524904350765     0.20532348664719852
16     -903.7793694283039     0.1386387478976303     0.06293398955505665
17     -903.7954601207396     -0.016090692435682286     0.08430678007057238
18     -903.8160102183106     -0.02055009757100379     0.04791241862356422
19     -903.7877828432581     0.02822737505243822     0.043388962380820975
20     -903.8084922234309     -0.020709380172775127     0.032948584126748
21     -903.8022257509449     0.006266472486004204     0.01652452864943886
22     -903.7953989532025     0.006826797742405688     0.01147049129568532
23     -903.7994736053884     -0.00407465218586367     0.002987871808605774
24     -903.8000970606549     -0.0006234552665773663     0.003550364800295376
25     -903.8000634043212     3.3656333698672825e-5     0.0013008712602844941
26     -903.7989312671157     0.0011321372055590473     0.0011312577267324796
27     -903.7990363622048     -0.00010509508911127341     0.0012822725082440615
28     -903.7995424304124     -0.0005060682076418743     0.0008007499862045692
29     -903.7990718941526     0.0004705362598542706     0.0005190524652869102
30     -903.7992077834499     -0.00013588929732577526     0.00032741314352664383
31     -903.799260790852     -5.3007402129878756e-5     0.0001822536462088628
32     -903.7991894736606     7.131719144126691e-5     0.0003468128773233208
33     -903.799197501945     -8.028284355532378e-6     0.0002584534006587236
34     -903.7991844333985     1.3068546422800864e-5     0.00035296528700588635
35     -903.7992078257564     -2.3392357888951665e-5     0.00024262645348668672
36     -903.7992002760259     7.5497305260796566e-6     0.0003989839288740173
37     -903.799189596494     1.0679531897039851e-5     0.00042671428181176405
38     -903.7992000990009     -1.0502506938792067e-5     0.0003057664922410902
39     -903.7991975663267     2.5326742161269067e-6     0.0003042057537857716
40     -903.7991969352181     6.311086053756298e-7     0.0002545911541917015
41     -903.7991977959807     -8.607626114098821e-7     0.0003205602170184035
42     -903.7991974092681     3.867125997203402e-7     0.0003760436374764794
43     -903.799197865658     -4.5638989831786603e-7     0.0002484549840703991
44     -903.7991971169347     7.487233233405277e-7     0.0004304790467510952
45     -903.7991974074182     -2.9048351279925555e-7     0.0002482166120838767
46     -903.7991974703193     -6.29011083219666e-8     5.754495314437411e-5
47     -903.7991975525342     -8.221491043514106e-8     0.0002961316551023735
48     -903.7991974672923     8.524193617631681e-8     0.00014290607623789492
49     -903.7991974431359     2.4156406652764417e-8     0.00010280076219271353
50     -903.7991974415877     1.548187356092967e-9     7.177625245314113e-5
51     -903.7991974910551     -4.946741682942957e-8     7.23244888737396e-5
52     -903.7991974574979     3.355717126396485e-8     8.567278904574019e-5
53     -903.799197450034     7.463995643774979e-9     5.6970207399128414e-5
54     -903.7991974133929     3.66410404240014e-8     0.0004480117253482156
55     -903.7991974524246     -3.9031647247611545e-8     9.180118347305261e-5
56     -903.799197432603     1.9821527530439198e-8     7.092792725990359e-5
57     -903.7991974392471     -6.644086170126684e-9     2.4015858109297462e-5
58     -903.7991974291936     1.0053554433397949e-8     6.48838024109511e-5
59     -903.7991974195074     9.686118573881686e-9     6.140603851146482e-5
60     -903.7991974208737     -1.3662884157383814e-9     5.7984351564957626e-5
61     -903.7991974130002     7.87349563324824e-9     4.239948862835349e-5
62     -903.7991974111521     1.8480932340025902e-9     1.4284174562722271e-5
63     -903.7991974107601     3.9199221646413207e-10     7.189779228695812e-5
64     -903.799197478246     -6.748587111360393e-8     0.00011931026844424682
65     -903.7991975752316     -9.69855591392843e-8     0.0001968963951187126
66     -903.7991975459815     2.9250031730043702e-8     9.147993056085546e-5
67     -903.7991975336129     1.2368673196760938e-8     0.00012009146724707714
68     -903.7991975826142     -4.900130079477094e-8     0.00016694239226403162
69     -903.799197582751     -1.368789526168257e-10     4.3707502993804485e-5
70     -903.7991975271809     5.5570126278325915e-8     0.00013734909782370567
71     -903.7991975415441     -1.436319507774897e-8     9.5928395743353e-5
72     -903.79919753995     1.5941168385325e-9     0.00015910289466912887
73     -903.7991975461973     -6.247319106478244e-9     3.981483500374857e-5
74     -903.7991975647051     -1.8507762433728203e-8     0.00023263319753996788
75     -903.7991975651805     -4.754383553517982e-10     2.647459399082913e-5
76     -903.7991974771248     8.805568540992681e-8     0.00010978415799005908
77     -903.7991975386558     -6.153095455374569e-8     0.00022251483127391834
78     -903.7991975383932     2.6261659513693303e-10     0.00010867202560624602
79     -903.7991976072205     -6.8827375798719e-8     9.938245796930238e-5
80     -903.7991975800612     2.7159330784343183e-8     0.0003478852194928376
81     -903.7991978268062     -2.4674500309629366e-7     0.0005174949285520934
82     -903.7991976773687     1.4943748283258174e-7     0.00014821231696872373
83     -903.7991976791088     -1.740090738167055e-9     0.00027619066837747684
84     -903.7991978054401     -1.263313151866896e-7     0.00019592882181472586
85     -903.7991977670699     3.837021722574718e-8     8.482974656938374e-5
86     -903.7991977483873     1.868261279014405e-8     8.316851544507448e-5
87     -903.799197726634     2.1753294277004898e-8     0.00010118865699512414
88     -903.7991976722092     5.4424845075118355e-8     8.33742312461647e-5
89     -903.7991976527187     1.9490471458993852e-8     4.0808148130969614e-5
90     -903.7991976800315     -2.7312808015267365e-8     5.252421292637402e-5
91     -903.7991976707551     9.276391210732982e-9     6.643427698634092e-5
92     -903.7991976722669     -1.51180756802205e-9     3.459148469842896e-5
93     -903.7991976747253     -2.458364178892225e-9     0.00013261542328837588
94     -903.7991976824821     -7.756852937745862e-9     7.158619299619912e-5
95     -903.7991976822354     2.467004378559068e-10     0.00013936688705743394
96     -903.799197665053     1.7182401279569604e-8     0.00012399050805646304
97     -903.799197569329     9.572408998792525e-8     0.00020889387978461623
98     -903.7991976182934     -4.896446625934914e-8     8.699592969154558e-5
99     -903.7991976821793     -6.388586371031124e-8     0.00027664290840778434
100     -903.7991976483427     3.383661351108458e-8     0.0003303286321366454
796-element Array{Float64,1}:
 -20.68179075692962
 -20.67786139115673
 -20.6618351379766
 -20.65931250215782
 -20.64417575861896
 -20.64356329376033
 -20.574243751753635
 -20.569416100565864
 -11.474789108959987
 -11.474714409799535
 -11.429083737226328
 -11.427348382028574
 -11.42296826429469
 -11.415045906271937
 -11.33305111386899
 -11.332217688107361
  -1.5417453169025714
  -1.535568025696691
  -1.44501173981267
  -1.4349577901521657
  -1.3893058085670091
  -1.3791181548434326
  -1.3618314608430897
  -1.3518769539007536
  -1.0929366612463305
  -1.0335666159089127
  -1.0217171529755564
  -0.9454406452330026
  -0.8548112700040603
  -0.8362414780654956
  -0.8103212875891145
  -0.8001706132171637
  -0.7500782512955038
  -0.7417416255956534
  -0.7237289356175234
  -0.7142559292686261
  -0.696871019775346
  -0.685097698262634
  -0.6640618158867382
  -0.6469716330798593
  -0.6433737971858237
  -0.6412050627135387
  -0.6136005222183838
  -0.5949627042781139
  -0.5866801184046379
  -0.5654288232429049
  -0.5569294977106242
  -0.5489578891741076
  -0.5444299554809675
  -0.5333066178699816
  -0.5245476791708602
  -0.5054705128922045
  -0.5024530350539382
  -0.4978475082148666
  -0.47909490422021705
  -0.45828805251375593
  -0.4469816095828947
  -0.29138930020743103
  -0.16015266020809094
  -0.018103163384837136
  -0.014722992426195389
   0.029140518629048984
   0.051167137899438914
   0.05409308570256763
   0.06866146977266359
   0.07271426391538095
   0.07794438223197524
   0.08520726454671507
   0.08910271256417138
   0.09575200140073438
   0.101711820173183
   0.10845420912709597
   0.11860153876947764
   0.12324811591239504
   0.12689088598511114
   0.13069586625612975
   0.1359842974697274
   0.13981382083783608
   0.14394227112958455
   0.1503920264828178
   0.15219488205508114
   0.16083999300405383
   0.1633509904020536
   0.16530306246075782
   0.16791066082165135
   0.1751648038191972
   0.17658223670547976
   0.18194197891546876
   0.18699485811884278
   0.18997782137794633
   0.19391417139885284
   0.1980659310219411
   0.203207856527202
   0.21284219529285767
   0.2155115721112295
   0.21993624150681967
   0.22640507675840524
   0.23401731213471458
   0.23517799857243885
   0.24005599321282034
   0.24874165477738303
   0.28647176440180966
   0.2891284849325757
   0.2936425656007444
   0.30323131355446775
   0.3062623324182572
   0.31411894342141145
   0.3218307310477835
   0.32353993671608283
   0.3328499914003106
   0.3405537271881671
   0.34856168187858816
   0.35239563994564094
   0.3601278183534996
   0.36357315095526965
   0.36602817502733453
   0.37190461797539465
   0.373775182386477
   0.37621044506884005
   0.3843253560729687
   0.38678196282224053
   0.3895948116575162
   0.3929963925082164
   0.40648796633899564
   0.4080225451507936
   0.4104750631368602
   0.4162007883753047
   0.4214539730738833
   0.4241969386891561
   0.4257556617069287
   0.43199484054007875
   0.43959781842254897
   0.441700746663229
   0.4476409009757081
   0.4552324584944486
   0.45874777625284435
   0.4593056920063536
   0.4673013713844245
   0.4715909271729517
   0.48223961317388
   0.4859332315139069
   0.4878947570291514
   0.5067227438130835
   0.5080600537729337
   0.5133564877284327
   0.5215467284615137
   0.528017021576686
   0.5326520840086725
   0.5395773139286602
   0.5451262465595088
   0.5493589902936766
   0.561095993020669
   0.5628478554738856
   0.5724132032348622
   0.5755362415750785
   0.5850887353080051
   0.5928061100805782
   0.5955919987704608
   0.6015828558643728
   0.6083907204395118
   0.6183966236668735
   0.6225840737102095
   0.6258444613138827
   0.6303622849428048
   0.6346935476580751
   0.639839323007965
   0.6444254376016428
   0.6551125335210924
   0.6592536455018709
   0.6643666161627136
   0.6710899139735745
   0.683368389834415
   0.6881363332043154
   0.6941731880970679
   0.7057947935558144
   0.7102436826636065
   0.7210299873709698
   0.7319583699455638
   0.7336855171604764
   0.739904876823779
   0.7441558933464458
   0.7502840108391693
   0.764244295279112
   0.76564667562599
   0.7727129245211043
   0.7784486246906841
   0.7840472527141547
   0.7908317612027352
   0.7982448536507966
   0.8079158819748871
   0.8200302655497238
   0.8277372642237881
   0.8321617364271019
   0.8362597049602085
   0.8390717948214819
   0.8493592020515153
   0.8586427025486447
   0.8590964876338252
   0.8666945692860093
   0.8760285550662797
   0.8799616683007255
   0.8932826897514851
   0.8977208203717937
   0.9029858307956836
   0.9097102431568359
   0.9151969681765495
   0.9238645019028323
   0.9261057798513592
   0.9372674557694999
   0.9419368115496493
   0.9540282080716076
   0.9563202034140785
   0.9677869145028681
   0.9815789982510412
   0.9850318526967703
   0.9917756167808968
   1.0092668146871335
   1.0133874421599431
   1.0223907659173146
   1.029398264795162
   1.0320588378685676
   1.0475650012638724
   1.0535936428099295
   1.0637273118471176
   1.0706052251121154
   1.072905069485941
   1.0933742019225237
   1.1014618715468911
   1.1188256644557717
   1.1212914266279994
   1.127317877445291
   1.140691440690193
   1.1452347745684577
   1.1498611052746677
   1.1550374386269397
   1.1585242218668579
   1.1692322479017307
   1.178887605736057
   1.1904172199430842
   1.1972142460909108
   1.2194882075813434
   1.2239830525109487
   1.2259595522191238
   1.2331212005486163
   1.2414444496468109
   1.244754470248167
   1.2557417029230147
   1.2701573583497445
   1.2798638181314366
   1.2858517874871243
   1.2890805384833242
   1.299838178100378
   1.3107400969085925
   1.313252964262738
   1.3221898973142745
   1.3252882424949437
   1.3419735755314344
   1.345980112957178
   1.3553095106222308
   1.3665036721913142
   1.3713814201394028
   1.3802590473691938
   1.3831529543885537
   1.3891249132869123
   1.394642932180687
   1.4062619534826726
   1.4180985764897596
   1.4193848015419368
   1.4329363698506015
   1.4424378509282951
   1.4442121684435538
   1.4522843690447276
   1.4690758933488828
   1.4742908477588803
   1.4803535801918541
   1.489617296860703
   1.497797655104192
   1.5106292827853345
   1.5140471938352873
   1.5174850582747335
   1.531747030159555
   1.5411447507907003
   1.552334404474324
   1.5648607004016535
   1.5746686458551342
   1.5813386284581528
   1.5956106664346905
   1.6023598559465213
   1.6118048816408708
   1.6178714274897923
   1.6367323125144437
   1.651341407066483
   1.661783260094296
   1.662790006356659
   1.6742149458649338
   1.6926889704421089
   1.7182490445401162
   1.7346062774147808
   1.74453038370263
   1.7496686025249129
   1.7756302905687664
   1.7807635519253269
   1.7951540484241828
   1.7994164362124292
   1.8139887550667582
   1.8343787268132041
   1.8499938307350483
   1.8532885430568
   1.860978120561894
   1.8651976170475224
   1.8717513824404126
   1.895841654824454
   1.907541634445537
   1.9219603022823353
   1.9337057327698766
   1.949903876908079
   1.9620541278485957
   1.9697345230324514
   1.974685359852446
   1.9841751803688072
   2.001849866664874
   2.0173362872507905
   2.028619625598887
   2.0389247735504608
   2.0417764281270543
   2.055578972384523
   2.0637981816484023
   2.0792857762412713
   2.0804179889765244
   2.099793183743798
   2.11458794191289
   2.1225483094542343
   2.135123508635518
   2.1422592848616
   2.163625902466237
   2.181125732460427
   2.206399354954933
   2.21458453196541
   2.2256915480642587
   2.2399500588581
   2.2422584962738883
   2.2651037658850215
   2.272910037800233
   2.2938942127279542
   2.3029704950669347
   2.3226212458925777
   2.3490706230476186
   2.3576768499900242
   2.3719848297814514
   2.3905814892443837
   2.397618847446048
   2.421108819091239
   2.4421406996861594
   2.494755636389682
   2.5090280899549007
   2.5152956203614645
   2.5419460254715402
   2.55836983587275
   2.5836783418231306
   2.611036787175249
   2.633784981940694
   2.6498183629255037
   2.659744929814898
   2.6792905182301037
   2.697452395998766
   2.719951382152631
   2.760679510473268
   2.7699134569857433
   2.865995425984941
   2.8759487969812843
   2.905711767478664
   2.945634733531758
   2.980127531422606
   2.9995159942636245
   3.005241004903151
   3.0279514855905423
   3.0406555128630712
   3.0498749376409777
   3.0642718833081717
   3.0779251435080006
   3.088607903740872
   3.092859315474826
   3.1120655376070014
   3.12192357929842
   3.1287441203654542
   3.137365575141868
   3.1407295886703883
   3.1551536052778326
   3.162561476047551
   3.166738105078078
   3.1826946751512253
   3.1841200247368313
   3.189844708617148
   3.2001640287148203
   3.2093413981139234
   3.216500680204607
   3.223013554752861
   3.2348146540133578
   3.2386117297910575
   3.2449936129075696
   3.250890508996327
   3.258083447370367
   3.2784675969759824
   3.2860702108225146
   3.287486988076635
   3.300671356577521
   3.309364466066726
   3.3207163155009236
   3.3264367852754804
   3.3344830644758536
   3.345811365872732
   3.3511595722988408
   3.3573593262100614
   3.3750469438230017
   3.3925817624906904
   3.405129149499446
   3.4073917946623475
   3.4232988111440696
   3.4352701107142742
   3.4420167498044503
   3.449128452995171
   3.4658256670214445
   3.474852778209546
   3.477342720513984
   3.502551378604852
   3.5095526317164234
   3.524537782582739
   3.5297813974033256
   3.5376453528669725
   3.5472334559435788
   3.5494538213838
   3.555567310015624
   3.576787327197534
   3.5809608138636744
   3.5897076698382167
   3.5945469530291363
   3.6011268393812705
   3.6164511484509667
   3.6199952458443487
   3.634725384635446
   3.647817416565874
   3.661614518638724
   3.6687072592782277
   3.6874474143911233
   3.6902899847180572
   3.7014053593805873
   3.70703497622178
   3.7125541298950293
   3.728290639096679
   3.732522453908807
   3.7440595441623508
   3.7662870953612297
   3.7793020905220165
   3.7841960276767015
   3.8158839502463864
   3.827163978315158
   3.837782109829477
   3.8634143031429007
   3.8700871302989577
   3.877317842698957
   3.8971580617986366
   3.908904499519509
   3.922010974681768
   3.942105614585555
   3.947568546397394
   3.979857054297311
   3.9897513325107283
   3.999288896686181
   4.012253521103789
   4.027162935069272
   4.064967573382579
   4.071991123048684
   4.087280356126089
   4.098157274390722
   4.106499967147683
   4.112478603547663
   4.13586996524435
   4.1440403839419
   4.151342830435826
   4.169476617625835
   4.18160673116056
   4.202078455519569
   4.209525629160394
   4.214926197439632
   4.257263943850855
   4.285942675695067
   4.29939467563541
   4.335039302828492
   4.33656394584266
   4.36061277766134
   4.379672144000361
   4.391903496317075
   4.4179235478920305
   4.450929423976104
   4.472747878846041
   4.488054278501191
   4.51015172498685
   4.5265329963543985
   4.530255478606902
   4.571365467815106
   4.61267961793128
   4.616382400322371
   4.618682063162354
   4.645733381920895
   4.6917969498494765
   4.705634144836182
   4.731716747344514
   4.778299372670731
   4.8004804510312065
   4.819928378941479
   4.85611389243971
   4.8609888443641776
   4.875170425582679
   4.917386243288991
   4.955503703651267
   4.991976349787386
   5.035860272342285
   5.051918774989533
   5.065544900255463
   5.094810323133849
   5.129180607049843
   5.165226229937505
   5.175654827812176
   5.19295883813457
   5.232178708635096
   5.249471025529161
   5.255194677547508
   5.262764093221984
   5.33513249943081
   5.341247888303163
   5.347953716884365
   5.3875377091358345
   5.414380133741574
   5.434736668375444
   5.4431132475331365
   5.443900823325946
   5.457284049537662
   5.462739153418959
   5.469805125949029
   5.4786445628128675
   5.488847080429717
   5.520632004097953
   5.527291619965853
   5.535283306786394
   5.550369424810325
   5.553115393097497
   5.585094942629487
   5.59333181856586
   5.605393130071533
   5.608682961201492
   5.616045909851267
   5.634459825516508
   5.639667110687209
   5.654272463503046
   5.660624130168166
   5.679993748140163
   5.702404003005426
   5.719306286043758
   5.731854125550479
   5.7663824493762235
   5.784276944749364
   5.7956027377027155
   5.813987482690887
   5.834602909742575
   5.851135124685476
   5.873981616382835
   5.895430250795582
   5.9081723116051865
   5.92229643957092
   5.966475127119127
   5.972102372176069
   5.985876270141548
   5.993025976666902
   6.011163634385404
   6.04438115274135
   6.061630239363605
   6.101174850396132
   6.123533613148604
   6.144427296972621
   6.164182310277814
   6.184412284047031
   6.194477806578745
   6.207207228094586
   6.223000784896825
   6.2299238739823295
   6.259645899090707
   6.266048719739327
   6.280475679856515
   6.330908737368631
   6.384032762918022
   6.438724928788428
   6.469954541104279
   6.519438049910507
   6.540670621766804
   6.551504453782864
   6.559985128225494
   6.668516164956771
   6.68097537381738
   6.76228173529022
   6.79461726275834
   6.826982947834967
   6.875452096747821
   6.887373486730904
   6.92970785235995
   7.04458201410132
   7.063479396984662
   7.117722016439953
   7.131958592560842
   7.3799108434086715
   7.388110729805636
   7.400180492909688
   7.404394216954772
   7.440730924312896
   7.466900053009576
   7.540278550759499
   7.56018420804862
   7.585473957185651
   7.5938958175623945
   7.598182773574532
   7.626217209775199
   7.634057446729437
   7.648497759756425
   7.678696624219956
   7.700710319725231
   7.735174652695151
   7.745250157024133
   7.770247296720964
   7.790710669705395
   7.796542807807158
   7.801459120749783
   7.82069748292889
   7.835275091027401
   7.846729531115826
   7.892225421594882
   7.910261010726894
   7.914923548127345
   7.994155347273738
   8.006289152106596
   8.026178057873524
   8.035757237090015
   8.04546038094148
   8.088168826797009
   8.139876221170336
   8.180838378958867
   8.250638603822479
   8.253468819725095
   8.401520381936498
   8.418920080479104
   8.520764775652403
   8.549292929153156
   8.58615267987415
   8.615746927859671
   8.701354752890364
   8.730044170585321
   8.747763989059143
   8.806494858610305
   8.82478787792343
   8.89134632709755
   8.911818555440723
   8.930889644151318
   8.945286674038938
   8.989964875536131
   9.029958534971932
   9.060931100119365
   9.078876364291451
   9.101318147783674
   9.154029435522204
   9.219182034772128
   9.273744446547985
   9.299339816307313
   9.361581368630782
   9.37353652060545
   9.44236056520748
   9.558354558854056
   9.593180221032943
   9.60515996088327
   9.72684198693978
   9.736814540060138
   9.841117131506039
   9.87053502961189
  10.094257147458475
  10.124372725809733
  10.163171324266935
  10.166844187303436
  10.22814127898544
  10.288715646575085
  10.29946878224787
  10.33153417391529
  10.341097176692946
  10.437973287784
  10.470834048425015
  10.509712600872891
  10.572763582523166
  10.576748784273443
  10.606343706985133
  10.674570668977218
  10.707862941841906
  10.78413362136093
  10.791161298811081
  10.850779088377728
  10.89392610225623
  10.930549050782433
  10.955288690640963
  10.97018202737748
  11.04481729938242
  11.060047381931412
  11.109605341591163
  11.217332561373603
  14.94025892488169
  14.956962778112748
  14.969105228608028
  14.996461850515042
  15.02184543454726
  15.046330127917878
  15.053426458635695
  15.065264652660089
  15.076201538094336
  15.087528587161733
  15.09456485487551
  15.098935937155307
  15.109578249070895
  15.114206094445487
  15.122324539172194
  15.134050758018624
  15.143092000427144
  15.145707419688186
  15.15665213288241
  15.171187120477006
  15.184539657221586
  15.1992821440299
  15.283935157379272
  15.30376535975665
  15.3538851265511
  15.356995570508515
  15.448700849229656
  15.490498336871713
  15.686141409441527
  15.692561380657795
  15.705444684873157
  15.750401393132375
  15.89043794584211
  15.903284842475509
  15.919237571276685
  15.929643412696318
  16.0169483666296
  16.043168965822808
  16.214305801282805
  16.221798335777123
  17.239955694563243
  17.2622150781206
  17.2825598127047
  17.310088248122884
  17.32147148419569
  17.34889169817816
  17.362231120507065
  17.365343022453448
  17.373104291248154
  17.38208431650427
  17.390361672213174
  17.414221797199833
  17.419030616498596
  17.42514304113331
  17.432497218039074
  17.465191454758266
  17.469316661247877
  17.4760069288975
  17.63261107017796
  17.63985964098533
  17.679309775737757
  17.684681673909488
  17.767504779181145
  17.780597041650793
  19.548104227011837
  19.638426113371207
  19.941704717652275
  19.975044285803648
  20.083144179060746
  20.089088782375114
  20.206479655353277
  20.243376409245567
  30.033777720287695
  30.042218006887488
  30.183653930074442
  30.195383826829065
  30.205934257211474
  30.215031851524426
  30.21759972297774
  30.347736908561334
  62.729228573192465
  62.73464733236515
  62.748333834865015
  62.753241374172255
  62.76741693903443
  62.76794203711797
  62.83761695174346
  62.84248695915251
 
----------------------------------------
   The SCF calculation has converged!   
----------------------------------------
Total SCF Energy: -903.7991976483427 h
 
                       ========================================                 
                              END RESTRICTED CLOSED-SHELL                       
                                  HARTREE-FOCK ENERGY                           
                       ========================================                 
--------------------------------------------------------------------------------
