#######################################################################
FORTRAN=gfortran
FORTRAN_VERSION=7.4.0
MATH=mkl
BLASDIR=
MPI_LIB=openmpi
MPI_HOME=/soft/libraries/mpi/openmpi/2.1.6/
HDF5_PATH=/home/davpoolechem/programs/install/hdf5
EIGEN_PATH=/home/davpoolechem/programs/install/eigen/include/eigen3
BOOST_PATH=/home/davpoolechem/programs/install/boost
GA_PATH=/home/davpoolechem/programs/install/ga
CUDA_BOARD=volta
CUDA_PATH=/soft/compilers/cuda/cuda-10.2.89
#######################################################################

#######################################################################
FORTRAN=gfortran
FORTRAN_VERSION=7.4.0
MATH=mkl
BLASDIR=/soft/restricted/CNDA/sdk/2020.9.15.1/oneapi/mkl/latest
MPI_LIB=openmpi
MPI_HOME=/soft/libraries/mpi/openmpi/2.1.6/
HDF5_PATH=/home/davpoolechem/programs/install/hdf5
EIGEN_PATH=/home/davpoolechem/programs/install/eigen/include/eigen3
BOOST_PATH=/home/davpoolechem/programs/install/boost
GA_PATH=/home/davpoolechem/programs/install/ga
CUDA_BOARD=volta
CUDA_PATH=/soft/compilers/cuda/cuda-10.2.89
#######################################################################

#######################################################################
FORTRAN=gfortran
FORTRAN_VERSION=7.4.0
MATH=mkl
BLASDIR=/soft/restricted/CNDA/sdk/2020.9.15.1/oneapi/mkl/latest
MPI_LIB=openmpi
MPI_HOME=/soft/libraries/mpi/openmpi/2.1.6/
HDF5_PATH=/home/davpoolechem/programs/install/hdf5
EIGEN_PATH=/home/davpoolechem/programs/install/eigen/include/eigen3
BOOST_PATH=/home/davpoolechem/programs/install/boost
GA_PATH=/home/davpoolechem/programs/install/ga
CUDA_BOARD=volta
CUDA_PATH=/soft/compilers/cuda/cuda-10.2.89
#######################################################################

--------------------------------------------------------------------------------
                       ========================================                 
                                RESTRICTED CLOSED-SHELL                         
                                  HARTREE-FOCK ENERGY                           
                       ========================================                 

----------------------------------------          
       Starting RHF iterations...                 
----------------------------------------          
 
Iter        Energy                ΔE                Drms
0     -2587.5624351130
1      -840.3554958986      1747.2069392144      1322.8239929711
2      -785.2548091322      55.1006867665      1344.6911274957
3      -806.4886507856      -21.2338416535      212.3583522588
4      -968.1478504648      -161.6591996792      187.0518147559
5      -952.5026482643      15.6452022005      44.5299545506
6      -942.8560276854      9.6466205788      16.2405852843
7      -933.9475668866      8.9084607988      7.9581499852
8      -928.2198643105      5.7277025761      4.5096054762
9      -925.9098944978      2.3099698127      1.7593238713
10      -917.6690395357      8.2408549621      1.9650580764
11      -910.8298466043      6.8391929314      2.5397228387
12      -907.5538661051      3.2759804993      1.3575477844
13      -906.0402770964      1.5135890087      1.3588414093
14      -904.3769001094      1.6633769870      0.7599311084
15      -904.0187037254      0.3581963839      0.2218985174
16      -903.8323433038      0.1863604216      0.1625436536
17      -903.7725549659      0.0597883379      0.0882202614
18      -903.7838971422      -0.0113421763      0.0675042012
19      -903.8048156594      -0.0209185172      0.0733500792
20      -903.7975531136      0.0072625458      0.0676304632
21      -903.7810270481      0.0165260655      0.0486370365
22      -903.7826628213      -0.0016357731      0.0204254444
23      -903.7877632422      -0.0051004209      0.0137445020
24      -903.7845133896      0.0032498526      0.0039844823
25      -903.7852828709      -0.0007694813      0.0040203673
26      -903.7852754465      0.0000074244      0.0026092779
27      -903.7850851151      0.0001903314      0.0014711035
28      -903.7849395269      0.0001455882      0.0011033128
29      -903.7849604891      -0.0000209622      0.0008264182
30      -903.7850170855      -0.0000565964      0.0003120550
31      -903.7849298984      0.0000871872      0.0002881327
32      -903.7849631254      -0.0000332270      0.0001177394
33      -903.7849721763      -0.0000090509      0.0000892517
34      -903.7849621720      0.0000100043      0.0000535723
35      -903.7849537173      0.0000084547      0.0000652549
36      -903.7849755682      -0.0000218509      0.0000449875
37      -903.7849654267      0.0000101415      0.0000256748
38      -903.7849655958      -0.0000001691      0.0000128448
39      -903.7849678023      -0.0000022065      0.0000103261
40      -903.7849671773      0.0000006250      0.0000064272
41      -903.7849667289      0.0000004485      0.0000028285
42      -903.7849661042      0.0000006246      0.0000022727
43      -903.7849666043      -0.0000005001      0.0000006785
44      -903.7849664687      0.0000001356      0.0000010184
45      -903.7849663148      0.0000001539      0.0000004652
46      -903.7849662847      0.0000000302      0.0000005910
47      -903.7849664596      -0.0000001750      0.0000002607
48      -903.7849663483      0.0000001114      0.0000002354
49      -903.7849663572      -0.0000000089      0.0000000758
 
----------------------------------------
   The SCF calculation has converged!   
----------------------------------------
Total SCF Energy: -903.7849663572 h
 
                       ========================================                 
                              END RESTRICTED CLOSED-SHELL                       
                                  HARTREE-FOCK ENERGY                           
                       ========================================                 
--------------------------------------------------------------------------------
1-element Array{Float64,1}:
 618.8295912970001