#######################################################################
FORTRAN=gfortran
FORTRAN_VERSION=7.4.0
MATH=mkl
BLASDIR=
MPI_LIB=openmpi
MPI_HOME=/soft/libraries/mpi/openmpi/2.1.6/
HDF5_PATH=/home/davpoolechem/programs/install/hdf5
EIGEN_PATH=/home/davpoolechem/programs/install/eigen/include/eigen3
BOOST_PATH=/home/davpoolechem/programs/install/boost
GA_PATH=/home/davpoolechem/programs/install/ga
CUDA_BOARD=volta
CUDA_PATH=/soft/compilers/cuda/cuda-10.2.89
#######################################################################

#######################################################################
FORTRAN=gfortran
FORTRAN_VERSION=7.4.0
MATH=mkl
BLASDIR=/soft/restricted/CNDA/sdk/2020.9.15.1/oneapi/mkl/latest
MPI_LIB=openmpi
MPI_HOME=/soft/libraries/mpi/openmpi/2.1.6/
HDF5_PATH=/home/davpoolechem/programs/install/hdf5
EIGEN_PATH=/home/davpoolechem/programs/install/eigen/include/eigen3
BOOST_PATH=/home/davpoolechem/programs/install/boost
GA_PATH=/home/davpoolechem/programs/install/ga
CUDA_BOARD=volta
CUDA_PATH=/soft/compilers/cuda/cuda-10.2.89
#######################################################################

#######################################################################
FORTRAN=gfortran
FORTRAN_VERSION=7.4.0
MATH=mkl
BLASDIR=/soft/restricted/CNDA/sdk/2020.9.15.1/oneapi/mkl/latest
MPI_LIB=openmpi
MPI_HOME=/soft/libraries/mpi/openmpi/2.1.6/
HDF5_PATH=/home/davpoolechem/programs/install/hdf5
EIGEN_PATH=/home/davpoolechem/programs/install/eigen/include/eigen3
BOOST_PATH=/home/davpoolechem/programs/install/boost
GA_PATH=/home/davpoolechem/programs/install/ga
CUDA_BOARD=volta
CUDA_PATH=/soft/compilers/cuda/cuda-10.2.89
#######################################################################

--------------------------------------------------------------------------------
                       ========================================                 
                                RESTRICTED CLOSED-SHELL                         
                                  HARTREE-FOCK ENERGY                           
                       ========================================                 

----------------------------------------          
       Starting RHF iterations...                 
----------------------------------------          
 
Iter        Energy                ΔE                Drms
0     -2587.5624351130
1      -840.3554958987      1747.2069392143      1322.8239928179
2      -785.2548091321      55.1006867667      1344.6911274965
3      -806.4886507847      -21.2338416526      212.3583543266
4      -968.1478504651      -161.6591996805      187.0518174149
5      -952.5026482636      15.6452022016      44.5299546303
6      -942.8560276846      9.6466205790      16.2405852833
7      -933.9475668847      8.9084607998      7.9581499857
8      -928.2198643092      5.7277025755      4.5096054760
9      -925.9098944969      2.3099698123      1.7593238752
10      -917.6690395334      8.2408549635      1.9650580755
11      -910.8298466049      6.8391929285      2.5397228359
12      -907.5538661031      3.2759805018      1.3575477868
13      -906.0402770963      1.5135890068      1.3588414117
14      -904.3769001087      1.6633769875      0.7599311094
15      -904.0187037252      0.3581963835      0.2218985157
16      -903.8323433037      0.1863604215      0.1625436539
17      -903.7725549658      0.0597883378      0.0882202600
18      -903.7838971422      -0.0113421764      0.0675042003
19      -903.8048156594      -0.0209185172      0.0733500812
20      -903.7975531135      0.0072625459      0.0676304638
21      -903.7810270482      0.0165260654      0.0486370348
22      -903.7826628213      -0.0016357731      0.0204254440
23      -903.7877632422      -0.0051004209      0.0137445024
24      -903.7845133896      0.0032498526      0.0039844824
25      -903.7852828709      -0.0007694813      0.0040203671
26      -903.7852754465      0.0000074244      0.0026092768
27      -903.7850851151      0.0001903314      0.0014711029
28      -903.7849395269      0.0001455882      0.0011033130
29      -903.7849604891      -0.0000209622      0.0008264189
30      -903.7850170855      -0.0000565964      0.0003120557
31      -903.7849298984      0.0000871872      0.0002881329
32      -903.7849631254      -0.0000332270      0.0001177410
33      -903.7849721763      -0.0000090509      0.0000892523
34      -903.7849621720      0.0000100043      0.0000535717
35      -903.7849537173      0.0000084547      0.0000652562
36      -903.7849755682      -0.0000218509      0.0000449878
37      -903.7849654267      0.0000101415      0.0000256742
38      -903.7849655958      -0.0000001692      0.0000128449
39      -903.7849678023      -0.0000022065      0.0000103267
40      -903.7849671773      0.0000006250      0.0000064263
41      -903.7849667289      0.0000004485      0.0000028305
42      -903.7849661042      0.0000006246      0.0000022730
43      -903.7849666043      -0.0000005000      0.0000006791
44      -903.7849664687      0.0000001356      0.0000010197
45      -903.7849663148      0.0000001539      0.0000004648
46      -903.7849662847      0.0000000302      0.0000005925
47      -903.7849664596      -0.0000001750      0.0000002614
48      -903.7849663482      0.0000001114      0.0000002366
49      -903.7849663572      -0.0000000089      0.0000000795
 
----------------------------------------
   The SCF calculation has converged!   
----------------------------------------
Total SCF Energy: -903.7849663572 h
 
                       ========================================                 
                              END RESTRICTED CLOSED-SHELL                       
                                  HARTREE-FOCK ENERGY                           
                       ========================================                 
--------------------------------------------------------------------------------
1-element Array{Float64,1}:
 609.823489213