--------------------------------------------------------------------------------
                       ========================================                 
                                READING INPUT DATA FILE                         
                       ========================================                 
 
 
Number of worker processes: 1
Number of threads per process: 8
Number of threads in total: 8
 
                       ========================================                 
                                       END INPUT                                
                       ========================================                 
--------------------------------------------------------------------------------
                       ========================================                 
                                RESTRICTED CLOSED-SHELL                         
                                  HARTREE-FOCK ENERGY                           
                       ========================================                 

----------------------------------------          
       Starting RHF iterations...                 
----------------------------------------          
 
Iter      Energy                   ΔE                   Drms
0     -819.5785673194916
1     -293.14552846209335     526.4330388573983     153.68117816476277
2     -277.26213938343903     15.883389078654318     136.91169331810428
3     -311.8275702943688     -34.56543091092976     35.2168614740041
4     -355.08289330036496     -43.25532300599616     8.456268022669143
5     -350.1272202065629     4.955673093802034     3.9785930467772666
6     -348.9853649624473     1.141855244115618     0.4810722783251846
7     -348.3696757441801     0.6156892182672209     0.4109679862007656
8     -348.0692008918652     0.3004748523148919     0.1338886296651394
9     -347.91135336972104     0.1578475221441522     0.050642608775890656
10     -347.8752734476061     0.03607992211493638     0.0187190300284073
11     -347.8645174633149     0.010755984291222376     0.00851928253523684
12     -347.8660561548801     -0.0015386915652015887     0.004903435504152655
13     -347.86581585723434     0.00024029764574606816     0.0045994415388274324
14     -347.86456452629636     0.001251330937975581     0.001849789535776605
15     -347.8648645269459     -0.0003000006495312846     0.0005104800401159868
16     -347.86489061412954     -2.6087183641720912e-5     0.00013242737381647846
17     -347.8648527295511     3.788457843256765e-5     4.883757372579001e-5
18     -347.8648675097734     -1.4780222272747778e-5     2.346656853062024e-5
19     -347.8648679047658     -3.949924121116055e-7     2.5342357470900553e-5
20     -347.86486447531786     3.4294479291929747e-6     1.8691819405922855e-5
21     -347.8648646779833     -2.0266543288016692e-7     2.9766213805299246e-5
22     -347.8648647099583     -3.1974991543393116e-8     2.937487027398519e-5
23     -347.8648645623085     1.4764975730940932e-7     2.0913629934938947e-5
24     -347.86486460853007     -4.622154392563971e-8     3.562158225050696e-5
25     -347.86486466289944     -5.436936589831021e-8     3.516654655583208e-5
26     -347.864864618541     4.4358444029057864e-8     1.6527494443762913e-5
27     -347.8648646189083     -3.673221726785414e-10     6.871083759494142e-6
391-element Array{Float64,1}:
 -20.82765938993084
 -20.818839062310374
 -20.77937801283593
 -11.680638108054968
 -11.48562811207554
 -11.477990065655547
  -2.6618226297130008
  -1.683327857759771
  -1.5676627502478637
  -1.55209385806527
  -1.2185980353343595
  -1.0686273704788434
  -1.023181269392449
  -0.9200116042219864
  -0.9064042949196222
  -0.8528137132022877
  -0.8207215930877002
  -0.805739146629293
  -0.782801513806664
  -0.7581953261938459
  -0.7157920608549055
  -0.688963234283302
  -0.6697945392072073
  -0.6580858883104954
  -0.15662924913970855
  -0.11906984654189756
  -0.08179771943582635
  -0.07781571553008108
  -0.0666958032052303
  -0.0523971214237637
  -0.04798010545127008
  -0.04604631880435742
  -0.039517172344322234
  -0.034664152190720346
  -0.031932188443528485
  -0.027690910376593873
  -0.017842511244022974
  -0.0014254265979554287
   0.00042727527085717476
   0.003677162631550629
   0.010546765248309845
   0.016231793919711426
   0.023790310120860414
   0.02876890365141349
   0.03395433175063678
   0.04546205202490672
   0.05383001350443192
   0.059005493748373494
   0.06554838195309123
   0.06954457370465289
   0.07438588957096057
   0.07730163306487314
   0.08094967890062718
   0.08856834443456463
   0.09153467135396282
   0.10659071543519988
   0.11635657306640118
   0.12419370298155563
   0.13167599393429694
   0.14043367166551443
   0.15318809627134222
   0.16877889928145418
   0.17503767408562515
   0.19424567908165846
   0.20589911571122693
   0.21658814014657413
   0.22224986168037653
   0.22558074928180427
   0.2316469454904192
   0.24452508801600242
   0.2515781208150087
   0.2536994068441071
   0.25757629957065775
   0.26857144527005944
   0.2838995945253011
   0.28665634380576294
   0.29164453288480796
   0.30680718366753024
   0.3161121811991204
   0.3269197311897381
   0.3353661009677232
   0.34374240948261603
   0.34670841840397415
   0.3649521753078917
   0.37577440239894216
   0.4073449259243379
   0.4150535817340122
   0.42625500496953805
   0.44817707609237684
   0.46165731371209673
   0.4689862376218424
   0.4735062221504822
   0.4780320207239606
   0.48456101007269314
   0.49143542752051417
   0.49458390431964255
   0.5022059399443742
   0.514870789149314
   0.5247194540368648
   0.5397502651685179
   0.5450311879188074
   0.5575142072591625
   0.565564316846229
   0.5748673689244357
   0.5889974043829692
   0.6034121461262651
   0.6106320256236913
   0.6204987159930049
   0.6272315751333399
   0.65521467943524
   0.6614955732292573
   0.6697721412567554
   0.6773276693651967
   0.681222195193278
   0.6877624559440574
   0.7066263175570597
   0.7120766719356624
   0.7224631968616514
   0.7290554117280855
   0.7528569519694254
   0.7579972470457427
   0.7781007556398413
   0.7802223285906154
   0.793571202990795
   0.7992483738787197
   0.8253120535356011
   0.8502129049190196
   0.853392271067123
   0.8610196600761318
   0.8924953334234864
   0.9200855258043639
   0.935370403846034
   0.9454133611159621
   0.9651820581037472
   0.975806839337868
   0.9875620891343838
   1.0063617498303026
   1.022109842387378
   1.0306945403223915
   1.0465949894411164
   1.0807584701959252
   1.0913380175908398
   1.1060975622756535
   1.1255125555207097
   1.1431535640793762
   1.1713928573530303
   1.202655808589391
   1.208050588705309
   1.2139944671391159
   1.2569177354717378
   1.2594905068053333
   1.2997546929166215
   1.3064689909947977
   1.331005771722097
   1.3544968733240514
   1.3612630611869674
   1.383693087063125
   1.4010747462932838
   1.4379502032873277
   1.449869008569309
   1.4818004288236608
   1.5189095629872893
   1.5312359772023263
   1.5388962475748453
   1.5857935774088463
   1.5987863135007911
   1.6103558475900819
   1.6362214524341603
   1.7037067310168865
   1.730617934358274
   1.742997092723892
   1.7747029141052446
   1.7891715390712195
   1.8101138363508988
   1.8336840239552723
   1.852401869322332
   1.86739381274322
   1.8914818084682565
   1.9494871070324837
   1.9578167852312303
   2.0011264771126207
   2.0270090570845394
   2.0376614281003667
   2.092832715866777
   2.1417815991323663
   2.152447623224665
   2.173599680657958
   2.210861686946
   2.2357885631018717
   2.2389408849333634
   2.2844966144094805
   2.3159825773186213
   2.4064342013161237
   2.430608745682594
   2.4447599483263684
   2.5531939954957705
   2.575472297698253
   2.591283609160171
   2.6044016919937123
   2.6457099011984333
   2.687329196443284
   2.707667502075671
   2.7336485994371067
   2.7745512680755553
   2.8082794659518733
   2.841672275102752
   2.870742731550412
   2.892897384869952
   2.984024331034306
   3.0002963200300266
   3.018679809961659
   3.0313502410454793
   3.053892113161671
   3.0568901642058477
   3.0773588611556972
   3.0792237141055168
   3.1010520135353534
   3.1224675809242006
   3.133879988088065
   3.158361056449184
   3.1824822429893866
   3.2014819499185636
   3.222404318055612
   3.2673391686485673
   3.2745032553061106
   3.3036985943489574
   3.3120186783682755
   3.3562178452399714
   3.3802200508489104
   3.383274992768907
   3.4156002267710512
   3.4450885553146184
   3.4629040974170047
   3.4815088501949067
   3.524398059610024
   3.5262134477173066
   3.5448845620226797
   3.5728639677568097
   3.603330898567245
   3.6252003156366657
   3.659378164725343
   3.733655865926707
   3.763446880279872
   3.7977571791133884
   3.820736273388983
   3.835696186903195
   3.8845539898577286
   3.916760851343401
   3.94720141802582
   3.9843665848886185
   3.9992853367873225
   4.079909956462185
   4.123355350774638
   4.143113960391062
   4.180062919162641
   4.24571611186542
   4.294528883626839
   4.335556634927958
   4.378096797694635
   4.421137590201287
   4.449071076469096
   4.475967076609102
   4.531836893733642
   4.552828778997777
   4.609768019802196
   4.695914223651807
   4.7204012861774105
   4.754950324498284
   4.7689775656099105
   4.775753211541679
   4.809783790396811
   4.860949860981026
   4.873206369365214
   4.899616862021272
   4.987097896936419
   5.088016346757101
   5.143143570495621
   5.169665937049299
   5.20274518271988
   5.259055729414293
   5.287880278578412
   5.293965432550604
   5.30891418914829
   5.331712653175274
   5.34349782387007
   5.429738831758808
   5.503042328260708
   5.54564364681541
   5.587145548377119
   5.6608897079498455
   5.717213357352044
   5.77420976305748
   5.785658597592121
   5.796339975606348
   5.841124992402417
   5.859488302837435
   5.890765784818193
   5.93586696966054
   5.942295449553694
   6.00538673589725
   6.041570238532287
   6.0780103718523435
   6.1569031785578545
   6.209753262652299
   6.348471876331772
   6.49046024500128
   6.5869647078017515
   6.64960913639079
   6.833020121499839
   6.891643109644029
   6.979685476604871
   7.51412249666328
   7.539489947873243
   7.552310425839
   7.605159170210932
   7.647931437475393
   7.700467378178014
   7.709567975518522
   7.740251742314673
   7.794681226401551
   7.977626706603893
   8.01791890938225
   8.02840450638681
   8.09931863614323
   8.11814344594227
   8.196488886623417
   8.435009220607071
   8.48356338028728
   8.594181249666825
   8.66264724898948
   8.727865679206154
   8.744170342424894
   8.767274875490845
   8.81540887145309
   8.823850839253094
   8.874698710698969
   8.915913930392943
   9.003670762838535
   9.134806852565585
   9.525146013942582
   9.534461432778725
   9.671517590716995
   9.766448203341344
   9.842526017217391
   9.913062837897986
  10.012972482235924
  10.205554048108809
  10.316211005145686
  10.371229778346637
  10.387874834590555
  10.445848834915584
  10.478803707153975
  10.557059959391335
  10.661602786660573
  10.69930459161931
  10.763109061093747
  10.890895025045623
  10.98785797954659
  14.891594609579695
  14.907182658987793
  14.916335649184116
  14.949395663563633
  14.966774002231446
  15.015147471267678
  15.040359238011648
  15.079796671082041
  15.100816111966381
  15.133087066356742
  15.475301028692648
  15.526402113755744
  15.603634871797574
  15.759240681100849
  15.831358384282446
  17.159034123535104
  17.16595522052392
  17.17901868074022
  17.20821785514459
  17.21935019962535
  17.32422122083858
  17.374506187592264
  17.40838318760663
  17.486933782231006
  19.63413005730859
  19.749094351112426
  19.881882826492564
  29.936725115196914
  30.035952717220354
  30.19097200662509
  62.58343569669326
  62.59369602576658
  62.63166605566034
 
----------------------------------------
   The SCF calculation has converged!   
----------------------------------------
Total SCF Energy: -347.8648646189083 h
 
                       ========================================                 
                              END RESTRICTED CLOSED-SHELL                       
                                  HARTREE-FOCK ENERGY                           
                       ========================================                 
--------------------------------------------------------------------------------
