#######################################################################
FORTRAN=gfortran
FORTRAN_VERSION=7.4.0
MATH=mkl
BLASDIR=
MPI_LIB=openmpi
MPI_HOME=/soft/libraries/mpi/openmpi/2.1.6/
HDF5_PATH=/home/davpoolechem/programs/install/hdf5
EIGEN_PATH=/home/davpoolechem/programs/install/eigen/include/eigen3
BOOST_PATH=/home/davpoolechem/programs/install/boost
GA_PATH=/home/davpoolechem/programs/install/ga
CUDA_BOARD=volta
CUDA_PATH=/soft/compilers/cuda/cuda-10.2.89
#######################################################################

#######################################################################
FORTRAN=gfortran
FORTRAN_VERSION=7.4.0
MATH=mkl
BLASDIR=/soft/restricted/CNDA/sdk/2020.9.15.1/oneapi/mkl/latest
MPI_LIB=openmpi
MPI_HOME=/soft/libraries/mpi/openmpi/2.1.6/
HDF5_PATH=/home/davpoolechem/programs/install/hdf5
EIGEN_PATH=/home/davpoolechem/programs/install/eigen/include/eigen3
BOOST_PATH=/home/davpoolechem/programs/install/boost
GA_PATH=/home/davpoolechem/programs/install/ga
CUDA_BOARD=volta
CUDA_PATH=/soft/compilers/cuda/cuda-10.2.89
#######################################################################

#######################################################################
FORTRAN=gfortran
FORTRAN_VERSION=7.4.0
MATH=mkl
BLASDIR=/soft/restricted/CNDA/sdk/2020.9.15.1/oneapi/mkl/latest
MPI_LIB=openmpi
MPI_HOME=/soft/libraries/mpi/openmpi/2.1.6/
HDF5_PATH=/home/davpoolechem/programs/install/hdf5
EIGEN_PATH=/home/davpoolechem/programs/install/eigen/include/eigen3
BOOST_PATH=/home/davpoolechem/programs/install/boost
GA_PATH=/home/davpoolechem/programs/install/ga
CUDA_BOARD=volta
CUDA_PATH=/soft/compilers/cuda/cuda-10.2.89
#######################################################################

--------------------------------------------------------------------------------
                       ========================================                 
                                RESTRICTED CLOSED-SHELL                         
                                  HARTREE-FOCK ENERGY                           
                       ========================================                 

----------------------------------------          
       Starting RHF iterations...                 
----------------------------------------          
 
Iter        Energy                ΔE                Drms
0     -2587.5624351130
1      -840.3554958987      1747.2069392143      1322.8239925927
2      -785.2548091321      55.1006867666      1344.6911270002
3      -806.4886507853      -21.2338416531      212.3583521037
4      -968.1478504649      -161.6591996796      187.0518147266
5      -952.5026482648      15.6452022000      44.5299545272
6      -942.8560276864      9.6466205785      16.2405852785
7      -933.9475668885      8.9084607979      7.9581499784
8      -928.2198643120      5.7277025765      4.5096054811
9      -925.9098944987      2.3099698133      1.7593238706
10      -917.6690395387      8.2408549600      1.9650580757
11      -910.8298466040      6.8391929347      2.5397228402
12      -907.5538661078      3.2759804962      1.3575477790
13      -906.0402770966      1.5135890112      1.3588414072
14      -904.3769001102      1.6633769863      0.7599311081
15      -904.0187037257      0.3581963845      0.2218985171
16      -903.8323433040      0.1863604217      0.1625436541
17      -903.7725549661      0.0597883379      0.0882202616
18      -903.7838971423      -0.0113421762      0.0675042011
19      -903.8048156594      -0.0209185171      0.0733500790
20      -903.7975531136      0.0072625458      0.0676304636
21      -903.7810270481      0.0165260655      0.0486370365
22      -903.7826628213      -0.0016357732      0.0204254445
23      -903.7877632422      -0.0051004209      0.0137445014
24      -903.7845133895      0.0032498526      0.0039844825
25      -903.7852828709      -0.0007694813      0.0040203675
26      -903.7852754465      0.0000074244      0.0026092773
27      -903.7850851151      0.0001903314      0.0014711027
28      -903.7849395269      0.0001455882      0.0011033130
29      -903.7849604891      -0.0000209622      0.0008264190
30      -903.7850170855      -0.0000565964      0.0003120552
31      -903.7849298984      0.0000871872      0.0002881324
32      -903.7849631254      -0.0000332270      0.0001177394
33      -903.7849721763      -0.0000090509      0.0000892506
34      -903.7849621720      0.0000100043      0.0000535727
35      -903.7849537173      0.0000084547      0.0000652554
36      -903.7849755682      -0.0000218509      0.0000449876
37      -903.7849654267      0.0000101415      0.0000256746
38      -903.7849655958      -0.0000001692      0.0000128450
39      -903.7849678023      -0.0000022065      0.0000103260
40      -903.7849671773      0.0000006250      0.0000064269
41      -903.7849667289      0.0000004485      0.0000028287
42      -903.7849661042      0.0000006246      0.0000022734
43      -903.7849666043      -0.0000005000      0.0000006784
44      -903.7849664687      0.0000001356      0.0000010182
45      -903.7849663148      0.0000001538      0.0000004656
46      -903.7849662847      0.0000000302      0.0000005909
47      -903.7849664596      -0.0000001750      0.0000002605
48      -903.7849663483      0.0000001114      0.0000002348
49      -903.7849663572      -0.0000000089      0.0000000759
 
----------------------------------------
   The SCF calculation has converged!   
----------------------------------------
Total SCF Energy: -903.7849663572 h
 
                       ========================================                 
                              END RESTRICTED CLOSED-SHELL                       
                                  HARTREE-FOCK ENERGY                           
                       ========================================                 
--------------------------------------------------------------------------------
1-element Array{Float64,1}:
 593.5171711610001