--------------------------------------------------------------------------------
                       ========================================                 
                                READING INPUT DATA FILE                         
                       ========================================                 
 
 
Number of worker processes: 1
Number of threads per process: 1
Number of threads in total: 1
 
                       ========================================                 
                                       END INPUT                                
                       ========================================                 
--------------------------------------------------------------------------------
                       ========================================                 
                                GENERATING BASIS SET                            
                       ========================================                 
 
----------------------------------------          
        Basis Set Information...                  
----------------------------------------          
ATOM #1 (C):
S
┌[0m───────────[0m┬[0m─────────────[0m┬[0m─────────────────────────[0m┐[0m
│[0m[1m Primitive [0m│[0m[1m    Exponent [0m│[0m[1m Contraction Coefficient [0m│[0m
├[0m───────────[0m┼[0m─────────────[0m┼[0m─────────────────────────[0m┤[0m
│[0m       1.0 [0m│[0m 3047.524880 [0m│[0m                0.001835 [0m│[0m
│[0m       2.0 [0m│[0m  457.369518 [0m│[0m                0.014037 [0m│[0m
│[0m       3.0 [0m│[0m  103.948685 [0m│[0m                0.068843 [0m│[0m
│[0m       4.0 [0m│[0m   29.210155 [0m│[0m                0.232184 [0m│[0m
│[0m       5.0 [0m│[0m    9.286663 [0m│[0m                0.467941 [0m│[0m
│[0m       6.0 [0m│[0m    3.163927 [0m│[0m                0.362312 [0m│[0m
└[0m───────────[0m┴[0m─────────────[0m┴[0m─────────────────────────[0m┘[0m
 
L (s)
┌[0m───────────[0m┬[0m──────────[0m┬[0m─────────────────────────[0m┐[0m
│[0m[1m Primitive [0m│[0m[1m Exponent [0m│[0m[1m Contraction Coefficient [0m│[0m
├[0m───────────[0m┼[0m──────────[0m┼[0m─────────────────────────[0m┤[0m
│[0m       1.0 [0m│[0m 7.868272 [0m│[0m               -0.119332 [0m│[0m
│[0m       2.0 [0m│[0m 1.881289 [0m│[0m               -0.160854 [0m│[0m
│[0m       3.0 [0m│[0m 0.544249 [0m│[0m                1.143456 [0m│[0m
└[0m───────────[0m┴[0m──────────[0m┴[0m─────────────────────────[0m┘[0m
L (p)
┌[0m───────────[0m┬[0m──────────[0m┬[0m─────────────────────────[0m┐[0m
│[0m[1m Primitive [0m│[0m[1m Exponent [0m│[0m[1m Contraction Coefficient [0m│[0m
├[0m───────────[0m┼[0m──────────[0m┼[0m─────────────────────────[0m┤[0m
│[0m       1.0 [0m│[0m 7.868272 [0m│[0m                0.068999 [0m│[0m
│[0m       2.0 [0m│[0m 1.881289 [0m│[0m                0.316424 [0m│[0m
│[0m       3.0 [0m│[0m 0.544249 [0m│[0m                0.744308 [0m│[0m
└[0m───────────[0m┴[0m──────────[0m┴[0m─────────────────────────[0m┘[0m
 
L (s)
┌[0m───────────[0m┬[0m──────────[0m┬[0m─────────────────────────[0m┐[0m
│[0m[1m Primitive [0m│[0m[1m Exponent [0m│[0m[1m Contraction Coefficient [0m│[0m
├[0m───────────[0m┼[0m──────────[0m┼[0m─────────────────────────[0m┤[0m
│[0m       1.0 [0m│[0m 0.168714 [0m│[0m                1.000000 [0m│[0m
└[0m───────────[0m┴[0m──────────[0m┴[0m─────────────────────────[0m┘[0m
L (p)
┌[0m───────────[0m┬[0m──────────[0m┬[0m─────────────────────────[0m┐[0m
│[0m[1m Primitive [0m│[0m[1m Exponent [0m│[0m[1m Contraction Coefficient [0m│[0m
├[0m───────────[0m┼[0m──────────[0m┼[0m─────────────────────────[0m┤[0m
│[0m       1.0 [0m│[0m 0.168714 [0m│[0m                1.000000 [0m│[0m
└[0m───────────[0m┴[0m──────────[0m┴[0m─────────────────────────[0m┘[0m
 
D
┌[0m───────────[0m┬[0m──────────[0m┬[0m─────────────────────────[0m┐[0m
│[0m[1m Primitive [0m│[0m[1m Exponent [0m│[0m[1m Contraction Coefficient [0m│[0m
├[0m───────────[0m┼[0m──────────[0m┼[0m─────────────────────────[0m┤[0m
│[0m       1.0 [0m│[0m 0.800000 [0m│[0m                1.000000 [0m│[0m
└[0m───────────[0m┴[0m──────────[0m┴[0m─────────────────────────[0m┘[0m
 
L (s)
┌[0m───────────[0m┬[0m──────────[0m┬[0m─────────────────────────[0m┐[0m
│[0m[1m Primitive [0m│[0m[1m Exponent [0m│[0m[1m Contraction Coefficient [0m│[0m
├[0m───────────[0m┼[0m──────────[0m┼[0m─────────────────────────[0m┤[0m
│[0m       1.0 [0m│[0m 0.043800 [0m│[0m                1.000000 [0m│[0m
└[0m───────────[0m┴[0m──────────[0m┴[0m─────────────────────────[0m┘[0m
L (p)
┌[0m───────────[0m┬[0m──────────[0m┬[0m─────────────────────────[0m┐[0m
│[0m[1m Primitive [0m│[0m[1m Exponent [0m│[0m[1m Contraction Coefficient [0m│[0m
├[0m───────────[0m┼[0m──────────[0m┼[0m─────────────────────────[0m┤[0m
│[0m       1.0 [0m│[0m 0.043800 [0m│[0m                1.000000 [0m│[0m
└[0m───────────[0m┴[0m──────────[0m┴[0m─────────────────────────[0m┘[0m
 
 
 
ATOM #2 (C):
S
┌[0m───────────[0m┬[0m─────────────[0m┬[0m─────────────────────────[0m┐[0m
│[0m[1m Primitive [0m│[0m[1m    Exponent [0m│[0m[1m Contraction Coefficient [0m│[0m
├[0m───────────[0m┼[0m─────────────[0m┼[0m─────────────────────────[0m┤[0m
│[0m       1.0 [0m│[0m 3047.524880 [0m│[0m                0.001835 [0m│[0m
│[0m       2.0 [0m│[0m  457.369518 [0m│[0m                0.014037 [0m│[0m
│[0m       3.0 [0m│[0m  103.948685 [0m│[0m                0.068843 [0m│[0m
│[0m       4.0 [0m│[0m   29.210155 [0m│[0m                0.232184 [0m│[0m
│[0m       5.0 [0m│[0m    9.286663 [0m│[0m                0.467941 [0m│[0m
│[0m       6.0 [0m│[0m    3.163927 [0m│[0m                0.362312 [0m│[0m
└[0m───────────[0m┴[0m─────────────[0m┴[0m─────────────────────────[0m┘[0m
 
L (s)
┌[0m───────────[0m┬[0m──────────[0m┬[0m─────────────────────────[0m┐[0m
│[0m[1m Primitive [0m│[0m[1m Exponent [0m│[0m[1m Contraction Coefficient [0m│[0m
├[0m───────────[0m┼[0m──────────[0m┼[0m─────────────────────────[0m┤[0m
│[0m       1.0 [0m│[0m 7.868272 [0m│[0m               -0.119332 [0m│[0m
│[0m       2.0 [0m│[0m 1.881289 [0m│[0m               -0.160854 [0m│[0m
│[0m       3.0 [0m│[0m 0.544249 [0m│[0m                1.143456 [0m│[0m
└[0m───────────[0m┴[0m──────────[0m┴[0m─────────────────────────[0m┘[0m
L (p)
┌[0m───────────[0m┬[0m──────────[0m┬[0m─────────────────────────[0m┐[0m
│[0m[1m Primitive [0m│[0m[1m Exponent [0m│[0m[1m Contraction Coefficient [0m│[0m
├[0m───────────[0m┼[0m──────────[0m┼[0m─────────────────────────[0m┤[0m
│[0m       1.0 [0m│[0m 7.868272 [0m│[0m                0.068999 [0m│[0m
│[0m       2.0 [0m│[0m 1.881289 [0m│[0m                0.316424 [0m│[0m
│[0m       3.0 [0m│[0m 0.544249 [0m│[0m                0.744308 [0m│[0m
└[0m───────────[0m┴[0m──────────[0m┴[0m─────────────────────────[0m┘[0m
 
L (s)
┌[0m───────────[0m┬[0m──────────[0m┬[0m─────────────────────────[0m┐[0m
│[0m[1m Primitive [0m│[0m[1m Exponent [0m│[0m[1m Contraction Coefficient [0m│[0m
├[0m───────────[0m┼[0m──────────[0m┼[0m─────────────────────────[0m┤[0m
│[0m       1.0 [0m│[0m 0.168714 [0m│[0m                1.000000 [0m│[0m
└[0m───────────[0m┴[0m──────────[0m┴[0m─────────────────────────[0m┘[0m
L (p)
┌[0m───────────[0m┬[0m──────────[0m┬[0m─────────────────────────[0m┐[0m
│[0m[1m Primitive [0m│[0m[1m Exponent [0m│[0m[1m Contraction Coefficient [0m│[0m
├[0m───────────[0m┼[0m──────────[0m┼[0m─────────────────────────[0m┤[0m
│[0m       1.0 [0m│[0m 0.168714 [0m│[0m                1.000000 [0m│[0m
└[0m───────────[0m┴[0m──────────[0m┴[0m─────────────────────────[0m┘[0m
 
D
┌[0m───────────[0m┬[0m──────────[0m┬[0m─────────────────────────[0m┐[0m
│[0m[1m Primitive [0m│[0m[1m Exponent [0m│[0m[1m Contraction Coefficient [0m│[0m
├[0m───────────[0m┼[0m──────────[0m┼[0m─────────────────────────[0m┤[0m
│[0m       1.0 [0m│[0m 0.800000 [0m│[0m                1.000000 [0m│[0m
└[0m───────────[0m┴[0m──────────[0m┴[0m─────────────────────────[0m┘[0m
 
L (s)
┌[0m───────────[0m┬[0m──────────[0m┬[0m─────────────────────────[0m┐[0m
│[0m[1m Primitive [0m│[0m[1m Exponent [0m│[0m[1m Contraction Coefficient [0m│[0m
├[0m───────────[0m┼[0m──────────[0m┼[0m─────────────────────────[0m┤[0m
│[0m       1.0 [0m│[0m 0.043800 [0m│[0m                1.000000 [0m│[0m
└[0m───────────[0m┴[0m──────────[0m┴[0m─────────────────────────[0m┘[0m
L (p)
┌[0m───────────[0m┬[0m──────────[0m┬[0m─────────────────────────[0m┐[0m
│[0m[1m Primitive [0m│[0m[1m Exponent [0m│[0m[1m Contraction Coefficient [0m│[0m
├[0m───────────[0m┼[0m──────────[0m┼[0m─────────────────────────[0m┤[0m
│[0m       1.0 [0m│[0m 0.043800 [0m│[0m                1.000000 [0m│[0m
└[0m───────────[0m┴[0m──────────[0m┴[0m─────────────────────────[0m┘[0m
 
 
 
ATOM #3 (C):
S
┌[0m───────────[0m┬[0m─────────────[0m┬[0m─────────────────────────[0m┐[0m
│[0m[1m Primitive [0m│[0m[1m    Exponent [0m│[0m[1m Contraction Coefficient [0m│[0m
├[0m───────────[0m┼[0m─────────────[0m┼[0m─────────────────────────[0m┤[0m
│[0m       1.0 [0m│[0m 3047.524880 [0m│[0m                0.001835 [0m│[0m
│[0m       2.0 [0m│[0m  457.369518 [0m│[0m                0.014037 [0m│[0m
│[0m       3.0 [0m│[0m  103.948685 [0m│[0m                0.068843 [0m│[0m
│[0m       4.0 [0m│[0m   29.210155 [0m│[0m                0.232184 [0m│[0m
│[0m       5.0 [0m│[0m    9.286663 [0m│[0m                0.467941 [0m│[0m
│[0m       6.0 [0m│[0m    3.163927 [0m│[0m                0.362312 [0m│[0m
└[0m───────────[0m┴[0m─────────────[0m┴[0m─────────────────────────[0m┘[0m
 
L (s)
┌[0m───────────[0m┬[0m──────────[0m┬[0m─────────────────────────[0m┐[0m
│[0m[1m Primitive [0m│[0m[1m Exponent [0m│[0m[1m Contraction Coefficient [0m│[0m
├[0m───────────[0m┼[0m──────────[0m┼[0m─────────────────────────[0m┤[0m
│[0m       1.0 [0m│[0m 7.868272 [0m│[0m               -0.119332 [0m│[0m
│[0m       2.0 [0m│[0m 1.881289 [0m│[0m               -0.160854 [0m│[0m
│[0m       3.0 [0m│[0m 0.544249 [0m│[0m                1.143456 [0m│[0m
└[0m───────────[0m┴[0m──────────[0m┴[0m─────────────────────────[0m┘[0m
L (p)
┌[0m───────────[0m┬[0m──────────[0m┬[0m─────────────────────────[0m┐[0m
│[0m[1m Primitive [0m│[0m[1m Exponent [0m│[0m[1m Contraction Coefficient [0m│[0m
├[0m───────────[0m┼[0m──────────[0m┼[0m─────────────────────────[0m┤[0m
│[0m       1.0 [0m│[0m 7.868272 [0m│[0m                0.068999 [0m│[0m
│[0m       2.0 [0m│[0m 1.881289 [0m│[0m                0.316424 [0m│[0m
│[0m       3.0 [0m│[0m 0.544249 [0m│[0m                0.744308 [0m│[0m
└[0m───────────[0m┴[0m──────────[0m┴[0m─────────────────────────[0m┘[0m
 
L (s)
┌[0m───────────[0m┬[0m──────────[0m┬[0m─────────────────────────[0m┐[0m
│[0m[1m Primitive [0m│[0m[1m Exponent [0m│[0m[1m Contraction Coefficient [0m│[0m
├[0m───────────[0m┼[0m──────────[0m┼[0m─────────────────────────[0m┤[0m
│[0m       1.0 [0m│[0m 0.168714 [0m│[0m                1.000000 [0m│[0m
└[0m───────────[0m┴[0m──────────[0m┴[0m─────────────────────────[0m┘[0m
L (p)
┌[0m───────────[0m┬[0m──────────[0m┬[0m─────────────────────────[0m┐[0m
│[0m[1m Primitive [0m│[0m[1m Exponent [0m│[0m[1m Contraction Coefficient [0m│[0m
├[0m───────────[0m┼[0m──────────[0m┼[0m─────────────────────────[0m┤[0m
│[0m       1.0 [0m│[0m 0.168714 [0m│[0m                1.000000 [0m│[0m
└[0m───────────[0m┴[0m──────────[0m┴[0m─────────────────────────[0m┘[0m
 
D
┌[0m───────────[0m┬[0m──────────[0m┬[0m─────────────────────────[0m┐[0m
│[0m[1m Primitive [0m│[0m[1m Exponent [0m│[0m[1m Contraction Coefficient [0m│[0m
├[0m───────────[0m┼[0m──────────[0m┼[0m─────────────────────────[0m┤[0m
│[0m       1.0 [0m│[0m 0.800000 [0m│[0m                1.000000 [0m│[0m
└[0m───────────[0m┴[0m──────────[0m┴[0m─────────────────────────[0m┘[0m
 
L (s)
┌[0m───────────[0m┬[0m──────────[0m┬[0m─────────────────────────[0m┐[0m
│[0m[1m Primitive [0m│[0m[1m Exponent [0m│[0m[1m Contraction Coefficient [0m│[0m
├[0m───────────[0m┼[0m──────────[0m┼[0m─────────────────────────[0m┤[0m
│[0m       1.0 [0m│[0m 0.043800 [0m│[0m                1.000000 [0m│[0m
└[0m───────────[0m┴[0m──────────[0m┴[0m─────────────────────────[0m┘[0m
L (p)
┌[0m───────────[0m┬[0m──────────[0m┬[0m─────────────────────────[0m┐[0m
│[0m[1m Primitive [0m│[0m[1m Exponent [0m│[0m[1m Contraction Coefficient [0m│[0m
├[0m───────────[0m┼[0m──────────[0m┼[0m─────────────────────────[0m┤[0m
│[0m       1.0 [0m│[0m 0.043800 [0m│[0m                1.000000 [0m│[0m
└[0m───────────[0m┴[0m──────────[0m┴[0m─────────────────────────[0m┘[0m
 
 
 
ATOM #4 (O):
S
┌[0m───────────[0m┬[0m─────────────[0m┬[0m─────────────────────────[0m┐[0m
│[0m[1m Primitive [0m│[0m[1m    Exponent [0m│[0m[1m Contraction Coefficient [0m│[0m
├[0m───────────[0m┼[0m─────────────[0m┼[0m─────────────────────────[0m┤[0m
│[0m       1.0 [0m│[0m 5484.671660 [0m│[0m                0.001831 [0m│[0m
│[0m       2.0 [0m│[0m  825.234946 [0m│[0m                0.013950 [0m│[0m
│[0m       3.0 [0m│[0m  188.046958 [0m│[0m                0.068445 [0m│[0m
│[0m       4.0 [0m│[0m   52.964500 [0m│[0m                0.232714 [0m│[0m
│[0m       5.0 [0m│[0m   16.897570 [0m│[0m                0.470193 [0m│[0m
│[0m       6.0 [0m│[0m    5.799635 [0m│[0m                0.358521 [0m│[0m
└[0m───────────[0m┴[0m─────────────[0m┴[0m─────────────────────────[0m┘[0m
 
L (s)
┌[0m───────────[0m┬[0m───────────[0m┬[0m─────────────────────────[0m┐[0m
│[0m[1m Primitive [0m│[0m[1m  Exponent [0m│[0m[1m Contraction Coefficient [0m│[0m
├[0m───────────[0m┼[0m───────────[0m┼[0m─────────────────────────[0m┤[0m
│[0m       1.0 [0m│[0m 15.539616 [0m│[0m               -0.110778 [0m│[0m
│[0m       2.0 [0m│[0m  3.599934 [0m│[0m               -0.148026 [0m│[0m
│[0m       3.0 [0m│[0m  1.013762 [0m│[0m                1.130767 [0m│[0m
└[0m───────────[0m┴[0m───────────[0m┴[0m─────────────────────────[0m┘[0m
L (p)
┌[0m───────────[0m┬[0m───────────[0m┬[0m─────────────────────────[0m┐[0m
│[0m[1m Primitive [0m│[0m[1m  Exponent [0m│[0m[1m Contraction Coefficient [0m│[0m
├[0m───────────[0m┼[0m───────────[0m┼[0m─────────────────────────[0m┤[0m
│[0m       1.0 [0m│[0m 15.539616 [0m│[0m                0.070874 [0m│[0m
│[0m       2.0 [0m│[0m  3.599934 [0m│[0m                0.339753 [0m│[0m
│[0m       3.0 [0m│[0m  1.013762 [0m│[0m                0.727159 [0m│[0m
└[0m───────────[0m┴[0m───────────[0m┴[0m─────────────────────────[0m┘[0m
 
L (s)
┌[0m───────────[0m┬[0m──────────[0m┬[0m─────────────────────────[0m┐[0m
│[0m[1m Primitive [0m│[0m[1m Exponent [0m│[0m[1m Contraction Coefficient [0m│[0m
├[0m───────────[0m┼[0m──────────[0m┼[0m─────────────────────────[0m┤[0m
│[0m       1.0 [0m│[0m 0.270006 [0m│[0m                1.000000 [0m│[0m
└[0m───────────[0m┴[0m──────────[0m┴[0m─────────────────────────[0m┘[0m
L (p)
┌[0m───────────[0m┬[0m──────────[0m┬[0m─────────────────────────[0m┐[0m
│[0m[1m Primitive [0m│[0m[1m Exponent [0m│[0m[1m Contraction Coefficient [0m│[0m
├[0m───────────[0m┼[0m──────────[0m┼[0m─────────────────────────[0m┤[0m
│[0m       1.0 [0m│[0m 0.270006 [0m│[0m                1.000000 [0m│[0m
└[0m───────────[0m┴[0m──────────[0m┴[0m─────────────────────────[0m┘[0m
 
D
┌[0m───────────[0m┬[0m──────────[0m┬[0m─────────────────────────[0m┐[0m
│[0m[1m Primitive [0m│[0m[1m Exponent [0m│[0m[1m Contraction Coefficient [0m│[0m
├[0m───────────[0m┼[0m──────────[0m┼[0m─────────────────────────[0m┤[0m
│[0m       1.0 [0m│[0m 0.800000 [0m│[0m                1.000000 [0m│[0m
└[0m───────────[0m┴[0m──────────[0m┴[0m─────────────────────────[0m┘[0m
 
L (s)
┌[0m───────────[0m┬[0m──────────[0m┬[0m─────────────────────────[0m┐[0m
│[0m[1m Primitive [0m│[0m[1m Exponent [0m│[0m[1m Contraction Coefficient [0m│[0m
├[0m───────────[0m┼[0m──────────[0m┼[0m─────────────────────────[0m┤[0m
│[0m       1.0 [0m│[0m 0.084500 [0m│[0m                1.000000 [0m│[0m
└[0m───────────[0m┴[0m──────────[0m┴[0m─────────────────────────[0m┘[0m
L (p)
┌[0m───────────[0m┬[0m──────────[0m┬[0m─────────────────────────[0m┐[0m
│[0m[1m Primitive [0m│[0m[1m Exponent [0m│[0m[1m Contraction Coefficient [0m│[0m
├[0m───────────[0m┼[0m──────────[0m┼[0m─────────────────────────[0m┤[0m
│[0m       1.0 [0m│[0m 0.084500 [0m│[0m                1.000000 [0m│[0m
└[0m───────────[0m┴[0m──────────[0m┴[0m─────────────────────────[0m┘[0m
 
 
 
ATOM #5 (O):
S
┌[0m───────────[0m┬[0m─────────────[0m┬[0m─────────────────────────[0m┐[0m
│[0m[1m Primitive [0m│[0m[1m    Exponent [0m│[0m[1m Contraction Coefficient [0m│[0m
├[0m───────────[0m┼[0m─────────────[0m┼[0m─────────────────────────[0m┤[0m
│[0m       1.0 [0m│[0m 5484.671660 [0m│[0m                0.001831 [0m│[0m
│[0m       2.0 [0m│[0m  825.234946 [0m│[0m                0.013950 [0m│[0m
│[0m       3.0 [0m│[0m  188.046958 [0m│[0m                0.068445 [0m│[0m
│[0m       4.0 [0m│[0m   52.964500 [0m│[0m                0.232714 [0m│[0m
│[0m       5.0 [0m│[0m   16.897570 [0m│[0m                0.470193 [0m│[0m
│[0m       6.0 [0m│[0m    5.799635 [0m│[0m                0.358521 [0m│[0m
└[0m───────────[0m┴[0m─────────────[0m┴[0m─────────────────────────[0m┘[0m
 
L (s)
┌[0m───────────[0m┬[0m───────────[0m┬[0m─────────────────────────[0m┐[0m
│[0m[1m Primitive [0m│[0m[1m  Exponent [0m│[0m[1m Contraction Coefficient [0m│[0m
├[0m───────────[0m┼[0m───────────[0m┼[0m─────────────────────────[0m┤[0m
│[0m       1.0 [0m│[0m 15.539616 [0m│[0m               -0.110778 [0m│[0m
│[0m       2.0 [0m│[0m  3.599934 [0m│[0m               -0.148026 [0m│[0m
│[0m       3.0 [0m│[0m  1.013762 [0m│[0m                1.130767 [0m│[0m
└[0m───────────[0m┴[0m───────────[0m┴[0m─────────────────────────[0m┘[0m
L (p)
┌[0m───────────[0m┬[0m───────────[0m┬[0m─────────────────────────[0m┐[0m
│[0m[1m Primitive [0m│[0m[1m  Exponent [0m│[0m[1m Contraction Coefficient [0m│[0m
├[0m───────────[0m┼[0m───────────[0m┼[0m─────────────────────────[0m┤[0m
│[0m       1.0 [0m│[0m 15.539616 [0m│[0m                0.070874 [0m│[0m
│[0m       2.0 [0m│[0m  3.599934 [0m│[0m                0.339753 [0m│[0m
│[0m       3.0 [0m│[0m  1.013762 [0m│[0m                0.727159 [0m│[0m
└[0m───────────[0m┴[0m───────────[0m┴[0m─────────────────────────[0m┘[0m
 
L (s)
┌[0m───────────[0m┬[0m──────────[0m┬[0m─────────────────────────[0m┐[0m
│[0m[1m Primitive [0m│[0m[1m Exponent [0m│[0m[1m Contraction Coefficient [0m│[0m
├[0m───────────[0m┼[0m──────────[0m┼[0m─────────────────────────[0m┤[0m
│[0m       1.0 [0m│[0m 0.270006 [0m│[0m                1.000000 [0m│[0m
└[0m───────────[0m┴[0m──────────[0m┴[0m─────────────────────────[0m┘[0m
L (p)
┌[0m───────────[0m┬[0m──────────[0m┬[0m─────────────────────────[0m┐[0m
│[0m[1m Primitive [0m│[0m[1m Exponent [0m│[0m[1m Contraction Coefficient [0m│[0m
├[0m───────────[0m┼[0m──────────[0m┼[0m─────────────────────────[0m┤[0m
│[0m       1.0 [0m│[0m 0.270006 [0m│[0m                1.000000 [0m│[0m
└[0m───────────[0m┴[0m──────────[0m┴[0m─────────────────────────[0m┘[0m
 
D
┌[0m───────────[0m┬[0m──────────[0m┬[0m─────────────────────────[0m┐[0m
│[0m[1m Primitive [0m│[0m[1m Exponent [0m│[0m[1m Contraction Coefficient [0m│[0m
├[0m───────────[0m┼[0m──────────[0m┼[0m─────────────────────────[0m┤[0m
│[0m       1.0 [0m│[0m 0.800000 [0m│[0m                1.000000 [0m│[0m
└[0m───────────[0m┴[0m──────────[0m┴[0m─────────────────────────[0m┘[0m
 
L (s)
┌[0m───────────[0m┬[0m──────────[0m┬[0m─────────────────────────[0m┐[0m
│[0m[1m Primitive [0m│[0m[1m Exponent [0m│[0m[1m Contraction Coefficient [0m│[0m
├[0m───────────[0m┼[0m──────────[0m┼[0m─────────────────────────[0m┤[0m
│[0m       1.0 [0m│[0m 0.084500 [0m│[0m                1.000000 [0m│[0m
└[0m───────────[0m┴[0m──────────[0m┴[0m─────────────────────────[0m┘[0m
L (p)
┌[0m───────────[0m┬[0m──────────[0m┬[0m─────────────────────────[0m┐[0m
│[0m[1m Primitive [0m│[0m[1m Exponent [0m│[0m[1m Contraction Coefficient [0m│[0m
├[0m───────────[0m┼[0m──────────[0m┼[0m─────────────────────────[0m┤[0m
│[0m       1.0 [0m│[0m 0.084500 [0m│[0m                1.000000 [0m│[0m
└[0m───────────[0m┴[0m──────────[0m┴[0m─────────────────────────[0m┘[0m
 
 
 
ATOM #6 (O):
S
┌[0m───────────[0m┬[0m─────────────[0m┬[0m─────────────────────────[0m┐[0m
│[0m[1m Primitive [0m│[0m[1m    Exponent [0m│[0m[1m Contraction Coefficient [0m│[0m
├[0m───────────[0m┼[0m─────────────[0m┼[0m─────────────────────────[0m┤[0m
│[0m       1.0 [0m│[0m 5484.671660 [0m│[0m                0.001831 [0m│[0m
│[0m       2.0 [0m│[0m  825.234946 [0m│[0m                0.013950 [0m│[0m
│[0m       3.0 [0m│[0m  188.046958 [0m│[0m                0.068445 [0m│[0m
│[0m       4.0 [0m│[0m   52.964500 [0m│[0m                0.232714 [0m│[0m
│[0m       5.0 [0m│[0m   16.897570 [0m│[0m                0.470193 [0m│[0m
│[0m       6.0 [0m│[0m    5.799635 [0m│[0m                0.358521 [0m│[0m
└[0m───────────[0m┴[0m─────────────[0m┴[0m─────────────────────────[0m┘[0m
 
L (s)
┌[0m───────────[0m┬[0m───────────[0m┬[0m─────────────────────────[0m┐[0m
│[0m[1m Primitive [0m│[0m[1m  Exponent [0m│[0m[1m Contraction Coefficient [0m│[0m
├[0m───────────[0m┼[0m───────────[0m┼[0m─────────────────────────[0m┤[0m
│[0m       1.0 [0m│[0m 15.539616 [0m│[0m               -0.110778 [0m│[0m
│[0m       2.0 [0m│[0m  3.599934 [0m│[0m               -0.148026 [0m│[0m
│[0m       3.0 [0m│[0m  1.013762 [0m│[0m                1.130767 [0m│[0m
└[0m───────────[0m┴[0m───────────[0m┴[0m─────────────────────────[0m┘[0m
L (p)
┌[0m───────────[0m┬[0m───────────[0m┬[0m─────────────────────────[0m┐[0m
│[0m[1m Primitive [0m│[0m[1m  Exponent [0m│[0m[1m Contraction Coefficient [0m│[0m
├[0m───────────[0m┼[0m───────────[0m┼[0m─────────────────────────[0m┤[0m
│[0m       1.0 [0m│[0m 15.539616 [0m│[0m                0.070874 [0m│[0m
│[0m       2.0 [0m│[0m  3.599934 [0m│[0m                0.339753 [0m│[0m
│[0m       3.0 [0m│[0m  1.013762 [0m│[0m                0.727159 [0m│[0m
└[0m───────────[0m┴[0m───────────[0m┴[0m─────────────────────────[0m┘[0m
 
L (s)
┌[0m───────────[0m┬[0m──────────[0m┬[0m─────────────────────────[0m┐[0m
│[0m[1m Primitive [0m│[0m[1m Exponent [0m│[0m[1m Contraction Coefficient [0m│[0m
├[0m───────────[0m┼[0m──────────[0m┼[0m─────────────────────────[0m┤[0m
│[0m       1.0 [0m│[0m 0.270006 [0m│[0m                1.000000 [0m│[0m
└[0m───────────[0m┴[0m──────────[0m┴[0m─────────────────────────[0m┘[0m
L (p)
┌[0m───────────[0m┬[0m──────────[0m┬[0m─────────────────────────[0m┐[0m
│[0m[1m Primitive [0m│[0m[1m Exponent [0m│[0m[1m Contraction Coefficient [0m│[0m
├[0m───────────[0m┼[0m──────────[0m┼[0m─────────────────────────[0m┤[0m
│[0m       1.0 [0m│[0m 0.270006 [0m│[0m                1.000000 [0m│[0m
└[0m───────────[0m┴[0m──────────[0m┴[0m─────────────────────────[0m┘[0m
 
D
┌[0m───────────[0m┬[0m──────────[0m┬[0m─────────────────────────[0m┐[0m
│[0m[1m Primitive [0m│[0m[1m Exponent [0m│[0m[1m Contraction Coefficient [0m│[0m
├[0m───────────[0m┼[0m──────────[0m┼[0m─────────────────────────[0m┤[0m
│[0m       1.0 [0m│[0m 0.800000 [0m│[0m                1.000000 [0m│[0m
└[0m───────────[0m┴[0m──────────[0m┴[0m─────────────────────────[0m┘[0m
 
L (s)
┌[0m───────────[0m┬[0m──────────[0m┬[0m─────────────────────────[0m┐[0m
│[0m[1m Primitive [0m│[0m[1m Exponent [0m│[0m[1m Contraction Coefficient [0m│[0m
├[0m───────────[0m┼[0m──────────[0m┼[0m─────────────────────────[0m┤[0m
│[0m       1.0 [0m│[0m 0.084500 [0m│[0m                1.000000 [0m│[0m
└[0m───────────[0m┴[0m──────────[0m┴[0m─────────────────────────[0m┘[0m
L (p)
┌[0m───────────[0m┬[0m──────────[0m┬[0m─────────────────────────[0m┐[0m
│[0m[1m Primitive [0m│[0m[1m Exponent [0m│[0m[1m Contraction Coefficient [0m│[0m
├[0m───────────[0m┼[0m──────────[0m┼[0m─────────────────────────[0m┤[0m
│[0m       1.0 [0m│[0m 0.084500 [0m│[0m                1.000000 [0m│[0m
└[0m───────────[0m┴[0m──────────[0m┴[0m─────────────────────────[0m┘[0m
 
 
 
ATOM #7 (H):
S
┌[0m───────────[0m┬[0m───────────[0m┬[0m─────────────────────────[0m┐[0m
│[0m[1m Primitive [0m│[0m[1m  Exponent [0m│[0m[1m Contraction Coefficient [0m│[0m
├[0m───────────[0m┼[0m───────────[0m┼[0m─────────────────────────[0m┤[0m
│[0m       1.0 [0m│[0m 18.731137 [0m│[0m                0.033495 [0m│[0m
│[0m       2.0 [0m│[0m  2.825394 [0m│[0m                0.234727 [0m│[0m
│[0m       3.0 [0m│[0m  0.640122 [0m│[0m                0.813757 [0m│[0m
└[0m───────────[0m┴[0m───────────[0m┴[0m─────────────────────────[0m┘[0m
 
S
┌[0m───────────[0m┬[0m──────────[0m┬[0m─────────────────────────[0m┐[0m
│[0m[1m Primitive [0m│[0m[1m Exponent [0m│[0m[1m Contraction Coefficient [0m│[0m
├[0m───────────[0m┼[0m──────────[0m┼[0m─────────────────────────[0m┤[0m
│[0m       1.0 [0m│[0m 0.161278 [0m│[0m                1.000000 [0m│[0m
└[0m───────────[0m┴[0m──────────[0m┴[0m─────────────────────────[0m┘[0m
 
P
┌[0m───────────[0m┬[0m──────────[0m┬[0m─────────────────────────[0m┐[0m
│[0m[1m Primitive [0m│[0m[1m Exponent [0m│[0m[1m Contraction Coefficient [0m│[0m
├[0m───────────[0m┼[0m──────────[0m┼[0m─────────────────────────[0m┤[0m
│[0m       1.0 [0m│[0m 1.100000 [0m│[0m                1.000000 [0m│[0m
└[0m───────────[0m┴[0m──────────[0m┴[0m─────────────────────────[0m┘[0m
 
 
 
ATOM #8 (H):
S
┌[0m───────────[0m┬[0m───────────[0m┬[0m─────────────────────────[0m┐[0m
│[0m[1m Primitive [0m│[0m[1m  Exponent [0m│[0m[1m Contraction Coefficient [0m│[0m
├[0m───────────[0m┼[0m───────────[0m┼[0m─────────────────────────[0m┤[0m
│[0m       1.0 [0m│[0m 18.731137 [0m│[0m                0.033495 [0m│[0m
│[0m       2.0 [0m│[0m  2.825394 [0m│[0m                0.234727 [0m│[0m
│[0m       3.0 [0m│[0m  0.640122 [0m│[0m                0.813757 [0m│[0m
└[0m───────────[0m┴[0m───────────[0m┴[0m─────────────────────────[0m┘[0m
 
S
┌[0m───────────[0m┬[0m──────────[0m┬[0m─────────────────────────[0m┐[0m
│[0m[1m Primitive [0m│[0m[1m Exponent [0m│[0m[1m Contraction Coefficient [0m│[0m
├[0m───────────[0m┼[0m──────────[0m┼[0m─────────────────────────[0m┤[0m
│[0m       1.0 [0m│[0m 0.161278 [0m│[0m                1.000000 [0m│[0m
└[0m───────────[0m┴[0m──────────[0m┴[0m─────────────────────────[0m┘[0m
 
P
┌[0m───────────[0m┬[0m──────────[0m┬[0m─────────────────────────[0m┐[0m
│[0m[1m Primitive [0m│[0m[1m Exponent [0m│[0m[1m Contraction Coefficient [0m│[0m
├[0m───────────[0m┼[0m──────────[0m┼[0m─────────────────────────[0m┤[0m
│[0m       1.0 [0m│[0m 1.100000 [0m│[0m                1.000000 [0m│[0m
└[0m───────────[0m┴[0m──────────[0m┴[0m─────────────────────────[0m┘[0m
 
 
 
ATOM #9 (H):
S
┌[0m───────────[0m┬[0m───────────[0m┬[0m─────────────────────────[0m┐[0m
│[0m[1m Primitive [0m│[0m[1m  Exponent [0m│[0m[1m Contraction Coefficient [0m│[0m
├[0m───────────[0m┼[0m───────────[0m┼[0m─────────────────────────[0m┤[0m
│[0m       1.0 [0m│[0m 18.731137 [0m│[0m                0.033495 [0m│[0m
│[0m       2.0 [0m│[0m  2.825394 [0m│[0m                0.234727 [0m│[0m
│[0m       3.0 [0m│[0m  0.640122 [0m│[0m                0.813757 [0m│[0m
└[0m───────────[0m┴[0m───────────[0m┴[0m─────────────────────────[0m┘[0m
 
S
┌[0m───────────[0m┬[0m──────────[0m┬[0m─────────────────────────[0m┐[0m
│[0m[1m Primitive [0m│[0m[1m Exponent [0m│[0m[1m Contraction Coefficient [0m│[0m
├[0m───────────[0m┼[0m──────────[0m┼[0m─────────────────────────[0m┤[0m
│[0m       1.0 [0m│[0m 0.161278 [0m│[0m                1.000000 [0m│[0m
└[0m───────────[0m┴[0m──────────[0m┴[0m─────────────────────────[0m┘[0m
 
P
┌[0m───────────[0m┬[0m──────────[0m┬[0m─────────────────────────[0m┐[0m
│[0m[1m Primitive [0m│[0m[1m Exponent [0m│[0m[1m Contraction Coefficient [0m│[0m
├[0m───────────[0m┼[0m──────────[0m┼[0m─────────────────────────[0m┤[0m
│[0m       1.0 [0m│[0m 1.100000 [0m│[0m                1.000000 [0m│[0m
└[0m───────────[0m┴[0m──────────[0m┴[0m─────────────────────────[0m┘[0m
 
 
 
ATOM #10 (H):
S
┌[0m───────────[0m┬[0m───────────[0m┬[0m─────────────────────────[0m┐[0m
│[0m[1m Primitive [0m│[0m[1m  Exponent [0m│[0m[1m Contraction Coefficient [0m│[0m
├[0m───────────[0m┼[0m───────────[0m┼[0m─────────────────────────[0m┤[0m
│[0m       1.0 [0m│[0m 18.731137 [0m│[0m                0.033495 [0m│[0m
│[0m       2.0 [0m│[0m  2.825394 [0m│[0m                0.234727 [0m│[0m
│[0m       3.0 [0m│[0m  0.640122 [0m│[0m                0.813757 [0m│[0m
└[0m───────────[0m┴[0m───────────[0m┴[0m─────────────────────────[0m┘[0m
 
S
┌[0m───────────[0m┬[0m──────────[0m┬[0m─────────────────────────[0m┐[0m
│[0m[1m Primitive [0m│[0m[1m Exponent [0m│[0m[1m Contraction Coefficient [0m│[0m
├[0m───────────[0m┼[0m──────────[0m┼[0m─────────────────────────[0m┤[0m
│[0m       1.0 [0m│[0m 0.161278 [0m│[0m                1.000000 [0m│[0m
└[0m───────────[0m┴[0m──────────[0m┴[0m─────────────────────────[0m┘[0m
 
P
┌[0m───────────[0m┬[0m──────────[0m┬[0m─────────────────────────[0m┐[0m
│[0m[1m Primitive [0m│[0m[1m Exponent [0m│[0m[1m Contraction Coefficient [0m│[0m
├[0m───────────[0m┼[0m──────────[0m┼[0m─────────────────────────[0m┤[0m
│[0m       1.0 [0m│[0m 1.100000 [0m│[0m                1.000000 [0m│[0m
└[0m───────────[0m┴[0m──────────[0m┴[0m─────────────────────────[0m┘[0m
 
 
 
ATOM #11 (Li):
S
┌[0m───────────[0m┬[0m────────────[0m┬[0m─────────────────────────[0m┐[0m
│[0m[1m Primitive [0m│[0m[1m   Exponent [0m│[0m[1m Contraction Coefficient [0m│[0m
├[0m───────────[0m┼[0m────────────[0m┼[0m─────────────────────────[0m┤[0m
│[0m       1.0 [0m│[0m 642.418915 [0m│[0m                0.002143 [0m│[0m
│[0m       2.0 [0m│[0m  96.798515 [0m│[0m                0.016209 [0m│[0m
│[0m       3.0 [0m│[0m  22.091121 [0m│[0m                0.077316 [0m│[0m
│[0m       4.0 [0m│[0m   6.201070 [0m│[0m                0.245786 [0m│[0m
│[0m       5.0 [0m│[0m   1.935118 [0m│[0m                0.470189 [0m│[0m
│[0m       6.0 [0m│[0m   0.636736 [0m│[0m                0.345471 [0m│[0m
└[0m───────────[0m┴[0m────────────[0m┴[0m─────────────────────────[0m┘[0m
 
L (s)
┌[0m───────────[0m┬[0m──────────[0m┬[0m─────────────────────────[0m┐[0m
│[0m[1m Primitive [0m│[0m[1m Exponent [0m│[0m[1m Contraction Coefficient [0m│[0m
├[0m───────────[0m┼[0m──────────[0m┼[0m─────────────────────────[0m┤[0m
│[0m       1.0 [0m│[0m 2.324918 [0m│[0m               -0.035092 [0m│[0m
│[0m       2.0 [0m│[0m 0.632430 [0m│[0m               -0.191233 [0m│[0m
│[0m       3.0 [0m│[0m 0.079053 [0m│[0m                1.083988 [0m│[0m
└[0m───────────[0m┴[0m──────────[0m┴[0m─────────────────────────[0m┘[0m
L (p)
┌[0m───────────[0m┬[0m──────────[0m┬[0m─────────────────────────[0m┐[0m
│[0m[1m Primitive [0m│[0m[1m Exponent [0m│[0m[1m Contraction Coefficient [0m│[0m
├[0m───────────[0m┼[0m──────────[0m┼[0m─────────────────────────[0m┤[0m
│[0m       1.0 [0m│[0m 2.324918 [0m│[0m                0.008942 [0m│[0m
│[0m       2.0 [0m│[0m 0.632430 [0m│[0m                0.141009 [0m│[0m
│[0m       3.0 [0m│[0m 0.079053 [0m│[0m                0.945364 [0m│[0m
└[0m───────────[0m┴[0m──────────[0m┴[0m─────────────────────────[0m┘[0m
 
L (s)
┌[0m───────────[0m┬[0m──────────[0m┬[0m─────────────────────────[0m┐[0m
│[0m[1m Primitive [0m│[0m[1m Exponent [0m│[0m[1m Contraction Coefficient [0m│[0m
├[0m───────────[0m┼[0m──────────[0m┼[0m─────────────────────────[0m┤[0m
│[0m       1.0 [0m│[0m 0.035962 [0m│[0m                1.000000 [0m│[0m
└[0m───────────[0m┴[0m──────────[0m┴[0m─────────────────────────[0m┘[0m
L (p)
┌[0m───────────[0m┬[0m──────────[0m┬[0m─────────────────────────[0m┐[0m
│[0m[1m Primitive [0m│[0m[1m Exponent [0m│[0m[1m Contraction Coefficient [0m│[0m
├[0m───────────[0m┼[0m──────────[0m┼[0m─────────────────────────[0m┤[0m
│[0m       1.0 [0m│[0m 0.035962 [0m│[0m                1.000000 [0m│[0m
└[0m───────────[0m┴[0m──────────[0m┴[0m─────────────────────────[0m┘[0m
 
D
┌[0m───────────[0m┬[0m──────────[0m┬[0m─────────────────────────[0m┐[0m
│[0m[1m Primitive [0m│[0m[1m Exponent [0m│[0m[1m Contraction Coefficient [0m│[0m
├[0m───────────[0m┼[0m──────────[0m┼[0m─────────────────────────[0m┤[0m
│[0m       1.0 [0m│[0m 0.200000 [0m│[0m                1.000000 [0m│[0m
└[0m───────────[0m┴[0m──────────[0m┴[0m─────────────────────────[0m┘[0m
 
L (s)
┌[0m───────────[0m┬[0m──────────[0m┬[0m─────────────────────────[0m┐[0m
│[0m[1m Primitive [0m│[0m[1m Exponent [0m│[0m[1m Contraction Coefficient [0m│[0m
├[0m───────────[0m┼[0m──────────[0m┼[0m─────────────────────────[0m┤[0m
│[0m       1.0 [0m│[0m 0.007400 [0m│[0m                1.000000 [0m│[0m
└[0m───────────[0m┴[0m──────────[0m┴[0m─────────────────────────[0m┘[0m
L (p)
┌[0m───────────[0m┬[0m──────────[0m┬[0m─────────────────────────[0m┐[0m
│[0m[1m Primitive [0m│[0m[1m Exponent [0m│[0m[1m Contraction Coefficient [0m│[0m
├[0m───────────[0m┼[0m──────────[0m┼[0m─────────────────────────[0m┤[0m
│[0m       1.0 [0m│[0m 0.007400 [0m│[0m                1.000000 [0m│[0m
└[0m───────────[0m┴[0m──────────[0m┴[0m─────────────────────────[0m┘[0m
 
 
 
 
                       ========================================                 
                                       END BASIS                                
                       ========================================                 
---------------------------------------------------------------------------------
                       ========================================          
                             MOLECULAR COORDINATE ANALYSIS               
                       ========================================          

----------------------------------------          
      Printing coordinates (bohr)                 
            in xyz format...                      
----------------------------------------          
 
11

C         1.1166334169668886     -0.34657385642220284     0.0008220308046590125
C         -3.1015052184445646     -1.0326407659906145     0.260494947955484
C         -2.613749933479661     1.7451732880170712     -0.25749028363500626
O         3.4015105573513376     -0.7706378166969285     -0.0030632458260971477
O         -0.6202326356081573     -2.1613552011970087     -0.22686160482601023
O         0.10720037583148612     1.9585535876466735     0.22220720971825125
H         -4.4420541574226045     -1.9033168970255636     -1.0215405155387363
H         -3.5717975455569304     -1.419562161976667     2.2231756971593426
H         -2.9308402850414272     2.2721252694193015     -2.2181376876760757
H         -3.5729389400535143     3.017884843487872     1.0307056865791873
Li         6.33384750537504     1.2082057588799147     0.008193851882762018

                       ========================================          
                                END COORDINATE ANALYSIS                  
                       ========================================          
--------------------------------------------------------------------------------
                       ========================================                 
                          RESTRICTED CLOSED-SHELL HARTREE-FOCK                  
                       ========================================                 

----------------------------------------          
       Starting RHF iterations...                 
----------------------------------------          
 
Iter      Energy                   ΔE                   Drms
0     -814.8384729266004
1     -294.986500618972     519.8519723076283     119.45669246177637
2     -267.71985558465957     27.266645034312432     112.95810462576685
3     -261.55000666730217     6.169848917357399     42.491282433183
4     -300.7063455609679     -39.15633889366575     47.32635208373156
5     -335.1734260123596     -34.467080451391666     14.503894532559388
6     -338.43114344701684     -3.257717434657252     2.732373855880993
7     -343.3245592147328     -4.893415767715965     1.0543814325387124
8     -345.72311295502203     -2.3985537402892305     0.7240953046311708
9     -347.6104020738874     -1.8872891188653966     0.47686236678089294
10     -347.85157023047447     -0.24116815658703672     0.1030099862091447
11     -347.8547934454345     -0.0032232149600304183     0.031298328541738966
12     -347.85668513006766     -0.001891684633164914     0.009431934616030117
13     -347.8584625647864     -0.0017774347187469175     0.0038110118720625025
14     -347.8578323335043     0.0006302312821162559     0.0012370063074139085
15     -347.8582134319773     -0.0003810984729852862     0.00035973535766734634
16     -347.85820669119863     6.740778644598322e-6     0.0001036388451361193
17     -347.85819007309357     1.6618105064480915e-5     4.008275719733659e-5
18     -347.858208085611     -1.8012517443821707e-5     1.047223554956077e-5
19     -347.85820812724586     -4.163484845776111e-8     7.69758294476321e-6
20     -347.8582071687901     9.584557574271457e-7     2.0102609538071912e-6
21     -347.8582075768682     -4.080781081938767e-7     1.207447301358315e-6
22     -347.85820764301747     -6.61492549625109e-8     1.2221705593589007e-6
23     -347.8582075569764     8.604104095866205e-8     9.690934692365662e-7
24     -347.85820756174036     -4.763933247886598e-9     1.673623481669576e-6
 
----------------------------------------
   The SCF calculation has converged!   
----------------------------------------
Total SCF Energy: -347.85820756174036 h
 
                       ========================================                 
                             END RESTRICTED CLOSED-SHELL                 
                                     HARTREE-FOCK                        
                       ========================================                 
