--------------------------------------------------------------------------------
                       ========================================                 
                                READING INPUT DATA FILE                         
                       ========================================                 
 
 
Number of worker processes: 1
Number of threads per process: 8
Number of threads in total: 8
 
                       ========================================                 
                                       END INPUT                                
                       ========================================                 
--------------------------------------------------------------------------------
                       ========================================                 
                                RESTRICTED CLOSED-SHELL                         
                                  HARTREE-FOCK ENERGY                           
                       ========================================                 

----------------------------------------          
       Starting RHF iterations...                 
----------------------------------------          
 
Iter      Energy                   ΔE                   Drms
0     -799.3234159453049
1     -300.16004853735546     499.1633674079494     84.59669192958313
2     -277.2139452678339     22.946103269521586     162.73406941765748
3     -298.8179248661869     -21.60397959835302     186.99044389734777
4     -351.04668432660935     -52.22875946042245     56.284028191978386
5     -352.19487963584083     -1.1481953092314825     3.0721672855406528
6     -350.6961843120854     1.4986953237554417     1.0173937362846324
7     -348.90708798303126     1.7890963290541322     0.47312082049010645
8     -348.0433135928869     0.8637743901443855     0.27457482952665474
9     -347.81242356422933     0.23089002865754082     0.11865202681174847
10     -347.7235729746684     0.08885058956093417     0.02793640139575034
11     -347.72335289647015     0.00022007819825375918     0.012582604932245008
12     -347.72791059213614     -0.004557695665994288     0.005055790629087662
13     -347.7277991775584     0.00011141457775920571     0.0022932353843062472
14     -347.72704066899337     0.0007585085650134715     0.0007129658567109634
15     -347.7272794301888     -0.00023876119541910157     0.00022447878029205912
16     -347.72725831983723     2.1110351553943474e-5     0.00010647240472771634
17     -347.7272492190517     9.100785518967314e-6     3.4048914298925466e-5
18     -347.7272614178628     -1.2198811077723803e-5     1.6496454521880046e-5
19     -347.7272520725022     9.345360581392015e-6     7.387244088048945e-6
20     -347.7272542177576     -2.1452553937706398e-6     3.4403848578145634e-6
21     -347.7272548789706     -6.612129936911515e-7     2.695209115706325e-6
22     -347.72725442002593     4.589446689351462e-7     1.8428799820218052e-6
23     -347.7272543795955     4.043045009893831e-8     1.738170580598305e-6
24     -347.7272544738837     -9.428822522750124e-8     2.7326178442611926e-6
25     -347.7272544462005     2.768319973256439e-8     1.765879991907065e-6
26     -347.7272544440938     2.1067307898192666e-9     8.508144320332191e-7
153-element Array{Float64,1}:
 -20.804121930822188
 -20.68544731023414
 -20.6742601713877
 -11.646427682101965
 -11.568485068476999
 -11.525998408033665
  -2.572199038423684
  -1.6406843436984637
  -1.5204788488070218
  -1.4464290270050961
  -1.3084789477163747
  -1.1125199456655288
  -0.9671823557865977
  -0.9495575281523667
  -0.8777804124771844
  -0.8444038104727625
  -0.8376127082673301
  -0.79024039666698
  -0.7479392711417887
  -0.7154798703125289
  -0.6505955782925446
  -0.6461133393094484
  -0.5885557857166761
  -0.5697882308777551
  -0.2518956863177193
  -0.09439137240739459
  -0.07632549924487542
  -0.06315312920666827
  -0.0594128104738948
  -0.04683567046962356
  -0.041812635401529796
  -0.031168897048900614
  -0.027993892570442415
  -0.017793015914799426
  -0.00940276317806762
  -0.006016955903420714
   0.003732858122456939
   0.009038594367984548
   0.009082156477589138
   0.030131983132846152
   0.051563728944580285
   0.05491709112056045
   0.07841484317417358
   0.08425757431501335
   0.09334621267718202
   0.11733668546898325
   0.11959745244643327
   0.13031397174594073
   0.15710372490248048
   0.1650223977309322
   0.17470926922649177
   0.18487861707484932
   0.19937051054408042
   0.20210062966789283
   0.2109501988349347
   0.23020810924041868
   0.24689031400323774
   0.2501973930323284
   0.2630702956417003
   0.26454797535469093
   0.28949527937477004
   0.3076084257413081
   0.3296943098573397
   0.3415884402751965
   0.38014024560627213
   0.39870543882366327
   0.41761907592181746
   0.463050803490229
   0.5377886492126853
   0.542951636283397
   0.5517408732711513
   0.5526006487061861
   0.6034200617989024
   0.6054927632884423
   0.6503065001068151
   0.6566514477226333
   0.7227803432788802
   0.7729165289228863
   0.80074141521764
   0.8013628042445393
   0.834887310886022
   0.9111586604588187
   0.9468679970614369
   0.9490520400969329
   0.9578307687949312
   0.9873288762583474
   1.0187706040640787
   1.0375270838130013
   1.103401456459125
   1.1519493046147424
   1.2262734514984905
   1.270674519241981
   1.318580316657279
   1.3665285186200227
   1.3727142829714678
   1.4090888531867152
   1.44980853794392
   1.4591782239152886
   1.4663710316439804
   1.4996558396631485
   1.509048914269182
   1.5221727052583347
   1.5628241312187883
   1.5782378885062207
   1.6104092150032283
   1.619140608820035
   1.7586986625999534
   1.8718720944494551
   1.9004941870114442
   1.9225108021812094
   1.931555964255811
   1.9484756408976924
   1.9783335099317156
   2.040933521327287
   2.0503375230454726
   2.0514974185461767
   2.0804228376986424
   2.0853813499553464
   2.1190134681571338
   2.156212294895603
   2.1890221200355398
   2.2370319999207426
   2.256181732197184
   2.2887064456470863
   2.3344028784849855
   2.40182863841005
   2.4758090278407012
   2.4940369633056108
   2.601134244374212
   2.6235551062783866
   2.701072459327447
   2.7417376917348033
   2.7847155099571768
   2.8148733847553893
   2.8648800953862454
   2.9085067251850534
   2.9324196813813233
   2.9741056605135228
   3.1090195621961376
   3.2041921635355877
   3.30327611821867
   3.366756830517997
   3.3988531001345983
   3.4472371762731377
   3.5030707051457006
   3.5291435049800732
   3.6336284436203052
   4.417279391590359
   4.485274933411109
   4.71091250655869
   4.77891436877174
   4.839908998287768
   4.884690276620921
 
----------------------------------------
   The SCF calculation has converged!   
----------------------------------------
Total SCF Energy: -347.7272544440938 h
 
                       ========================================                 
                              END RESTRICTED CLOSED-SHELL                       
                                  HARTREE-FOCK ENERGY                           
                       ========================================                 
--------------------------------------------------------------------------------
