--------------------------------------------------------------------------------
                       ========================================                 
                                READING INPUT DATA FILE                         
                       ========================================                 
 
 
Number of worker processes: 1
Number of threads per process: 8
Number of threads in total: 8
 
                       ========================================                 
                                       END INPUT                                
                       ========================================                 
--------------------------------------------------------------------------------
                       ========================================                 
                                RESTRICTED CLOSED-SHELL                         
                                  HARTREE-FOCK ENERGY                           
                       ========================================                 

----------------------------------------          
       Starting RHF iterations...                 
----------------------------------------          
 
Iter      Energy                   ΔE                   Drms
0     -802.3996230314779
1     -301.25327657752524     501.1463464539526     82.89857224179616
2     -275.6609181219073     25.592358455617955     74.14047784926787
3     -270.71028806110263     4.950630060804656     70.03613219677625
4     -299.01051035219126     -28.30022229108863     44.426753680132656
5     -331.2798555433679     -32.269345191176626     28.860550080254892
6     -339.1137543819793     -7.83389883861139     7.8627074416472835
7     -342.5053318623482     -3.3915774803689374     2.0639221494545064
8     -343.9184748332022     -1.4131429708539827     0.8348050088944541
9     -346.86948903261276     -2.951014199410565     0.7593593241903599
10     -347.5329853481913     -0.6634963155785272     0.21042269899133884
11     -347.60834477310783     -0.07535942491654168     0.08008612224125009
12     -347.6029083956085     0.005436377499336231     0.02876666877738639
13     -347.6019734989945     0.0009348966140123594     0.01594903450216779
14     -347.60156053147745     0.00041296751703612244     0.011159413981070466
15     -347.6012042411656     0.0003562903118563554     0.00806291142353192
16     -347.6021198549317     -0.0009156137660966124     0.004986305497232873
17     -347.6010813208074     0.0010385341242908908     0.0020701114991613805
18     -347.60142944524665     -0.00034812443925602565     0.00032953502819240793
19     -347.6014767414294     -4.729618274268432e-5     0.00042852805003847
20     -347.60136786890604     0.00010887252335578523     0.00015352896014915368
21     -347.6014047734158     -3.6904509784108086e-5     7.51292476439148e-5
22     -347.6014029767885     1.7966273162528523e-6     7.481883330655028e-5
23     -347.60139836018953     4.616598971551866e-6     6.410924359732316e-5
24     -347.601398381367     -2.1177470443944912e-8     3.60598049629463e-5
25     -347.6014010687464     -2.6873793785853195e-6     1.776571101162501e-5
26     -347.6014011280758     -5.932940894126659e-8     9.137674892555531e-6
27     -347.60140150210196     -3.7402617181214737e-7     4.535051991806912e-6
28     -347.6014020069029     -5.048009370511863e-7     1.2334130588778083e-6
29     -347.6014018247284     1.8217451724922284e-7     1.8867916689975178e-6
30     -347.6014019678992     -1.4317083696369082e-7     1.2756403857776175e-6
31     -347.6014019307003     3.719890173670137e-8     3.7992711527084373e-6
32     -347.60140192770046     2.999854586960282e-9     1.451982257607442e-6
153-element Array{Float64,1}:
 -20.834404173549046
 -20.825643698895476
 -20.82529035929148
 -11.679108973715415
 -11.46514391213183
 -11.463268001501453
  -2.714060787912997
  -1.6520028969895675
  -1.5471805334958297
  -1.5354844024036218
  -1.1896259800238793
  -1.0348334682063962
  -1.0189417031528478
  -0.8878375646752329
  -0.8824787983831166
  -0.8405164832040182
  -0.8151570348174753
  -0.7712689173404089
  -0.7684601994683024
  -0.7306171311136929
  -0.6955207320116967
  -0.683879181155838
  -0.651404745425741
  -0.6273618657606743
  -0.24671926307254743
  -0.14043700159850747
  -0.08865472165313104
  -0.08228092870909798
  -0.06547460241853287
  -0.05700911711340151
  -0.04635332743680707
  -0.04193592968954708
  -0.027595736627815448
  -0.020158016508386833
  -0.01695010663479587
  -0.002076902618363978
   0.000937327785451178
   0.01684991728655838
   0.021939430921994334
   0.023290023901727238
   0.036421857258007506
   0.05006948247285692
   0.057842820229746295
   0.07481749557848752
   0.07739156656310126
   0.08458258840558663
   0.1038611065480275
   0.12621933558993917
   0.13077678298440226
   0.14650481712153418
   0.15833280331436672
   0.16833471297411062
   0.17332341850475874
   0.19988499220745393
   0.20658058599782336
   0.22922354072175288
   0.2381167356853835
   0.2534754059734876
   0.2719184543172508
   0.2912673235390386
   0.3024546294396613
   0.30950241136933215
   0.3107194117577878
   0.3136922309706004
   0.32791602715407225
   0.33083579965507126
   0.3687676589959237
   0.3752851633254126
   0.3898153263326458
   0.39507756244224
   0.443929070233712
   0.4698266605349577
   0.5036005645469581
   0.6215595218781793
   0.6457987384385895
   0.6639068316867842
   0.7162535485709549
   0.7293194674904511
   0.7434753850756586
   0.8307309457167094
   0.8582657651474692
   0.8978613069649812
   0.911927854057561
   0.9472021285165915
   1.0204495279561638
   1.034029825831682
   1.0536821626801403
   1.122162673569484
   1.1544986414615135
   1.1700937044448114
   1.2026127617832594
   1.2241546148613685
   1.2669398920251642
   1.2942965395813761
   1.356198115287191
   1.3983208152267652
   1.4099696740555712
   1.4219604274039117
   1.441494006247956
   1.476808912942702
   1.4974134347636272
   1.5313509758897017
   1.5480837357744588
   1.6417468773214106
   1.6654656583772924
   1.7542800258471654
   1.7762817295208424
   1.7965359194637625
   1.8108308190689582
   1.8358498138068176
   1.9126677435211175
   1.9368150823447765
   1.9562705667893598
   1.9883276995267005
   2.0468488206581723
   2.050762445069779
   2.0866906181871077
   2.1229156642109843
   2.1526796464784885
   2.1769360225202736
   2.18380112205102
   2.207912704181846
   2.255034304017143
   2.3347955705430508
   2.3757013223285046
   2.4130784605598588
   2.5032619683170134
   2.521740971848717
   2.5897360261191844
   2.6397337502710605
   2.708015901594831
   2.754044716265406
   2.7700034913104226
   2.7898338418863844
   2.8600044295455396
   2.8928333228300156
   2.9407603337873534
   3.020203643337463
   3.0378768764359507
   3.062066104630028
   3.167178960224023
   3.1717982878872832
   3.2313138668903703
   3.447945077352962
   3.564085063824561
   3.61110784264356
   3.7358181648387605
   4.41396961740518
   4.510951974854543
   4.625752359568515
   4.682655450735734
   4.7641902053034055
   4.915178327263335
 
----------------------------------------
   The SCF calculation has converged!   
----------------------------------------
Total SCF Energy: -347.60140192770046 h
 
                       ========================================                 
                              END RESTRICTED CLOSED-SHELL                       
                                  HARTREE-FOCK ENERGY                           
                       ========================================                 
--------------------------------------------------------------------------------
