--------------------------------------------------------------------------------
                       ========================================                 
                                READING INPUT DATA FILE                         
                       ========================================                 
 
 
Number of worker processes: 1
Number of threads per process: 1
Number of threads in total: 1
 
                       ========================================                 
                                       END INPUT                                
                       ========================================                 
--------------------------------------------------------------------------------
                       ========================================                 
                                GENERATING BASIS SET                            
                       ========================================                 
 
----------------------------------------          
        Basis Set Information...                  
----------------------------------------          
ATOM #1 (C):
S
┌[0m───────────[0m┬[0m─────────────[0m┬[0m─────────────────────────[0m┐[0m
│[0m[1m Primitive [0m│[0m[1m    Exponent [0m│[0m[1m Contraction Coefficient [0m│[0m
├[0m───────────[0m┼[0m─────────────[0m┼[0m─────────────────────────[0m┤[0m
│[0m       1.0 [0m│[0m 3047.524880 [0m│[0m                0.001835 [0m│[0m
│[0m       2.0 [0m│[0m  457.369518 [0m│[0m                0.014037 [0m│[0m
│[0m       3.0 [0m│[0m  103.948685 [0m│[0m                0.068843 [0m│[0m
│[0m       4.0 [0m│[0m   29.210155 [0m│[0m                0.232184 [0m│[0m
│[0m       5.0 [0m│[0m    9.286663 [0m│[0m                0.467941 [0m│[0m
│[0m       6.0 [0m│[0m    3.163927 [0m│[0m                0.362312 [0m│[0m
└[0m───────────[0m┴[0m─────────────[0m┴[0m─────────────────────────[0m┘[0m
 
L (s)
┌[0m───────────[0m┬[0m──────────[0m┬[0m─────────────────────────[0m┐[0m
│[0m[1m Primitive [0m│[0m[1m Exponent [0m│[0m[1m Contraction Coefficient [0m│[0m
├[0m───────────[0m┼[0m──────────[0m┼[0m─────────────────────────[0m┤[0m
│[0m       1.0 [0m│[0m 7.868272 [0m│[0m               -0.119332 [0m│[0m
│[0m       2.0 [0m│[0m 1.881289 [0m│[0m               -0.160854 [0m│[0m
│[0m       3.0 [0m│[0m 0.544249 [0m│[0m                1.143456 [0m│[0m
└[0m───────────[0m┴[0m──────────[0m┴[0m─────────────────────────[0m┘[0m
L (p)
┌[0m───────────[0m┬[0m──────────[0m┬[0m─────────────────────────[0m┐[0m
│[0m[1m Primitive [0m│[0m[1m Exponent [0m│[0m[1m Contraction Coefficient [0m│[0m
├[0m───────────[0m┼[0m──────────[0m┼[0m─────────────────────────[0m┤[0m
│[0m       1.0 [0m│[0m 7.868272 [0m│[0m                0.068999 [0m│[0m
│[0m       2.0 [0m│[0m 1.881289 [0m│[0m                0.316424 [0m│[0m
│[0m       3.0 [0m│[0m 0.544249 [0m│[0m                0.744308 [0m│[0m
└[0m───────────[0m┴[0m──────────[0m┴[0m─────────────────────────[0m┘[0m
 
L (s)
┌[0m───────────[0m┬[0m──────────[0m┬[0m─────────────────────────[0m┐[0m
│[0m[1m Primitive [0m│[0m[1m Exponent [0m│[0m[1m Contraction Coefficient [0m│[0m
├[0m───────────[0m┼[0m──────────[0m┼[0m─────────────────────────[0m┤[0m
│[0m       1.0 [0m│[0m 0.168714 [0m│[0m                1.000000 [0m│[0m
└[0m───────────[0m┴[0m──────────[0m┴[0m─────────────────────────[0m┘[0m
L (p)
┌[0m───────────[0m┬[0m──────────[0m┬[0m─────────────────────────[0m┐[0m
│[0m[1m Primitive [0m│[0m[1m Exponent [0m│[0m[1m Contraction Coefficient [0m│[0m
├[0m───────────[0m┼[0m──────────[0m┼[0m─────────────────────────[0m┤[0m
│[0m       1.0 [0m│[0m 0.168714 [0m│[0m                1.000000 [0m│[0m
└[0m───────────[0m┴[0m──────────[0m┴[0m─────────────────────────[0m┘[0m
 
D
┌[0m───────────[0m┬[0m──────────[0m┬[0m─────────────────────────[0m┐[0m
│[0m[1m Primitive [0m│[0m[1m Exponent [0m│[0m[1m Contraction Coefficient [0m│[0m
├[0m───────────[0m┼[0m──────────[0m┼[0m─────────────────────────[0m┤[0m
│[0m       1.0 [0m│[0m 0.800000 [0m│[0m                1.000000 [0m│[0m
└[0m───────────[0m┴[0m──────────[0m┴[0m─────────────────────────[0m┘[0m
 
L (s)
┌[0m───────────[0m┬[0m──────────[0m┬[0m─────────────────────────[0m┐[0m
│[0m[1m Primitive [0m│[0m[1m Exponent [0m│[0m[1m Contraction Coefficient [0m│[0m
├[0m───────────[0m┼[0m──────────[0m┼[0m─────────────────────────[0m┤[0m
│[0m       1.0 [0m│[0m 0.043800 [0m│[0m                1.000000 [0m│[0m
└[0m───────────[0m┴[0m──────────[0m┴[0m─────────────────────────[0m┘[0m
L (p)
┌[0m───────────[0m┬[0m──────────[0m┬[0m─────────────────────────[0m┐[0m
│[0m[1m Primitive [0m│[0m[1m Exponent [0m│[0m[1m Contraction Coefficient [0m│[0m
├[0m───────────[0m┼[0m──────────[0m┼[0m─────────────────────────[0m┤[0m
│[0m       1.0 [0m│[0m 0.043800 [0m│[0m                1.000000 [0m│[0m
└[0m───────────[0m┴[0m──────────[0m┴[0m─────────────────────────[0m┘[0m
 
 
 
ATOM #2 (C):
S
┌[0m───────────[0m┬[0m─────────────[0m┬[0m─────────────────────────[0m┐[0m
│[0m[1m Primitive [0m│[0m[1m    Exponent [0m│[0m[1m Contraction Coefficient [0m│[0m
├[0m───────────[0m┼[0m─────────────[0m┼[0m─────────────────────────[0m┤[0m
│[0m       1.0 [0m│[0m 3047.524880 [0m│[0m                0.001835 [0m│[0m
│[0m       2.0 [0m│[0m  457.369518 [0m│[0m                0.014037 [0m│[0m
│[0m       3.0 [0m│[0m  103.948685 [0m│[0m                0.068843 [0m│[0m
│[0m       4.0 [0m│[0m   29.210155 [0m│[0m                0.232184 [0m│[0m
│[0m       5.0 [0m│[0m    9.286663 [0m│[0m                0.467941 [0m│[0m
│[0m       6.0 [0m│[0m    3.163927 [0m│[0m                0.362312 [0m│[0m
└[0m───────────[0m┴[0m─────────────[0m┴[0m─────────────────────────[0m┘[0m
 
L (s)
┌[0m───────────[0m┬[0m──────────[0m┬[0m─────────────────────────[0m┐[0m
│[0m[1m Primitive [0m│[0m[1m Exponent [0m│[0m[1m Contraction Coefficient [0m│[0m
├[0m───────────[0m┼[0m──────────[0m┼[0m─────────────────────────[0m┤[0m
│[0m       1.0 [0m│[0m 7.868272 [0m│[0m               -0.119332 [0m│[0m
│[0m       2.0 [0m│[0m 1.881289 [0m│[0m               -0.160854 [0m│[0m
│[0m       3.0 [0m│[0m 0.544249 [0m│[0m                1.143456 [0m│[0m
└[0m───────────[0m┴[0m──────────[0m┴[0m─────────────────────────[0m┘[0m
L (p)
┌[0m───────────[0m┬[0m──────────[0m┬[0m─────────────────────────[0m┐[0m
│[0m[1m Primitive [0m│[0m[1m Exponent [0m│[0m[1m Contraction Coefficient [0m│[0m
├[0m───────────[0m┼[0m──────────[0m┼[0m─────────────────────────[0m┤[0m
│[0m       1.0 [0m│[0m 7.868272 [0m│[0m                0.068999 [0m│[0m
│[0m       2.0 [0m│[0m 1.881289 [0m│[0m                0.316424 [0m│[0m
│[0m       3.0 [0m│[0m 0.544249 [0m│[0m                0.744308 [0m│[0m
└[0m───────────[0m┴[0m──────────[0m┴[0m─────────────────────────[0m┘[0m
 
L (s)
┌[0m───────────[0m┬[0m──────────[0m┬[0m─────────────────────────[0m┐[0m
│[0m[1m Primitive [0m│[0m[1m Exponent [0m│[0m[1m Contraction Coefficient [0m│[0m
├[0m───────────[0m┼[0m──────────[0m┼[0m─────────────────────────[0m┤[0m
│[0m       1.0 [0m│[0m 0.168714 [0m│[0m                1.000000 [0m│[0m
└[0m───────────[0m┴[0m──────────[0m┴[0m─────────────────────────[0m┘[0m
L (p)
┌[0m───────────[0m┬[0m──────────[0m┬[0m─────────────────────────[0m┐[0m
│[0m[1m Primitive [0m│[0m[1m Exponent [0m│[0m[1m Contraction Coefficient [0m│[0m
├[0m───────────[0m┼[0m──────────[0m┼[0m─────────────────────────[0m┤[0m
│[0m       1.0 [0m│[0m 0.168714 [0m│[0m                1.000000 [0m│[0m
└[0m───────────[0m┴[0m──────────[0m┴[0m─────────────────────────[0m┘[0m
 
D
┌[0m───────────[0m┬[0m──────────[0m┬[0m─────────────────────────[0m┐[0m
│[0m[1m Primitive [0m│[0m[1m Exponent [0m│[0m[1m Contraction Coefficient [0m│[0m
├[0m───────────[0m┼[0m──────────[0m┼[0m─────────────────────────[0m┤[0m
│[0m       1.0 [0m│[0m 0.800000 [0m│[0m                1.000000 [0m│[0m
└[0m───────────[0m┴[0m──────────[0m┴[0m─────────────────────────[0m┘[0m
 
L (s)
┌[0m───────────[0m┬[0m──────────[0m┬[0m─────────────────────────[0m┐[0m
│[0m[1m Primitive [0m│[0m[1m Exponent [0m│[0m[1m Contraction Coefficient [0m│[0m
├[0m───────────[0m┼[0m──────────[0m┼[0m─────────────────────────[0m┤[0m
│[0m       1.0 [0m│[0m 0.043800 [0m│[0m                1.000000 [0m│[0m
└[0m───────────[0m┴[0m──────────[0m┴[0m─────────────────────────[0m┘[0m
L (p)
┌[0m───────────[0m┬[0m──────────[0m┬[0m─────────────────────────[0m┐[0m
│[0m[1m Primitive [0m│[0m[1m Exponent [0m│[0m[1m Contraction Coefficient [0m│[0m
├[0m───────────[0m┼[0m──────────[0m┼[0m─────────────────────────[0m┤[0m
│[0m       1.0 [0m│[0m 0.043800 [0m│[0m                1.000000 [0m│[0m
└[0m───────────[0m┴[0m──────────[0m┴[0m─────────────────────────[0m┘[0m
 
 
 
ATOM #3 (C):
S
┌[0m───────────[0m┬[0m─────────────[0m┬[0m─────────────────────────[0m┐[0m
│[0m[1m Primitive [0m│[0m[1m    Exponent [0m│[0m[1m Contraction Coefficient [0m│[0m
├[0m───────────[0m┼[0m─────────────[0m┼[0m─────────────────────────[0m┤[0m
│[0m       1.0 [0m│[0m 3047.524880 [0m│[0m                0.001835 [0m│[0m
│[0m       2.0 [0m│[0m  457.369518 [0m│[0m                0.014037 [0m│[0m
│[0m       3.0 [0m│[0m  103.948685 [0m│[0m                0.068843 [0m│[0m
│[0m       4.0 [0m│[0m   29.210155 [0m│[0m                0.232184 [0m│[0m
│[0m       5.0 [0m│[0m    9.286663 [0m│[0m                0.467941 [0m│[0m
│[0m       6.0 [0m│[0m    3.163927 [0m│[0m                0.362312 [0m│[0m
└[0m───────────[0m┴[0m─────────────[0m┴[0m─────────────────────────[0m┘[0m
 
L (s)
┌[0m───────────[0m┬[0m──────────[0m┬[0m─────────────────────────[0m┐[0m
│[0m[1m Primitive [0m│[0m[1m Exponent [0m│[0m[1m Contraction Coefficient [0m│[0m
├[0m───────────[0m┼[0m──────────[0m┼[0m─────────────────────────[0m┤[0m
│[0m       1.0 [0m│[0m 7.868272 [0m│[0m               -0.119332 [0m│[0m
│[0m       2.0 [0m│[0m 1.881289 [0m│[0m               -0.160854 [0m│[0m
│[0m       3.0 [0m│[0m 0.544249 [0m│[0m                1.143456 [0m│[0m
└[0m───────────[0m┴[0m──────────[0m┴[0m─────────────────────────[0m┘[0m
L (p)
┌[0m───────────[0m┬[0m──────────[0m┬[0m─────────────────────────[0m┐[0m
│[0m[1m Primitive [0m│[0m[1m Exponent [0m│[0m[1m Contraction Coefficient [0m│[0m
├[0m───────────[0m┼[0m──────────[0m┼[0m─────────────────────────[0m┤[0m
│[0m       1.0 [0m│[0m 7.868272 [0m│[0m                0.068999 [0m│[0m
│[0m       2.0 [0m│[0m 1.881289 [0m│[0m                0.316424 [0m│[0m
│[0m       3.0 [0m│[0m 0.544249 [0m│[0m                0.744308 [0m│[0m
└[0m───────────[0m┴[0m──────────[0m┴[0m─────────────────────────[0m┘[0m
 
L (s)
┌[0m───────────[0m┬[0m──────────[0m┬[0m─────────────────────────[0m┐[0m
│[0m[1m Primitive [0m│[0m[1m Exponent [0m│[0m[1m Contraction Coefficient [0m│[0m
├[0m───────────[0m┼[0m──────────[0m┼[0m─────────────────────────[0m┤[0m
│[0m       1.0 [0m│[0m 0.168714 [0m│[0m                1.000000 [0m│[0m
└[0m───────────[0m┴[0m──────────[0m┴[0m─────────────────────────[0m┘[0m
L (p)
┌[0m───────────[0m┬[0m──────────[0m┬[0m─────────────────────────[0m┐[0m
│[0m[1m Primitive [0m│[0m[1m Exponent [0m│[0m[1m Contraction Coefficient [0m│[0m
├[0m───────────[0m┼[0m──────────[0m┼[0m─────────────────────────[0m┤[0m
│[0m       1.0 [0m│[0m 0.168714 [0m│[0m                1.000000 [0m│[0m
└[0m───────────[0m┴[0m──────────[0m┴[0m─────────────────────────[0m┘[0m
 
D
┌[0m───────────[0m┬[0m──────────[0m┬[0m─────────────────────────[0m┐[0m
│[0m[1m Primitive [0m│[0m[1m Exponent [0m│[0m[1m Contraction Coefficient [0m│[0m
├[0m───────────[0m┼[0m──────────[0m┼[0m─────────────────────────[0m┤[0m
│[0m       1.0 [0m│[0m 0.800000 [0m│[0m                1.000000 [0m│[0m
└[0m───────────[0m┴[0m──────────[0m┴[0m─────────────────────────[0m┘[0m
 
L (s)
┌[0m───────────[0m┬[0m──────────[0m┬[0m─────────────────────────[0m┐[0m
│[0m[1m Primitive [0m│[0m[1m Exponent [0m│[0m[1m Contraction Coefficient [0m│[0m
├[0m───────────[0m┼[0m──────────[0m┼[0m─────────────────────────[0m┤[0m
│[0m       1.0 [0m│[0m 0.043800 [0m│[0m                1.000000 [0m│[0m
└[0m───────────[0m┴[0m──────────[0m┴[0m─────────────────────────[0m┘[0m
L (p)
┌[0m───────────[0m┬[0m──────────[0m┬[0m─────────────────────────[0m┐[0m
│[0m[1m Primitive [0m│[0m[1m Exponent [0m│[0m[1m Contraction Coefficient [0m│[0m
├[0m───────────[0m┼[0m──────────[0m┼[0m─────────────────────────[0m┤[0m
│[0m       1.0 [0m│[0m 0.043800 [0m│[0m                1.000000 [0m│[0m
└[0m───────────[0m┴[0m──────────[0m┴[0m─────────────────────────[0m┘[0m
 
 
 
ATOM #4 (O):
S
┌[0m───────────[0m┬[0m─────────────[0m┬[0m─────────────────────────[0m┐[0m
│[0m[1m Primitive [0m│[0m[1m    Exponent [0m│[0m[1m Contraction Coefficient [0m│[0m
├[0m───────────[0m┼[0m─────────────[0m┼[0m─────────────────────────[0m┤[0m
│[0m       1.0 [0m│[0m 5484.671660 [0m│[0m                0.001831 [0m│[0m
│[0m       2.0 [0m│[0m  825.234946 [0m│[0m                0.013950 [0m│[0m
│[0m       3.0 [0m│[0m  188.046958 [0m│[0m                0.068445 [0m│[0m
│[0m       4.0 [0m│[0m   52.964500 [0m│[0m                0.232714 [0m│[0m
│[0m       5.0 [0m│[0m   16.897570 [0m│[0m                0.470193 [0m│[0m
│[0m       6.0 [0m│[0m    5.799635 [0m│[0m                0.358521 [0m│[0m
└[0m───────────[0m┴[0m─────────────[0m┴[0m─────────────────────────[0m┘[0m
 
L (s)
┌[0m───────────[0m┬[0m───────────[0m┬[0m─────────────────────────[0m┐[0m
│[0m[1m Primitive [0m│[0m[1m  Exponent [0m│[0m[1m Contraction Coefficient [0m│[0m
├[0m───────────[0m┼[0m───────────[0m┼[0m─────────────────────────[0m┤[0m
│[0m       1.0 [0m│[0m 15.539616 [0m│[0m               -0.110778 [0m│[0m
│[0m       2.0 [0m│[0m  3.599934 [0m│[0m               -0.148026 [0m│[0m
│[0m       3.0 [0m│[0m  1.013762 [0m│[0m                1.130767 [0m│[0m
└[0m───────────[0m┴[0m───────────[0m┴[0m─────────────────────────[0m┘[0m
L (p)
┌[0m───────────[0m┬[0m───────────[0m┬[0m─────────────────────────[0m┐[0m
│[0m[1m Primitive [0m│[0m[1m  Exponent [0m│[0m[1m Contraction Coefficient [0m│[0m
├[0m───────────[0m┼[0m───────────[0m┼[0m─────────────────────────[0m┤[0m
│[0m       1.0 [0m│[0m 15.539616 [0m│[0m                0.070874 [0m│[0m
│[0m       2.0 [0m│[0m  3.599934 [0m│[0m                0.339753 [0m│[0m
│[0m       3.0 [0m│[0m  1.013762 [0m│[0m                0.727159 [0m│[0m
└[0m───────────[0m┴[0m───────────[0m┴[0m─────────────────────────[0m┘[0m
 
L (s)
┌[0m───────────[0m┬[0m──────────[0m┬[0m─────────────────────────[0m┐[0m
│[0m[1m Primitive [0m│[0m[1m Exponent [0m│[0m[1m Contraction Coefficient [0m│[0m
├[0m───────────[0m┼[0m──────────[0m┼[0m─────────────────────────[0m┤[0m
│[0m       1.0 [0m│[0m 0.270006 [0m│[0m                1.000000 [0m│[0m
└[0m───────────[0m┴[0m──────────[0m┴[0m─────────────────────────[0m┘[0m
L (p)
┌[0m───────────[0m┬[0m──────────[0m┬[0m─────────────────────────[0m┐[0m
│[0m[1m Primitive [0m│[0m[1m Exponent [0m│[0m[1m Contraction Coefficient [0m│[0m
├[0m───────────[0m┼[0m──────────[0m┼[0m─────────────────────────[0m┤[0m
│[0m       1.0 [0m│[0m 0.270006 [0m│[0m                1.000000 [0m│[0m
└[0m───────────[0m┴[0m──────────[0m┴[0m─────────────────────────[0m┘[0m
 
D
┌[0m───────────[0m┬[0m──────────[0m┬[0m─────────────────────────[0m┐[0m
│[0m[1m Primitive [0m│[0m[1m Exponent [0m│[0m[1m Contraction Coefficient [0m│[0m
├[0m───────────[0m┼[0m──────────[0m┼[0m─────────────────────────[0m┤[0m
│[0m       1.0 [0m│[0m 0.800000 [0m│[0m                1.000000 [0m│[0m
└[0m───────────[0m┴[0m──────────[0m┴[0m─────────────────────────[0m┘[0m
 
L (s)
┌[0m───────────[0m┬[0m──────────[0m┬[0m─────────────────────────[0m┐[0m
│[0m[1m Primitive [0m│[0m[1m Exponent [0m│[0m[1m Contraction Coefficient [0m│[0m
├[0m───────────[0m┼[0m──────────[0m┼[0m─────────────────────────[0m┤[0m
│[0m       1.0 [0m│[0m 0.084500 [0m│[0m                1.000000 [0m│[0m
└[0m───────────[0m┴[0m──────────[0m┴[0m─────────────────────────[0m┘[0m
L (p)
┌[0m───────────[0m┬[0m──────────[0m┬[0m─────────────────────────[0m┐[0m
│[0m[1m Primitive [0m│[0m[1m Exponent [0m│[0m[1m Contraction Coefficient [0m│[0m
├[0m───────────[0m┼[0m──────────[0m┼[0m─────────────────────────[0m┤[0m
│[0m       1.0 [0m│[0m 0.084500 [0m│[0m                1.000000 [0m│[0m
└[0m───────────[0m┴[0m──────────[0m┴[0m─────────────────────────[0m┘[0m
 
 
 
ATOM #5 (O):
S
┌[0m───────────[0m┬[0m─────────────[0m┬[0m─────────────────────────[0m┐[0m
│[0m[1m Primitive [0m│[0m[1m    Exponent [0m│[0m[1m Contraction Coefficient [0m│[0m
├[0m───────────[0m┼[0m─────────────[0m┼[0m─────────────────────────[0m┤[0m
│[0m       1.0 [0m│[0m 5484.671660 [0m│[0m                0.001831 [0m│[0m
│[0m       2.0 [0m│[0m  825.234946 [0m│[0m                0.013950 [0m│[0m
│[0m       3.0 [0m│[0m  188.046958 [0m│[0m                0.068445 [0m│[0m
│[0m       4.0 [0m│[0m   52.964500 [0m│[0m                0.232714 [0m│[0m
│[0m       5.0 [0m│[0m   16.897570 [0m│[0m                0.470193 [0m│[0m
│[0m       6.0 [0m│[0m    5.799635 [0m│[0m                0.358521 [0m│[0m
└[0m───────────[0m┴[0m─────────────[0m┴[0m─────────────────────────[0m┘[0m
 
L (s)
┌[0m───────────[0m┬[0m───────────[0m┬[0m─────────────────────────[0m┐[0m
│[0m[1m Primitive [0m│[0m[1m  Exponent [0m│[0m[1m Contraction Coefficient [0m│[0m
├[0m───────────[0m┼[0m───────────[0m┼[0m─────────────────────────[0m┤[0m
│[0m       1.0 [0m│[0m 15.539616 [0m│[0m               -0.110778 [0m│[0m
│[0m       2.0 [0m│[0m  3.599934 [0m│[0m               -0.148026 [0m│[0m
│[0m       3.0 [0m│[0m  1.013762 [0m│[0m                1.130767 [0m│[0m
└[0m───────────[0m┴[0m───────────[0m┴[0m─────────────────────────[0m┘[0m
L (p)
┌[0m───────────[0m┬[0m───────────[0m┬[0m─────────────────────────[0m┐[0m
│[0m[1m Primitive [0m│[0m[1m  Exponent [0m│[0m[1m Contraction Coefficient [0m│[0m
├[0m───────────[0m┼[0m───────────[0m┼[0m─────────────────────────[0m┤[0m
│[0m       1.0 [0m│[0m 15.539616 [0m│[0m                0.070874 [0m│[0m
│[0m       2.0 [0m│[0m  3.599934 [0m│[0m                0.339753 [0m│[0m
│[0m       3.0 [0m│[0m  1.013762 [0m│[0m                0.727159 [0m│[0m
└[0m───────────[0m┴[0m───────────[0m┴[0m─────────────────────────[0m┘[0m
 
L (s)
┌[0m───────────[0m┬[0m──────────[0m┬[0m─────────────────────────[0m┐[0m
│[0m[1m Primitive [0m│[0m[1m Exponent [0m│[0m[1m Contraction Coefficient [0m│[0m
├[0m───────────[0m┼[0m──────────[0m┼[0m─────────────────────────[0m┤[0m
│[0m       1.0 [0m│[0m 0.270006 [0m│[0m                1.000000 [0m│[0m
└[0m───────────[0m┴[0m──────────[0m┴[0m─────────────────────────[0m┘[0m
L (p)
┌[0m───────────[0m┬[0m──────────[0m┬[0m─────────────────────────[0m┐[0m
│[0m[1m Primitive [0m│[0m[1m Exponent [0m│[0m[1m Contraction Coefficient [0m│[0m
├[0m───────────[0m┼[0m──────────[0m┼[0m─────────────────────────[0m┤[0m
│[0m       1.0 [0m│[0m 0.270006 [0m│[0m                1.000000 [0m│[0m
└[0m───────────[0m┴[0m──────────[0m┴[0m─────────────────────────[0m┘[0m
 
D
┌[0m───────────[0m┬[0m──────────[0m┬[0m─────────────────────────[0m┐[0m
│[0m[1m Primitive [0m│[0m[1m Exponent [0m│[0m[1m Contraction Coefficient [0m│[0m
├[0m───────────[0m┼[0m──────────[0m┼[0m─────────────────────────[0m┤[0m
│[0m       1.0 [0m│[0m 0.800000 [0m│[0m                1.000000 [0m│[0m
└[0m───────────[0m┴[0m──────────[0m┴[0m─────────────────────────[0m┘[0m
 
L (s)
┌[0m───────────[0m┬[0m──────────[0m┬[0m─────────────────────────[0m┐[0m
│[0m[1m Primitive [0m│[0m[1m Exponent [0m│[0m[1m Contraction Coefficient [0m│[0m
├[0m───────────[0m┼[0m──────────[0m┼[0m─────────────────────────[0m┤[0m
│[0m       1.0 [0m│[0m 0.084500 [0m│[0m                1.000000 [0m│[0m
└[0m───────────[0m┴[0m──────────[0m┴[0m─────────────────────────[0m┘[0m
L (p)
┌[0m───────────[0m┬[0m──────────[0m┬[0m─────────────────────────[0m┐[0m
│[0m[1m Primitive [0m│[0m[1m Exponent [0m│[0m[1m Contraction Coefficient [0m│[0m
├[0m───────────[0m┼[0m──────────[0m┼[0m─────────────────────────[0m┤[0m
│[0m       1.0 [0m│[0m 0.084500 [0m│[0m                1.000000 [0m│[0m
└[0m───────────[0m┴[0m──────────[0m┴[0m─────────────────────────[0m┘[0m
 
 
 
ATOM #6 (O):
S
┌[0m───────────[0m┬[0m─────────────[0m┬[0m─────────────────────────[0m┐[0m
│[0m[1m Primitive [0m│[0m[1m    Exponent [0m│[0m[1m Contraction Coefficient [0m│[0m
├[0m───────────[0m┼[0m─────────────[0m┼[0m─────────────────────────[0m┤[0m
│[0m       1.0 [0m│[0m 5484.671660 [0m│[0m                0.001831 [0m│[0m
│[0m       2.0 [0m│[0m  825.234946 [0m│[0m                0.013950 [0m│[0m
│[0m       3.0 [0m│[0m  188.046958 [0m│[0m                0.068445 [0m│[0m
│[0m       4.0 [0m│[0m   52.964500 [0m│[0m                0.232714 [0m│[0m
│[0m       5.0 [0m│[0m   16.897570 [0m│[0m                0.470193 [0m│[0m
│[0m       6.0 [0m│[0m    5.799635 [0m│[0m                0.358521 [0m│[0m
└[0m───────────[0m┴[0m─────────────[0m┴[0m─────────────────────────[0m┘[0m
 
L (s)
┌[0m───────────[0m┬[0m───────────[0m┬[0m─────────────────────────[0m┐[0m
│[0m[1m Primitive [0m│[0m[1m  Exponent [0m│[0m[1m Contraction Coefficient [0m│[0m
├[0m───────────[0m┼[0m───────────[0m┼[0m─────────────────────────[0m┤[0m
│[0m       1.0 [0m│[0m 15.539616 [0m│[0m               -0.110778 [0m│[0m
│[0m       2.0 [0m│[0m  3.599934 [0m│[0m               -0.148026 [0m│[0m
│[0m       3.0 [0m│[0m  1.013762 [0m│[0m                1.130767 [0m│[0m
└[0m───────────[0m┴[0m───────────[0m┴[0m─────────────────────────[0m┘[0m
L (p)
┌[0m───────────[0m┬[0m───────────[0m┬[0m─────────────────────────[0m┐[0m
│[0m[1m Primitive [0m│[0m[1m  Exponent [0m│[0m[1m Contraction Coefficient [0m│[0m
├[0m───────────[0m┼[0m───────────[0m┼[0m─────────────────────────[0m┤[0m
│[0m       1.0 [0m│[0m 15.539616 [0m│[0m                0.070874 [0m│[0m
│[0m       2.0 [0m│[0m  3.599934 [0m│[0m                0.339753 [0m│[0m
│[0m       3.0 [0m│[0m  1.013762 [0m│[0m                0.727159 [0m│[0m
└[0m───────────[0m┴[0m───────────[0m┴[0m─────────────────────────[0m┘[0m
 
L (s)
┌[0m───────────[0m┬[0m──────────[0m┬[0m─────────────────────────[0m┐[0m
│[0m[1m Primitive [0m│[0m[1m Exponent [0m│[0m[1m Contraction Coefficient [0m│[0m
├[0m───────────[0m┼[0m──────────[0m┼[0m─────────────────────────[0m┤[0m
│[0m       1.0 [0m│[0m 0.270006 [0m│[0m                1.000000 [0m│[0m
└[0m───────────[0m┴[0m──────────[0m┴[0m─────────────────────────[0m┘[0m
L (p)
┌[0m───────────[0m┬[0m──────────[0m┬[0m─────────────────────────[0m┐[0m
│[0m[1m Primitive [0m│[0m[1m Exponent [0m│[0m[1m Contraction Coefficient [0m│[0m
├[0m───────────[0m┼[0m──────────[0m┼[0m─────────────────────────[0m┤[0m
│[0m       1.0 [0m│[0m 0.270006 [0m│[0m                1.000000 [0m│[0m
└[0m───────────[0m┴[0m──────────[0m┴[0m─────────────────────────[0m┘[0m
 
D
┌[0m───────────[0m┬[0m──────────[0m┬[0m─────────────────────────[0m┐[0m
│[0m[1m Primitive [0m│[0m[1m Exponent [0m│[0m[1m Contraction Coefficient [0m│[0m
├[0m───────────[0m┼[0m──────────[0m┼[0m─────────────────────────[0m┤[0m
│[0m       1.0 [0m│[0m 0.800000 [0m│[0m                1.000000 [0m│[0m
└[0m───────────[0m┴[0m──────────[0m┴[0m─────────────────────────[0m┘[0m
 
L (s)
┌[0m───────────[0m┬[0m──────────[0m┬[0m─────────────────────────[0m┐[0m
│[0m[1m Primitive [0m│[0m[1m Exponent [0m│[0m[1m Contraction Coefficient [0m│[0m
├[0m───────────[0m┼[0m──────────[0m┼[0m─────────────────────────[0m┤[0m
│[0m       1.0 [0m│[0m 0.084500 [0m│[0m                1.000000 [0m│[0m
└[0m───────────[0m┴[0m──────────[0m┴[0m─────────────────────────[0m┘[0m
L (p)
┌[0m───────────[0m┬[0m──────────[0m┬[0m─────────────────────────[0m┐[0m
│[0m[1m Primitive [0m│[0m[1m Exponent [0m│[0m[1m Contraction Coefficient [0m│[0m
├[0m───────────[0m┼[0m──────────[0m┼[0m─────────────────────────[0m┤[0m
│[0m       1.0 [0m│[0m 0.084500 [0m│[0m                1.000000 [0m│[0m
└[0m───────────[0m┴[0m──────────[0m┴[0m─────────────────────────[0m┘[0m
 
 
 
ATOM #7 (H):
S
┌[0m───────────[0m┬[0m───────────[0m┬[0m─────────────────────────[0m┐[0m
│[0m[1m Primitive [0m│[0m[1m  Exponent [0m│[0m[1m Contraction Coefficient [0m│[0m
├[0m───────────[0m┼[0m───────────[0m┼[0m─────────────────────────[0m┤[0m
│[0m       1.0 [0m│[0m 18.731137 [0m│[0m                0.033495 [0m│[0m
│[0m       2.0 [0m│[0m  2.825394 [0m│[0m                0.234727 [0m│[0m
│[0m       3.0 [0m│[0m  0.640122 [0m│[0m                0.813757 [0m│[0m
└[0m───────────[0m┴[0m───────────[0m┴[0m─────────────────────────[0m┘[0m
 
S
┌[0m───────────[0m┬[0m──────────[0m┬[0m─────────────────────────[0m┐[0m
│[0m[1m Primitive [0m│[0m[1m Exponent [0m│[0m[1m Contraction Coefficient [0m│[0m
├[0m───────────[0m┼[0m──────────[0m┼[0m─────────────────────────[0m┤[0m
│[0m       1.0 [0m│[0m 0.161278 [0m│[0m                1.000000 [0m│[0m
└[0m───────────[0m┴[0m──────────[0m┴[0m─────────────────────────[0m┘[0m
 
P
┌[0m───────────[0m┬[0m──────────[0m┬[0m─────────────────────────[0m┐[0m
│[0m[1m Primitive [0m│[0m[1m Exponent [0m│[0m[1m Contraction Coefficient [0m│[0m
├[0m───────────[0m┼[0m──────────[0m┼[0m─────────────────────────[0m┤[0m
│[0m       1.0 [0m│[0m 1.100000 [0m│[0m                1.000000 [0m│[0m
└[0m───────────[0m┴[0m──────────[0m┴[0m─────────────────────────[0m┘[0m
 
 
 
ATOM #8 (H):
S
┌[0m───────────[0m┬[0m───────────[0m┬[0m─────────────────────────[0m┐[0m
│[0m[1m Primitive [0m│[0m[1m  Exponent [0m│[0m[1m Contraction Coefficient [0m│[0m
├[0m───────────[0m┼[0m───────────[0m┼[0m─────────────────────────[0m┤[0m
│[0m       1.0 [0m│[0m 18.731137 [0m│[0m                0.033495 [0m│[0m
│[0m       2.0 [0m│[0m  2.825394 [0m│[0m                0.234727 [0m│[0m
│[0m       3.0 [0m│[0m  0.640122 [0m│[0m                0.813757 [0m│[0m
└[0m───────────[0m┴[0m───────────[0m┴[0m─────────────────────────[0m┘[0m
 
S
┌[0m───────────[0m┬[0m──────────[0m┬[0m─────────────────────────[0m┐[0m
│[0m[1m Primitive [0m│[0m[1m Exponent [0m│[0m[1m Contraction Coefficient [0m│[0m
├[0m───────────[0m┼[0m──────────[0m┼[0m─────────────────────────[0m┤[0m
│[0m       1.0 [0m│[0m 0.161278 [0m│[0m                1.000000 [0m│[0m
└[0m───────────[0m┴[0m──────────[0m┴[0m─────────────────────────[0m┘[0m
 
P
┌[0m───────────[0m┬[0m──────────[0m┬[0m─────────────────────────[0m┐[0m
│[0m[1m Primitive [0m│[0m[1m Exponent [0m│[0m[1m Contraction Coefficient [0m│[0m
├[0m───────────[0m┼[0m──────────[0m┼[0m─────────────────────────[0m┤[0m
│[0m       1.0 [0m│[0m 1.100000 [0m│[0m                1.000000 [0m│[0m
└[0m───────────[0m┴[0m──────────[0m┴[0m─────────────────────────[0m┘[0m
 
 
 
ATOM #9 (H):
S
┌[0m───────────[0m┬[0m───────────[0m┬[0m─────────────────────────[0m┐[0m
│[0m[1m Primitive [0m│[0m[1m  Exponent [0m│[0m[1m Contraction Coefficient [0m│[0m
├[0m───────────[0m┼[0m───────────[0m┼[0m─────────────────────────[0m┤[0m
│[0m       1.0 [0m│[0m 18.731137 [0m│[0m                0.033495 [0m│[0m
│[0m       2.0 [0m│[0m  2.825394 [0m│[0m                0.234727 [0m│[0m
│[0m       3.0 [0m│[0m  0.640122 [0m│[0m                0.813757 [0m│[0m
└[0m───────────[0m┴[0m───────────[0m┴[0m─────────────────────────[0m┘[0m
 
S
┌[0m───────────[0m┬[0m──────────[0m┬[0m─────────────────────────[0m┐[0m
│[0m[1m Primitive [0m│[0m[1m Exponent [0m│[0m[1m Contraction Coefficient [0m│[0m
├[0m───────────[0m┼[0m──────────[0m┼[0m─────────────────────────[0m┤[0m
│[0m       1.0 [0m│[0m 0.161278 [0m│[0m                1.000000 [0m│[0m
└[0m───────────[0m┴[0m──────────[0m┴[0m─────────────────────────[0m┘[0m
 
P
┌[0m───────────[0m┬[0m──────────[0m┬[0m─────────────────────────[0m┐[0m
│[0m[1m Primitive [0m│[0m[1m Exponent [0m│[0m[1m Contraction Coefficient [0m│[0m
├[0m───────────[0m┼[0m──────────[0m┼[0m─────────────────────────[0m┤[0m
│[0m       1.0 [0m│[0m 1.100000 [0m│[0m                1.000000 [0m│[0m
└[0m───────────[0m┴[0m──────────[0m┴[0m─────────────────────────[0m┘[0m
 
 
 
ATOM #10 (H):
S
┌[0m───────────[0m┬[0m───────────[0m┬[0m─────────────────────────[0m┐[0m
│[0m[1m Primitive [0m│[0m[1m  Exponent [0m│[0m[1m Contraction Coefficient [0m│[0m
├[0m───────────[0m┼[0m───────────[0m┼[0m─────────────────────────[0m┤[0m
│[0m       1.0 [0m│[0m 18.731137 [0m│[0m                0.033495 [0m│[0m
│[0m       2.0 [0m│[0m  2.825394 [0m│[0m                0.234727 [0m│[0m
│[0m       3.0 [0m│[0m  0.640122 [0m│[0m                0.813757 [0m│[0m
└[0m───────────[0m┴[0m───────────[0m┴[0m─────────────────────────[0m┘[0m
 
S
┌[0m───────────[0m┬[0m──────────[0m┬[0m─────────────────────────[0m┐[0m
│[0m[1m Primitive [0m│[0m[1m Exponent [0m│[0m[1m Contraction Coefficient [0m│[0m
├[0m───────────[0m┼[0m──────────[0m┼[0m─────────────────────────[0m┤[0m
│[0m       1.0 [0m│[0m 0.161278 [0m│[0m                1.000000 [0m│[0m
└[0m───────────[0m┴[0m──────────[0m┴[0m─────────────────────────[0m┘[0m
 
P
┌[0m───────────[0m┬[0m──────────[0m┬[0m─────────────────────────[0m┐[0m
│[0m[1m Primitive [0m│[0m[1m Exponent [0m│[0m[1m Contraction Coefficient [0m│[0m
├[0m───────────[0m┼[0m──────────[0m┼[0m─────────────────────────[0m┤[0m
│[0m       1.0 [0m│[0m 1.100000 [0m│[0m                1.000000 [0m│[0m
└[0m───────────[0m┴[0m──────────[0m┴[0m─────────────────────────[0m┘[0m
 
 
 
ATOM #11 (Li):
S
┌[0m───────────[0m┬[0m────────────[0m┬[0m─────────────────────────[0m┐[0m
│[0m[1m Primitive [0m│[0m[1m   Exponent [0m│[0m[1m Contraction Coefficient [0m│[0m
├[0m───────────[0m┼[0m────────────[0m┼[0m─────────────────────────[0m┤[0m
│[0m       1.0 [0m│[0m 642.418915 [0m│[0m                0.002143 [0m│[0m
│[0m       2.0 [0m│[0m  96.798515 [0m│[0m                0.016209 [0m│[0m
│[0m       3.0 [0m│[0m  22.091121 [0m│[0m                0.077316 [0m│[0m
│[0m       4.0 [0m│[0m   6.201070 [0m│[0m                0.245786 [0m│[0m
│[0m       5.0 [0m│[0m   1.935118 [0m│[0m                0.470189 [0m│[0m
│[0m       6.0 [0m│[0m   0.636736 [0m│[0m                0.345471 [0m│[0m
└[0m───────────[0m┴[0m────────────[0m┴[0m─────────────────────────[0m┘[0m
 
L (s)
┌[0m───────────[0m┬[0m──────────[0m┬[0m─────────────────────────[0m┐[0m
│[0m[1m Primitive [0m│[0m[1m Exponent [0m│[0m[1m Contraction Coefficient [0m│[0m
├[0m───────────[0m┼[0m──────────[0m┼[0m─────────────────────────[0m┤[0m
│[0m       1.0 [0m│[0m 2.324918 [0m│[0m               -0.035092 [0m│[0m
│[0m       2.0 [0m│[0m 0.632430 [0m│[0m               -0.191233 [0m│[0m
│[0m       3.0 [0m│[0m 0.079053 [0m│[0m                1.083988 [0m│[0m
└[0m───────────[0m┴[0m──────────[0m┴[0m─────────────────────────[0m┘[0m
L (p)
┌[0m───────────[0m┬[0m──────────[0m┬[0m─────────────────────────[0m┐[0m
│[0m[1m Primitive [0m│[0m[1m Exponent [0m│[0m[1m Contraction Coefficient [0m│[0m
├[0m───────────[0m┼[0m──────────[0m┼[0m─────────────────────────[0m┤[0m
│[0m       1.0 [0m│[0m 2.324918 [0m│[0m                0.008942 [0m│[0m
│[0m       2.0 [0m│[0m 0.632430 [0m│[0m                0.141009 [0m│[0m
│[0m       3.0 [0m│[0m 0.079053 [0m│[0m                0.945364 [0m│[0m
└[0m───────────[0m┴[0m──────────[0m┴[0m─────────────────────────[0m┘[0m
 
L (s)
┌[0m───────────[0m┬[0m──────────[0m┬[0m─────────────────────────[0m┐[0m
│[0m[1m Primitive [0m│[0m[1m Exponent [0m│[0m[1m Contraction Coefficient [0m│[0m
├[0m───────────[0m┼[0m──────────[0m┼[0m─────────────────────────[0m┤[0m
│[0m       1.0 [0m│[0m 0.035962 [0m│[0m                1.000000 [0m│[0m
└[0m───────────[0m┴[0m──────────[0m┴[0m─────────────────────────[0m┘[0m
L (p)
┌[0m───────────[0m┬[0m──────────[0m┬[0m─────────────────────────[0m┐[0m
│[0m[1m Primitive [0m│[0m[1m Exponent [0m│[0m[1m Contraction Coefficient [0m│[0m
├[0m───────────[0m┼[0m──────────[0m┼[0m─────────────────────────[0m┤[0m
│[0m       1.0 [0m│[0m 0.035962 [0m│[0m                1.000000 [0m│[0m
└[0m───────────[0m┴[0m──────────[0m┴[0m─────────────────────────[0m┘[0m
 
D
┌[0m───────────[0m┬[0m──────────[0m┬[0m─────────────────────────[0m┐[0m
│[0m[1m Primitive [0m│[0m[1m Exponent [0m│[0m[1m Contraction Coefficient [0m│[0m
├[0m───────────[0m┼[0m──────────[0m┼[0m─────────────────────────[0m┤[0m
│[0m       1.0 [0m│[0m 0.200000 [0m│[0m                1.000000 [0m│[0m
└[0m───────────[0m┴[0m──────────[0m┴[0m─────────────────────────[0m┘[0m
 
L (s)
┌[0m───────────[0m┬[0m──────────[0m┬[0m─────────────────────────[0m┐[0m
│[0m[1m Primitive [0m│[0m[1m Exponent [0m│[0m[1m Contraction Coefficient [0m│[0m
├[0m───────────[0m┼[0m──────────[0m┼[0m─────────────────────────[0m┤[0m
│[0m       1.0 [0m│[0m 0.007400 [0m│[0m                1.000000 [0m│[0m
└[0m───────────[0m┴[0m──────────[0m┴[0m─────────────────────────[0m┘[0m
L (p)
┌[0m───────────[0m┬[0m──────────[0m┬[0m─────────────────────────[0m┐[0m
│[0m[1m Primitive [0m│[0m[1m Exponent [0m│[0m[1m Contraction Coefficient [0m│[0m
├[0m───────────[0m┼[0m──────────[0m┼[0m─────────────────────────[0m┤[0m
│[0m       1.0 [0m│[0m 0.007400 [0m│[0m                1.000000 [0m│[0m
└[0m───────────[0m┴[0m──────────[0m┴[0m─────────────────────────[0m┘[0m
 
 
 
 
                       ========================================                 
                                       END BASIS                                
                       ========================================                 
---------------------------------------------------------------------------------
                       ========================================          
                             MOLECULAR COORDINATE ANALYSIS               
                       ========================================          

----------------------------------------          
      Printing coordinates (bohr)                 
            in xyz format...                      
----------------------------------------          
 
11

C         4.984571811785701     0.15538082961444286     -0.007887716272751075
C         -3.8907020340669094     1.2165583477456454     0.49239645199074844
C         -3.6669320209568124     -1.5193812681001115     -0.40005877105269483
O         -1.8318417909919593     2.7104094177516345     -0.3590460479411671
O         -1.284911626447533     -2.578833466404524     0.23435625809331515
O         7.141998272654236     -0.014783326401948172     0.03470292803852438
H         -5.245442815212741     -2.602713933711365     0.43361652514265975
H         -5.721708566172296     1.969306128516811     -0.17159656831508419
H         -3.9867813724606522     1.2015954973748637     2.5788315766785366
H         -3.965448255785261     -1.5435622018390007     -2.4669352317675615
Li         0.7186004321730315     0.3085657976311529     -0.05357940092987812

                       ========================================          
                                END COORDINATE ANALYSIS                  
                       ========================================          
--------------------------------------------------------------------------------
                       ========================================                 
                          RESTRICTED CLOSED-SHELL HARTREE-FOCK                  
                       ========================================                 

----------------------------------------          
       Starting RHF iterations...                 
----------------------------------------          
 
Iter      Energy                   ΔE                   Drms
0     -739.3799135612463
1     -338.63064756024914     400.7492660009972     27.16207244473831
2     -309.81546617699394     28.815181383255208     43.004088463438656
3     -327.3449841358813     -17.529517958887368     53.90393972837502
4     -349.43479378010557     -22.08980964422426     40.499555949441195
5     -347.3729530745385     2.0618407055670787     1.9639897041720462
6     -348.2227695073633     -0.8498164328248095     0.6264358410420949
7     -348.3211910654867     -0.09842155812339115     0.28114313829641
8     -348.17062498694713     0.15056607853955484     0.16165431828892168
9     -347.5164943663898     0.6541306205573392     0.13696895914270968
10     -347.5758315070724     -0.059337140682600875     0.19468818304994137
11     -347.5133835254919     0.06244798158047615     0.10076499336178533
12     -347.51517418569983     -0.0017906602079165168     0.09875956796277602
13     -347.52389175538826     -0.008717569688428739     0.14410131121968192
14     -347.5480264557416     -0.024134700353329208     0.31340451109141315
15     -347.5403548187812     0.007671636960367323     0.2126732238602111
16     -347.49432443147555     0.04603038730567732     0.13971339291000232
17     -347.59583564581555     -0.10151121434000743     0.4952488355320296
18     -347.5727203027328     0.023115343082736217     0.019374878765718744
19     -347.590468464712     -0.017748161979170618     0.11675103619263366
20     -347.57150146884044     0.018966995871551262     0.024003708131272675
21     -347.56229226656046     0.009209202279976125     0.03392437095483287
22     -347.54320656093796     0.019085705622501337     0.030883450443417497
23     -347.54011024275144     0.003096318186521785     0.008539518108358827
24     -347.53913166651296     0.000978576238480855     0.0034194829627788455
25     -347.53848016923644     0.0006514972765216953     0.003363429442339585
26     -347.538988825032     -0.0005086557955564786     0.0027182868261175345
27     -347.5385475622694     0.000441262762592487     0.003801814469759862
28     -347.53858538500367     -3.782273427077598e-5     0.005188870777677988
29     -347.53871115854326     -0.00012577353959386528     0.0017996880868262725
30     -347.5386516466881     5.951185517005797e-5     0.00033667719252979795
31     -347.53868629370754     -3.464701944722037e-5     0.0006424003227531705
32     -347.5387027234975     -1.6429789980065834e-5     0.00021099741840712314
33     -347.538674916962     2.7806535513263952e-5     0.00014127095347727495
34     -347.53867753782504     -2.6208630288238055e-6     5.343846266984785e-5
35     -347.53867935101334     -1.8131883052774356e-6     1.378659026911402e-5
36     -347.53867788918103     1.461832312088518e-6     8.712888842771118e-6
37     -347.5386775858417     3.033393340956536e-7     2.4867654222553616e-6
38     -347.53867802354694     -4.37705239164643e-7     2.343504009508836e-6
39     -347.53867742325895     6.00287989982462e-7     2.482984946484321e-6
40     -347.53867768339114     -2.6013219667220255e-7     1.146724603277138e-6
41     -347.53867769431736     -1.0926214599749073e-8     9.875833270167124e-7
42     -347.5386776464243     4.789308150066063e-8     1.5770768767946368e-6
43     -347.53867767915756     -3.2733282750996295e-8     1.2283134846654485e-6
44     -347.53867767852114     6.364189175656065e-10     2.711593366473242e-6
 
----------------------------------------
   The SCF calculation has converged!   
----------------------------------------
Total SCF Energy: -347.53867767852114 h
 
                       ========================================                 
                             END RESTRICTED CLOSED-SHELL                 
                                     HARTREE-FOCK                        
                       ========================================                 
