--------------------------------------------------------------------------------
                       ========================================                 
                                RESTRICTED CLOSED-SHELL                         
                                  HARTREE-FOCK ENERGY                           
                       ========================================                 

----------------------------------------          
       Starting RHF iterations...                 
----------------------------------------          
 
Iter        Energy                ΔE                Drms
1      -1843.8810244417      -1843.8810244417      232.4061159060
2      -768.8054493459      1075.0755750958      18458.0491823199
3      -747.6762701590      21.1291791870      18001.0167490992
4      -872.5918078791      -124.9155377201      6582.6992184979
5      -906.3117961776      -33.7199882985      1116.3859611387
6      -941.0273023267      -34.7155061491      823.3476320366
7      -931.3461324099      9.6811699168      452.7417457091
8      -922.4205650937      8.9255673162      9.7325280127
9      -923.5066900124      -1.0861249188      3.0224036320
10      -924.7537920618      -1.2471020493      2.1295447878
11      -924.9935756596      -0.2397835978      0.6190703265
12      -925.3277721479      -0.3341964883      0.3645827376
13      -925.3635299376      -0.0357577897      0.0859744549
14      -925.3215901709      0.0419397667      0.0433563224
15      -925.3327435395      -0.0111533687      0.0417053044
16      -925.3350180010      -0.0022744614      0.0154714394
17      -925.3339687479      0.0010492530      0.0036604909
18      -925.3344005734      -0.0004318255      0.0016040101
19      -925.3344520463      -0.0000514729      0.0006790584
20      -925.3343607125      0.0000913338      0.0001700798
21      -925.3343809353      -0.0000202228      0.0001433532
22      -925.3343947571      -0.0000138219      0.0000467106
23      -925.3343927419      0.0000020152      0.0000174599
 
----------------------------------------
   The SCF calculation has converged!   
----------------------------------------
Total SCF Energy: -925.3343927419 h
 
                       ========================================                 
                              END RESTRICTED CLOSED-SHELL                       
                                  HARTREE-FOCK ENERGY                           
                       ========================================                 
--------------------------------------------------------------------------------
1-element Array{Float64,1}:
 439.90384849400004