--------------------------------------------------------------------------------
                       ========================================                 
                                RESTRICTED CLOSED-SHELL                         
                                  HARTREE-FOCK ENERGY                           
                       ========================================                 

----------------------------------------          
       Starting RHF iterations...                 
----------------------------------------          
 
Iter        Energy                ΔE                Drms
1      -1906.0252704054      -1906.0252704054      480.3200609459
2      -1004.8714771500      901.1537932553      1599.3046400333
3      -843.1859289104      161.6855482396      2161.2403999436
4      -858.1972869963      -15.0113580859      10390.1928067204
5      -1090.6150332535      -232.4177462572      9461.0856570507
6      -1047.7295651386      42.8854681149      4448.3620698061
7      -1036.7132167112      11.0163484273      330.4808640029
8      -1028.5018454341      8.2113712772      563.5173238069
9      -1019.7562640150      8.7455814191      465.9814921040
10      -1017.9225830860      1.8336809290      147.1694881638
11      -1007.4313645381      10.4912185479      48.6948031605
12      -1018.5390774540      -11.1077129158      726.5631628427
13      -912.3072402395      106.2318372145      2608.8325496935
14      -923.4838835110      -11.1766432715      2120.4724323908
15      -809.0409557971      114.4429277139      2088.9886666535
16      -887.2438795429      -78.2029237458      1771.9509066926
17      -1006.9148410596      -119.6709615167      1383.6890340645
18      -958.5638804130      48.3509606466      1572.1266200328
19      -947.3649809346      11.1988994784      55.6500450746
20      -943.6239373595      3.7410435751      5.9662558982
21      -943.3436772789      0.2802600807      3.1041228312
22      -945.2103913033      -1.8667140245      1.6105894527
23      -945.1857594351      0.0246318682      0.4997154309
24      -945.1366414242      0.0491180109      0.2050019883
25      -945.1889214838      -0.0522800596      0.0971283586
26      -945.1728351761      0.0160863077      0.0429917750
27      -945.1749259060      -0.0020907299      0.0237623551
28      -945.1767449038      -0.0018189978      0.0056238375
29      -945.1763698555      0.0003750483      0.0023268846
30      -945.1758274713      0.0005423843      0.0011812948
31      -945.1760585825      -0.0002311113      0.0004282844
32      -945.1760766429      -0.0000180603      0.0002022362
33      -945.1760578809      0.0000187620      0.0001076868
34      -945.1760629834      -0.0000051025      0.0000477193
35      -945.1760676348      -0.0000046515      0.0000186436
 
----------------------------------------
   The SCF calculation has converged!   
----------------------------------------
Total SCF Energy: -945.1760676348 h
 
                       ========================================                 
                              END RESTRICTED CLOSED-SHELL                       
                                  HARTREE-FOCK ENERGY                           
                       ========================================                 
--------------------------------------------------------------------------------
1-element Array{Float64,1}:
 665.714894672