--------------------------------------------------------------------------------
                       ========================================                 
                                RESTRICTED CLOSED-SHELL                         
                                  HARTREE-FOCK ENERGY                           
                       ========================================                 

----------------------------------------          
       Starting RHF iterations...                 
----------------------------------------          
 
Iter        Energy                ΔE                Drms
1      -2785.4747072801      -2785.4747072801      562.8554278380
2      -1585.0421709044      1200.4325363757      2145.2597892350
3      -1465.8961684253      119.1460024791      1999.2741201895
4      -1324.3211090026      141.5750594227      85170.2468603174
5      -1264.5813945031      59.7397144995      80287.0115673813
6      -1310.1656827484      -45.5842882453      9733.7775303449
7      -1334.6930547866      -24.5273720383      4864.0198230224
8      -1352.8042903816      -18.1112355949      1364.6045932903
9      -1351.8894701516      0.9148202299      443.8221666054
10      -1350.8466908720      1.0427792797      61.8520680048
11      -1344.9480691205      5.8986217515      110.9404285045
12      -1440.0331653171      -95.0850961966      1945.5144996892
13      -1375.5593349453      64.4738303718      2085.0534285675
14      -1373.4656888976      2.0936460477      270.1669234243
15      -1394.1040633677      -20.6383744701      9863.5098225926
16      -1377.7572582148      16.3468051529      7078.7212938645
17      -1311.8751735469      65.8820846678      3442.1356733001
18      -1296.3174704693      15.5577030777      2393.7839430909
19      -1315.0159324283      -18.6984619590      3220.3650808804
20      -1360.9911240224      -45.9751915941      1341.7863107519
21      -1363.4519754034      -2.4608513810      44.3263940756
22      -1367.0663696352      -3.6143942318      33.8229276476
23      -1368.2205977852      -1.1542281499      5.8323943406
24      -1367.9427051304      0.2778926547      0.8019498128
25      -1367.9993964640      -0.0566913335      0.5330976373
26      -1368.0125403431      -0.0131438791      0.1935634010
27      -1367.9922265201      0.0203138231      0.0745542931
28      -1367.9961050026      -0.0038784825      0.0373620313
29      -1367.9936906779      0.0024143247      0.0168691328
30      -1367.9939288941      -0.0002382161      0.0067817554
31      -1367.9940232013      -0.0000943073      0.0023804082
32      -1367.9938048307      0.0002183706      0.0010187107
33      -1367.9938425204      -0.0000376897      0.0006855452
34      -1367.9938624329      -0.0000199126      0.0001859157
35      -1367.9938470431      0.0000153898      0.0001466692
36      -1367.9938540844      -0.0000070413      0.0000267711
37      -1367.9938538631      0.0000002213      0.0000450762
38      -1367.9938528189      0.0000010442      0.0000395754
39      -1367.9938531970      -0.0000003781      0.0000107998
 
----------------------------------------
   The SCF calculation has converged!   
----------------------------------------
Total SCF Energy: -1367.9938531970 h
 
                       ========================================                 
                              END RESTRICTED CLOSED-SHELL                       
                                  HARTREE-FOCK ENERGY                           
                       ========================================                 
--------------------------------------------------------------------------------
1-element Array{Float64,1}:
 1364.597315146