--------------------------------------------------------------------------------
                       ========================================                 
                                RESTRICTED CLOSED-SHELL                         
                                  HARTREE-FOCK ENERGY                           
                       ========================================                 

----------------------------------------          
       Starting RHF iterations...                 
----------------------------------------          
 
Iter        Energy                ΔE                Drms
1      -220.1660924879      -220.1660924879      5.8519776141
2      -137.1499273884      83.0161650995      107.0775192008
3      -149.9767414621      -12.8268140737      102.7187038094
4      -170.1628553434      -20.1861138814      13.9612554284
5      -168.7984879243      1.3643674191      0.7645148252
6      -168.9558217076      -0.1573337833      0.1759190517
7      -168.7865214184      0.1693002892      0.1172354098
8      -168.6755484285      0.1109729900      0.0482435742
9      -168.6708830672      0.0046653612      0.0146239137
10      -168.6630812705      0.0078017968      0.0026273423
11      -168.6651902673      -0.0021089969      0.0012476855
12      -168.6658354192      -0.0006451519      0.0002645623
13      -168.6658498287      -0.0000144094      0.0000719412
14      -168.6658312676      0.0000185611      0.0000186197
 
----------------------------------------
   The SCF calculation has converged!   
----------------------------------------
Total SCF Energy: -168.6658312676 h
 
                       ========================================                 
                              END RESTRICTED CLOSED-SHELL                       
                                  HARTREE-FOCK ENERGY                           
                       ========================================                 
--------------------------------------------------------------------------------
1-element Array{Float64,1}:
 6.066600778000001