--------------------------------------------------------------------------------
                       ========================================                 
                                RESTRICTED CLOSED-SHELL                         
                                  HARTREE-FOCK ENERGY                           
                       ========================================                 

----------------------------------------          
       Starting RHF iterations...                 
----------------------------------------          
 
Iter        Energy                ΔE                Drms
1      -981.3677849075      -981.3677849075      285.0839990319
2      -556.4146361781      424.9531487293      426.3944911099
3      -536.6795656243      19.7350705539      286.7215149917
4      -372.9693052454      163.7102603789      23169.3364145060
5      -424.4571346344      -51.4878293890      22329.3636091485
6      -527.4492500618      -102.9921154275      1189.1551374611
7      -505.5479844260      21.9012656358      27.6096196063
8      -510.7803279617      -5.2323435357      22.8234780152
9      -504.9428980868      5.8374298749      2.8370482329
10      -504.4599850931      0.4829129937      0.9048881472
11      -504.2521161060      0.2078689871      0.5000424297
12      -501.5641388963      2.6879772096      0.9108954978
13      -501.6315433332      -0.0674044368      0.9006327519
14      -501.7596599118      -0.1281165786      0.4794116035
15      -501.7438673811      0.0157925307      0.0479987533
16      -501.7509810758      -0.0071136947      0.0144897050
17      -501.7511772282      -0.0001961524      0.0047156247
18      -501.7491083871      0.0020688410      0.0019884496
19      -501.7498159854      -0.0007075983      0.0006722092
20      -501.7497411507      0.0000748347      0.0002994063
21      -501.7497050226      0.0000361281      0.0001331433
22      -501.7497419596      -0.0000369370      0.0000466481
23      -501.7497364666      0.0000054930      0.0000210250
24      -501.7497289031      0.0000075634      0.0000123984
 
----------------------------------------
   The SCF calculation has converged!   
----------------------------------------
Total SCF Energy: -501.7497289031 h
 
                       ========================================                 
                              END RESTRICTED CLOSED-SHELL                       
                                  HARTREE-FOCK ENERGY                           
                       ========================================                 
--------------------------------------------------------------------------------
1-element Array{Float64,1}:
 127.60501008600001