--------------------------------------------------------------------------------
                       ========================================                 
                                RESTRICTED CLOSED-SHELL                         
                                  HARTREE-FOCK ENERGY                           
                       ========================================                 

----------------------------------------          
       Starting RHF iterations...                 
----------------------------------------          
 
Iter        Energy                ΔE                Drms
1      -1033.2223446840      -1033.2223446840      254.2232674376
2      -562.7822611374      470.4400835466      280.0255773478
3      -530.7678680173      32.0143931201      173.2948446611
4      -429.3483518753      101.4195161420      4466.8140408523
5      -439.3911101606      -10.0427582854      4288.0687268636
6      -538.2028601407      -98.8117499800      785.5959093405
7      -529.5007116580      8.7021484827      11.2397953090
8      -526.5180778299      2.9826338280      3.4832407016
9      -523.6887727703      2.8293050596      4.9198921392
10      -520.8010805872      2.8876921831      4.8852324381
11      -518.9351084227      1.8659721645      1.9312110707
12      -517.9927240302      0.9423843925      1.3365349643
13      -517.7744565186      0.2182675117      0.8010416274
14      -517.7528483735      0.0216081450      0.3168839934
15      -517.7554415131      -0.0025931396      0.1345949155
16      -517.7531883081      0.0022532050      0.0997757378
17      -517.7545604228      -0.0013721147      0.0283729351
18      -517.7549840300      -0.0004236072      0.0081537391
19      -517.7547212551      0.0002627750      0.0032565202
20      -517.7548692837      -0.0001480287      0.0013270241
21      -517.7549036024      -0.0000343187      0.0007895835
22      -517.7548595727      0.0000440297      0.0002321537
23      -517.7548655302      -0.0000059575      0.0000637376
24      -517.7548661704      -0.0000006402      0.0000252991
25      -517.7548643886      0.0000017817      0.0000071764
 
----------------------------------------
   The SCF calculation has converged!   
----------------------------------------
Total SCF Energy: -517.7548643886 h
 
                       ========================================                 
                              END RESTRICTED CLOSED-SHELL                       
                                  HARTREE-FOCK ENERGY                           
                       ========================================                 
--------------------------------------------------------------------------------
1-element Array{Float64,1}:
 173.30277756200002