--------------------------------------------------------------------------------
                       ========================================                 
                                RESTRICTED CLOSED-SHELL                         
                                  HARTREE-FOCK ENERGY                           
                       ========================================                 

----------------------------------------          
       Starting RHF iterations...                 
----------------------------------------          
 
Iter        Energy                ΔE                Drms
1      -1452.3427538323      -1452.3427538323      399.8803580728
2      -684.6465020387      767.6962517936      1441.5167054307
3      -666.2675355767      18.3789664620      1331.5778461644
4      -530.7649085550      135.5026270216      11474.0017164729
5      -642.4704012190      -111.7054926640      11617.5441210334
6      -685.0914882717      -42.6210870527      4917.6500604834
7      -695.6627319464      -10.5712436747      339.8283087281
8      -700.5389118577      -4.8761799113      485.2678830697
9      -695.1053753541      5.4335365036      129.6099596296
10      -697.6497774852      -2.5444021311      131.0693981960
11      -683.8157126791      13.8340648061      22.4681712949
12      -695.3905913391      -11.5748786600      14.8904606864
13      -693.2563876090      2.1342037301      17.3747452409
14      -692.4431422698      0.8132453392      3.2056654870
15      -692.3581788569      0.0849634129      1.8295640357
16      -692.3379550818      0.0202237751      0.3885042820
17      -692.2926699756      0.0452851062      0.1414028723
18      -692.3091562852      -0.0164863096      0.0237883420
19      -692.3063176860      0.0028385992      0.0099835777
20      -692.3064577884      -0.0001401024      0.0048058849
21      -692.3067787878      -0.0003209995      0.0026008050
22      -692.3065316961      0.0002470918      0.0014105595
23      -692.3065450608      -0.0000133647      0.0003126403
24      -692.3066037562      -0.0000586954      0.0001113118
25      -692.3065898311      0.0000139251      0.0000483641
26      -692.3065899867      -0.0000001556      0.0000358173
27      -692.3065915142      -0.0000015276      0.0000336146
28      -692.3065908751      0.0000006391      0.0000329141
29      -692.3065905000      0.0000003751      0.0000264921
30      -692.3065907450      -0.0000002450      0.0000233964
31      -692.3065907469      -0.0000000019      0.0000280787
32      -692.3065907258      0.0000000211      0.0000270786
33      -692.3065907345      -0.0000000087      0.0000285729
34      -692.3065907362      -0.0000000017      0.0000330404
35      -692.3065907326      0.0000000036      0.0000375886
36      -692.3065907337      -0.0000000012      0.0000287164
37      -692.3065907343      -0.0000000005      0.0000092820
 
----------------------------------------
   The SCF calculation has converged!   
----------------------------------------
Total SCF Energy: -692.3065907343 h
 
                       ========================================                 
                              END RESTRICTED CLOSED-SHELL                       
                                  HARTREE-FOCK ENERGY                           
                       ========================================                 
--------------------------------------------------------------------------------
1-element Array{Float64,1}:
 514.4755580660001