--------------------------------------------------------------------------------
                       ========================================                 
                                RESTRICTED CLOSED-SHELL                         
                                  HARTREE-FOCK ENERGY                           
                       ========================================                 

----------------------------------------          
       Starting RHF iterations...                 
----------------------------------------          
 
Iter        Energy                ΔE                Drms
1      -1061.1210257979      -1061.1210257979      235.8692164750
2      -607.1283776900      453.9926481079      220.5666631228
3      -536.5450881332      70.5832895568      165.5780985204
4      -441.1960263274      95.3490618058      4904.1093612912
5      -448.7561074007      -7.5600810733      4754.1046138365
6      -559.2748060610      -110.5186986603      1626.4388739698
7      -557.3821593113      1.8926467497      12.7353557067
8      -555.0730525855      2.3091067258      3.7119570931
9      -554.8828591422      0.1901934434      3.7805765570
10      -553.6867740074      1.1960851347      5.3025620474
11      -548.3410336307      5.3457403767      6.7700528584
12      -543.9849236857      4.3561099450      5.9744974029
13      -540.1964859580      3.7884377277      6.1011093982
14      -538.4774522765      1.7190336815      2.6274044881
15      -537.6752345829      0.8022176937      0.9831318700
16      -537.5808207135      0.0944138694      0.2725018970
17      -537.5954058281      -0.0145851146      0.0423404547
18      -537.5855734935      0.0098323346      0.0372500242
19      -537.5961683524      -0.0105948588      0.0459792882
20      -537.5970603705      -0.0008920181      0.0295310722
21      -537.5969176910      0.0001426795      0.0074282371
22      -537.5974955551      -0.0005778641      0.0010509584
23      -537.5975221599      -0.0000266048      0.0002628338
24      -537.5974354163      0.0000867435      0.0001336007
25      -537.5974677335      -0.0000323171      0.0000661371
26      -537.5974682541      -0.0000005206      0.0000354607
27      -537.5974655584      0.0000026956      0.0000223892
28      -537.5974654095      0.0000001489      0.0000037143
 
----------------------------------------
   The SCF calculation has converged!   
----------------------------------------
Total SCF Energy: -537.5974654095 h
 
                       ========================================                 
                              END RESTRICTED CLOSED-SHELL                       
                                  HARTREE-FOCK ENERGY                           
                       ========================================                 
--------------------------------------------------------------------------------
1-element Array{Float64,1}:
 175.915456768