--------------------------------------------------------------------------------
                       ========================================                 
                                RESTRICTED CLOSED-SHELL                         
                                  HARTREE-FOCK ENERGY                           
                       ========================================                 

----------------------------------------          
       Starting RHF iterations...                 
----------------------------------------          
 
Iter        Energy                ΔE                Drms
1      -1039.0655855620      -1039.0655855620      270.3627421171
2      -630.1337354942      408.9318500678      324.8021264258
3      -592.4724609246      37.6612745695      173.0622989768
4      -421.1002789200      171.3721820046      4040.3785962597
5      -496.1449349235      -75.0446560035      3882.3538464663
6      -558.8374564354      -62.6925215118      341.1132287214
7      -558.6356640309      0.2017924045      49.3601805523
8      -561.4186936623      -2.7830296314      15.9724149242
9      -565.6283528260      -4.2096591637      47.4010794493
10      -566.3462644802      -0.7179116541      5.3857350252
11      -563.0415544337      3.3047100465      12.4586980355
12      -564.4524342642      -1.4108798305      55.6890018189
13      -573.7732389961      -9.3208047319      7.3713838097
14      -556.0579013369      17.7153376592      7.7073241861
15      -554.5937719896      1.4641293473      8.0763590286
16      -553.6609674648      0.9328045248      0.8869326105
17      -554.7460487180      -1.0850812532      0.3567760532
18      -554.3689764431      0.3770722749      0.1189874780
19      -554.3909152836      -0.0219388405      0.0539605192
20      -554.4278270041      -0.0369117205      0.0277795821
21      -554.4324728293      -0.0046458252      0.0281234780
22      -554.4462720138      -0.0137991844      0.0140171251
23      -554.4475827312      -0.0013107174      0.0062228648
24      -554.4491721077      -0.0015893765      0.0029906279
25      -554.4490626991      0.0001094086      0.0010444156
26      -554.4488480684      0.0002146307      0.0005634831
27      -554.4489880484      -0.0001399800      0.0001968620
28      -554.4489539913      0.0000340571      0.0000715012
29      -554.4489433306      0.0000106608      0.0000245562
30      -554.4489544391      -0.0000111085      0.0000135642
 
----------------------------------------
   The SCF calculation has converged!   
----------------------------------------
Total SCF Energy: -554.4489544391 h
 
                       ========================================                 
                              END RESTRICTED CLOSED-SHELL                       
                                  HARTREE-FOCK ENERGY                           
                       ========================================                 
--------------------------------------------------------------------------------
1-element Array{Float64,1}:
 141.015983696