--------------------------------------------------------------------------------
                       ========================================                 
                                RESTRICTED CLOSED-SHELL                         
                                  HARTREE-FOCK ENERGY                           
                       ========================================                 

----------------------------------------          
       Starting RHF iterations...                 
----------------------------------------          
 
Iter        Energy                ΔE                Drms
1      -558.9894265850      -558.9894265850      175.8187029368
2      -263.0021298965      295.9872966886      7701.9394986946
3      -242.8194500261      20.1826798704      7701.0272028163
4      -285.7514538073      -42.9320037813      171.9853912282
5      -310.9473282444      -25.1958744370      111.6743368111
6      -306.6343654594      4.3129627849      2.5808385399
7      -309.4576237818      -2.8232583223      0.6788072996
8      -311.2148423228      -1.7572185410      0.4324287038
9      -311.2483500485      -0.0335077257      0.0821310183
10      -311.2319450791      0.0164049694      0.0353363951
11      -311.1958143984      0.0361306808      0.0307926743
12      -311.1917645334      0.0040498650      0.0103056399
13      -311.1915470894      0.0002174440      0.0054176151
14      -311.1923291563      -0.0007820669      0.0025581512
15      -311.1914647806      0.0008643758      0.0005925666
16      -311.1915482833      -0.0000835028      0.0001317750
17      -311.1915357196      0.0000125637      0.0000545428
18      -311.1915443532      -0.0000086336      0.0000148197
 
----------------------------------------
   The SCF calculation has converged!   
----------------------------------------
Total SCF Energy: -311.1915443532 h
 
                       ========================================                 
                              END RESTRICTED CLOSED-SHELL                       
                                  HARTREE-FOCK ENERGY                           
                       ========================================                 
--------------------------------------------------------------------------------
1-element Array{Float64,1}:
 42.078641698000006