--------------------------------------------------------------------------------
                       ========================================                 
                                RESTRICTED CLOSED-SHELL                         
                                  HARTREE-FOCK ENERGY                           
                       ========================================                 

----------------------------------------          
       Starting RHF iterations...                 
----------------------------------------          
 
Iter        Energy                ΔE                Drms
1      -598.4019741312      -598.4019741312      105.0913821035
2      -291.3161605473      307.0858135839      7298.5353156571
3      -279.1002833272      12.2158772201      7104.9093818646
4      -325.7206164653      -46.6203331380      390.6361538782
5      -342.0001022119      -16.2794857467      108.5759633661
6      -340.4476948802      1.5524073317      2.0166577564
7      -343.2513121659      -2.8036172856      1.6439698638
8      -343.3866940651      -0.1353818992      0.3368709523
9      -343.2593139374      0.1273801276      0.1408129444
10      -343.2198952671      0.0394186703      0.0549966761
11      -343.2064574849      0.0134377822      0.0141034402
12      -343.2070911653      -0.0006336804      0.0042962437
13      -343.2068436965      0.0002474688      0.0024263924
14      -343.2067132476      0.0001304489      0.0014713450
15      -343.2065810560      0.0001321916      0.0003898292
16      -343.2065818302      -0.0000007742      0.0001244667
17      -343.2065988594      -0.0000170293      0.0000633945
18      -343.2065885671      0.0000102923      0.0000170356
 
----------------------------------------
   The SCF calculation has converged!   
----------------------------------------
Total SCF Energy: -343.2065885671 h
 
                       ========================================                 
                              END RESTRICTED CLOSED-SHELL                       
                                  HARTREE-FOCK ENERGY                           
                       ========================================                 
--------------------------------------------------------------------------------
1-element Array{Float64,1}:
 35.569310018