--------------------------------------------------------------------------------
                       ========================================                 
                                RESTRICTED CLOSED-SHELL                         
                                  HARTREE-FOCK ENERGY                           
                       ========================================                 

----------------------------------------          
       Starting RHF iterations...                 
----------------------------------------          
 
Iter        Energy                ΔE                Drms
1      -657.5103438062      -657.5103438062      102.9888509758
2      -315.9173937850      341.5929500212      7371.9011373006
3      -315.8195217237      0.0978720614      7276.1876933099
4      -382.8457894544      -67.0262677307      226.9650434066
5      -391.2547102321      -8.4089207777      47.8836506329
6      -381.3112883601      9.9434218720      2.9929923536
7      -382.5841834172      -1.2728950572      1.0445959555
8      -382.8870519652      -0.3028685480      0.6386172184
9      -382.9201339092      -0.0330819440      0.1586061924
10      -382.8804554422      0.0396784670      0.0623447724
11      -382.8714105516      0.0090448907      0.0272392440
12      -382.8909154864      -0.0195049349      0.0138511899
13      -382.8849333171      0.0059821694      0.0115320589
14      -382.8868476762      -0.0019143591      0.0027093542
15      -382.8873823482      -0.0005346721      0.0008033681
16      -382.8872612809      0.0001210674      0.0003684321
17      -382.8873118812      -0.0000506004      0.0000763671
18      -382.8873402027      -0.0000283215      0.0000243031
19      -382.8873262608      0.0000139419      0.0000076414
 
----------------------------------------
   The SCF calculation has converged!   
----------------------------------------
Total SCF Energy: -382.8873262608 h
 
                       ========================================                 
                              END RESTRICTED CLOSED-SHELL                       
                                  HARTREE-FOCK ENERGY                           
                       ========================================                 
--------------------------------------------------------------------------------
1-element Array{Float64,1}:
 32.438935368