--------------------------------------------------------------------------------
                       ========================================                 
                                RESTRICTED CLOSED-SHELL                         
                                  HARTREE-FOCK ENERGY                           
                       ========================================                 

----------------------------------------          
       Starting RHF iterations...                 
----------------------------------------          
 
Iter        Energy                ΔE                Drms
1      -713.5064315264      -713.5064315264      88.7329377894
2      -450.3946564332      263.1117750932      108.5830241110
3      -402.1112279012      48.2834285320      113.0933638568
4      -362.2400767085      39.8711511928      1336.2059760545
5      -403.0157410561      -40.7756643476      1303.8817595513
6      -422.4167506130      -19.4010095569      76.0705237052
7      -414.0241350543      8.3926155586      38.1767736653
8      -415.6632405154      -1.6391054610      3.2840778208
9      -416.8463737998      -1.1831332844      1.4563544780
10      -416.6023448926      0.2440289072      0.3138461669
11      -416.6631348987      -0.0607900061      0.1322979928
12      -416.5788848850      0.0842500137      0.1147475720
13      -416.5833144259      -0.0044295409      0.0335969613
14      -416.5918334274      -0.0085190015      0.0132108574
15      -416.5905281306      0.0013052968      0.0057434856
16      -416.5897811004      0.0007470302      0.0015121712
17      -416.5902382102      -0.0004571098      0.0007338380
18      -416.5901895039      0.0000487063      0.0003138479
19      -416.5901810091      0.0000084948      0.0001344644
20      -416.5901760348      0.0000049743      0.0000649602
21      -416.5901737941      0.0000022407      0.0000226828
22      -416.5901751839      -0.0000013898      0.0000065837
 
----------------------------------------
   The SCF calculation has converged!   
----------------------------------------
Total SCF Energy: -416.5901751839 h
 
                       ========================================                 
                              END RESTRICTED CLOSED-SHELL                       
                                  HARTREE-FOCK ENERGY                           
                       ========================================                 
--------------------------------------------------------------------------------
1-element Array{Float64,1}:
 46.678225488