--------------------------------------------------------------------------------
                       ========================================                 
                                RESTRICTED CLOSED-SHELL                         
                                  HARTREE-FOCK ENERGY                           
                       ========================================                 

----------------------------------------          
       Starting RHF iterations...                 
----------------------------------------          
 
Iter        Energy                ΔE                Drms
1      -1378.5436374947      -1378.5436374947      452.5968317958
2      -673.6166717267      704.9269657680      6058.8866950528
3      -553.1480152730      120.4686564537      8410.5008952022
4      -591.4560560097      -38.3080407368      6940.0507182024
5      -700.6225681199      -109.1665121102      4896.4744491476
6      -685.7932678196      14.8293003003      5462.0944767769
7      -702.8784639655      -17.0851961459      569.8783265485
8      -702.0185893423      0.8598746231      167.2726152104
9      -691.1609418671      10.8576474752      25.6051459044
10      -692.7323267290      -1.5713848618      7.9269751355
11      -692.9397938339      -0.2074671049      5.3653961322
12      -692.2197690089      0.7200248250      1.5770654485
13      -692.3124901609      -0.0927211520      0.4364519681
14      -692.3123562298      0.0001339311      0.2062991160
15      -692.3102837405      0.0020724893      0.0975949011
16      -692.3053166397      0.0049671008      0.0418268276
17      -692.3050153733      0.0003012665      0.0129967042
18      -692.3062269783      -0.0012116050      0.0033460813
19      -692.3060572590      0.0001697192      0.0022052878
20      -692.3060092651      0.0000479939      0.0012014013
21      -692.3060856521      -0.0000763870      0.0003220885
22      -692.3060369911      0.0000486610      0.0000858229
23      -692.3060234396      0.0000135514      0.0000641207
24      -692.3060298498      -0.0000064102      0.0000229737
25      -692.3060279201      0.0000019297      0.0000102186
 
----------------------------------------
   The SCF calculation has converged!   
----------------------------------------
Total SCF Energy: -692.3060279201 h
 
                       ========================================                 
                              END RESTRICTED CLOSED-SHELL                       
                                  HARTREE-FOCK ENERGY                           
                       ========================================                 
--------------------------------------------------------------------------------
1-element Array{Float64,1}:
 365.456603712