--------------------------------------------------------------------------------
                       ========================================                 
                                RESTRICTED CLOSED-SHELL                         
                                  HARTREE-FOCK ENERGY                           
                       ========================================                 

----------------------------------------          
       Starting RHF iterations...                 
----------------------------------------          
 
Iter        Energy                ΔE                Drms
1      -359.2044795852      -359.2044795852      60.9043123884
2      -257.5047354430      101.6997441422      159.8622466822
3      -208.9258596603      48.5788757827      221.1256651111
4      -196.4602071641      12.4656524962      1079.7427071117
5      -225.1086747585      -28.6484675944      1249.2920391499
6      -231.5861830180      -6.4775082595      13.4930627761
7      -233.2549387373      -1.6687557193      1.2951332479
8      -233.0947436847      0.1601950527      0.5583058312
9      -233.0731842320      0.0215594526      0.1602829645
10      -232.9732020292      0.0999822029      0.3004033627
11      -232.9661217596      0.0070802696      0.1811084734
12      -232.9628230413      0.0032987183      0.0268635396
13      -232.9732309073      -0.0104078660      0.0165435494
14      -232.9712712921      0.0019596152      0.0091939785
15      -232.9712740648      -0.0000027727      0.0033941505
16      -232.9714537262      -0.0001796615      0.0009663677
17      -232.9714109498      0.0000427764      0.0005711400
18      -232.9714162764      -0.0000053266      0.0000841124
19      -232.9714196412      -0.0000033648      0.0000109895
 
----------------------------------------
   The SCF calculation has converged!   
----------------------------------------
Total SCF Energy: -232.9714196412 h
 
                       ========================================                 
                              END RESTRICTED CLOSED-SHELL                       
                                  HARTREE-FOCK ENERGY                           
                       ========================================                 
--------------------------------------------------------------------------------
1-element Array{Float64,1}:
 13.116514242000001