--------------------------------------------------------------------------------
                       ========================================                 
                                RESTRICTED CLOSED-SHELL                         
                                  HARTREE-FOCK ENERGY                           
                       ========================================                 

----------------------------------------          
       Starting RHF iterations...                 
----------------------------------------          
 
Iter        Energy                ΔE                Drms
1      -368.5973675233      -368.5973675233      23.6073021173
2      -226.2983921038      142.2989754195      140.9600234950
3      -200.1680972782      26.1302948256      146.2820123528
4      -217.8710400601      -17.7029427819      50.1434001185
5      -234.0985879906      -16.2275479305      4.4539455236
6      -233.8430548160      0.2555331746      0.6141421944
7      -234.3528733193      -0.5098185033      0.1712589677
8      -234.3468436634      0.0060296559      0.0626424616
9      -234.2006948333      0.1461488301      0.0472028562
10      -234.1833066121      0.0173882212      0.0193799160
11      -234.1799835938      0.0033230183      0.0043037266
12      -234.1821245489      -0.0021409551      0.0014615024
13      -234.1828182126      -0.0006936637      0.0006240866
14      -234.1828011222      0.0000170905      0.0002511475
15      -234.1827554367      0.0000456854      0.0000629479
16      -234.1827516755      0.0000037613      0.0000175481
 
----------------------------------------
   The SCF calculation has converged!   
----------------------------------------
Total SCF Energy: -234.1827516755 h
 
                       ========================================                 
                              END RESTRICTED CLOSED-SHELL                       
                                  HARTREE-FOCK ENERGY                           
                       ========================================                 
--------------------------------------------------------------------------------
1-element Array{Float64,1}:
 15.834569182000001