--------------------------------------------------------------------------------
                       ========================================                 
                                RESTRICTED CLOSED-SHELL                         
                                  HARTREE-FOCK ENERGY                           
                       ========================================                 

----------------------------------------          
       Starting RHF iterations...                 
----------------------------------------          
 
Iter        Energy                ΔE                Drms
1      -347.3484283267      -347.3484283267      110.2461966952
2      -236.2668834208      111.0815449059      162.7504910533
3      -207.7892479469      28.4776354740      232.6079719686
4      -216.1065082704      -8.3172603235      336.2496243571
5      -239.4427473487      -23.3362390783      115.7116073067
6      -233.4839588937      5.9587884550      1.6351839357
7      -232.4772701505      1.0066887432      0.5901492430
8      -232.1981265011      0.2791436494      0.4759518531
9      -231.7745370537      0.4235894475      0.3177946345
10      -231.6993576398      0.0751794139      0.2086959794
11      -231.7280465334      -0.0286888936      0.0664875491
12      -231.7435133452      -0.0154668118      0.0613774515
13      -231.7598501047      -0.0163367595      0.0294417380
14      -231.7572456310      0.0026044737      0.0043978675
15      -231.7568025017      0.0004431294      0.0012218701
16      -231.7568356433      -0.0000331416      0.0003991204
17      -231.7568216481      0.0000139952      0.0001165871
18      -231.7568271032      -0.0000054551      0.0000323110
19      -231.7568266832      0.0000004200      0.0000140430
 
----------------------------------------
   The SCF calculation has converged!   
----------------------------------------
Total SCF Energy: -231.7568266832 h
 
                       ========================================                 
                              END RESTRICTED CLOSED-SHELL                       
                                  HARTREE-FOCK ENERGY                           
                       ========================================                 
--------------------------------------------------------------------------------
1-element Array{Float64,1}:
 12.145828042000002