--------------------------------------------------------------------------------
                       ========================================                 
                                RESTRICTED CLOSED-SHELL                         
                                  HARTREE-FOCK ENERGY                           
                       ========================================                 

----------------------------------------          
       Starting RHF iterations...                 
----------------------------------------          
 
Iter        Energy                ΔE                Drms
1      -901.8728805661      -901.8728805661      27.5639113759
2      -598.9118227458      302.9610578203      56.3605210472
3      -518.1836581331      80.7281646127      85.5465561899
4      -498.9570274443      19.2266306888      140.1393052858
5      -553.6114173531      -54.6543899088      115.5891178584
6      -586.9999841370      -33.3885667839      11.0411916721
7      -569.9719675871      17.0280165500      2.1852916625
8      -568.4327605567      1.5392070303      0.4127675938
9      -567.0404783921      1.3922821647      0.3230263868
10      -566.6505258022      0.3899525899      0.1288755879
11      -566.4794969151      0.1710288871      0.0622894000
12      -566.4885268603      -0.0090299452      0.0355099010
13      -566.5202520411      -0.0317251808      0.0230629078
14      -566.5325726918      -0.0123206506      0.0072990661
15      -566.5314894114      0.0010832803      0.0019558238
16      -566.5333587104      -0.0018692990      0.0011058806
17      -566.5337529041      -0.0003941937      0.0003228770
18      -566.5334944668      0.0002584373      0.0001500050
19      -566.5336068753      -0.0001124085      0.0000497639
20      -566.5335721365      0.0000347388      0.0000131844
 
----------------------------------------
   The SCF calculation has converged!   
----------------------------------------
Total SCF Energy: -566.5335721365 h
 
                       ========================================                 
                              END RESTRICTED CLOSED-SHELL                       
                                  HARTREE-FOCK ENERGY                           
                       ========================================                 
--------------------------------------------------------------------------------
1-element Array{Float64,1}:
 22.184504934000003