--------------------------------------------------------------------------------
                       ========================================                 
                                RESTRICTED CLOSED-SHELL                         
                                  HARTREE-FOCK ENERGY                           
                       ========================================                 

----------------------------------------          
       Starting RHF iterations...                 
----------------------------------------          
 
Iter        Energy                ΔE                Drms
1      -837.0436956820      -837.0436956820      42.3398017066
2      -544.0889670196      292.9547286624      66.4470032940
3      -477.3411572385      66.7478097811      113.0298335998
4      -421.1421755125      56.1989817260      386.8468811410
5      -468.7954006320      -47.6532251195      379.4235462942
6      -522.7076084672      -53.9122078352      36.4290354419
7      -514.9327301820      7.7748782852      7.1721358595
8      -510.2278907454      4.7048394366      1.0357502839
9      -508.6764921385      1.5513986070      0.3664388384
10      -507.6091110264      1.0673811121      0.2556684571
11      -507.0085829074      0.6005281190      0.1179229369
12      -506.8666568936      0.1419260138      0.1511036305
13      -507.0002335505      -0.1335766569      0.0926088577
14      -507.0003573546      -0.0001238041      0.0398019463
15      -507.0206673130      -0.0203099584      0.0124435082
16      -507.0141502491      0.0065170639      0.0039325337
17      -507.0162495410      -0.0020992920      0.0018013509
18      -507.0166801846      -0.0004306436      0.0007652388
19      -507.0166798030      0.0000003816      0.0003032100
20      -507.0166607984      0.0000190045      0.0000740929
21      -507.0166804927      -0.0000196942      0.0000176710
 
----------------------------------------
   The SCF calculation has converged!   
----------------------------------------
Total SCF Energy: -507.0166804927 h
 
                       ========================================                 
                              END RESTRICTED CLOSED-SHELL                       
                                  HARTREE-FOCK ENERGY                           
                       ========================================                 
--------------------------------------------------------------------------------
1-element Array{Float64,1}:
 32.307775516