--------------------------------------------------------------------------------
                       ========================================                 
                                RESTRICTED CLOSED-SHELL                         
                                  HARTREE-FOCK ENERGY                           
                       ========================================                 

----------------------------------------          
       Starting RHF iterations...                 
----------------------------------------          
 
Iter        Energy                ΔE                Drms
1      -1776.0897960276      -1776.0897960276      732.4767561319
2      -812.8125641580      963.2772318696      7003.4342058767
3      -707.6846834350      105.1278807230      16291.9359892522
4      -677.2600729424      30.4246104926      14625.2350220856
5      -807.0472708036      -129.7871978611      9675.4167966907
6      -911.2478252828      -104.2005544793      7546.6659796720
7      -894.6462649135      16.6015603694      1633.5331725056
8      -888.4397873463      6.2064775671      150.7420984214
9      -883.8505303354      4.5892570109      62.7983201909
10      -876.1470341602      7.7034961753      135.7483610546
11      -870.3233794374      5.8236547228      79.4500775686
12      -866.8078649015      3.5155145359      138.6405217786
13      -839.8547963788      26.9530685227      426.6872060029
14      -837.6042322033      2.2505641755      349.2666586602
15      -810.7990581696      26.8051740337      129.6285082044
16      -816.8913493460      -6.0922911765      76.6713781813
17      -822.9401188100      -6.0487694640      15.4614425960
18      -823.0449267849      -0.1048079749      2.7255446044
19      -822.9406373348      0.1042894502      1.7444295599
20      -823.1661868845      -0.2255495497      1.1434350554
21      -823.0910369942      0.0751498903      0.5825501298
22      -823.0989869564      -0.0079499621      0.1446195260
23      -823.1020945946      -0.0031076382      0.0366065158
24      -823.1023958851      -0.0003012905      0.0211218990
25      -823.1021008496      0.0002950355      0.0095704542
26      -823.1021083423      -0.0000074928      0.0052619207
27      -823.1021309965      -0.0000226542      0.0020332948
28      -823.1021255800      0.0000054165      0.0011976692
29      -823.1021178091      0.0000077709      0.0003264455
30      -823.1021213402      -0.0000035311      0.0001446934
31      -823.1021202266      0.0000011136      0.0000602835
32      -823.1021195624      0.0000006642      0.0001151020
33      -823.1021203426      -0.0000007801      0.0001472397
34      -823.1021196621      0.0000006805      0.0001243299
35      -823.1021198904      -0.0000002284      0.0000695719
36      -823.1021198876      0.0000000028      0.0001880179
37      -823.1021198849      0.0000000027      0.0000821325
38      -823.1021198799      0.0000000050      0.0000903361
39      -823.1021198872      -0.0000000073      0.0001257602
40      -823.1021198846      0.0000000025      0.0001817572
41      -823.1021198848      -0.0000000002      0.0000463488
42      -823.1021198850      -0.0000000002      0.0000475182
43      -823.1021198851      -0.0000000001      0.0001009050
44      -823.1021198852      -0.0000000001      0.0001042803
45      -823.1021198853      -0.0000000001      0.0000212213
46      -823.1021198853      0.0000000000      0.0000005674
 
----------------------------------------
   The SCF calculation has converged!   
----------------------------------------
Total SCF Energy: -823.1021198853 h
 
                       ========================================                 
                              END RESTRICTED CLOSED-SHELL                       
                                  HARTREE-FOCK ENERGY                           
                       ========================================                 
--------------------------------------------------------------------------------
1-element Array{Float64,1}:
 1391.4699186120001