--------------------------------------------------------------------------------
                       ========================================                 
                                RESTRICTED CLOSED-SHELL                         
                                  HARTREE-FOCK ENERGY                           
                       ========================================                 

----------------------------------------          
       Starting RHF iterations...                 
----------------------------------------          
 
Iter        Energy                ΔE                Drms
1      -1737.0055208137      -1737.0055208137      951.1928939502
2      -785.7645902183      951.2409305954      4901.1740962341
3      -704.4821722683      81.2824179500      6498.1087441580
4      -691.2312909591      13.2508813092      7774.1942504585
5      -827.8596136652      -136.6283227061      6290.4530901486
6      -851.0798430182      -23.2202293530      5921.4230280382
7      -852.8693176585      -1.7894746403      585.2192938141
8      -838.7033830963      14.1659345623      622.7576083459
9      -831.0208099652      7.6825731310      18.6198716107
10      -828.5618102166      2.4589997486      6.6528212424
11      -825.8151557220      2.7466544946      10.0511548670
12      -823.9386181922      1.8765375298      5.1379844296
13      -823.0835665202      0.8550516721      2.3180654957
14      -823.1205985760      -0.0370320558      0.5575510553
15      -823.0958006990      0.0247978770      0.2404067680
16      -823.1087078041      -0.0129071052      0.1521245048
17      -823.1089823312      -0.0002745271      0.0517164175
18      -823.1082083346      0.0007739966      0.0134218715
19      -823.1082364287      -0.0000280941      0.0085970954
20      -823.1085625822      -0.0003261534      0.0035213311
21      -823.1084706982      0.0000918840      0.0009319780
22      -823.1084532552      0.0000174430      0.0005436137
23      -823.1084690641      -0.0000158088      0.0001717128
24      -823.1084691378      -0.0000000737      0.0000533634
25      -823.1084625966      0.0000065412      0.0000916448
26      -823.1084656857      -0.0000030891      0.0000630803
27      -823.1084655890      0.0000000967      0.0000257127
28      -823.1084653735      0.0000002155      0.0000382211
29      -823.1084654576      -0.0000000841      0.0000650580
30      -823.1084655374      -0.0000000798      0.0000484544
31      -823.1084655020      0.0000000354      0.0000451685
32      -823.1084655072      -0.0000000052      0.0000378245
33      -823.1084655131      -0.0000000058      0.0000275914
34      -823.1084655100      0.0000000031      0.0000945820
35      -823.1084655100      -0.0000000000      0.0000439091
36      -823.1084655103      -0.0000000002      0.0000260952
37      -823.1084655102      0.0000000000      0.0000343754
38      -823.1084655101      0.0000000001      0.0000111702
 
----------------------------------------
   The SCF calculation has converged!   
----------------------------------------
Total SCF Energy: -823.1084655101 h
 
                       ========================================                 
                              END RESTRICTED CLOSED-SHELL                       
                                  HARTREE-FOCK ENERGY                           
                       ========================================                 
--------------------------------------------------------------------------------
1-element Array{Float64,1}:
 991.071206544