--------------------------------------------------------------------------------
                       ========================================                 
                                RESTRICTED CLOSED-SHELL                         
                                  HARTREE-FOCK ENERGY                           
                       ========================================                 

----------------------------------------          
       Starting RHF iterations...                 
----------------------------------------          
 
Iter        Energy                ΔE                Drms
1      -169.9925584281      -169.9925584281      10.1691089634
2      -103.1448882652      66.8476701628      35.5857580330
3      -105.4488868218      -2.3039985566      52.0185491965
4      -121.0214354360      -15.5725486142      39.7638875897
5      -121.3409296383      -0.3194942023      0.6987909773
6      -120.6041170751      0.7368125632      0.1939065894
7      -120.7059798243      -0.1018627492      0.0708858788
8      -120.6340233502      0.0719564742      0.0335815902
9      -120.6348834398      -0.0008600896      0.0060523939
10      -120.6344288728      0.0004545670      0.0009388757
11      -120.6349498134      -0.0005209406      0.0002980899
12      -120.6351168966      -0.0001670832      0.0000773012
13      -120.6351138981      0.0000029985      0.0000130660
 
----------------------------------------
   The SCF calculation has converged!   
----------------------------------------
Total SCF Energy: -120.6351138981 h
 
                       ========================================                 
                              END RESTRICTED CLOSED-SHELL                       
                                  HARTREE-FOCK ENERGY                           
                       ========================================                 
--------------------------------------------------------------------------------
1-element Array{Float64,1}:
 7.473598272