--------------------------------------------------------------------------------
                       ========================================                 
                                RESTRICTED CLOSED-SHELL                         
                                  HARTREE-FOCK ENERGY                           
                       ========================================                 

----------------------------------------          
       Starting RHF iterations...                 
----------------------------------------          
 
Iter        Energy                ΔE                Drms
1      -1885.2228149756      -1885.2228149756      635.5826219305
2      -889.6431760898      995.5796388858      1242.6034666549
3      -803.7056580600      85.9375180298      8760.6814269281
4      -837.1956781031      -33.4900200431      8898.7803424526
5      -1007.7677448808      -170.5720667777      9289.0960464004
6      -982.2092803076      25.5584645732      8553.9482004998
7      -970.8803833343      11.3288969733      1538.5083400533
8      -963.9502527805      6.9301305538      308.7274114802
9      -959.2443240439      4.7059287366      260.0886627350
10      -955.3016952248      3.9426288190      76.5706821343
11      -940.9192701961      14.3824250287      72.3041393582
12      -937.8459817443      3.0732884519      36.5048580987
13      -923.0995540986      14.7464276457      94.2770738504
14      -918.4381109279      4.6614431707      46.6033770624
15      -914.1069420218      4.3311689061      15.2308863297
16      -915.4102416254      -1.3032996037      6.3632401897
17      -917.2025386188      -1.7922969933      5.7138136642
18      -916.9263964752      0.2761421436      1.3681341800
19      -916.9737551772      -0.0473587021      0.5548061463
20      -916.9933010169      -0.0195458397      0.2709787822
21      -916.9779654314      0.0153355855      0.0840076331
22      -916.9786740556      -0.0007086242      0.0241568177
23      -916.9818000676      -0.0031260121      0.0116133061
24      -916.9796331745      0.0021668931      0.0080606574
25      -916.9801407646      -0.0005075901      0.0024912663
26      -916.9802260575      -0.0000852929      0.0006298956
27      -916.9801835525      0.0000425050      0.0002385816
28      -916.9801983957      -0.0000148432      0.0000767483
29      -916.9801977657      0.0000006300      0.0000333902
30      -916.9801976013      0.0000001644      0.0000223374
31      -916.9801967158      0.0000008855      0.0000136949
 
----------------------------------------
   The SCF calculation has converged!   
----------------------------------------
Total SCF Energy: -916.9801967158 h
 
                       ========================================                 
                              END RESTRICTED CLOSED-SHELL                       
                                  HARTREE-FOCK ENERGY                           
                       ========================================                 
--------------------------------------------------------------------------------
1-element Array{Float64,1}:
 707.348188172