--------------------------------------------------------------------------------
                       ========================================                 
                                RESTRICTED CLOSED-SHELL                         
                                  HARTREE-FOCK ENERGY                           
                       ========================================                 

----------------------------------------          
       Starting RHF iterations...                 
----------------------------------------          
 
Iter        Energy                ΔE                Drms
1      -1513.9363230652      -1513.9363230652      108.8781651156
2      -742.9027470967      771.0335759685      5316.1284674461
3      -655.3658180922      87.5369290045      3020.6222520002
4      -660.1678219240      -4.8020038318      3898.6596408446
5      -804.0100326585      -143.8422107344      5486.3186417361
6      -818.1128797191      -14.1028470607      224.9454892969
7      -802.4057902437      15.7070894754      204.3067576592
8      -794.9912463048      7.4145439389      16.6407518267
9      -791.0574976420      3.9337486628      4.6882492243
10      -789.1997406957      1.8577569463      2.4011397952
11      -788.4634689900      0.7362717056      1.1315974360
12      -788.2652746512      0.1981943388      0.3665541129
13      -788.2746114571      -0.0093368059      0.1725202107
14      -788.2760352085      -0.0014237514      0.0760156124
15      -788.2735024449      0.0025327636      0.0430025947
16      -788.2695006233      0.0040018215      0.0172854734
17      -788.2711339240      -0.0016333007      0.0073045405
18      -788.2707348514      0.0003990726      0.0032701718
19      -788.2706208054      0.0001140461      0.0005338276
20      -788.2706441114      -0.0000233060      0.0003006341
21      -788.2706537137      -0.0000096022      0.0002143469
22      -788.2706482517      0.0000054620      0.0000973850
23      -788.2706514187      -0.0000031670      0.0000329285
24      -788.2706554445      -0.0000040257      0.0000119342
 
----------------------------------------
   The SCF calculation has converged!   
----------------------------------------
Total SCF Energy: -788.2706554445 h
 
                       ========================================                 
                              END RESTRICTED CLOSED-SHELL                       
                                  HARTREE-FOCK ENERGY                           
                       ========================================                 
--------------------------------------------------------------------------------
1-element Array{Float64,1}:
 295.16630408400005