--------------------------------------------------------------------------------
                       ========================================                 
                                RESTRICTED CLOSED-SHELL                         
                                  HARTREE-FOCK ENERGY                           
                       ========================================                 

----------------------------------------          
       Starting RHF iterations...                 
----------------------------------------          
 
Iter        Energy                ΔE                Drms
1      -2393.1049454723      -2393.1049454723      184.2525803266
2      -1505.2484172752      887.8565281971      656.6137390065
3      -1353.9778348254      151.2705824498      660.8219421260
4      -1109.4609728457      244.5168619797      4419.7188022867
5      -1010.5512750709      98.9096977748      5191.2300628412
6      -1218.4206756075      -207.8694005365      6778.7870042180
7      -1319.4116478355      -100.9909722281      1184.3127945080
8      -1310.8872865002      8.5243613353      72.8087105670
9      -1309.2442807220      1.6430057782      13.0811848468
10      -1306.2808396629      2.9634410591      14.8292129172
11      -1300.8220660773      5.4587735855      17.8662558336
12      -1308.1015697278      -7.2795036505      159.5880303222
13      -1262.5716093511      45.5299603768      311.1731139121
14      -1283.7122729866      -21.1406636355      218.3964442223
15      -1310.1651963753      -26.4529233888      1836.7414488889
16      -1064.1773619712      245.9878344041      8849.7176916136
17      -1157.1792152021      -93.0018532310      6762.6855150092
18      -1223.6573393431      -66.4781241409      2737.0089173115
19      -1278.7397422263      -55.0824028833      339.3833106202
20      -1232.2221471011      46.5175951252      51.5517925076
21      -1237.2614932540      -5.0393461529      6.2456532467
22      -1232.7082310766      4.5532621774      4.9847295044
23      -1235.9228157896      -3.2145847130      1.4150628345
24      -1238.2027844034      -2.2799686138      0.8278697593
25      -1237.9738040746      0.2289803288      0.2380601656
26      -1237.9157455220      0.0580585526      0.1619600083
27      -1237.8639307431      0.0518147789      0.1143833073
28      -1237.8357632505      0.0281674926      0.0547867856
29      -1237.8390982491      -0.0033349986      0.0206016918
30      -1237.8399186223      -0.0008203731      0.0108635808
31      -1237.8409722257      -0.0010536035      0.0042822353
32      -1237.8412199632      -0.0002477374      0.0009788345
33      -1237.8411079894      0.0001119738      0.0005086683
34      -1237.8411262216      -0.0000182322      0.0001554685
35      -1237.8411289337      -0.0000027121      0.0000617276
36      -1237.8411241271      0.0000048066      0.0000138972
 
----------------------------------------
   The SCF calculation has converged!   
----------------------------------------
Total SCF Energy: -1237.8411241271 h
 
                       ========================================                 
                              END RESTRICTED CLOSED-SHELL                       
                                  HARTREE-FOCK ENERGY                           
                       ========================================                 
--------------------------------------------------------------------------------
1-element Array{Float64,1}:
 600.854141008