SystemError: opening file "example_inputs/Scaling-10000/w50-5rank.json.json": No such file or directory
Stacktrace:
 [1] systemerror(::String, ::Int32; extrainfo::Nothing) at ./error.jl:168
 [2] #systemerror#50 at ./error.jl:167 [inlined]
 [3] systemerror at ./error.jl:167 [inlined]
 [4] open(::String; read::Nothing, write::Nothing, create::Nothing, truncate::Nothing, append::Nothing) at ./iostream.jl:254
 [5] open at ./iostream.jl:246 [inlined]
 [6] run(::String; output::String) at /gpfs/jlse-fs0/users/davpoolechem/Sandbox/Julia/JuliaChem.jl/src/io/JCInput.jl:56
 [7] script(::String) at /gpfs/jlse-fs0/users/davpoolechem/Sandbox/Julia/JuliaChem.jl/example_scripts/minimal-rhf-benchmark.jl:19
 [8] top-level scope at /gpfs/jlse-fs0/users/davpoolechem/Sandbox/Julia/JuliaChem.jl/example_scripts/minimal-rhf-benchmark.jl:109
 [9] include(::Module, ::String) at ./Base.jl:377
 [10] exec_options(::Base.JLOptions) at ./client.jl:288
 [11] _start() at ./client.jl:484
SystemError: opening file "example_inputs/Scaling-10000/w50-5rank.json.json": No such file or directory
Stacktrace:
 [1] systemerror(::String, ::Int32; extrainfo::Nothing) at ./error.jl:168
 [2] #systemerror#50 at ./error.jl:167 [inlined]
 [3] systemerror at ./error.jl:167 [inlined]
 [4] open(::String; read::Nothing, write::Nothing, create::Nothing, truncate::Nothing, append::Nothing) at ./iostream.jl:254
 [5] open at ./iostream.jl:246 [inlined]
 [6] run(::String; output::String) at /gpfs/jlse-fs0/users/davpoolechem/Sandbox/Julia/JuliaChem.jl/src/io/JCInput.jl:56
 [7] script(::String) at /gpfs/jlse-fs0/users/davpoolechem/Sandbox/Julia/JuliaChem.jl/example_scripts/minimal-rhf-benchmark.jl:19
 [8] top-level scope at /gpfs/jlse-fs0/users/davpoolechem/Sandbox/Julia/JuliaChem.jl/example_scripts/minimal-rhf-benchmark.jl:109
 [9] include(::Module, ::String) at ./Base.jl:377
 [10] exec_options(::Base.JLOptions) at ./client.jl:288
 [11] _start() at ./client.jl:484
SystemError: opening file "example_inputs/Scaling-10000/w50-5rank.json.json": No such file or directory
Stacktrace:
 [1] systemerror(::String, ::Int32; extrainfo::Nothing) at ./error.jl:168
 [2] #systemerror#50 at ./error.jl:167 [inlined]
 [3] systemerror at ./error.jl:167 [inlined]
 [4] open(::String; read::Nothing, write::Nothing, create::Nothing, truncate::Nothing, append::Nothing) at ./iostream.jl:254
 [5] open at ./iostream.jl:246 [inlined]
 [6] run(::String; output::String) at /gpfs/jlse-fs0/users/davpoolechem/Sandbox/Julia/JuliaChem.jl/src/io/JCInput.jl:56
 [7] script(::String) at /gpfs/jlse-fs0/users/davpoolechem/Sandbox/Julia/JuliaChem.jl/example_scripts/minimal-rhf-benchmark.jl:19
 [8] top-level scope at /gpfs/jlse-fs0/users/davpoolechem/Sandbox/Julia/JuliaChem.jl/example_scripts/minimal-rhf-benchmark.jl:109
 [9] include(::Module, ::String) at ./Base.jl:377
 [10] exec_options(::Base.JLOptions) at ./client.jl:288
 [11] _start() at ./client.jl:484
SystemError: opening file "example_inputs/Scaling-10000/w50-5rank.json.json": No such file or directory
Stacktrace:
 [1] systemerror(::String, ::Int32; extrainfo::Nothing) at ./error.jl:168
 [2] #systemerror#50 at ./error.jl:167 [inlined]
 [3] systemerror at ./error.jl:167 [inlined]
 [4] open(::String; read::Nothing, write::Nothing, create::Nothing, truncate::Nothing, append::Nothing) at ./iostream.jl:254
 [5] open at ./iostream.jl:246 [inlined]
 [6] run(::String; output::String) at /gpfs/jlse-fs0/users/davpoolechem/Sandbox/Julia/JuliaChem.jl/src/io/JCInput.jl:56
 [7] script(::String) at /gpfs/jlse-fs0/users/davpoolechem/Sandbox/Julia/JuliaChem.jl/example_scripts/minimal-rhf-benchmark.jl:19
 [8] top-level scope at /gpfs/jlse-fs0/users/davpoolechem/Sandbox/Julia/JuliaChem.jl/example_scripts/minimal-rhf-benchmark.jl:109
 [9] include(::Module, ::String) at ./Base.jl:377
 [10] exec_options(::Base.JLOptions) at ./client.jl:288
 [11] _start() at ./client.jl:484
SystemError: opening file "example_inputs/Scaling-10000/w50-5rank.json.json": No such file or directory
Stacktrace:
 [1] systemerror(::String, ::Int32; extrainfo::Nothing) at ./error.jl:168
 [2] #systemerror#50 at ./error.jl:167 [inlined]
 [3] systemerror at ./error.jl:167 [inlined]
 [4] open(::String; read::Nothing, write::Nothing, create::Nothing, truncate::Nothing, append::Nothing) at ./iostream.jl:254
 [5] open at ./iostream.jl:246 [inlined]
 [6] run(::String; output::String) at /gpfs/jlse-fs0/users/davpoolechem/Sandbox/Julia/JuliaChem.jl/src/io/JCInput.jl:56
 [7] script(::String) at /gpfs/jlse-fs0/users/davpoolechem/Sandbox/Julia/JuliaChem.jl/example_scripts/minimal-rhf-benchmark.jl:19
 [8] top-level scope at /gpfs/jlse-fs0/users/davpoolechem/Sandbox/Julia/JuliaChem.jl/example_scripts/minimal-rhf-benchmark.jl:109
 [9] include(::Module, ::String) at ./Base.jl:377
 [10] exec_options(::Base.JLOptions) at ./client.jl:288
 [11] _start() at ./client.jl:484
--------------------------------------------------------------------------
mpirun has exited due to process rank 1 with PID 0 on
node skylake07 exiting improperly. There are three reasons this could occur:

1. this process did not call "init" before exiting, but others in
the job did. This can cause a job to hang indefinitely while it waits
for all processes to call "init". By rule, if one process calls "init",
then ALL processes must call "init" prior to termination.

2. this process called "init", but exited without calling "finalize".
By rule, all processes that call "init" MUST call "finalize" prior to
exiting or it will be considered an "abnormal termination"

3. this process called "MPI_Abort" or "orte_abort" and the mca parameter
orte_create_session_dirs is set to false. In this case, the run-time cannot
detect that the abort call was an abnormal termination. Hence, the only
error message you will receive is this one.

This may have caused other processes in the application to be
terminated by signals sent by mpirun (as reported here).

You can avoid this message by specifying -quiet on the mpirun command line.
--------------------------------------------------------------------------
