{
   "Input":"Overlap",
   "ovr":[ [1, 1, 1.0000000000000018],
           [2, 1, 0.23670392054590825],
           [2, 2, 1.0000000000000016],
           [3, 1, 0.0],
           [3, 2, 0.0],
           [3, 3, 1.0000000000000016],
           [4, 1, 2.536142200195443e-17],
           [4, 2, -5.68857710430494e-18],
           [4, 3, 0.0],
           [4, 4, 1.0000000000000016],
           [5, 1, 0.0],
           [5, 2, 0.0],
           [5, 3, 0.0],
           [5, 4, 0.0],
           [5, 5, 1.0000000000000018],
           [6, 1, 0.004108623164144778],
           [6, 2, 0.06448831112291221],
           [6, 3, 0.0572785069163264],
           [6, 4, 0.04475087416151005],
           [6, 5, 0.0],
           [6, 6, 1.000000000000002],
           [7, 1, 0.004108623164144778],
           [7, 2, 0.06448831112291221],
           [7, 3, -0.0572785069163264],
           [7, 4, 0.04475087416151005],
           [7, 5, 0.0],
           [7, 6, 0.010020917732932743],
           [7, 7, 1.000000000000002] ]
}

{
   "Input":"One-Electron Hamiltonian",
   "hcore":[ [1, 1, -32.12439795877897],
           [2, 1, -7.4716061778278595],
           [2, 2, -8.752933069464362],
           [3, 1, 0.0],
           [3, 2, 0.0],
           [3, 3, -6.968323323286318],
           [4, 1, -0.004053087339301213],
           [4, 2, -0.05116365411022324],
           [4, 3, 0.0],
           [4, 4, -6.961209484384422],
           [5, 1, 0.0],
           [5, 2, 0.0],
           [5, 3, 0.0],
           [5, 4, 0.0],
           [5, 5, -6.950063644326411],
           [6, 1, 0.13091353463504724],
           [6, 2, 0.4072275831514378],
           [6, 3, 0.29582113238781993],
           [6, 4, 0.23380552503289895],
           [6, 5, 0.0],
           [6, 6, -2.6641791948898077],
           [7, 1, 0.13091353463504724],
           [7, 2, 0.4072275831514378],
           [7, 3, 0.29582113238781993],
           [7, 4, 0.23380552503289895],
           [7, 5, 0.0],
           [7, 6, -0.042002809916065996],
           [7, 7, -2.6641791948898077] ]
}

