{
   "Input":"Two-Electron",
   "tei":[ [1, 1, 1, 1, 4.785065752035103],
           [2, 1, 1, 1, 0.7413803207944083],
           [2, 2, 1, 1, 1.1189468404381628],
           [3, 3, 1, 1, 1.1158138185631885],
           [4, 4, 1, 1, 1.1158138185631885],
           [5, 5, 1, 1, 1.1158138185631885],
           [2, 1, 2, 1, 0.13687336732708488],
           [3, 1, 3, 1, 0.024477410773376007],
           [4, 1, 4, 1, 0.024477410773376007],
           [5, 1, 5, 1, 0.024477410773376007],
           [2, 2, 2, 1, 0.2566333713183826],
           [3, 2, 3, 1, 0.03780860584439692],
           [3, 3, 2, 1, 0.2566839692930706],
           [4, 2, 4, 1, 0.03780860584439692],
           [4, 4, 2, 1, 0.2566839692930706],
           [5, 2, 5, 1, 0.03780860584439692],
           [5, 5, 2, 1, 0.2566839692930706],
           [2, 2, 2, 2, 0.8172062958158228],
           [3, 2, 3, 2, 0.18051838762551423],
           [3, 3, 2, 2, 0.8170225910667193],
           [3, 3, 3, 3, 0.8801590895987936],
           [4, 2, 4, 2, 0.18051838762551423],
           [4, 3, 4, 3, 0.04744444436052659],
           [4, 4, 2, 2, 0.8170225910667193],
           [4, 4, 3, 3, 0.7852702008777405],
           [4, 4, 4, 4, 0.8801590895987936],
           [5, 2, 5, 2, 0.18051838762551423],
           [5, 3, 5, 3, 0.04744444436052659],
           [5, 4, 5, 4, 0.04744444436052659],
           [5, 5, 2, 2, 0.8170225910667193],
           [5, 5, 3, 3, 0.7852702008777405],
           [5, 5, 4, 4, 0.7852702008777405],
           [5, 5, 5, 5, 0.8801590895987936],
           [6, 1, 1, 1, 0.012983582231921836],
           [6, 2, 1, 1, 0.04351161411687536],
           [6, 3, 1, 1, 0.031237704715639334],
           [6, 4, 1, 1, 0.02440556969940028],
           [6, 1, 2, 1, 0.0023807498862761225],
           [6, 1, 3, 1, 8.974113395540465e-5],
           [6, 1, 4, 1, 7.011345806580076e-5],
           [6, 2, 2, 1, 0.010157759873679844],
           [6, 2, 3, 1, 0.0006104643942627966],
           [6, 2, 4, 1, 0.00047694705673185134],
           [6, 3, 2, 1, 0.007366695845349232],
           [6, 3, 3, 1, 0.0012155596108391566],
           [6, 3, 4, 1, 0.0002459972739421495],
           [6, 4, 2, 1, 0.005755493578820502],
           [6, 4, 3, 1, 0.0002459972739421495],
           [6, 4, 4, 1, 0.0010928915928056417],
           [6, 5, 5, 1, 0.0009006974585147252],
           [6, 1, 2, 2, 0.004449335663078431],
           [6, 1, 3, 2, 0.00016992545798494608],
           [6, 1, 3, 3, 0.004455693204957862],
           [6, 1, 4, 2, 0.00013276031790126477],
           [6, 1, 4, 3, 1.03097663564501e-5],
           [6, 1, 4, 4, 0.004450552178047003],
           [6, 1, 5, 5, 0.004442497305780065],
           [6, 2, 2, 2, 0.03751022320986583],
           [6, 2, 3, 2, 0.005274427835693033],
           [6, 2, 3, 3, 0.03803696317005276],
           [6, 2, 4, 2, 0.004120834656075617],
           [6, 2, 4, 3, 0.0009098769944294802],
           [6, 2, 4, 4, 0.03758324754234542],
           [6, 2, 5, 5, 0.036872373724708245],
           [6, 3, 2, 2, 0.028938344017069247],
           [6, 3, 3, 2, 0.009018291338152833],
           [6, 3, 3, 3, 0.030646395798890603],
           [6, 3, 4, 2, 0.002506742662396041],
           [6, 3, 4, 3, 0.0013455466117357085],
           [6, 3, 4, 4, 0.028271358257025675],
           [6, 3, 5, 5, 0.027866012108962005],
           [6, 4, 2, 2, 0.022609112235452276],
           [6, 4, 3, 2, 0.002506742662396041],
           [6, 4, 3, 3, 0.022290134139158795],
           [6, 4, 4, 2, 0.007768289054840979],
           [6, 4, 4, 3, 0.0014635087115761284],
           [6, 4, 4, 4, 0.023741460250805604],
           [6, 4, 5, 5, 0.021771314728803216],
           [6, 5, 5, 2, 0.005809807043358957],
           [6, 5, 5, 3, 0.001058162563512452],
           [6, 5, 5, 4, 0.0008267272013801245],
           [6, 6, 1, 1, 0.2545044602596778],
           [6, 1, 6, 1, 4.19820697687996e-5],
           [6, 6, 2, 1, 0.06023957123475279],
           [6, 6, 3, 1, 0.0025845700116602912],
           [6, 6, 4, 1, 0.002019287400811325],
           [6, 2, 6, 1, 0.00018106360668537156],
           [6, 3, 6, 1, 0.00013470423755205485],
           [6, 4, 6, 1, 0.00010524248462901068],
           [6, 6, 2, 2, 0.2542726229754239],
           [6, 6, 3, 2, 0.03241377273813846],
           [6, 6, 3, 3, 0.258341144571182],
           [6, 6, 4, 2, 0.025324414741173404],
           [6, 6, 4, 3, 0.006880544984950207],
           [6, 6, 4, 4, 0.2549101194920473],
           [6, 6, 5, 5, 0.2495344485927706],
           [6, 2, 6, 2, 0.00252765596378354],
           [6, 3, 6, 2, 0.002341010929646905],
           [6, 3, 6, 3, 0.0024417159438814722],
           [6, 4, 6, 2, 0.0018289981908290167],
           [6, 4, 6, 3, 0.001659654441957786],
           [6, 4, 6, 4, 0.0016141192890366],
           [6, 5, 6, 5, 0.000317455128566415],
           [6, 6, 6, 1, 0.001066638248977674],
           [6, 6, 6, 2, 0.02451185967248086],
           [6, 6, 6, 3, 0.02630713214793981],
           [6, 6, 6, 4, 0.020553384221806716],
           [6, 6, 6, 6, 0.7746059441936719],
           [7, 1, 1, 1, 0.012983582231921836],
           [7, 2, 1, 1, 0.04351161411687536],
           [7, 3, 1, 1, -0.031237704715639334],
           [7, 4, 1, 1, 0.02440556969940028],
           [7, 1, 2, 1, 0.0023807498862761225],
           [7, 1, 3, 1, -8.974113395540465e-5],
           [7, 1, 4, 1, 7.011345806580076e-5],
           [7, 2, 2, 1, 0.010157759873679844],
           [7, 2, 3, 1, -0.0006104643942627966],
           [7, 2, 4, 1, 0.00047694705673185134],
           [7, 3, 2, 1, -0.007366695845349232],
           [7, 3, 3, 1, 0.0012155596108391566],
           [7, 3, 4, 1, -0.0002459972739421495],
           [7, 4, 2, 1, 0.005755493578820502],
           [7, 4, 3, 1, -0.0002459972739421495],
           [7, 4, 4, 1, 0.0010928915928056417],
           [7, 5, 5, 1, 0.0009006974585147252],
           [7, 1, 2, 2, 0.004449335663078431],
           [7, 1, 3, 2, -0.00016992545798494608],
           [7, 1, 3, 3, 0.004455693204957862],
           [7, 1, 4, 2, 0.00013276031790126477],
           [7, 1, 4, 3, -1.03097663564501e-5],
           [7, 1, 4, 4, 0.004450552178047003],
           [7, 1, 5, 5, 0.004442497305780065],
           [7, 2, 2, 2, 0.03751022320986583],
           [7, 2, 3, 2, -0.005274427835693033],
           [7, 2, 3, 3, 0.03803696317005276],
           [7, 2, 4, 2, 0.004120834656075617],
           [7, 2, 4, 3, -0.0009098769944294802],
           [7, 2, 4, 4, 0.03758324754234542],
           [7, 2, 5, 5, 0.036872373724708245],
           [7, 3, 2, 2, -0.028938344017069247],
           [7, 3, 3, 2, 0.009018291338152833],
           [7, 3, 3, 3, -0.030646395798890603],
           [7, 3, 4, 2, -0.002506742662396041],
           [7, 3, 4, 3, 0.0013455466117357085],
           [7, 3, 4, 4, -0.028271358257025675],
           [7, 3, 5, 5, -0.027866012108962005],
           [7, 4, 2, 2, 0.022609112235452276],
           [7, 4, 3, 2, -0.002506742662396041],
           [7, 4, 3, 3, 0.022290134139158795],
           [7, 4, 4, 2, 0.007768289054840979],
           [7, 4, 4, 3, -0.0014635087115761284],
           [7, 4, 4, 4, 0.023741460250805604],
           [7, 4, 5, 5, 0.021771314728803216],
           [7, 5, 5, 2, 0.005809807043358957],
           [7, 5, 5, 3, -0.001058162563512452],
           [7, 5, 5, 4, 0.0008267272013801245],
           [7, 6, 1, 1, 0.0038035574903472836],
           [7, 1, 6, 1, 4.128597742986709e-5],
           [7, 6, 2, 1, 0.0008979188269223899],
           [7, 6, 4, 1, 5.84812132630682e-5],
           [7, 2, 6, 1, 0.00017503696240856118],
           [7, 3, 6, 1, -0.0001230262752143523],
           [7, 4, 6, 1, 0.00010253158070583845],
           [7, 1, 6, 2, 0.00017503696240856118],
           [7, 1, 6, 3, 0.0001230262752143523],
           [7, 1, 6, 4, 0.00010253158070583845],
           [7, 6, 2, 2, 0.003681391189578844],
           [7, 6, 3, 3, 0.003629169375748348],
           [7, 6, 4, 2, 0.0006539483477154274],
           [7, 6, 4, 4, 0.0038056796628627466],
           [7, 6, 5, 5, 0.0036064628922502905],
           [7, 2, 6, 2, 0.0018316001468097981],
           [7, 2, 6, 3, 0.0012614119769837847],
           [7, 2, 6, 4, 0.0013135620615196669],
           [7, 3, 6, 2, -0.0012614119769837847],
           [7, 3, 6, 3, -0.0007389324342317789],
           [7, 3, 6, 4, -0.0008952249034381863],
           [7, 4, 6, 2, 0.001313562061519667],
           [7, 4, 6, 3, 0.0008952249034381866],
           [7, 4, 6, 4, 0.0011213996732531855],
           [7, 5, 6, 5, 0.00020747441946735243],
           [7, 6, 6, 1, 1.580894689687991e-5],
           [7, 1, 6, 6, 0.0010404526381803255],
           [7, 6, 6, 2, 0.0002621009606396991],
           [7, 6, 6, 3, 0.00021847297458297898],
           [7, 6, 6, 4, 0.00022080687522952827],
           [7, 2, 6, 6, 0.01454190254672594],
           [7, 3, 6, 6, -0.010718648993094312],
           [7, 4, 6, 6, 0.011034174192563135],
           [7, 6, 6, 6, 0.003321240532654918],
           [7, 7, 1, 1, 0.2545044602596778],
           [7, 1, 7, 1, 4.19820697687996e-5],
           [7, 7, 2, 1, 0.06023957123475279],
           [7, 7, 3, 1, -0.0025845700116602912],
           [7, 7, 4, 1, 0.002019287400811325],
           [7, 2, 7, 1, 0.00018106360668537156],
           [7, 3, 7, 1, -0.00013470423755205485],
           [7, 4, 7, 1, 0.00010524248462901068],
           [7, 7, 2, 2, 0.2542726229754239],
           [7, 7, 3, 2, -0.03241377273813846],
           [7, 7, 3, 3, 0.258341144571182],
           [7, 7, 4, 2, 0.025324414741173404],
           [7, 7, 4, 3, -0.006880544984950207],
           [7, 7, 4, 4, 0.2549101194920473],
           [7, 7, 5, 5, 0.2495344485927706],
           [7, 2, 7, 2, 0.00252765596378354],
           [7, 3, 7, 2, -0.002341010929646905],
           [7, 3, 7, 3, 0.0024417159438814722],
           [7, 4, 7, 2, 0.0018289981908290167],
           [7, 4, 7, 3, -0.001659654441957786],
           [7, 4, 7, 4, 0.0016141192890366],
           [7, 5, 7, 5, 0.000317455128566415],
           [7, 7, 6, 1, 0.0010404526381803255],
           [7, 6, 7, 1, 1.580894689687991e-5],
           [7, 7, 6, 2, 0.01454190254672594],
           [7, 7, 6, 3, 0.010718648993094312],
           [7, 7, 6, 4, 0.011034174192563135],
           [7, 6, 7, 2, 0.0002621009606396991],
           [7, 6, 7, 3, -0.00021847297458297898],
           [7, 6, 7, 4, 0.00022080687522952827],
           [7, 7, 6, 6, 0.16152527020348784],
           [7, 6, 7, 6, 4.572138886321983e-5],
           [7, 7, 7, 1, 0.001066638248977674],
           [7, 7, 7, 2, 0.02451185967248086],
           [7, 7, 7, 3, -0.02630713214793981],
           [7, 7, 7, 4, 0.020553384221806716],
           [7, 7, 7, 6, 0.003321240532654918],
           [7, 7, 7, 7, 0.7746059441936719] ]
}

