#######################################################################
FORTRAN=gfortran
FORTRAN_VERSION=7.4.0
MATH=mkl
BLASDIR=
MPI_LIB=openmpi
MPI_HOME=/home/davpoolechem/programs/install/openmpi
HDF5_PATH=/home/davpoolechem/programs/install/hdf5
EIGEN_PATH=/home/davpoolechem/programs/install/eigen/include/eigen3
BOOST_PATH=/home/davpoolechem/programs/install/boost
GA_PATH=/home/davpoolechem/programs/install/ga
CUDA_BOARD=volta
CUDA_PATH=/soft/compilers/cuda/cuda-10.2.89
#######################################################################

#######################################################################
FORTRAN=gfortran
FORTRAN_VERSION=7.4.0
MATH=mkl
BLASDIR=/soft/restricted/CNDA/sdk/2020.9.15.1/oneapi/mkl/latest
MPI_LIB=openmpi
MPI_HOME=/home/davpoolechem/programs/install/openmpi
HDF5_PATH=/home/davpoolechem/programs/install/hdf5
EIGEN_PATH=/home/davpoolechem/programs/install/eigen/include/eigen3
BOOST_PATH=/home/davpoolechem/programs/install/boost
GA_PATH=/home/davpoolechem/programs/install/ga
CUDA_BOARD=volta
CUDA_PATH=/soft/compilers/cuda/cuda-10.2.89
#######################################################################

#######################################################################
FORTRAN=gfortran
FORTRAN_VERSION=7.4.0
MATH=mkl
BLASDIR=/soft/restricted/CNDA/sdk/2020.9.15.1/oneapi/mkl/latest
MPI_LIB=openmpi
MPI_HOME=/home/davpoolechem/programs/install/openmpi
HDF5_PATH=/home/davpoolechem/programs/install/hdf5
EIGEN_PATH=/home/davpoolechem/programs/install/eigen/include/eigen3
BOOST_PATH=/home/davpoolechem/programs/install/boost
GA_PATH=/home/davpoolechem/programs/install/ga
CUDA_BOARD=volta
CUDA_PATH=/soft/compilers/cuda/cuda-10.2.89
#######################################################################

--------------------------------------------------------------------------------
                       ========================================                 
                                RESTRICTED CLOSED-SHELL                         
                                  HARTREE-FOCK ENERGY                           
                       ========================================                 

----------------------------------------          
       Starting RHF iterations...                 
----------------------------------------          
 
Iter        Energy                ΔE                Drms
1      -2159.0155487617      -2159.0155487617      1330.4460590462
2      -3967.3092499894      -1808.2937012277      455.7429168495
3      -4216.3635678811      -249.0543178918      570.0085274190
