--------------------------------------------------------------------------------
                       ========================================                 
                                RESTRICTED CLOSED-SHELL                         
                                  HARTREE-FOCK ENERGY                           
                       ========================================                 

----------------------------------------          
       Starting RHF iterations...                 
----------------------------------------          
 
Iter        Energy                ΔE                Drms
1      -5461.1977145064      -5461.1977145064      16.7849658047
2      -3701.5106806861      1759.6870338203      153.3950479085
3      -4145.9635376130      -444.4528569269      126.8071558379
4      -4919.5032114412      -773.5396738282      53.5025307202
5      -4862.7284671166      56.7747443246      8.7554125844
6      -4866.7052562384      -3.9767891217      6.2095502256
7      -4862.2870554888      4.4182007495      1.1964279279
8      -4865.5412945164      -3.2542390275      0.4195318064
9      -4865.9000791548      -0.3587846385      0.5307436905
10      -4865.3623812611      0.5376978937      0.0948586885
11      -4865.1480146226      0.2143666385      0.0639115657
12      -4865.0026775407      0.1453370819      0.0227785344
13      -4865.0057447130      -0.0030671723      0.0123264690
14      -4865.0011416361      0.0046030769      0.0044080514
15      -4864.9942378507      0.0069037854      0.0014274388
16      -4864.9953321890      -0.0010943384      0.0003262476
17      -4864.9953282163      0.0000039727      0.0001128080
18      -4864.9953546839      -0.0000264675      0.0000322012
19      -4864.9953521440      0.0000025399      0.0000078517
 
----------------------------------------
   The SCF calculation has converged!   
----------------------------------------
Total SCF Energy: -4864.9953521440 h
 
                       ========================================                 
                              END RESTRICTED CLOSED-SHELL                       
                                  HARTREE-FOCK ENERGY                           
                       ========================================                 
--------------------------------------------------------------------------------
1-element Array{Float64,1}:
 1262.807069416