--------------------------------------------------------------------------------
                       ========================================                 
                                RESTRICTED CLOSED-SHELL                         
                                  HARTREE-FOCK ENERGY                           
                       ========================================                 

----------------------------------------          
       Starting RHF iterations...                 
----------------------------------------          
 
Iter        Energy                ΔE                Drms
1      -5461.1977145064      -5461.1977145064      16.7849658047
2      -3701.5106806864      1759.6870338200      153.3950479076
3      -4145.9635376133      -444.4528569269      126.8071558361
4      -4919.5032114411      -773.5396738278      53.5025307214
5      -4862.7284671165      56.7747443246      8.7554125844
6      -4866.7052562384      -3.9767891219      6.2095502255
7      -4862.2870554888      4.4182007496      1.1964279279
8      -4865.5412945164      -3.2542390276      0.4195318064
9      -4865.9000791548      -0.3587846384      0.5307436904
10      -4865.3623812611      0.5376978936      0.0948586885
11      -4865.1480146226      0.2143666386      0.0639115657
12      -4865.0026775407      0.1453370819      0.0227785344
13      -4865.0057447130      -0.0030671723      0.0123264691
14      -4865.0011416361      0.0046030769      0.0044080515
15      -4864.9942378506      0.0069037855      0.0014274388
16      -4864.9953321890      -0.0010943384      0.0003262476
17      -4864.9953282163      0.0000039727      0.0001128079
18      -4864.9953546839      -0.0000264676      0.0000322012
19      -4864.9953521440      0.0000025399      0.0000078517
 
----------------------------------------
   The SCF calculation has converged!   
----------------------------------------
Total SCF Energy: -4864.9953521440 h
 
                       ========================================                 
                              END RESTRICTED CLOSED-SHELL                       
                                  HARTREE-FOCK ENERGY                           
                       ========================================                 
--------------------------------------------------------------------------------
1-element Array{Float64,1}:
 877.14736568